{
  "/Users/xiaohuoni/DynamicForm/src/DynamicForm.tsx": {
    "path": "/Users/xiaohuoni/DynamicForm/src/DynamicForm.tsx",
    "statementMap": {
      "0": {
        "start": { "line": 43, "column": 21 },
        "end": { "line": 61, "column": 8 }
      },
      "1": {
        "start": { "line": 146, "column": 27 },
        "end": { "line": 160, "column": 1 }
      },
      "2": {
        "start": { "line": 152, "column": 6 },
        "end": { "line": 152, "column": 14 }
      },
      "3": {
        "start": { "line": 153, "column": 28 },
        "end": { "line": 153, "column": 55 }
      },
      "4": {
        "start": { "line": 154, "column": 2 },
        "end": { "line": 159, "column": 4 }
      },
      "5": {
        "start": { "line": 162, "column": 29 },
        "end": { "line": 188, "column": 1 }
      },
      "6": {
        "start": { "line": 167, "column": 2 },
        "end": { "line": 174, "column": 3 }
      },
      "7": {
        "start": { "line": 172, "column": 4 },
        "end": { "line": 172, "column": 50 }
      },
      "8": {
        "start": { "line": 172, "column": 24 },
        "end": { "line": 172, "column": 50 }
      },
      "9": {
        "start": { "line": 173, "column": 4 },
        "end": { "line": 173, "column": 11 }
      },
      "10": {
        "start": { "line": 175, "column": 24 },
        "end": { "line": 185, "column": 3 }
      },
      "11": {
        "start": { "line": 176, "column": 22 },
        "end": { "line": 176, "column": 72 }
      },
      "12": {
        "start": { "line": 177, "column": 4 },
        "end": { "line": 184, "column": 5 }
      },
      "13": {
        "start": { "line": 179, "column": 6 },
        "end": { "line": 183, "column": 9 }
      },
      "14": {
        "start": { "line": 186, "column": 2 },
        "end": { "line": 186, "column": 66 }
      },
      "15": {
        "start": { "line": 186, "column": 18 },
        "end": { "line": 186, "column": 66 }
      },
      "16": {
        "start": { "line": 187, "column": 2 },
        "end": { "line": 187, "column": 48 }
      },
      "17": {
        "start": { "line": 187, "column": 22 },
        "end": { "line": 187, "column": 48 }
      },
      "18": {
        "start": { "line": 213, "column": 19 },
        "end": { "line": 232, "column": 4 }
      },
      "19": {
        "start": { "line": 214, "column": 2 },
        "end": { "line": 232, "column": 4 }
      },
      "20": {
        "start": { "line": 215, "column": 4 },
        "end": { "line": 217, "column": 5 }
      },
      "21": {
        "start": { "line": 216, "column": 6 },
        "end": { "line": 216, "column": 28 }
      },
      "22": {
        "start": { "line": 218, "column": 4 },
        "end": { "line": 218, "column": 71 }
      },
      "23": {
        "start": { "line": 218, "column": 59 },
        "end": { "line": 218, "column": 71 }
      },
      "24": {
        "start": { "line": 219, "column": 4 },
        "end": { "line": 230, "column": 5 }
      },
      "25": {
        "start": { "line": 220, "column": 24 },
        "end": { "line": 220, "column": 46 }
      },
      "26": {
        "start": { "line": 221, "column": 6 },
        "end": { "line": 229, "column": 7 }
      },
      "27": {
        "start": { "line": 222, "column": 8 },
        "end": { "line": 222, "column": 39 }
      },
      "28": {
        "start": { "line": 223, "column": 13 },
        "end": { "line": 229, "column": 7 }
      },
      "29": {
        "start": { "line": 224, "column": 8 },
        "end": { "line": 228, "column": 9 }
      },
      "30": {
        "start": { "line": 225, "column": 10 },
        "end": { "line": 225, "column": 47 }
      },
      "31": {
        "start": { "line": 227, "column": 10 },
        "end": { "line": 227, "column": 31 }
      },
      "32": {
        "start": { "line": 231, "column": 4 },
        "end": { "line": 231, "column": 16 }
      },
      "33": {
        "start": { "line": 234, "column": 23 },
        "end": { "line": 244, "column": 1 }
      },
      "34": {
        "start": { "line": 239, "column": 2 },
        "end": { "line": 243, "column": 5 }
      },
      "35": {
        "start": { "line": 241, "column": 6 },
        "end": { "line": 241, "column": 36 }
      },
      "36": {
        "start": { "line": 246, "column": 43 },
        "end": { "line": 298, "column": 1 }
      },
      "37": {
        "start": { "line": 259, "column": 50 },
        "end": { "line": 259, "column": 69 }
      },
      "38": {
        "start": { "line": 261, "column": 2 },
        "end": { "line": 276, "column": 20 }
      },
      "39": {
        "start": { "line": 262, "column": 4 },
        "end": { "line": 274, "column": 5 }
      },
      "40": {
        "start": { "line": 263, "column": 6 },
        "end": { "line": 273, "column": 7 }
      },
      "41": {
        "start": { "line": 264, "column": 23 },
        "end": { "line": 266, "column": 9 }
      },
      "42": {
        "start": { "line": 265, "column": 29 },
        "end": { "line": 265, "column": 65 }
      },
      "43": {
        "start": { "line": 267, "column": 8 },
        "end": { "line": 272, "column": 9 }
      },
      "44": {
        "start": { "line": 268, "column": 10 },
        "end": { "line": 270, "column": 13 }
      },
      "45": {
        "start": { "line": 269, "column": 12 },
        "end": { "line": 269, "column": 74 }
      },
      "46": {
        "start": { "line": 271, "column": 10 },
        "end": { "line": 271, "column": 37 }
      },
      "47": {
        "start": { "line": 275, "column": 4 },
        "end": { "line": 275, "column": 46 }
      },
      "48": {
        "start": { "line": 280, "column": 24 },
        "end": { "line": 280, "column": 71 }
      },
      "49": {
        "start": { "line": 281, "column": 2 },
        "end": { "line": 297, "column": 4 }
      },
      "50": {
        "start": { "line": 288, "column": 10 },
        "end": { "line": 288, "column": 62 }
      }
    },
    "fnMap": {
      "0": {
        "name": "(anonymous_0)",
        "decl": {
          "start": { "line": 146, "column": 27 },
          "end": { "line": 146, "column": 28 }
        },
        "loc": {
          "start": { "line": 146, "column": 79 },
          "end": { "line": 160, "column": 1 }
        },
        "line": 146
      },
      "1": {
        "name": "(anonymous_1)",
        "decl": {
          "start": { "line": 162, "column": 29 },
          "end": { "line": 162, "column": 30 }
        },
        "loc": {
          "start": { "line": 166, "column": 5 },
          "end": { "line": 188, "column": 1 }
        },
        "line": 166
      },
      "2": {
        "name": "(anonymous_2)",
        "decl": {
          "start": { "line": 175, "column": 24 },
          "end": { "line": 175, "column": 25 }
        },
        "loc": {
          "start": { "line": 175, "column": 43 },
          "end": { "line": 185, "column": 3 }
        },
        "line": 175
      },
      "3": {
        "name": "(anonymous_3)",
        "decl": {
          "start": { "line": 213, "column": 19 },
          "end": { "line": 213, "column": 20 }
        },
        "loc": {
          "start": { "line": 214, "column": 2 },
          "end": { "line": 232, "column": 4 }
        },
        "line": 214
      },
      "4": {
        "name": "(anonymous_4)",
        "decl": {
          "start": { "line": 214, "column": 14 },
          "end": { "line": 214, "column": 15 }
        },
        "loc": {
          "start": { "line": 214, "column": 24 },
          "end": { "line": 232, "column": 3 }
        },
        "line": 214
      },
      "5": {
        "name": "(anonymous_5)",
        "decl": {
          "start": { "line": 234, "column": 23 },
          "end": { "line": 234, "column": 24 }
        },
        "loc": {
          "start": { "line": 239, "column": 2 },
          "end": { "line": 243, "column": 5 }
        },
        "line": 239
      },
      "6": {
        "name": "(anonymous_6)",
        "decl": {
          "start": { "line": 240, "column": 64 },
          "end": { "line": 240, "column": 65 }
        },
        "loc": {
          "start": { "line": 241, "column": 6 },
          "end": { "line": 241, "column": 36 }
        },
        "line": 241
      },
      "7": {
        "name": "(anonymous_7)",
        "decl": {
          "start": { "line": 246, "column": 43 },
          "end": { "line": 246, "column": 44 }
        },
        "loc": {
          "start": { "line": 258, "column": 6 },
          "end": { "line": 298, "column": 1 }
        },
        "line": 258
      },
      "8": {
        "name": "(anonymous_8)",
        "decl": {
          "start": { "line": 261, "column": 12 },
          "end": { "line": 261, "column": 13 }
        },
        "loc": {
          "start": { "line": 261, "column": 18 },
          "end": { "line": 276, "column": 3 }
        },
        "line": 261
      },
      "9": {
        "name": "(anonymous_9)",
        "decl": {
          "start": { "line": 265, "column": 10 },
          "end": { "line": 265, "column": 11 }
        },
        "loc": {
          "start": { "line": 265, "column": 29 },
          "end": { "line": 265, "column": 65 }
        },
        "line": 265
      },
      "10": {
        "name": "(anonymous_10)",
        "decl": {
          "start": { "line": 268, "column": 25 },
          "end": { "line": 268, "column": 26 }
        },
        "loc": {
          "start": { "line": 268, "column": 46 },
          "end": { "line": 270, "column": 11 }
        },
        "line": 268
      },
      "11": {
        "name": "(anonymous_11)",
        "decl": {
          "start": { "line": 287, "column": 24 },
          "end": { "line": 287, "column": 25 }
        },
        "loc": {
          "start": { "line": 288, "column": 10 },
          "end": { "line": 288, "column": 62 }
        },
        "line": 288
      }
    },
    "branchMap": {
      "0": {
        "loc": {
          "start": { "line": 149, "column": 4 },
          "end": { "line": 149, "column": 26 }
        },
        "type": "default-arg",
        "locations": [
          {
            "start": { "line": 149, "column": 15 },
            "end": { "line": 149, "column": 26 }
          }
        ],
        "line": 149
      },
      "1": {
        "loc": {
          "start": { "line": 167, "column": 2 },
          "end": { "line": 174, "column": 3 }
        },
        "type": "if",
        "locations": [
          {
            "start": { "line": 167, "column": 2 },
            "end": { "line": 174, "column": 3 }
          },
          {
            "start": { "line": 167, "column": 2 },
            "end": { "line": 174, "column": 3 }
          }
        ],
        "line": 167
      },
      "2": {
        "loc": {
          "start": { "line": 168, "column": 4 },
          "end": { "line": 170, "column": 38 }
        },
        "type": "binary-expr",
        "locations": [
          {
            "start": { "line": 168, "column": 4 },
            "end": { "line": 168, "column": 14 }
          },
          {
            "start": { "line": 169, "column": 4 },
            "end": { "line": 169, "column": 26 }
          },
          {
            "start": { "line": 170, "column": 4 },
            "end": { "line": 170, "column": 38 }
          }
        ],
        "line": 168
      },
      "3": {
        "loc": {
          "start": { "line": 172, "column": 4 },
          "end": { "line": 172, "column": 50 }
        },
        "type": "if",
        "locations": [
          {
            "start": { "line": 172, "column": 4 },
            "end": { "line": 172, "column": 50 }
          },
          {
            "start": { "line": 172, "column": 4 },
            "end": { "line": 172, "column": 50 }
          }
        ],
        "line": 172
      },
      "4": {
        "loc": {
          "start": { "line": 177, "column": 4 },
          "end": { "line": 184, "column": 5 }
        },
        "type": "if",
        "locations": [
          {
            "start": { "line": 177, "column": 4 },
            "end": { "line": 184, "column": 5 }
          },
          {
            "start": { "line": 177, "column": 4 },
            "end": { "line": 184, "column": 5 }
          }
        ],
        "line": 177
      },
      "5": {
        "loc": {
          "start": { "line": 186, "column": 2 },
          "end": { "line": 186, "column": 66 }
        },
        "type": "if",
        "locations": [
          {
            "start": { "line": 186, "column": 2 },
            "end": { "line": 186, "column": 66 }
          },
          {
            "start": { "line": 186, "column": 2 },
            "end": { "line": 186, "column": 66 }
          }
        ],
        "line": 186
      },
      "6": {
        "loc": {
          "start": { "line": 187, "column": 2 },
          "end": { "line": 187, "column": 48 }
        },
        "type": "if",
        "locations": [
          {
            "start": { "line": 187, "column": 2 },
            "end": { "line": 187, "column": 48 }
          },
          {
            "start": { "line": 187, "column": 2 },
            "end": { "line": 187, "column": 48 }
          }
        ],
        "line": 187
      },
      "7": {
        "loc": {
          "start": { "line": 215, "column": 4 },
          "end": { "line": 217, "column": 5 }
        },
        "type": "if",
        "locations": [
          {
            "start": { "line": 215, "column": 4 },
            "end": { "line": 217, "column": 5 }
          },
          {
            "start": { "line": 215, "column": 4 },
            "end": { "line": 217, "column": 5 }
          }
        ],
        "line": 215
      },
      "8": {
        "loc": {
          "start": { "line": 218, "column": 4 },
          "end": { "line": 218, "column": 71 }
        },
        "type": "if",
        "locations": [
          {
            "start": { "line": 218, "column": 4 },
            "end": { "line": 218, "column": 71 }
          },
          {
            "start": { "line": 218, "column": 4 },
            "end": { "line": 218, "column": 71 }
          }
        ],
        "line": 218
      },
      "9": {
        "loc": {
          "start": { "line": 218, "column": 8 },
          "end": { "line": 218, "column": 57 }
        },
        "type": "binary-expr",
        "locations": [
          {
            "start": { "line": 218, "column": 8 },
            "end": { "line": 218, "column": 40 }
          },
          {
            "start": { "line": 218, "column": 44 },
            "end": { "line": 218, "column": 57 }
          }
        ],
        "line": 218
      },
      "10": {
        "loc": {
          "start": { "line": 219, "column": 4 },
          "end": { "line": 230, "column": 5 }
        },
        "type": "if",
        "locations": [
          {
            "start": { "line": 219, "column": 4 },
            "end": { "line": 230, "column": 5 }
          },
          {
            "start": { "line": 219, "column": 4 },
            "end": { "line": 230, "column": 5 }
          }
        ],
        "line": 219
      },
      "11": {
        "loc": {
          "start": { "line": 221, "column": 6 },
          "end": { "line": 229, "column": 7 }
        },
        "type": "if",
        "locations": [
          {
            "start": { "line": 221, "column": 6 },
            "end": { "line": 229, "column": 7 }
          },
          {
            "start": { "line": 221, "column": 6 },
            "end": { "line": 229, "column": 7 }
          }
        ],
        "line": 221
      },
      "12": {
        "loc": {
          "start": { "line": 223, "column": 13 },
          "end": { "line": 229, "column": 7 }
        },
        "type": "if",
        "locations": [
          {
            "start": { "line": 223, "column": 13 },
            "end": { "line": 229, "column": 7 }
          },
          {
            "start": { "line": 223, "column": 13 },
            "end": { "line": 229, "column": 7 }
          }
        ],
        "line": 223
      },
      "13": {
        "loc": {
          "start": { "line": 223, "column": 17 },
          "end": { "line": 223, "column": 68 }
        },
        "type": "binary-expr",
        "locations": [
          {
            "start": { "line": 223, "column": 17 },
            "end": { "line": 223, "column": 38 }
          },
          {
            "start": { "line": 223, "column": 42 },
            "end": { "line": 223, "column": 68 }
          }
        ],
        "line": 223
      },
      "14": {
        "loc": {
          "start": { "line": 224, "column": 8 },
          "end": { "line": 228, "column": 9 }
        },
        "type": "if",
        "locations": [
          {
            "start": { "line": 224, "column": 8 },
            "end": { "line": 228, "column": 9 }
          },
          {
            "start": { "line": 224, "column": 8 },
            "end": { "line": 228, "column": 9 }
          }
        ],
        "line": 224
      },
      "15": {
        "loc": {
          "start": { "line": 248, "column": 2 },
          "end": { "line": 248, "column": 11 }
        },
        "type": "default-arg",
        "locations": [
          {
            "start": { "line": 248, "column": 9 },
            "end": { "line": 248, "column": 11 }
          }
        ],
        "line": 248
      },
      "16": {
        "loc": {
          "start": { "line": 250, "column": 2 },
          "end": { "line": 250, "column": 21 }
        },
        "type": "default-arg",
        "locations": [
          {
            "start": { "line": 250, "column": 16 },
            "end": { "line": 250, "column": 21 }
          }
        ],
        "line": 250
      },
      "17": {
        "loc": {
          "start": { "line": 251, "column": 2 },
          "end": { "line": 251, "column": 18 }
        },
        "type": "default-arg",
        "locations": [
          {
            "start": { "line": 251, "column": 16 },
            "end": { "line": 251, "column": 18 }
          }
        ],
        "line": 251
      },
      "18": {
        "loc": {
          "start": { "line": 256, "column": 2 },
          "end": { "line": 256, "column": 21 }
        },
        "type": "default-arg",
        "locations": [
          {
            "start": { "line": 256, "column": 17 },
            "end": { "line": 256, "column": 21 }
          }
        ],
        "line": 256
      },
      "19": {
        "loc": {
          "start": { "line": 257, "column": 2 },
          "end": { "line": 257, "column": 19 }
        },
        "type": "default-arg",
        "locations": [
          {
            "start": { "line": 257, "column": 15 },
            "end": { "line": 257, "column": 19 }
          }
        ],
        "line": 257
      },
      "20": {
        "loc": {
          "start": { "line": 262, "column": 4 },
          "end": { "line": 274, "column": 5 }
        },
        "type": "if",
        "locations": [
          {
            "start": { "line": 262, "column": 4 },
            "end": { "line": 274, "column": 5 }
          },
          {
            "start": { "line": 262, "column": 4 },
            "end": { "line": 274, "column": 5 }
          }
        ],
        "line": 262
      },
      "21": {
        "loc": {
          "start": { "line": 263, "column": 6 },
          "end": { "line": 273, "column": 7 }
        },
        "type": "if",
        "locations": [
          {
            "start": { "line": 263, "column": 6 },
            "end": { "line": 273, "column": 7 }
          },
          {
            "start": { "line": 263, "column": 6 },
            "end": { "line": 273, "column": 7 }
          }
        ],
        "line": 263
      },
      "22": {
        "loc": {
          "start": { "line": 263, "column": 10 },
          "end": { "line": 263, "column": 29 }
        },
        "type": "binary-expr",
        "locations": [
          {
            "start": { "line": 263, "column": 10 },
            "end": { "line": 263, "column": 14 }
          },
          {
            "start": { "line": 263, "column": 18 },
            "end": { "line": 263, "column": 29 }
          }
        ],
        "line": 263
      },
      "23": {
        "loc": {
          "start": { "line": 267, "column": 8 },
          "end": { "line": 272, "column": 9 }
        },
        "type": "if",
        "locations": [
          {
            "start": { "line": 267, "column": 8 },
            "end": { "line": 272, "column": 9 }
          },
          {
            "start": { "line": 267, "column": 8 },
            "end": { "line": 272, "column": 9 }
          }
        ],
        "line": 267
      },
      "24": {
        "loc": {
          "start": { "line": 267, "column": 12 },
          "end": { "line": 267, "column": 35 }
        },
        "type": "binary-expr",
        "locations": [
          {
            "start": { "line": 267, "column": 12 },
            "end": { "line": 267, "column": 18 }
          },
          {
            "start": { "line": 267, "column": 22 },
            "end": { "line": 267, "column": 35 }
          }
        ],
        "line": 267
      },
      "25": {
        "loc": {
          "start": { "line": 295, "column": 7 },
          "end": { "line": 295, "column": 46 }
        },
        "type": "binary-expr",
        "locations": [
          {
            "start": { "line": 295, "column": 7 },
            "end": { "line": 295, "column": 12 }
          },
          {
            "start": { "line": 295, "column": 16 },
            "end": { "line": 295, "column": 46 }
          }
        ],
        "line": 295
      }
    },
    "s": {
      "0": 1,
      "1": 1,
      "2": 6,
      "3": 6,
      "4": 6,
      "5": 1,
      "6": 1,
      "7": 0,
      "8": 0,
      "9": 0,
      "10": 1,
      "11": 0,
      "12": 0,
      "13": 0,
      "14": 1,
      "15": 0,
      "16": 1,
      "17": 1,
      "18": 1,
      "19": 6,
      "20": 6,
      "21": 0,
      "22": 6,
      "23": 6,
      "24": 0,
      "25": 0,
      "26": 0,
      "27": 0,
      "28": 0,
      "29": 0,
      "30": 0,
      "31": 0,
      "32": 0,
      "33": 1,
      "34": 6,
      "35": 6,
      "36": 1,
      "37": 6,
      "38": 6,
      "39": 1,
      "40": 1,
      "41": 1,
      "42": 1,
      "43": 1,
      "44": 0,
      "45": 0,
      "46": 0,
      "47": 1,
      "48": 6,
      "49": 6,
      "50": 1
    },
    "f": {
      "0": 6,
      "1": 1,
      "2": 0,
      "3": 6,
      "4": 6,
      "5": 6,
      "6": 6,
      "7": 6,
      "8": 1,
      "9": 1,
      "10": 0,
      "11": 1
    },
    "b": {
      "0": [6],
      "1": [0, 1],
      "2": [1, 1, 1],
      "3": [0, 0],
      "4": [0, 0],
      "5": [0, 1],
      "6": [1, 0],
      "7": [0, 6],
      "8": [6, 0],
      "9": [6, 6],
      "10": [0, 0],
      "11": [0, 0],
      "12": [0, 0],
      "13": [0, 0],
      "14": [0, 0],
      "15": [0],
      "16": [6],
      "17": [0],
      "18": [0],
      "19": [0],
      "20": [1, 0],
      "21": [1, 0],
      "22": [1, 1],
      "23": [0, 1],
      "24": [1, 1],
      "25": [6, 0]
    },
    "_coverageSchema": "1a1c01bbd47fc00a2c39e90264f33305004495a9",
    "hash": "59b9c87a7161d50f264dcb840f41230f950b20ca"
  },
  "/Users/xiaohuoni/DynamicForm/src/PropsType.ts": {
    "path": "/Users/xiaohuoni/DynamicForm/src/PropsType.ts",
    "statementMap": {},
    "fnMap": {},
    "branchMap": {},
    "s": {},
    "f": {},
    "b": {}
  },
  "/Users/xiaohuoni/DynamicForm/src/index.ts": {
    "path": "/Users/xiaohuoni/DynamicForm/src/index.ts",
    "statementMap": {},
    "fnMap": {},
    "branchMap": {},
    "s": {},
    "f": {},
    "b": {},
    "_coverageSchema": "1a1c01bbd47fc00a2c39e90264f33305004495a9",
    "hash": "0806371042aa95bca89ac89cf8d9f7d4d75d472d"
  },
  "/Users/xiaohuoni/DynamicForm/src/.umi/umi.ts": {
    "path": "/Users/xiaohuoni/DynamicForm/src/.umi/umi.ts",
    "statementMap": {
      "0": {
        "start": { "line": 14, "column": 24 },
        "end": { "line": 33, "column": 2 }
      },
      "1": {
        "start": { "line": 14, "column": 74 },
        "end": { "line": 33, "column": 2 }
      },
      "2": {
        "start": { "line": 18, "column": 17 },
        "end": { "line": 29, "column": 6 }
      },
      "3": {
        "start": { "line": 30, "column": 4 },
        "end": { "line": 30, "column": 30 }
      },
      "4": {
        "start": { "line": 35, "column": 21 },
        "end": { "line": 35, "column": 38 }
      },
      "5": {
        "start": { "line": 39, "column": 4 },
        "end": { "line": 41, "column": 6 }
      },
      "6": {
        "start": { "line": 46, "column": 0 },
        "end": { "line": 58, "column": 1 }
      },
      "7": {
        "start": { "line": 48, "column": 2 },
        "end": { "line": 57, "column": 5 }
      },
      "8": {
        "start": { "line": 49, "column": 16 },
        "end": { "line": 49, "column": 40 }
      },
      "9": {
        "start": { "line": 50, "column": 4 },
        "end": { "line": 56, "column": 5 }
      },
      "10": {
        "start": { "line": 51, "column": 6 },
        "end": { "line": 53, "column": 9 }
      },
      "11": {
        "start": { "line": 52, "column": 8 },
        "end": { "line": 52, "column": 62 }
      },
      "12": {
        "start": { "line": 55, "column": 6 },
        "end": { "line": 55, "column": 64 }
      }
    },
    "fnMap": {
      "0": {
        "name": "(anonymous_0)",
        "decl": {
          "start": { "line": 14, "column": 24 },
          "end": { "line": 14, "column": 25 }
        },
        "loc": {
          "start": { "line": 14, "column": 74 },
          "end": { "line": 33, "column": 2 }
        },
        "line": 14
      },
      "1": {
        "name": "(anonymous_1)",
        "decl": {
          "start": { "line": 17, "column": 16 },
          "end": { "line": 17, "column": 17 }
        },
        "loc": {
          "start": { "line": 17, "column": 22 },
          "end": { "line": 31, "column": 3 }
        },
        "line": 17
      },
      "2": {
        "name": "(anonymous_2)",
        "decl": {
          "start": { "line": 48, "column": 37 },
          "end": { "line": 48, "column": 38 }
        },
        "loc": {
          "start": { "line": 48, "column": 43 },
          "end": { "line": 57, "column": 3 }
        },
        "line": 48
      },
      "3": {
        "name": "(anonymous_3)",
        "decl": {
          "start": { "line": 51, "column": 15 },
          "end": { "line": 51, "column": 16 }
        },
        "loc": {
          "start": { "line": 51, "column": 34 },
          "end": { "line": 53, "column": 7 }
        },
        "line": 51
      }
    },
    "branchMap": {
      "0": {
        "loc": {
          "start": { "line": 14, "column": 25 },
          "end": { "line": 14, "column": 69 }
        },
        "type": "default-arg",
        "locations": [
          {
            "start": { "line": 14, "column": 67 },
            "end": { "line": 14, "column": 69 }
          }
        ],
        "line": 14
      },
      "1": {
        "loc": {
          "start": { "line": 22, "column": 16 },
          "end": { "line": 22, "column": 42 }
        },
        "type": "binary-expr",
        "locations": [
          {
            "start": { "line": 22, "column": 16 },
            "end": { "line": 22, "column": 27 }
          },
          {
            "start": { "line": 22, "column": 31 },
            "end": { "line": 22, "column": 42 }
          }
        ],
        "line": 22
      },
      "2": {
        "loc": {
          "start": { "line": 46, "column": 0 },
          "end": { "line": 58, "column": 1 }
        },
        "type": "if",
        "locations": [
          {
            "start": { "line": 46, "column": 0 },
            "end": { "line": 58, "column": 1 }
          },
          {
            "start": { "line": 46, "column": 0 },
            "end": { "line": 58, "column": 1 }
          }
        ],
        "line": 46
      },
      "3": {
        "loc": {
          "start": { "line": 50, "column": 4 },
          "end": { "line": 56, "column": 5 }
        },
        "type": "if",
        "locations": [
          {
            "start": { "line": 50, "column": 4 },
            "end": { "line": 56, "column": 5 }
          },
          {
            "start": { "line": 50, "column": 4 },
            "end": { "line": 56, "column": 5 }
          }
        ],
        "line": 50
      }
    },
    "s": {
      "0": 0,
      "1": 0,
      "2": 0,
      "3": 0,
      "4": 0,
      "5": 0,
      "6": 0,
      "7": 0,
      "8": 0,
      "9": 0,
      "10": 0,
      "11": 0,
      "12": 0
    },
    "f": { "0": 0, "1": 0, "2": 0, "3": 0 },
    "b": { "0": [0], "1": [0, 0], "2": [0, 0], "3": [0, 0] }
  },
  "/Users/xiaohuoni/DynamicForm/src/.umi/core/devScripts.ts": {
    "path": "/Users/xiaohuoni/DynamicForm/src/.umi/core/devScripts.ts",
    "statementMap": {
      "0": {
        "start": { "line": 3, "column": 0 },
        "end": { "line": 50, "column": 1 }
      },
      "1": {
        "start": { "line": 6, "column": 4 },
        "end": { "line": 9, "column": 5 }
      },
      "2": {
        "start": { "line": 7, "column": 6 },
        "end": { "line": 7, "column": 31 }
      },
      "3": {
        "start": { "line": 8, "column": 6 },
        "end": { "line": 8, "column": 13 }
      },
      "4": {
        "start": { "line": 13, "column": 6 },
        "end": { "line": 13, "column": 74 }
      },
      "5": {
        "start": { "line": 18, "column": 4 },
        "end": { "line": 20, "column": 5 }
      },
      "6": {
        "start": { "line": 19, "column": 6 },
        "end": { "line": 19, "column": 13 }
      },
      "7": {
        "start": { "line": 23, "column": 6 },
        "end": { "line": 26, "column": 7 }
      },
      "8": {
        "start": { "line": 24, "column": 8 },
        "end": { "line": 24, "column": 33 }
      },
      "9": {
        "start": { "line": 25, "column": 8 },
        "end": { "line": 25, "column": 15 }
      },
      "10": {
        "start": { "line": 28, "column": 6 },
        "end": { "line": 28, "column": 29 }
      },
      "11": {
        "start": { "line": 30, "column": 6 },
        "end": { "line": 33, "column": 7 }
      },
      "12": {
        "start": { "line": 32, "column": 8 },
        "end": { "line": 32, "column": 26 }
      },
      "13": {
        "start": { "line": 37, "column": 4 },
        "end": { "line": 44, "column": 6 }
      },
      "14": {
        "start": { "line": 39, "column": 8 },
        "end": { "line": 39, "column": 49 }
      },
      "15": {
        "start": { "line": 42, "column": 8 },
        "end": { "line": 42, "column": 38 }
      },
      "16": {
        "start": { "line": 47, "column": 2 },
        "end": { "line": 49, "column": 5 }
      },
      "17": {
        "start": { "line": 52, "column": 22 },
        "end": { "line": 52, "column": 23 }
      }
    },
    "fnMap": {
      "0": {
        "name": "tryApplyUpdates",
        "decl": {
          "start": { "line": 4, "column": 11 },
          "end": { "line": 4, "column": 26 }
        },
        "loc": {
          "start": { "line": 4, "column": 58 },
          "end": { "line": 45, "column": 3 }
        },
        "line": 4
      },
      "1": {
        "name": "isUpdateAvailable",
        "decl": {
          "start": { "line": 11, "column": 13 },
          "end": { "line": 11, "column": 30 }
        },
        "loc": {
          "start": { "line": 11, "column": 33 },
          "end": { "line": 14, "column": 5 }
        },
        "line": 11
      },
      "2": {
        "name": "handleApplyUpdates",
        "decl": {
          "start": { "line": 22, "column": 13 },
          "end": { "line": 22, "column": 31 }
        },
        "loc": {
          "start": { "line": 22, "column": 72 },
          "end": { "line": 34, "column": 5 }
        },
        "line": 22
      },
      "3": {
        "name": "(anonymous_3)",
        "decl": {
          "start": { "line": 38, "column": 6 },
          "end": { "line": 38, "column": 7 }
        },
        "loc": {
          "start": { "line": 38, "column": 37 },
          "end": { "line": 40, "column": 7 }
        },
        "line": 38
      },
      "4": {
        "name": "(anonymous_4)",
        "decl": {
          "start": { "line": 41, "column": 6 },
          "end": { "line": 41, "column": 7 }
        },
        "loc": {
          "start": { "line": 41, "column": 28 },
          "end": { "line": 43, "column": 7 }
        },
        "line": 41
      }
    },
    "branchMap": {
      "0": {
        "loc": {
          "start": { "line": 3, "column": 0 },
          "end": { "line": 50, "column": 1 }
        },
        "type": "if",
        "locations": [
          {
            "start": { "line": 3, "column": 0 },
            "end": { "line": 50, "column": 1 }
          },
          {
            "start": { "line": 3, "column": 0 },
            "end": { "line": 50, "column": 1 }
          }
        ],
        "line": 3
      },
      "1": {
        "loc": {
          "start": { "line": 6, "column": 4 },
          "end": { "line": 9, "column": 5 }
        },
        "type": "if",
        "locations": [
          {
            "start": { "line": 6, "column": 4 },
            "end": { "line": 9, "column": 5 }
          },
          {
            "start": { "line": 6, "column": 4 },
            "end": { "line": 9, "column": 5 }
          }
        ],
        "line": 6
      },
      "2": {
        "loc": {
          "start": { "line": 18, "column": 4 },
          "end": { "line": 20, "column": 5 }
        },
        "type": "if",
        "locations": [
          {
            "start": { "line": 18, "column": 4 },
            "end": { "line": 20, "column": 5 }
          },
          {
            "start": { "line": 18, "column": 4 },
            "end": { "line": 20, "column": 5 }
          }
        ],
        "line": 18
      },
      "3": {
        "loc": {
          "start": { "line": 18, "column": 8 },
          "end": { "line": 18, "column": 62 }
        },
        "type": "binary-expr",
        "locations": [
          {
            "start": { "line": 18, "column": 8 },
            "end": { "line": 18, "column": 28 }
          },
          {
            "start": { "line": 18, "column": 32 },
            "end": { "line": 18, "column": 62 }
          }
        ],
        "line": 18
      },
      "4": {
        "loc": {
          "start": { "line": 23, "column": 6 },
          "end": { "line": 26, "column": 7 }
        },
        "type": "if",
        "locations": [
          {
            "start": { "line": 23, "column": 6 },
            "end": { "line": 26, "column": 7 }
          },
          {
            "start": { "line": 23, "column": 6 },
            "end": { "line": 26, "column": 7 }
          }
        ],
        "line": 23
      },
      "5": {
        "loc": {
          "start": { "line": 23, "column": 10 },
          "end": { "line": 23, "column": 65 }
        },
        "type": "binary-expr",
        "locations": [
          {
            "start": { "line": 23, "column": 10 },
            "end": { "line": 23, "column": 13 }
          },
          {
            "start": { "line": 23, "column": 17 },
            "end": { "line": 23, "column": 32 }
          },
          {
            "start": { "line": 23, "column": 36 },
            "end": { "line": 23, "column": 65 }
          }
        ],
        "line": 23
      },
      "6": {
        "loc": {
          "start": { "line": 30, "column": 6 },
          "end": { "line": 33, "column": 7 }
        },
        "type": "if",
        "locations": [
          {
            "start": { "line": 30, "column": 6 },
            "end": { "line": 33, "column": 7 }
          },
          {
            "start": { "line": 30, "column": 6 },
            "end": { "line": 33, "column": 7 }
          }
        ],
        "line": 30
      }
    },
    "s": {
      "0": 0,
      "1": 0,
      "2": 0,
      "3": 0,
      "4": 0,
      "5": 0,
      "6": 0,
      "7": 0,
      "8": 0,
      "9": 0,
      "10": 0,
      "11": 0,
      "12": 0,
      "13": 0,
      "14": 0,
      "15": 0,
      "16": 0,
      "17": 0
    },
    "f": { "0": 0, "1": 0, "2": 0, "3": 0, "4": 0 },
    "b": {
      "0": [0, 0],
      "1": [0, 0],
      "2": [0, 0],
      "3": [0, 0],
      "4": [0, 0],
      "5": [0, 0, 0],
      "6": [0, 0]
    }
  },
  "/Users/xiaohuoni/DynamicForm/src/.umi/core/history.ts": {
    "path": "/Users/xiaohuoni/DynamicForm/src/.umi/core/history.ts",
    "statementMap": {
      "0": {
        "start": { "line": 4, "column": 14 },
        "end": { "line": 6, "column": 1 }
      },
      "1": {
        "start": { "line": 7, "column": 0 },
        "end": { "line": 9, "column": 1 }
      },
      "2": {
        "start": { "line": 8, "column": 2 },
        "end": { "line": 8, "column": 46 }
      },
      "3": {
        "start": { "line": 12, "column": 23 },
        "end": { "line": 12, "column": 85 }
      },
      "4": {
        "start": { "line": 13, "column": 29 },
        "end": { "line": 19, "column": 1 }
      },
      "5": {
        "start": { "line": 14, "column": 2 },
        "end": { "line": 16, "column": 3 }
      },
      "6": {
        "start": { "line": 15, "column": 4 },
        "end": { "line": 15, "column": 44 }
      },
      "7": {
        "start": { "line": 18, "column": 2 },
        "end": { "line": 18, "column": 17 }
      }
    },
    "fnMap": {
      "0": {
        "name": "(anonymous_0)",
        "decl": {
          "start": { "line": 13, "column": 29 },
          "end": { "line": 13, "column": 30 }
        },
        "loc": {
          "start": { "line": 13, "column": 52 },
          "end": { "line": 19, "column": 1 }
        },
        "line": 13
      }
    },
    "branchMap": {
      "0": {
        "loc": {
          "start": { "line": 7, "column": 0 },
          "end": { "line": 9, "column": 1 }
        },
        "type": "if",
        "locations": [
          {
            "start": { "line": 7, "column": 0 },
            "end": { "line": 9, "column": 1 }
          },
          {
            "start": { "line": 7, "column": 0 },
            "end": { "line": 9, "column": 1 }
          }
        ],
        "line": 7
      },
      "1": {
        "loc": {
          "start": { "line": 12, "column": 23 },
          "end": { "line": 12, "column": 85 }
        },
        "type": "cond-expr",
        "locations": [
          {
            "start": { "line": 12, "column": 49 },
            "end": { "line": 12, "column": 53 }
          },
          {
            "start": { "line": 12, "column": 56 },
            "end": { "line": 12, "column": 85 }
          }
        ],
        "line": 12
      },
      "2": {
        "loc": {
          "start": { "line": 13, "column": 30 },
          "end": { "line": 13, "column": 47 }
        },
        "type": "default-arg",
        "locations": [
          {
            "start": { "line": 13, "column": 42 },
            "end": { "line": 13, "column": 47 }
          }
        ],
        "line": 13
      },
      "3": {
        "loc": {
          "start": { "line": 14, "column": 2 },
          "end": { "line": 16, "column": 3 }
        },
        "type": "if",
        "locations": [
          {
            "start": { "line": 14, "column": 2 },
            "end": { "line": 16, "column": 3 }
          },
          {
            "start": { "line": 14, "column": 2 },
            "end": { "line": 16, "column": 3 }
          }
        ],
        "line": 14
      }
    },
    "s": { "0": 0, "1": 0, "2": 0, "3": 0, "4": 0, "5": 0, "6": 0, "7": 0 },
    "f": { "0": 0 },
    "b": { "0": [0, 0], "1": [0, 0], "2": [0], "3": [0, 0] }
  },
  "/Users/xiaohuoni/DynamicForm/src/.umi/core/plugin.ts": {
    "path": "/Users/xiaohuoni/DynamicForm/src/.umi/core/plugin.ts",
    "statementMap": {
      "0": {
        "start": { "line": 4, "column": 15 },
        "end": { "line": 6, "column": 2 }
      }
    },
    "fnMap": {},
    "branchMap": {},
    "s": { "0": 0 },
    "f": {},
    "b": {}
  },
  "/Users/xiaohuoni/DynamicForm/src/.umi/core/pluginRegister.ts": {
    "path": "/Users/xiaohuoni/DynamicForm/src/.umi/core/pluginRegister.ts",
    "statementMap": {
      "0": {
        "start": { "line": 5, "column": 22 },
        "end": { "line": 5, "column": 23 }
      }
    },
    "fnMap": {},
    "branchMap": {},
    "s": { "0": 0 },
    "f": {},
    "b": {}
  },
  "/Users/xiaohuoni/DynamicForm/src/.umi/core/polyfill.ts": {
    "path": "/Users/xiaohuoni/DynamicForm/src/.umi/core/polyfill.ts",
    "statementMap": {},
    "fnMap": {},
    "branchMap": {},
    "s": {},
    "f": {},
    "b": {}
  },
  "/Users/xiaohuoni/DynamicForm/src/.umi/core/routes.ts": {
    "path": "/Users/xiaohuoni/DynamicForm/src/.umi/core/routes.ts",
    "statementMap": {
      "0": {
        "start": { "line": 8, "column": 17 },
        "end": { "line": 1008, "column": 1 }
      },
      "1": {
        "start": { "line": 14, "column": 47 },
        "end": { "line": 14, "column": 162 }
      },
      "2": {
        "start": { "line": 15, "column": 39 },
        "end": { "line": 15, "column": 92 }
      },
      "3": {
        "start": { "line": 16, "column": 35 },
        "end": { "line": 16, "column": 59 }
      },
      "4": {
        "start": { "line": 17, "column": 36 },
        "end": { "line": 17, "column": 57 }
      },
      "5": {
        "start": { "line": 20, "column": 25 },
        "end": { "line": 20, "column": 56 }
      },
      "6": {
        "start": { "line": 23, "column": 6 },
        "end": { "line": 23, "column": 24 }
      },
      "7": {
        "start": { "line": 25, "column": 6 },
        "end": { "line": 40, "column": 7 }
      },
      "8": {
        "start": { "line": 28, "column": 10 },
        "end": { "line": 28, "column": 31 }
      },
      "9": {
        "start": { "line": 32, "column": 10 },
        "end": { "line": 36, "column": 12 }
      },
      "10": {
        "start": { "line": 39, "column": 10 },
        "end": { "line": 39, "column": 64 }
      },
      "11": {
        "start": { "line": 1006, "column": 28 },
        "end": { "line": 1006, "column": 42 }
      },
      "12": {
        "start": { "line": 1011, "column": 2 },
        "end": { "line": 1015, "column": 5 }
      },
      "13": {
        "start": { "line": 1017, "column": 2 },
        "end": { "line": 1017, "column": 16 }
      }
    },
    "fnMap": {
      "0": {
        "name": "getRoutes",
        "decl": {
          "start": { "line": 7, "column": 16 },
          "end": { "line": 7, "column": 25 }
        },
        "loc": {
          "start": { "line": 7, "column": 28 },
          "end": { "line": 1018, "column": 1 }
        },
        "line": 7
      },
      "1": {
        "name": "(anonymous_1)",
        "decl": {
          "start": { "line": 13, "column": 17 },
          "end": { "line": 13, "column": 18 }
        },
        "loc": {
          "start": { "line": 13, "column": 28 },
          "end": { "line": 42, "column": 9 }
        },
        "line": 13
      },
      "2": {
        "name": "(anonymous_2)",
        "decl": {
          "start": { "line": 1006, "column": 17 },
          "end": { "line": 1006, "column": 18 }
        },
        "loc": {
          "start": { "line": 1006, "column": 28 },
          "end": { "line": 1006, "column": 42 }
        },
        "line": 1006
      }
    },
    "branchMap": {
      "0": {
        "loc": {
          "start": { "line": 25, "column": 6 },
          "end": { "line": 40, "column": 7 }
        },
        "type": "switch",
        "locations": [
          {
            "start": { "line": 26, "column": 8 },
            "end": { "line": 28, "column": 31 }
          },
          {
            "start": { "line": 30, "column": 8 },
            "end": { "line": 36, "column": 12 }
          },
          {
            "start": { "line": 38, "column": 8 },
            "end": { "line": 39, "column": 64 }
          }
        ],
        "line": 25
      }
    },
    "s": {
      "0": 0,
      "1": 0,
      "2": 0,
      "3": 0,
      "4": 0,
      "5": 0,
      "6": 0,
      "7": 0,
      "8": 0,
      "9": 0,
      "10": 0,
      "11": 0,
      "12": 0,
      "13": 0
    },
    "f": { "0": 0, "1": 0, "2": 0 },
    "b": { "0": [0, 0, 0] }
  },
  "/Users/xiaohuoni/DynamicForm/src/.umi/core/umiExports.ts": {
    "path": "/Users/xiaohuoni/DynamicForm/src/.umi/core/umiExports.ts",
    "statementMap": {},
    "fnMap": {},
    "branchMap": {},
    "s": {},
    "f": {},
    "b": {}
  },
  "/Users/xiaohuoni/DynamicForm/src/.umi/dumi/demos/index.ts": {
    "path": "/Users/xiaohuoni/DynamicForm/src/.umi/dumi/demos/index.ts",
    "statementMap": {},
    "fnMap": {},
    "branchMap": {},
    "s": {},
    "f": {},
    "b": {}
  },
  "/Users/xiaohuoni/DynamicForm/src/assets/svg.ts": {
    "path": "/Users/xiaohuoni/DynamicForm/src/assets/svg.ts",
    "statementMap": {
      "0": {
        "start": { "line": 1, "column": 24 },
        "end": { "line": 5, "column": 1 }
      }
    },
    "fnMap": {},
    "branchMap": {},
    "s": { "0": 0 },
    "f": {},
    "b": {}
  },
  "/Users/xiaohuoni/DynamicForm/src/components/index.tsx": {
    "path": "/Users/xiaohuoni/DynamicForm/src/components/index.tsx",
    "statementMap": {},
    "fnMap": {},
    "branchMap": {},
    "s": {},
    "f": {},
    "b": {},
    "_coverageSchema": "1a1c01bbd47fc00a2c39e90264f33305004495a9",
    "hash": "7dcc5834f686f0d31ea85be0a3ea68767a58bbc2"
  },
  "/Users/xiaohuoni/DynamicForm/src/components/AddressPicker/AddressPickerGroup.tsx": {
    "path": "/Users/xiaohuoni/DynamicForm/src/components/AddressPicker/AddressPickerGroup.tsx",
    "statementMap": {
      "0": {
        "start": { "line": 8, "column": 17 },
        "end": { "line": 8, "column": 21 }
      },
      "1": {
        "start": { "line": 15, "column": 56 },
        "end": { "line": 342, "column": 1 }
      },
      "2": {
        "start": { "line": 43, "column": 6 },
        "end": { "line": 43, "column": 11 }
      },
      "3": {
        "start": { "line": 45, "column": 47 },
        "end": { "line": 45, "column": 52 }
      },
      "4": {
        "start": { "line": 47, "column": 38 },
        "end": { "line": 47, "column": 58 }
      },
      "5": {
        "start": { "line": 48, "column": 36 },
        "end": { "line": 48, "column": 60 }
      },
      "6": {
        "start": { "line": 51, "column": 36 },
        "end": { "line": 55, "column": 3 }
      },
      "7": {
        "start": { "line": 57, "column": 36 },
        "end": { "line": 57, "column": 69 }
      },
      "8": {
        "start": { "line": 58, "column": 34 },
        "end": { "line": 58, "column": 53 }
      },
      "9": {
        "start": { "line": 59, "column": 32 },
        "end": { "line": 59, "column": 56 }
      },
      "10": {
        "start": { "line": 60, "column": 21 },
        "end": { "line": 60, "column": 48 }
      },
      "11": {
        "start": { "line": 62, "column": 27 },
        "end": { "line": 62, "column": 40 }
      },
      "12": {
        "start": { "line": 64, "column": 20 },
        "end": { "line": 79, "column": 3 }
      },
      "13": {
        "start": { "line": 65, "column": 25 },
        "end": { "line": 65, "column": 62 }
      },
      "14": {
        "start": { "line": 67, "column": 4 },
        "end": { "line": 69, "column": 5 }
      },
      "15": {
        "start": { "line": 68, "column": 6 },
        "end": { "line": 68, "column": 54 }
      },
      "16": {
        "start": { "line": 72, "column": 4 },
        "end": { "line": 74, "column": 5 }
      },
      "17": {
        "start": { "line": 73, "column": 6 },
        "end": { "line": 73, "column": 54 }
      },
      "18": {
        "start": { "line": 76, "column": 4 },
        "end": { "line": 76, "column": 28 }
      },
      "19": {
        "start": { "line": 77, "column": 4 },
        "end": { "line": 77, "column": 42 }
      },
      "20": {
        "start": { "line": 78, "column": 4 },
        "end": { "line": 78, "column": 24 }
      },
      "21": {
        "start": { "line": 81, "column": 2 },
        "end": { "line": 86, "column": 13 }
      },
      "22": {
        "start": { "line": 83, "column": 4 },
        "end": { "line": 85, "column": 5 }
      },
      "23": {
        "start": { "line": 84, "column": 6 },
        "end": { "line": 84, "column": 18 }
      },
      "24": {
        "start": { "line": 88, "column": 2 },
        "end": { "line": 99, "column": 18 }
      },
      "25": {
        "start": { "line": 89, "column": 4 },
        "end": { "line": 89, "column": 27 }
      },
      "26": {
        "start": { "line": 89, "column": 20 },
        "end": { "line": 89, "column": 27 }
      },
      "27": {
        "start": { "line": 90, "column": 21 },
        "end": { "line": 90, "column": 58 }
      },
      "28": {
        "start": { "line": 91, "column": 4 },
        "end": { "line": 91, "column": 45 }
      },
      "29": {
        "start": { "line": 92, "column": 4 },
        "end": { "line": 92, "column": 34 }
      },
      "30": {
        "start": { "line": 93, "column": 4 },
        "end": { "line": 93, "column": 34 }
      },
      "31": {
        "start": { "line": 94, "column": 4 },
        "end": { "line": 94, "column": 40 }
      },
      "32": {
        "start": { "line": 96, "column": 4 },
        "end": { "line": 98, "column": 5 }
      },
      "33": {
        "start": { "line": 97, "column": 6 },
        "end": { "line": 97, "column": 37 }
      },
      "34": {
        "start": { "line": 104, "column": 19 },
        "end": { "line": 107, "column": 3 }
      },
      "35": {
        "start": { "line": 105, "column": 4 },
        "end": { "line": 105, "column": 25 }
      },
      "36": {
        "start": { "line": 105, "column": 18 },
        "end": { "line": 105, "column": 25 }
      },
      "37": {
        "start": { "line": 106, "column": 4 },
        "end": { "line": 106, "column": 23 }
      },
      "38": {
        "start": { "line": 112, "column": 20 },
        "end": { "line": 168, "column": 3 }
      },
      "39": {
        "start": { "line": 113, "column": 25 },
        "end": { "line": 113, "column": 39 }
      },
      "40": {
        "start": { "line": 116, "column": 25 },
        "end": { "line": 116, "column": 39 }
      },
      "41": {
        "start": { "line": 118, "column": 4 },
        "end": { "line": 163, "column": 5 }
      },
      "42": {
        "start": { "line": 119, "column": 6 },
        "end": { "line": 138, "column": 7 }
      },
      "43": {
        "start": { "line": 121, "column": 8 },
        "end": { "line": 121, "column": 68 }
      },
      "44": {
        "start": { "line": 122, "column": 8 },
        "end": { "line": 122, "column": 68 }
      },
      "45": {
        "start": { "line": 123, "column": 13 },
        "end": { "line": 138, "column": 7 }
      },
      "46": {
        "start": { "line": 125, "column": 8 },
        "end": { "line": 125, "column": 68 }
      },
      "47": {
        "start": { "line": 126, "column": 8 },
        "end": { "line": 126, "column": 34 }
      },
      "48": {
        "start": { "line": 127, "column": 8 },
        "end": { "line": 127, "column": 38 }
      },
      "49": {
        "start": { "line": 129, "column": 8 },
        "end": { "line": 129, "column": 27 }
      },
      "50": {
        "start": { "line": 130, "column": 8 },
        "end": { "line": 130, "column": 38 }
      },
      "51": {
        "start": { "line": 131, "column": 8 },
        "end": { "line": 135, "column": 10 }
      },
      "52": {
        "start": { "line": 136, "column": 8 },
        "end": { "line": 136, "column": 34 }
      },
      "53": {
        "start": { "line": 137, "column": 8 },
        "end": { "line": 137, "column": 38 }
      },
      "54": {
        "start": { "line": 139, "column": 6 },
        "end": { "line": 139, "column": 33 }
      },
      "55": {
        "start": { "line": 141, "column": 6 },
        "end": { "line": 141, "column": 25 }
      },
      "56": {
        "start": { "line": 143, "column": 6 },
        "end": { "line": 148, "column": 7 }
      },
      "57": {
        "start": { "line": 144, "column": 8 },
        "end": { "line": 144, "column": 27 }
      },
      "58": {
        "start": { "line": 145, "column": 8 },
        "end": { "line": 145, "column": 26 }
      },
      "59": {
        "start": { "line": 147, "column": 8 },
        "end": { "line": 147, "column": 34 }
      },
      "60": {
        "start": { "line": 149, "column": 6 },
        "end": { "line": 149, "column": 36 }
      },
      "61": {
        "start": { "line": 150, "column": 6 },
        "end": { "line": 154, "column": 8 }
      },
      "62": {
        "start": { "line": 155, "column": 6 },
        "end": { "line": 155, "column": 36 }
      },
      "63": {
        "start": { "line": 156, "column": 6 },
        "end": { "line": 156, "column": 33 }
      },
      "64": {
        "start": { "line": 157, "column": 6 },
        "end": { "line": 159, "column": 7 }
      },
      "65": {
        "start": { "line": 158, "column": 8 },
        "end": { "line": 158, "column": 47 }
      },
      "66": {
        "start": { "line": 165, "column": 4 },
        "end": { "line": 165, "column": 51 }
      },
      "67": {
        "start": { "line": 165, "column": 23 },
        "end": { "line": 165, "column": 51 }
      },
      "68": {
        "start": { "line": 167, "column": 4 },
        "end": { "line": 167, "column": 31 }
      },
      "69": {
        "start": { "line": 173, "column": 21 },
        "end": { "line": 193, "column": 3 }
      },
      "70": {
        "start": { "line": 174, "column": 4 },
        "end": { "line": 174, "column": 47 }
      },
      "71": {
        "start": { "line": 174, "column": 40 },
        "end": { "line": 174, "column": 47 }
      },
      "72": {
        "start": { "line": 175, "column": 4 },
        "end": { "line": 175, "column": 35 }
      },
      "73": {
        "start": { "line": 175, "column": 17 },
        "end": { "line": 175, "column": 35 }
      },
      "74": {
        "start": { "line": 176, "column": 4 },
        "end": { "line": 176, "column": 43 }
      },
      "75": {
        "start": { "line": 176, "column": 36 },
        "end": { "line": 176, "column": 43 }
      },
      "76": {
        "start": { "line": 177, "column": 25 },
        "end": { "line": 177, "column": 51 }
      },
      "77": {
        "start": { "line": 178, "column": 25 },
        "end": { "line": 178, "column": 51 }
      },
      "78": {
        "start": { "line": 179, "column": 4 },
        "end": { "line": 181, "column": 5 }
      },
      "79": {
        "start": { "line": 180, "column": 6 },
        "end": { "line": 180, "column": 48 }
      },
      "80": {
        "start": { "line": 182, "column": 4 },
        "end": { "line": 182, "column": 31 }
      },
      "81": {
        "start": { "line": 183, "column": 4 },
        "end": { "line": 183, "column": 31 }
      },
      "82": {
        "start": { "line": 184, "column": 4 },
        "end": { "line": 184, "column": 32 }
      },
      "83": {
        "start": { "line": 185, "column": 4 },
        "end": { "line": 185, "column": 23 }
      },
      "84": {
        "start": { "line": 190, "column": 4 },
        "end": { "line": 192, "column": 5 }
      },
      "85": {
        "start": { "line": 191, "column": 6 },
        "end": { "line": 191, "column": 45 }
      },
      "86": {
        "start": { "line": 198, "column": 21 },
        "end": { "line": 224, "column": 3 }
      },
      "87": {
        "start": { "line": 199, "column": 4 },
        "end": { "line": 199, "column": 27 }
      },
      "88": {
        "start": { "line": 199, "column": 17 },
        "end": { "line": 199, "column": 27 }
      },
      "89": {
        "start": { "line": 201, "column": 4 },
        "end": { "line": 222, "column": 5 }
      },
      "90": {
        "start": { "line": 202, "column": 6 },
        "end": { "line": 211, "column": 7 }
      },
      "91": {
        "start": { "line": 203, "column": 8 },
        "end": { "line": 203, "column": 45 }
      },
      "92": {
        "start": { "line": 203, "column": 27 },
        "end": { "line": 203, "column": 45 }
      },
      "93": {
        "start": { "line": 205, "column": 8 },
        "end": { "line": 205, "column": 60 }
      },
      "94": {
        "start": { "line": 205, "column": 43 },
        "end": { "line": 205, "column": 60 }
      },
      "95": {
        "start": { "line": 206, "column": 29 },
        "end": { "line": 206, "column": 43 }
      },
      "96": {
        "start": { "line": 207, "column": 29 },
        "end": { "line": 207, "column": 43 }
      },
      "97": {
        "start": { "line": 208, "column": 8 },
        "end": { "line": 208, "column": 56 }
      },
      "98": {
        "start": { "line": 209, "column": 8 },
        "end": { "line": 209, "column": 55 }
      },
      "99": {
        "start": { "line": 209, "column": 27 },
        "end": { "line": 209, "column": 55 }
      },
      "100": {
        "start": { "line": 210, "column": 8 },
        "end": { "line": 210, "column": 35 }
      },
      "101": {
        "start": { "line": 213, "column": 27 },
        "end": { "line": 213, "column": 41 }
      },
      "102": {
        "start": { "line": 214, "column": 6 },
        "end": { "line": 221, "column": 7 }
      },
      "103": {
        "start": { "line": 219, "column": 8 },
        "end": { "line": 219, "column": 64 }
      },
      "104": {
        "start": { "line": 220, "column": 8 },
        "end": { "line": 220, "column": 35 }
      },
      "105": {
        "start": { "line": 223, "column": 4 },
        "end": { "line": 223, "column": 15 }
      },
      "106": {
        "start": { "line": 226, "column": 22 },
        "end": { "line": 226, "column": 24 }
      },
      "107": {
        "start": { "line": 228, "column": 2 },
        "end": { "line": 230, "column": 3 }
      },
      "108": {
        "start": { "line": 228, "column": 15 },
        "end": { "line": 228, "column": 31 }
      },
      "109": {
        "start": { "line": 229, "column": 4 },
        "end": { "line": 229, "column": 62 }
      },
      "110": {
        "start": { "line": 232, "column": 2 },
        "end": { "line": 341, "column": 4 }
      },
      "111": {
        "start": { "line": 256, "column": 23 },
        "end": { "line": 256, "column": 42 }
      },
      "112": {
        "start": { "line": 263, "column": 29 },
        "end": { "line": 263, "column": 48 }
      },
      "113": {
        "start": { "line": 273, "column": 16 },
        "end": { "line": 273, "column": 28 }
      },
      "114": {
        "start": { "line": 284, "column": 14 },
        "end": { "line": 303, "column": 20 }
      },
      "115": {
        "start": { "line": 287, "column": 18 },
        "end": { "line": 287, "column": 36 }
      },
      "116": {
        "start": { "line": 315, "column": 16 },
        "end": { "line": 334, "column": 23 }
      },
      "117": {
        "start": { "line": 318, "column": 20 },
        "end": { "line": 318, "column": 36 }
      }
    },
    "fnMap": {
      "0": {
        "name": "(anonymous_0)",
        "decl": {
          "start": { "line": 15, "column": 56 },
          "end": { "line": 15, "column": 57 }
        },
        "loc": {
          "start": { "line": 15, "column": 67 },
          "end": { "line": 342, "column": 1 }
        },
        "line": 15
      },
      "1": {
        "name": "(anonymous_1)",
        "decl": {
          "start": { "line": 64, "column": 20 },
          "end": { "line": 64, "column": 21 }
        },
        "loc": {
          "start": { "line": 64, "column": 26 },
          "end": { "line": 79, "column": 3 }
        },
        "line": 64
      },
      "2": {
        "name": "(anonymous_2)",
        "decl": {
          "start": { "line": 81, "column": 12 },
          "end": { "line": 81, "column": 13 }
        },
        "loc": {
          "start": { "line": 81, "column": 18 },
          "end": { "line": 86, "column": 3 }
        },
        "line": 81
      },
      "3": {
        "name": "(anonymous_3)",
        "decl": {
          "start": { "line": 88, "column": 12 },
          "end": { "line": 88, "column": 13 }
        },
        "loc": {
          "start": { "line": 88, "column": 18 },
          "end": { "line": 99, "column": 3 }
        },
        "line": 88
      },
      "4": {
        "name": "(anonymous_4)",
        "decl": {
          "start": { "line": 104, "column": 19 },
          "end": { "line": 104, "column": 20 }
        },
        "loc": {
          "start": { "line": 104, "column": 25 },
          "end": { "line": 107, "column": 3 }
        },
        "line": 104
      },
      "5": {
        "name": "(anonymous_5)",
        "decl": {
          "start": { "line": 112, "column": 20 },
          "end": { "line": 112, "column": 21 }
        },
        "loc": {
          "start": { "line": 112, "column": 34 },
          "end": { "line": 168, "column": 3 }
        },
        "line": 112
      },
      "6": {
        "name": "(anonymous_6)",
        "decl": {
          "start": { "line": 173, "column": 21 },
          "end": { "line": 173, "column": 22 }
        },
        "loc": {
          "start": { "line": 173, "column": 40 },
          "end": { "line": 193, "column": 3 }
        },
        "line": 173
      },
      "7": {
        "name": "(anonymous_7)",
        "decl": {
          "start": { "line": 198, "column": 21 },
          "end": { "line": 198, "column": 22 }
        },
        "loc": {
          "start": { "line": 198, "column": 27 },
          "end": { "line": 224, "column": 3 }
        },
        "line": 198
      },
      "8": {
        "name": "(anonymous_8)",
        "decl": {
          "start": { "line": 256, "column": 17 },
          "end": { "line": 256, "column": 18 }
        },
        "loc": {
          "start": { "line": 256, "column": 23 },
          "end": { "line": 256, "column": 42 }
        },
        "line": 256
      },
      "9": {
        "name": "(anonymous_9)",
        "decl": {
          "start": { "line": 263, "column": 23 },
          "end": { "line": 263, "column": 24 }
        },
        "loc": {
          "start": { "line": 263, "column": 29 },
          "end": { "line": 263, "column": 48 }
        },
        "line": 263
      },
      "10": {
        "name": "(anonymous_10)",
        "decl": {
          "start": { "line": 272, "column": 23 },
          "end": { "line": 272, "column": 24 }
        },
        "loc": {
          "start": { "line": 272, "column": 29 },
          "end": { "line": 274, "column": 15 }
        },
        "line": 272
      },
      "11": {
        "name": "(anonymous_11)",
        "decl": {
          "start": { "line": 283, "column": 32 },
          "end": { "line": 283, "column": 33 }
        },
        "loc": {
          "start": { "line": 284, "column": 14 },
          "end": { "line": 303, "column": 20 }
        },
        "line": 284
      },
      "12": {
        "name": "(anonymous_12)",
        "decl": {
          "start": { "line": 286, "column": 25 },
          "end": { "line": 286, "column": 26 }
        },
        "loc": {
          "start": { "line": 286, "column": 31 },
          "end": { "line": 288, "column": 17 }
        },
        "line": 286
      },
      "13": {
        "name": "(anonymous_13)",
        "decl": {
          "start": { "line": 314, "column": 29 },
          "end": { "line": 314, "column": 30 }
        },
        "loc": {
          "start": { "line": 315, "column": 16 },
          "end": { "line": 334, "column": 23 }
        },
        "line": 315
      },
      "14": {
        "name": "(anonymous_14)",
        "decl": {
          "start": { "line": 317, "column": 27 },
          "end": { "line": 317, "column": 28 }
        },
        "loc": {
          "start": { "line": 317, "column": 33 },
          "end": { "line": 319, "column": 19 }
        },
        "line": 317
      }
    },
    "branchMap": {
      "0": {
        "loc": {
          "start": { "line": 18, "column": 4 },
          "end": { "line": 18, "column": 13 }
        },
        "type": "default-arg",
        "locations": [
          {
            "start": { "line": 18, "column": 11 },
            "end": { "line": 18, "column": 13 }
          }
        ],
        "line": 18
      },
      "1": {
        "loc": {
          "start": { "line": 19, "column": 4 },
          "end": { "line": 19, "column": 23 }
        },
        "type": "default-arg",
        "locations": [
          {
            "start": { "line": 19, "column": 18 },
            "end": { "line": 19, "column": 23 }
          }
        ],
        "line": 19
      },
      "2": {
        "loc": {
          "start": { "line": 20, "column": 4 },
          "end": { "line": 20, "column": 31 }
        },
        "type": "default-arg",
        "locations": [
          {
            "start": { "line": 20, "column": 19 },
            "end": { "line": 20, "column": 31 }
          }
        ],
        "line": 20
      },
      "3": {
        "loc": {
          "start": { "line": 22, "column": 4 },
          "end": { "line": 22, "column": 20 }
        },
        "type": "default-arg",
        "locations": [
          {
            "start": { "line": 22, "column": 15 },
            "end": { "line": 22, "column": 20 }
          }
        ],
        "line": 22
      },
      "4": {
        "loc": {
          "start": { "line": 26, "column": 4 },
          "end": { "line": 26, "column": 24 }
        },
        "type": "default-arg",
        "locations": [
          {
            "start": { "line": 26, "column": 22 },
            "end": { "line": 26, "column": 24 }
          }
        ],
        "line": 26
      },
      "5": {
        "loc": {
          "start": { "line": 27, "column": 4 },
          "end": { "line": 27, "column": 25 }
        },
        "type": "default-arg",
        "locations": [
          {
            "start": { "line": 27, "column": 16 },
            "end": { "line": 27, "column": 25 }
          }
        ],
        "line": 27
      },
      "6": {
        "loc": {
          "start": { "line": 28, "column": 4 },
          "end": { "line": 28, "column": 20 }
        },
        "type": "default-arg",
        "locations": [
          {
            "start": { "line": 28, "column": 15 },
            "end": { "line": 28, "column": 20 }
          }
        ],
        "line": 28
      },
      "7": {
        "loc": {
          "start": { "line": 29, "column": 4 },
          "end": { "line": 29, "column": 18 }
        },
        "type": "default-arg",
        "locations": [
          {
            "start": { "line": 29, "column": 14 },
            "end": { "line": 29, "column": 18 }
          }
        ],
        "line": 29
      },
      "8": {
        "loc": {
          "start": { "line": 30, "column": 4 },
          "end": { "line": 30, "column": 19 }
        },
        "type": "default-arg",
        "locations": [
          {
            "start": { "line": 30, "column": 18 },
            "end": { "line": 30, "column": 19 }
          }
        ],
        "line": 30
      },
      "9": {
        "loc": {
          "start": { "line": 33, "column": 4 },
          "end": { "line": 33, "column": 19 }
        },
        "type": "default-arg",
        "locations": [
          {
            "start": { "line": 33, "column": 13 },
            "end": { "line": 33, "column": 19 }
          }
        ],
        "line": 33
      },
      "10": {
        "loc": {
          "start": { "line": 34, "column": 4 },
          "end": { "line": 34, "column": 23 }
        },
        "type": "default-arg",
        "locations": [
          {
            "start": { "line": 34, "column": 19 },
            "end": { "line": 34, "column": 23 }
          }
        ],
        "line": 34
      },
      "11": {
        "loc": {
          "start": { "line": 35, "column": 4 },
          "end": { "line": 35, "column": 22 }
        },
        "type": "default-arg",
        "locations": [
          {
            "start": { "line": 35, "column": 18 },
            "end": { "line": 35, "column": 22 }
          }
        ],
        "line": 35
      },
      "12": {
        "loc": {
          "start": { "line": 36, "column": 4 },
          "end": { "line": 36, "column": 15 }
        },
        "type": "default-arg",
        "locations": [
          {
            "start": { "line": 36, "column": 13 },
            "end": { "line": 36, "column": 15 }
          }
        ],
        "line": 36
      },
      "13": {
        "loc": {
          "start": { "line": 37, "column": 4 },
          "end": { "line": 37, "column": 19 }
        },
        "type": "default-arg",
        "locations": [
          {
            "start": { "line": 37, "column": 14 },
            "end": { "line": 37, "column": 19 }
          }
        ],
        "line": 37
      },
      "14": {
        "loc": {
          "start": { "line": 38, "column": 4 },
          "end": { "line": 38, "column": 18 }
        },
        "type": "default-arg",
        "locations": [
          {
            "start": { "line": 38, "column": 16 },
            "end": { "line": 38, "column": 18 }
          }
        ],
        "line": 38
      },
      "15": {
        "loc": {
          "start": { "line": 39, "column": 4 },
          "end": { "line": 42, "column": 5 }
        },
        "type": "default-arg",
        "locations": [
          {
            "start": { "line": 39, "column": 12 },
            "end": { "line": 42, "column": 5 }
          }
        ],
        "line": 39
      },
      "16": {
        "loc": {
          "start": { "line": 45, "column": 10 },
          "end": { "line": 45, "column": 25 }
        },
        "type": "default-arg",
        "locations": [
          {
            "start": { "line": 45, "column": 18 },
            "end": { "line": 45, "column": 25 }
          }
        ],
        "line": 45
      },
      "17": {
        "loc": {
          "start": { "line": 45, "column": 27 },
          "end": { "line": 45, "column": 42 }
        },
        "type": "default-arg",
        "locations": [
          {
            "start": { "line": 45, "column": 35 },
            "end": { "line": 45, "column": 42 }
          }
        ],
        "line": 45
      },
      "18": {
        "loc": {
          "start": { "line": 52, "column": 4 },
          "end": { "line": 54, "column": 15 }
        },
        "type": "cond-expr",
        "locations": [
          {
            "start": { "line": 53, "column": 8 },
            "end": { "line": 53, "column": 28 }
          },
          {
            "start": { "line": 54, "column": 8 },
            "end": { "line": 54, "column": 15 }
          }
        ],
        "line": 52
      },
      "19": {
        "loc": {
          "start": { "line": 52, "column": 4 },
          "end": { "line": 52, "column": 45 }
        },
        "type": "binary-expr",
        "locations": [
          {
            "start": { "line": 52, "column": 4 },
            "end": { "line": 52, "column": 19 }
          },
          {
            "start": { "line": 52, "column": 23 },
            "end": { "line": 52, "column": 45 }
          }
        ],
        "line": 52
      },
      "20": {
        "loc": {
          "start": { "line": 67, "column": 4 },
          "end": { "line": 69, "column": 5 }
        },
        "type": "if",
        "locations": [
          {
            "start": { "line": 67, "column": 4 },
            "end": { "line": 69, "column": 5 }
          },
          {
            "start": { "line": 67, "column": 4 },
            "end": { "line": 69, "column": 5 }
          }
        ],
        "line": 67
      },
      "21": {
        "loc": {
          "start": { "line": 67, "column": 8 },
          "end": { "line": 67, "column": 38 }
        },
        "type": "binary-expr",
        "locations": [
          {
            "start": { "line": 67, "column": 8 },
            "end": { "line": 67, "column": 26 }
          },
          {
            "start": { "line": 67, "column": 30 },
            "end": { "line": 67, "column": 38 }
          }
        ],
        "line": 67
      },
      "22": {
        "loc": {
          "start": { "line": 72, "column": 4 },
          "end": { "line": 74, "column": 5 }
        },
        "type": "if",
        "locations": [
          {
            "start": { "line": 72, "column": 4 },
            "end": { "line": 74, "column": 5 }
          },
          {
            "start": { "line": 72, "column": 4 },
            "end": { "line": 74, "column": 5 }
          }
        ],
        "line": 72
      },
      "23": {
        "loc": {
          "start": { "line": 72, "column": 8 },
          "end": { "line": 72, "column": 37 }
        },
        "type": "binary-expr",
        "locations": [
          {
            "start": { "line": 72, "column": 8 },
            "end": { "line": 72, "column": 17 }
          },
          {
            "start": { "line": 72, "column": 21 },
            "end": { "line": 72, "column": 37 }
          }
        ],
        "line": 72
      },
      "24": {
        "loc": {
          "start": { "line": 83, "column": 4 },
          "end": { "line": 85, "column": 5 }
        },
        "type": "if",
        "locations": [
          {
            "start": { "line": 83, "column": 4 },
            "end": { "line": 85, "column": 5 }
          },
          {
            "start": { "line": 83, "column": 4 },
            "end": { "line": 85, "column": 5 }
          }
        ],
        "line": 83
      },
      "25": {
        "loc": {
          "start": { "line": 83, "column": 8 },
          "end": { "line": 83, "column": 35 }
        },
        "type": "binary-expr",
        "locations": [
          {
            "start": { "line": 83, "column": 8 },
            "end": { "line": 83, "column": 14 }
          },
          {
            "start": { "line": 83, "column": 18 },
            "end": { "line": 83, "column": 35 }
          }
        ],
        "line": 83
      },
      "26": {
        "loc": {
          "start": { "line": 89, "column": 4 },
          "end": { "line": 89, "column": 27 }
        },
        "type": "if",
        "locations": [
          {
            "start": { "line": 89, "column": 4 },
            "end": { "line": 89, "column": 27 }
          },
          {
            "start": { "line": 89, "column": 4 },
            "end": { "line": 89, "column": 27 }
          }
        ],
        "line": 89
      },
      "27": {
        "loc": {
          "start": { "line": 96, "column": 4 },
          "end": { "line": 98, "column": 5 }
        },
        "type": "if",
        "locations": [
          {
            "start": { "line": 96, "column": 4 },
            "end": { "line": 98, "column": 5 }
          },
          {
            "start": { "line": 96, "column": 4 },
            "end": { "line": 98, "column": 5 }
          }
        ],
        "line": 96
      },
      "28": {
        "loc": {
          "start": { "line": 96, "column": 8 },
          "end": { "line": 96, "column": 39 }
        },
        "type": "binary-expr",
        "locations": [
          {
            "start": { "line": 96, "column": 8 },
            "end": { "line": 96, "column": 30 }
          },
          {
            "start": { "line": 96, "column": 34 },
            "end": { "line": 96, "column": 39 }
          }
        ],
        "line": 96
      },
      "29": {
        "loc": {
          "start": { "line": 105, "column": 4 },
          "end": { "line": 105, "column": 25 }
        },
        "type": "if",
        "locations": [
          {
            "start": { "line": 105, "column": 4 },
            "end": { "line": 105, "column": 25 }
          },
          {
            "start": { "line": 105, "column": 4 },
            "end": { "line": 105, "column": 25 }
          }
        ],
        "line": 105
      },
      "30": {
        "loc": {
          "start": { "line": 118, "column": 4 },
          "end": { "line": 163, "column": 5 }
        },
        "type": "if",
        "locations": [
          {
            "start": { "line": 118, "column": 4 },
            "end": { "line": 163, "column": 5 }
          },
          {
            "start": { "line": 118, "column": 4 },
            "end": { "line": 163, "column": 5 }
          }
        ],
        "line": 118
      },
      "31": {
        "loc": {
          "start": { "line": 119, "column": 6 },
          "end": { "line": 138, "column": 7 }
        },
        "type": "if",
        "locations": [
          {
            "start": { "line": 119, "column": 6 },
            "end": { "line": 138, "column": 7 }
          },
          {
            "start": { "line": 119, "column": 6 },
            "end": { "line": 138, "column": 7 }
          }
        ],
        "line": 119
      },
      "32": {
        "loc": {
          "start": { "line": 123, "column": 13 },
          "end": { "line": 138, "column": 7 }
        },
        "type": "if",
        "locations": [
          {
            "start": { "line": 123, "column": 13 },
            "end": { "line": 138, "column": 7 }
          },
          {
            "start": { "line": 123, "column": 13 },
            "end": { "line": 138, "column": 7 }
          }
        ],
        "line": 123
      },
      "33": {
        "loc": {
          "start": { "line": 132, "column": 10 },
          "end": { "line": 134, "column": 19 }
        },
        "type": "cond-expr",
        "locations": [
          {
            "start": { "line": 133, "column": 14 },
            "end": { "line": 133, "column": 50 }
          },
          {
            "start": { "line": 134, "column": 14 },
            "end": { "line": 134, "column": 19 }
          }
        ],
        "line": 132
      },
      "34": {
        "loc": {
          "start": { "line": 143, "column": 6 },
          "end": { "line": 148, "column": 7 }
        },
        "type": "if",
        "locations": [
          {
            "start": { "line": 143, "column": 6 },
            "end": { "line": 148, "column": 7 }
          },
          {
            "start": { "line": 143, "column": 6 },
            "end": { "line": 148, "column": 7 }
          }
        ],
        "line": 143
      },
      "35": {
        "loc": {
          "start": { "line": 151, "column": 8 },
          "end": { "line": 153, "column": 17 }
        },
        "type": "cond-expr",
        "locations": [
          {
            "start": { "line": 152, "column": 12 },
            "end": { "line": 152, "column": 48 }
          },
          {
            "start": { "line": 153, "column": 12 },
            "end": { "line": 153, "column": 17 }
          }
        ],
        "line": 151
      },
      "36": {
        "loc": {
          "start": { "line": 157, "column": 6 },
          "end": { "line": 159, "column": 7 }
        },
        "type": "if",
        "locations": [
          {
            "start": { "line": 157, "column": 6 },
            "end": { "line": 159, "column": 7 }
          },
          {
            "start": { "line": 157, "column": 6 },
            "end": { "line": 159, "column": 7 }
          }
        ],
        "line": 157
      },
      "37": {
        "loc": {
          "start": { "line": 157, "column": 10 },
          "end": { "line": 157, "column": 54 }
        },
        "type": "binary-expr",
        "locations": [
          {
            "start": { "line": 157, "column": 10 },
            "end": { "line": 157, "column": 26 }
          },
          {
            "start": { "line": 157, "column": 30 },
            "end": { "line": 157, "column": 54 }
          }
        ],
[...]
        "end": { "line": 173, "column": 59 }
      },
      "82": {
        "start": { "line": 175, "column": 12 },
        "end": { "line": 175, "column": 64 }
      },
      "83": {
        "start": { "line": 177, "column": 33 },
        "end": { "line": 180, "column": 20 }
      },
      "84": {
        "start": { "line": 182, "column": 31 },
        "end": { "line": 182, "column": 70 }
      },
      "85": {
        "start": { "line": 184, "column": 32 },
        "end": { "line": 184, "column": 66 }
      },
      "86": {
        "start": { "line": 185, "column": 31 },
        "end": { "line": 185, "column": 58 }
      },
      "87": {
        "start": { "line": 186, "column": 12 },
        "end": { "line": 188, "column": 13 }
      },
      "88": {
        "start": { "line": 186, "column": 25 },
        "end": { "line": 186, "column": 26 }
      },
      "89": {
        "start": { "line": 187, "column": 14 },
        "end": { "line": 187, "column": 55 }
      },
      "90": {
        "start": { "line": 189, "column": 27 },
        "end": { "line": 189, "column": 73 }
      },
      "91": {
        "start": { "line": 190, "column": 26 },
        "end": { "line": 192, "column": 14 }
      },
      "92": {
        "start": { "line": 194, "column": 12 },
        "end": { "line": 194, "column": 29 }
      },
      "93": {
        "start": { "line": 197, "column": 8 },
        "end": { "line": 197, "column": 36 }
      },
      "94": {
        "start": { "line": 197, "column": 31 },
        "end": { "line": 197, "column": 35 }
      },
      "95": {
        "start": { "line": 199, "column": 23 },
        "end": { "line": 199, "column": 26 }
      },
      "96": {
        "start": { "line": 200, "column": 21 },
        "end": { "line": 200, "column": 25 }
      },
      "97": {
        "start": { "line": 203, "column": 6 },
        "end": { "line": 203, "column": 18 }
      }
    },
    "fnMap": {
      "0": {
        "name": "(anonymous_0)",
        "decl": {
          "start": { "line": 4, "column": 31 },
          "end": { "line": 4, "column": 32 }
        },
        "loc": {
          "start": { "line": 12, "column": 6 },
          "end": { "line": 19, "column": 1 }
        },
        "line": 12
      },
      "1": {
        "name": "(anonymous_1)",
        "decl": {
          "start": { "line": 13, "column": 29 },
          "end": { "line": 13, "column": 30 }
        },
        "loc": {
          "start": { "line": 13, "column": 39 },
          "end": { "line": 13, "column": 60 }
        },
        "line": 13
      },
      "2": {
        "name": "(anonymous_2)",
        "decl": {
          "start": { "line": 15, "column": 17 },
          "end": { "line": 15, "column": 18 }
        },
        "loc": {
          "start": { "line": 15, "column": 27 },
          "end": { "line": 17, "column": 3 }
        },
        "line": 15
      },
      "3": {
        "name": "(anonymous_3)",
        "decl": {
          "start": { "line": 25, "column": 32 },
          "end": { "line": 25, "column": 33 }
        },
        "loc": {
          "start": { "line": 29, "column": 5 },
          "end": { "line": 55, "column": 1 }
        },
        "line": 29
      },
      "4": {
        "name": "(anonymous_4)",
        "decl": {
          "start": { "line": 57, "column": 26 },
          "end": { "line": 57, "column": 27 }
        },
        "loc": {
          "start": { "line": 57, "column": 51 },
          "end": { "line": 70, "column": 1 }
        },
        "line": 57
      },
      "5": {
        "name": "(anonymous_5)",
        "decl": {
          "start": { "line": 60, "column": 38 },
          "end": { "line": 60, "column": 39 }
        },
        "loc": {
          "start": { "line": 60, "column": 48 },
          "end": { "line": 60, "column": 66 }
        },
        "line": 60
      },
      "6": {
        "name": "(anonymous_6)",
        "decl": {
          "start": { "line": 72, "column": 26 },
          "end": { "line": 72, "column": 27 }
        },
        "loc": {
          "start": { "line": 72, "column": 43 },
          "end": { "line": 83, "column": 1 }
        },
        "line": 72
      },
      "7": {
        "name": "(anonymous_7)",
        "decl": {
          "start": { "line": 74, "column": 29 },
          "end": { "line": 74, "column": 30 }
        },
        "loc": {
          "start": { "line": 74, "column": 39 },
          "end": { "line": 81, "column": 3 }
        },
        "line": 74
      },
      "8": {
        "name": "(anonymous_8)",
        "decl": {
          "start": { "line": 85, "column": 26 },
          "end": { "line": 85, "column": 27 }
        },
        "loc": {
          "start": { "line": 88, "column": 5 },
          "end": { "line": 92, "column": 1 }
        },
        "line": 88
      },
      "9": {
        "name": "(anonymous_9)",
        "decl": {
          "start": { "line": 94, "column": 29 },
          "end": { "line": 94, "column": 30 }
        },
        "loc": {
          "start": { "line": 98, "column": 5 },
          "end": { "line": 107, "column": 1 }
        },
        "line": 98
      },
      "10": {
        "name": "(anonymous_10)",
        "decl": {
          "start": { "line": 101, "column": 26 },
          "end": { "line": 101, "column": 27 }
        },
        "loc": {
          "start": { "line": 101, "column": 68 },
          "end": { "line": 103, "column": 5 }
        },
        "line": 101
      },
      "11": {
        "name": "(anonymous_11)",
        "decl": {
          "start": { "line": 112, "column": 25 },
          "end": { "line": 112, "column": 26 }
        },
        "loc": {
          "start": { "line": 112, "column": 31 },
          "end": { "line": 115, "column": 1 }
        },
        "line": 112
      },
      "12": {
        "name": "(anonymous_12)",
        "decl": {
          "start": { "line": 120, "column": 29 },
          "end": { "line": 120, "column": 30 }
        },
        "loc": {
          "start": { "line": 120, "column": 66 },
          "end": { "line": 206, "column": 1 }
        },
        "line": 120
      },
      "13": {
        "name": "(anonymous_13)",
        "decl": {
          "start": { "line": 130, "column": 25 },
          "end": { "line": 130, "column": 26 }
        },
        "loc": {
          "start": { "line": 130, "column": 38 },
          "end": { "line": 198, "column": 7 }
        },
        "line": 130
      },
      "14": {
        "name": "(anonymous_14)",
        "decl": {
          "start": { "line": 134, "column": 24 },
          "end": { "line": 134, "column": 25 }
        },
        "loc": {
          "start": { "line": 134, "column": 30 },
          "end": { "line": 196, "column": 9 }
        },
        "line": 134
      },
      "15": {
        "name": "(anonymous_15)",
        "decl": {
          "start": { "line": 140, "column": 23 },
          "end": { "line": 140, "column": 24 }
        },
        "loc": {
          "start": { "line": 140, "column": 29 },
          "end": { "line": 195, "column": 11 }
        },
        "line": 140
      },
      "16": {
        "name": "(anonymous_16)",
        "decl": {
          "start": { "line": 197, "column": 25 },
          "end": { "line": 197, "column": 26 }
        },
        "loc": {
          "start": { "line": 197, "column": 31 },
          "end": { "line": 197, "column": 35 }
        },
        "line": 197
      },
      "17": {
        "name": "(anonymous_17)",
        "decl": {
          "start": { "line": 199, "column": 14 },
          "end": { "line": 199, "column": 15 }
        },
        "loc": {
          "start": { "line": 199, "column": 23 },
          "end": { "line": 199, "column": 26 }
        },
        "line": 199
      },
      "18": {
        "name": "(anonymous_18)",
        "decl": {
          "start": { "line": 200, "column": 15 },
          "end": { "line": 200, "column": 16 }
        },
        "loc": {
          "start": { "line": 200, "column": 21 },
          "end": { "line": 200, "column": 25 }
        },
        "line": 200
      }
    },
    "branchMap": {
      "0": {
        "loc": {
          "start": { "line": 31, "column": 2 },
          "end": { "line": 47, "column": 3 }
        },
        "type": "switch",
        "locations": [
          {
            "start": { "line": 32, "column": 4 },
            "end": { "line": 34, "column": 12 }
          },
          {
            "start": { "line": 35, "column": 4 },
            "end": { "line": 37, "column": 12 }
          },
          {
            "start": { "line": 38, "column": 4 },
            "end": { "line": 40, "column": 12 }
          },
          {
            "start": { "line": 41, "column": 4 },
            "end": { "line": 43, "column": 12 }
          },
          {
            "start": { "line": 44, "column": 4 },
            "end": { "line": 46, "column": 12 }
          }
        ],
        "line": 31
      },
      "1": {
        "loc": {
          "start": { "line": 48, "column": 2 },
          "end": { "line": 50, "column": 3 }
        },
        "type": "if",
        "locations": [
          {
            "start": { "line": 48, "column": 2 },
            "end": { "line": 50, "column": 3 }
          },
          {
            "start": { "line": 48, "column": 2 },
            "end": { "line": 50, "column": 3 }
          }
        ],
        "line": 48
      },
      "2": {
        "loc": {
          "start": { "line": 48, "column": 6 },
          "end": { "line": 48, "column": 42 }
        },
        "type": "binary-expr",
        "locations": [
          {
            "start": { "line": 48, "column": 6 },
            "end": { "line": 48, "column": 12 }
          },
          {
            "start": { "line": 48, "column": 16 },
            "end": { "line": 48, "column": 42 }
          }
        ],
        "line": 48
      },
      "3": {
        "loc": {
          "start": { "line": 51, "column": 2 },
          "end": { "line": 53, "column": 3 }
        },
        "type": "if",
        "locations": [
          {
            "start": { "line": 51, "column": 2 },
            "end": { "line": 53, "column": 3 }
          },
          {
            "start": { "line": 51, "column": 2 },
            "end": { "line": 53, "column": 3 }
          }
        ],
        "line": 51
      },
      "4": {
        "loc": {
          "start": { "line": 51, "column": 6 },
          "end": { "line": 51, "column": 44 }
        },
        "type": "binary-expr",
        "locations": [
          {
            "start": { "line": 51, "column": 6 },
            "end": { "line": 51, "column": 12 }
          },
          {
            "start": { "line": 51, "column": 16 },
            "end": { "line": 51, "column": 44 }
          }
        ],
        "line": 51
      },
      "5": {
        "loc": {
          "start": { "line": 76, "column": 4 },
          "end": { "line": 80, "column": 5 }
        },
        "type": "if",
        "locations": [
          {
            "start": { "line": 76, "column": 4 },
            "end": { "line": 80, "column": 5 }
          },
          {
            "start": { "line": 76, "column": 4 },
            "end": { "line": 80, "column": 5 }
          }
        ],
        "line": 76
      },
      "6": {
        "loc": {
          "start": { "line": 86, "column": 2 },
          "end": { "line": 86, "column": 21 }
        },
        "type": "default-arg",
        "locations": [
          {
            "start": { "line": 86, "column": 19 },
            "end": { "line": 86, "column": 21 }
          }
        ],
        "line": 86
      },
      "7": {
        "loc": {
          "start": { "line": 87, "column": 2 },
          "end": { "line": 87, "column": 32 }
        },
        "type": "default-arg",
        "locations": [
          {
            "start": { "line": 87, "column": 30 },
            "end": { "line": 87, "column": 32 }
          }
        ],
        "line": 87
      },
      "8": {
        "loc": {
          "start": { "line": 89, "column": 2 },
          "end": { "line": 89, "column": 58 }
        },
        "type": "if",
        "locations": [
          {
            "start": { "line": 89, "column": 2 },
            "end": { "line": 89, "column": 58 }
          },
          {
            "start": { "line": 89, "column": 2 },
            "end": { "line": 89, "column": 58 }
          }
        ],
        "line": 89
      },
      "9": {
        "loc": {
          "start": { "line": 95, "column": 2 },
          "end": { "line": 95, "column": 20 }
        },
        "type": "default-arg",
        "locations": [
          {
            "start": { "line": 95, "column": 18 },
            "end": { "line": 95, "column": 20 }
          }
        ],
        "line": 95
      },
      "10": {
        "loc": {
          "start": { "line": 96, "column": 2 },
          "end": { "line": 96, "column": 16 }
        },
        "type": "default-arg",
        "locations": [
          {
            "start": { "line": 96, "column": 14 },
            "end": { "line": 96, "column": 16 }
          }
        ],
        "line": 96
      },
      "11": {
        "loc": {
          "start": { "line": 97, "column": 2 },
          "end": { "line": 97, "column": 29 }
        },
        "type": "default-arg",
        "locations": [
          {
            "start": { "line": 97, "column": 27 },
            "end": { "line": 97, "column": 29 }
          }
        ],
        "line": 97
      },
      "12": {
        "loc": {
          "start": { "line": 99, "column": 2 },
          "end": { "line": 105, "column": 3 }
        },
        "type": "if",
        "locations": [
          {
            "start": { "line": 99, "column": 2 },
            "end": { "line": 105, "column": 3 }
          },
          {
            "start": { "line": 99, "column": 2 },
            "end": { "line": 105, "column": 3 }
          }
        ],
        "line": 99
      },
      "13": {
        "loc": {
          "start": { "line": 99, "column": 6 },
          "end": { "line": 99, "column": 25 }
        },
        "type": "binary-expr",
        "locations": [
          {
            "start": { "line": 99, "column": 6 },
            "end": { "line": 99, "column": 10 }
          },
          {
            "start": { "line": 99, "column": 14 },
            "end": { "line": 99, "column": 25 }
          }
        ],
        "line": 99
      },
      "14": {
        "loc": {
          "start": { "line": 120, "column": 41 },
          "end": { "line": 120, "column": 61 }
        },
        "type": "default-arg",
        "locations": [
          {
            "start": { "line": 120, "column": 58 },
            "end": { "line": 120, "column": 61 }
          }
        ],
        "line": 120
      },
      "15": {
        "loc": {
          "start": { "line": 126, "column": 2 },
          "end": { "line": 205, "column": 3 }
        },
        "type": "if",
        "locations": [
          {
            "start": { "line": 126, "column": 2 },
            "end": { "line": 205, "column": 3 }
          },
          {
            "start": { "line": 126, "column": 2 },
            "end": { "line": 205, "column": 3 }
          }
        ],
        "line": 126
      },
      "16": {
        "loc": {
          "start": { "line": 153, "column": 12 },
          "end": { "line": 168, "column": 13 }
        },
        "type": "if",
        "locations": [
          {
            "start": { "line": 153, "column": 12 },
            "end": { "line": 168, "column": 13 }
          },
          {
            "start": { "line": 153, "column": 12 },
            "end": { "line": 168, "column": 13 }
          }
        ],
        "line": 153
      },
      "17": {
        "loc": {
          "start": { "line": 153, "column": 16 },
          "end": { "line": 153, "column": 76 }
        },
        "type": "binary-expr",
        "locations": [
          {
            "start": { "line": 153, "column": 16 },
            "end": { "line": 153, "column": 43 }
          },
          {
            "start": { "line": 153, "column": 47 },
            "end": { "line": 153, "column": 76 }
          }
        ],
        "line": 153
      },
      "18": {
        "loc": {
          "start": { "line": 155, "column": 14 },
          "end": { "line": 167, "column": 15 }
        },
        "type": "if",
        "locations": [
          {
            "start": { "line": 155, "column": 14 },
            "end": { "line": 167, "column": 15 }
          },
          {
            "start": { "line": 155, "column": 14 },
            "end": { "line": 167, "column": 15 }
          }
        ],
        "line": 155
      },
      "19": {
        "loc": {
          "start": { "line": 178, "column": 14 },
          "end": { "line": 178, "column": 39 }
        },
        "type": "binary-expr",
        "locations": [
          {
            "start": { "line": 178, "column": 14 },
            "end": { "line": 178, "column": 23 }
          },
          {
            "start": { "line": 178, "column": 27 },
            "end": { "line": 178, "column": 39 }
          }
        ],
        "line": 178
      },
      "20": {
        "loc": {
          "start": { "line": 191, "column": 20 },
          "end": { "line": 191, "column": 44 }
        },
        "type": "binary-expr",
        "locations": [
          {
            "start": { "line": 191, "column": 20 },
            "end": { "line": 191, "column": 28 }
          },
          {
            "start": { "line": 191, "column": 32 },
            "end": { "line": 191, "column": 44 }
          }
        ],
        "line": 191
      }
    },
    "s": {
      "0": 1,
      "1": 0,
      "2": 0,
      "3": 0,
      "4": 0,
      "5": 0,
      "6": 0,
      "7": 1,
      "8": 0,
      "9": 0,
      "10": 0,
      "11": 0,
      "12": 0,
      "13": 0,
      "14": 0,
      "15": 0,
      "16": 0,
      "17": 0,
      "18": 0,
      "19": 0,
      "20": 0,
      "21": 0,
      "22": 0,
      "23": 0,
      "24": 0,
      "25": 1,
      "26": 0,
      "27": 0,
      "28": 0,
      "29": 0,
      "30": 0,
      "31": 1,
      "32": 0,
      "33": 0,
      "34": 0,
      "35": 0,
      "36": 0,
      "37": 0,
      "38": 1,
      "39": 0,
      "40": 0,
      "41": 0,
      "42": 0,
      "43": 1,
      "44": 0,
      "45": 0,
      "46": 0,
      "47": 0,
      "48": 0,
      "49": 0,
      "50": 1,
      "51": 0,
      "52": 0,
      "53": 1,
      "54": 0,
      "55": 0,
      "56": 0,
      "57": 0,
      "58": 0,
      "59": 0,
      "60": 0,
      "61": 0,
      "62": 0,
      "63": 0,
      "64": 0,
      "65": 0,
      "66": 0,
      "67": 0,
      "68": 0,
      "69": 0,
      "70": 0,
      "71": 0,
      "72": 0,
      "73": 0,
      "74": 0,
      "75": 0,
      "76": 0,
      "77": 0,
      "78": 0,
      "79": 0,
      "80": 0,
      "81": 0,
      "82": 0,
      "83": 0,
      "84": 0,
      "85": 0,
      "86": 0,
      "87": 0,
      "88": 0,
      "89": 0,
      "90": 0,
      "91": 0,
      "92": 0,
      "93": 0,
      "94": 0,
      "95": 0,
      "96": 0,
      "97": 0
    },
    "f": {
      "0": 0,
      "1": 0,
      "2": 0,
      "3": 0,
      "4": 0,
      "5": 0,
      "6": 0,
      "7": 0,
      "8": 0,
      "9": 0,
      "10": 0,
      "11": 0,
      "12": 0,
      "13": 0,
      "14": 0,
      "15": 0,
      "16": 0,
      "17": 0,
      "18": 0
    },
    "b": {
      "0": [0, 0, 0, 0, 0],
      "1": [0, 0],
      "2": [0, 0],
      "3": [0, 0],
      "4": [0, 0],
      "5": [0, 0],
      "6": [0],
      "7": [0],
      "8": [0, 0],
      "9": [0],
      "10": [0],
      "11": [0],
      "12": [0, 0],
      "13": [0, 0],
      "14": [0],
      "15": [0, 0],
      "16": [0, 0],
      "17": [0, 0],
      "18": [0, 0],
      "19": [0, 0],
      "20": [0, 0]
    },
    "_coverageSchema": "1a1c01bbd47fc00a2c39e90264f33305004495a9",
    "hash": "6189d1a1bee07445c73e44ced7db6f4e53e3ce9e"
  }
}
