{"G:\\浩鲸学习\\alita框架\\DynamicForm\\src\\PropsType.ts": {"path":"G:\\浩鲸学习\\alita框架\\DynamicForm\\src\\PropsType.ts","statementMap":{},"fnMap":{},"branchMap":{},"s":{},"f":{},"b":{},"_coverageSchema":"1a1c01bbd47fc00a2c39e90264f33305004495a9","hash":"eb2bdcbf3eb8e5c892bf986795a2daa7761111d0"}
,"G:\\浩鲸学习\\alita框架\\DynamicForm\\src\\index.ts": {"path":"G:\\浩鲸学习\\alita框架\\DynamicForm\\src\\index.ts","statementMap":{},"fnMap":{},"branchMap":{},"s":{},"f":{},"b":{},"_coverageSchema":"1a1c01bbd47fc00a2c39e90264f33305004495a9","hash":"3f872443bbc57d7d2039356b8500fc1951b15814"}
,"G:\\浩鲸学习\\alita框架\\DynamicForm\\src\\components\\index.tsx": {"path":"G:\\浩鲸学习\\alita框架\\DynamicForm\\src\\components\\index.tsx","statementMap":{},"fnMap":{},"branchMap":{},"s":{},"f":{},"b":{},"_coverageSchema":"1a1c01bbd47fc00a2c39e90264f33305004495a9","hash":"8c18e96b5b0c890e17b66cce4430e87fa32f3c0b"}
,"G:\\浩鲸学习\\alita框架\\DynamicForm\\src\\components\\AddressPicker\\AddressPickerGroup.tsx": {"path":"G:\\浩鲸学习\\alita框架\\DynamicForm\\src\\components\\AddressPicker\\AddressPickerGroup.tsx","statementMap":{"0":{"start":{"line":8,"column":17},"end":{"line":8,"column":21}},"1":{"start":{"line":16,"column":56},"end":{"line":343,"column":1}},"2":{"start":{"line":43,"column":6},"end":{"line":43,"column":11}},"3":{"start":{"line":45,"column":30},"end":{"line":45,"column":35}},"4":{"start":{"line":47,"column":38},"end":{"line":47,"column":58}},"5":{"start":{"line":48,"column":36},"end":{"line":48,"column":60}},"6":{"start":{"line":51,"column":36},"end":{"line":55,"column":3}},"7":{"start":{"line":57,"column":36},"end":{"line":57,"column":69}},"8":{"start":{"line":58,"column":34},"end":{"line":58,"column":53}},"9":{"start":{"line":59,"column":32},"end":{"line":59,"column":56}},"10":{"start":{"line":60,"column":21},"end":{"line":60,"column":48}},"11":{"start":{"line":62,"column":27},"end":{"line":62,"column":40}},"12":{"start":{"line":64,"column":20},"end":{"line":79,"column":3}},"13":{"start":{"line":65,"column":25},"end":{"line":65,"column":62}},"14":{"start":{"line":67,"column":4},"end":{"line":69,"column":5}},"15":{"start":{"line":68,"column":6},"end":{"line":68,"column":54}},"16":{"start":{"line":72,"column":4},"end":{"line":74,"column":5}},"17":{"start":{"line":73,"column":6},"end":{"line":73,"column":54}},"18":{"start":{"line":76,"column":4},"end":{"line":76,"column":28}},"19":{"start":{"line":77,"column":4},"end":{"line":77,"column":42}},"20":{"start":{"line":78,"column":4},"end":{"line":78,"column":24}},"21":{"start":{"line":81,"column":2},"end":{"line":86,"column":13}},"22":{"start":{"line":83,"column":4},"end":{"line":85,"column":5}},"23":{"start":{"line":84,"column":6},"end":{"line":84,"column":18}},"24":{"start":{"line":88,"column":2},"end":{"line":99,"column":14}},"25":{"start":{"line":89,"column":4},"end":{"line":89,"column":23}},"26":{"start":{"line":89,"column":16},"end":{"line":89,"column":23}},"27":{"start":{"line":90,"column":21},"end":{"line":90,"column":54}},"28":{"start":{"line":91,"column":4},"end":{"line":91,"column":45}},"29":{"start":{"line":92,"column":4},"end":{"line":92,"column":34}},"30":{"start":{"line":93,"column":4},"end":{"line":93,"column":34}},"31":{"start":{"line":94,"column":4},"end":{"line":94,"column":40}},"32":{"start":{"line":96,"column":4},"end":{"line":98,"column":5}},"33":{"start":{"line":97,"column":6},"end":{"line":97,"column":37}},"34":{"start":{"line":104,"column":19},"end":{"line":107,"column":3}},"35":{"start":{"line":105,"column":4},"end":{"line":105,"column":25}},"36":{"start":{"line":105,"column":18},"end":{"line":105,"column":25}},"37":{"start":{"line":106,"column":4},"end":{"line":106,"column":23}},"38":{"start":{"line":112,"column":20},"end":{"line":172,"column":3}},"39":{"start":{"line":113,"column":25},"end":{"line":113,"column":39}},"40":{"start":{"line":116,"column":25},"end":{"line":116,"column":39}},"41":{"start":{"line":118,"column":4},"end":{"line":167,"column":5}},"42":{"start":{"line":119,"column":6},"end":{"line":142,"column":7}},"43":{"start":{"line":121,"column":8},"end":{"line":121,"column":68}},"44":{"start":{"line":122,"column":8},"end":{"line":126,"column":10}},"45":{"start":{"line":127,"column":13},"end":{"line":142,"column":7}},"46":{"start":{"line":129,"column":8},"end":{"line":129,"column":68}},"47":{"start":{"line":130,"column":8},"end":{"line":130,"column":34}},"48":{"start":{"line":131,"column":8},"end":{"line":131,"column":56}},"49":{"start":{"line":133,"column":8},"end":{"line":133,"column":27}},"50":{"start":{"line":134,"column":8},"end":{"line":134,"column":38}},"51":{"start":{"line":135,"column":8},"end":{"line":139,"column":10}},"52":{"start":{"line":140,"column":8},"end":{"line":140,"column":34}},"53":{"start":{"line":141,"column":8},"end":{"line":141,"column":56}},"54":{"start":{"line":143,"column":6},"end":{"line":143,"column":33}},"55":{"start":{"line":145,"column":6},"end":{"line":145,"column":25}},"56":{"start":{"line":147,"column":6},"end":{"line":152,"column":7}},"57":{"start":{"line":148,"column":8},"end":{"line":148,"column":27}},"58":{"start":{"line":149,"column":8},"end":{"line":149,"column":26}},"59":{"start":{"line":151,"column":8},"end":{"line":151,"column":34}},"60":{"start":{"line":153,"column":6},"end":{"line":153,"column":36}},"61":{"start":{"line":154,"column":6},"end":{"line":158,"column":8}},"62":{"start":{"line":159,"column":6},"end":{"line":159,"column":36}},"63":{"start":{"line":160,"column":6},"end":{"line":160,"column":33}},"64":{"start":{"line":161,"column":6},"end":{"line":163,"column":7}},"65":{"start":{"line":162,"column":8},"end":{"line":162,"column":47}},"66":{"start":{"line":169,"column":4},"end":{"line":169,"column":51}},"67":{"start":{"line":169,"column":23},"end":{"line":169,"column":51}},"68":{"start":{"line":171,"column":4},"end":{"line":171,"column":31}},"69":{"start":{"line":177,"column":21},"end":{"line":197,"column":3}},"70":{"start":{"line":178,"column":4},"end":{"line":178,"column":47}},"71":{"start":{"line":178,"column":40},"end":{"line":178,"column":47}},"72":{"start":{"line":179,"column":4},"end":{"line":179,"column":35}},"73":{"start":{"line":179,"column":17},"end":{"line":179,"column":35}},"74":{"start":{"line":180,"column":4},"end":{"line":180,"column":43}},"75":{"start":{"line":180,"column":36},"end":{"line":180,"column":43}},"76":{"start":{"line":181,"column":25},"end":{"line":181,"column":51}},"77":{"start":{"line":182,"column":25},"end":{"line":182,"column":51}},"78":{"start":{"line":183,"column":4},"end":{"line":185,"column":5}},"79":{"start":{"line":184,"column":6},"end":{"line":184,"column":48}},"80":{"start":{"line":186,"column":4},"end":{"line":186,"column":31}},"81":{"start":{"line":187,"column":4},"end":{"line":187,"column":31}},"82":{"start":{"line":188,"column":4},"end":{"line":188,"column":32}},"83":{"start":{"line":189,"column":4},"end":{"line":189,"column":23}},"84":{"start":{"line":194,"column":4},"end":{"line":196,"column":5}},"85":{"start":{"line":195,"column":6},"end":{"line":195,"column":45}},"86":{"start":{"line":202,"column":21},"end":{"line":228,"column":3}},"87":{"start":{"line":203,"column":4},"end":{"line":203,"column":27}},"88":{"start":{"line":203,"column":17},"end":{"line":203,"column":27}},"89":{"start":{"line":205,"column":4},"end":{"line":226,"column":5}},"90":{"start":{"line":206,"column":6},"end":{"line":215,"column":7}},"91":{"start":{"line":207,"column":8},"end":{"line":207,"column":45}},"92":{"start":{"line":207,"column":27},"end":{"line":207,"column":45}},"93":{"start":{"line":209,"column":8},"end":{"line":209,"column":60}},"94":{"start":{"line":209,"column":43},"end":{"line":209,"column":60}},"95":{"start":{"line":210,"column":29},"end":{"line":210,"column":43}},"96":{"start":{"line":211,"column":29},"end":{"line":211,"column":43}},"97":{"start":{"line":212,"column":8},"end":{"line":212,"column":56}},"98":{"start":{"line":213,"column":8},"end":{"line":213,"column":55}},"99":{"start":{"line":213,"column":27},"end":{"line":213,"column":55}},"100":{"start":{"line":214,"column":8},"end":{"line":214,"column":35}},"101":{"start":{"line":217,"column":27},"end":{"line":217,"column":41}},"102":{"start":{"line":218,"column":6},"end":{"line":225,"column":7}},"103":{"start":{"line":223,"column":8},"end":{"line":223,"column":64}},"104":{"start":{"line":224,"column":8},"end":{"line":224,"column":35}},"105":{"start":{"line":227,"column":4},"end":{"line":227,"column":15}},"106":{"start":{"line":230,"column":22},"end":{"line":230,"column":24}},"107":{"start":{"line":232,"column":2},"end":{"line":234,"column":3}},"108":{"start":{"line":232,"column":15},"end":{"line":232,"column":31}},"109":{"start":{"line":233,"column":4},"end":{"line":233,"column":62}},"110":{"start":{"line":236,"column":2},"end":{"line":342,"column":4}},"111":{"start":{"line":257,"column":23},"end":{"line":257,"column":42}},"112":{"start":{"line":264,"column":29},"end":{"line":264,"column":48}},"113":{"start":{"line":274,"column":16},"end":{"line":274,"column":28}},"114":{"start":{"line":285,"column":14},"end":{"line":304,"column":20}},"115":{"start":{"line":288,"column":18},"end":{"line":288,"column":36}},"116":{"start":{"line":316,"column":16},"end":{"line":335,"column":23}},"117":{"start":{"line":319,"column":20},"end":{"line":319,"column":36}}},"fnMap":{"0":{"name":"(anonymous_0)","decl":{"start":{"line":16,"column":56},"end":{"line":16,"column":57}},"loc":{"start":{"line":16,"column":67},"end":{"line":343,"column":1}},"line":16},"1":{"name":"(anonymous_1)","decl":{"start":{"line":64,"column":20},"end":{"line":64,"column":21}},"loc":{"start":{"line":64,"column":26},"end":{"line":79,"column":3}},"line":64},"2":{"name":"(anonymous_2)","decl":{"start":{"line":81,"column":12},"end":{"line":81,"column":13}},"loc":{"start":{"line":81,"column":18},"end":{"line":86,"column":3}},"line":81},"3":{"name":"(anonymous_3)","decl":{"start":{"line":88,"column":12},"end":{"line":88,"column":13}},"loc":{"start":{"line":88,"column":18},"end":{"line":99,"column":3}},"line":88},"4":{"name":"(anonymous_4)","decl":{"start":{"line":104,"column":19},"end":{"line":104,"column":20}},"loc":{"start":{"line":104,"column":25},"end":{"line":107,"column":3}},"line":104},"5":{"name":"(anonymous_5)","decl":{"start":{"line":112,"column":20},"end":{"line":112,"column":21}},"loc":{"start":{"line":112,"column":34},"end":{"line":172,"column":3}},"line":112},"6":{"name":"(anonymous_6)","decl":{"start":{"line":177,"column":21},"end":{"line":177,"column":22}},"loc":{"start":{"line":177,"column":40},"end":{"line":197,"column":3}},"line":177},"7":{"name":"(anonymous_7)","decl":{"start":{"line":202,"column":21},"end":{"line":202,"column":22}},"loc":{"start":{"line":202,"column":27},"end":{"line":228,"column":3}},"line":202},"8":{"name":"(anonymous_8)","decl":{"start":{"line":257,"column":17},"end":{"line":257,"column":18}},"loc":{"start":{"line":257,"column":23},"end":{"line":257,"column":42}},"line":257},"9":{"name":"(anonymous_9)","decl":{"start":{"line":264,"column":23},"end":{"line":264,"column":24}},"loc":{"start":{"line":264,"column":29},"end":{"line":264,"column":48}},"line":264},"10":{"name":"(anonymous_10)","decl":{"start":{"line":273,"column":23},"end":{"line":273,"column":24}},"loc":{"start":{"line":273,"column":29},"end":{"line":275,"column":15}},"line":273},"11":{"name":"(anonymous_11)","decl":{"start":{"line":284,"column":32},"end":{"line":284,"column":33}},"loc":{"start":{"line":285,"column":14},"end":{"line":304,"column":20}},"line":285},"12":{"name":"(anonymous_12)","decl":{"start":{"line":287,"column":25},"end":{"line":287,"column":26}},"loc":{"start":{"line":287,"column":31},"end":{"line":289,"column":17}},"line":287},"13":{"name":"(anonymous_13)","decl":{"start":{"line":315,"column":29},"end":{"line":315,"column":30}},"loc":{"start":{"line":316,"column":16},"end":{"line":335,"column":23}},"line":316},"14":{"name":"(anonymous_14)","decl":{"start":{"line":318,"column":27},"end":{"line":318,"column":28}},"loc":{"start":{"line":318,"column":33},"end":{"line":320,"column":19}},"line":318}},"branchMap":{"0":{"loc":{"start":{"line":19,"column":4},"end":{"line":19,"column":13}},"type":"default-arg","locations":[{"start":{"line":19,"column":11},"end":{"line":19,"column":13}}],"line":19},"1":{"loc":{"start":{"line":20,"column":4},"end":{"line":20,"column":23}},"type":"default-arg","locations":[{"start":{"line":20,"column":18},"end":{"line":20,"column":23}}],"line":20},"2":{"loc":{"start":{"line":21,"column":4},"end":{"line":21,"column":31}},"type":"default-arg","locations":[{"start":{"line":21,"column":19},"end":{"line":21,"column":31}}],"line":21},"3":{"loc":{"start":{"line":23,"column":4},"end":{"line":23,"column":20}},"type":"default-arg","locations":[{"start":{"line":23,"column":15},"end":{"line":23,"column":20}}],"line":23},"4":{"loc":{"start":{"line":27,"column":4},"end":{"line":27,"column":24}},"type":"default-arg","locations":[{"start":{"line":27,"column":22},"end":{"line":27,"column":24}}],"line":27},"5":{"loc":{"start":{"line":28,"column":4},"end":{"line":28,"column":21}},"type":"default-arg","locations":[{"start":{"line":28,"column":12},"end":{"line":28,"column":21}}],"line":28},"6":{"loc":{"start":{"line":30,"column":4},"end":{"line":30,"column":19}},"type":"default-arg","locations":[{"start":{"line":30,"column":18},"end":{"line":30,"column":19}}],"line":30},"7":{"loc":{"start":{"line":33,"column":4},"end":{"line":33,"column":19}},"type":"default-arg","locations":[{"start":{"line":33,"column":13},"end":{"line":33,"column":19}}],"line":33},"8":{"loc":{"start":{"line":34,"column":4},"end":{"line":34,"column":23}},"type":"default-arg","locations":[{"start":{"line":34,"column":19},"end":{"line":34,"column":23}}],"line":34},"9":{"loc":{"start":{"line":35,"column":4},"end":{"line":35,"column":22}},"type":"default-arg","locations":[{"start":{"line":35,"column":18},"end":{"line":35,"column":22}}],"line":35},"10":{"loc":{"start":{"line":36,"column":4},"end":{"line":36,"column":15}},"type":"default-arg","locations":[{"start":{"line":36,"column":13},"end":{"line":36,"column":15}}],"line":36},"11":{"loc":{"start":{"line":37,"column":4},"end":{"line":37,"column":19}},"type":"default-arg","locations":[{"start":{"line":37,"column":14},"end":{"line":37,"column":19}}],"line":37},"12":{"loc":{"start":{"line":38,"column":4},"end":{"line":38,"column":18}},"type":"default-arg","locations":[{"start":{"line":38,"column":16},"end":{"line":38,"column":18}}],"line":38},"13":{"loc":{"start":{"line":39,"column":4},"end":{"line":42,"column":5}},"type":"default-arg","locations":[{"start":{"line":39,"column":12},"end":{"line":42,"column":5}}],"line":39},"14":{"loc":{"start":{"line":45,"column":10},"end":{"line":45,"column":25}},"type":"default-arg","locations":[{"start":{"line":45,"column":18},"end":{"line":45,"column":25}}],"line":45},"15":{"loc":{"start":{"line":52,"column":4},"end":{"line":54,"column":15}},"type":"cond-expr","locations":[{"start":{"line":53,"column":8},"end":{"line":53,"column":28}},{"start":{"line":54,"column":8},"end":{"line":54,"column":15}}],"line":52},"16":{"loc":{"start":{"line":52,"column":4},"end":{"line":52,"column":45}},"type":"binary-expr","locations":[{"start":{"line":52,"column":4},"end":{"line":52,"column":19}},{"start":{"line":52,"column":23},"end":{"line":52,"column":45}}],"line":52},"17":{"loc":{"start":{"line":67,"column":4},"end":{"line":69,"column":5}},"type":"if","locations":[{"start":{"line":67,"column":4},"end":{"line":69,"column":5}},{"start":{"line":67,"column":4},"end":{"line":69,"column":5}}],"line":67},"18":{"loc":{"start":{"line":67,"column":8},"end":{"line":67,"column":38}},"type":"binary-expr","locations":[{"start":{"line":67,"column":8},"end":{"line":67,"column":26}},{"start":{"line":67,"column":30},"end":{"line":67,"column":38}}],"line":67},"19":{"loc":{"start":{"line":72,"column":4},"end":{"line":74,"column":5}},"type":"if","locations":[{"start":{"line":72,"column":4},"end":{"line":74,"column":5}},{"start":{"line":72,"column":4},"end":{"line":74,"column":5}}],"line":72},"20":{"loc":{"start":{"line":72,"column":8},"end":{"line":72,"column":37}},"type":"binary-expr","locations":[{"start":{"line":72,"column":8},"end":{"line":72,"column":17}},{"start":{"line":72,"column":21},"end":{"line":72,"column":37}}],"line":72},"21":{"loc":{"start":{"line":83,"column":4},"end":{"line":85,"column":5}},"type":"if","locations":[{"start":{"line":83,"column":4},"end":{"line":85,"column":5}},{"start":{"line":83,"column":4},"end":{"line":85,"column":5}}],"line":83},"22":{"loc":{"start":{"line":83,"column":8},"end":{"line":83,"column":35}},"type":"binary-expr","locations":[{"start":{"line":83,"column":8},"end":{"line":83,"column":14}},{"start":{"line":83,"column":18},"end":{"line":83,"column":35}}],"line":83},"23":{"loc":{"start":{"line":89,"column":4},"end":{"line":89,"column":23}},"type":"if","locations":[{"start":{"line":89,"column":4},"end":{"line":89,"column":23}},{"start":{"line":89,"column":4},"end":{"line":89,"column":23}}],"line":89},"24":{"loc":{"start":{"line":96,"column":4},"end":{"line":98,"column":5}},"type":"if","locations":[{"start":{"line":96,"column":4},"end":{"line":98,"column":5}},{"start":{"line":96,"column":4},"end":{"line":98,"column":5}}],"line":96},"25":{"loc":{"start":{"line":96,"column":8},"end":{"line":96,"column":39}},"type":"binary-expr","locations":[{"start":{"line":96,"column":8},"end":{"line":96,"column":30}},{"start":{"line":96,"column":34},"end":{"line":96,"column":39}}],"line":96},"26":{"loc":{"start":{"line":105,"column":4},"end":{"line":105,"column":25}},"type":"if","locations":[{"start":{"line":105,"column":4},"end":{"line":105,"column":25}},{"start":{"line":105,"column":4},"end":{"line":105,"column":25}}],"line":105},"27":{"loc":{"start":{"line":118,"column":4},"end":{"line":167,"column":5}},"type":"if","locations":[{"start":{"line":118,"column":4},"end":{"line":167,"column":5}},{"start":{"line":118,"column":4},"end":{"line":167,"column":5}}],"line":118},"28":{"loc":{"start":{"line":119,"column":6},"end":{"line":142,"column":7}},"type":"if","locations":[{"start":{"line":119,"column":6},"end":{"line":142,"column":7}},{"start":{"line":119,"column":6},"end":{"line":142,"column":7}}],"line":119},"29":{"loc":{"start":{"line":125,"column":14},"end":{"line":125,"column":37}},"type":"binary-expr","locations":[{"start":{"line":125,"column":14},"end":{"line":125,"column":26}},{"start":{"line":125,"column":30},"end":{"line":125,"column":37}}],"line":125},"30":{"loc":{"start":{"line":127,"column":13},"end":{"line":142,"column":7}},"type":"if","locations":[{"start":{"line":127,"column":13},"end":{"line":142,"column":7}},{"start":{"line":127,"column":13},"end":{"line":142,"column":7}}],"line":127},"31":{"loc":{"start":{"line":131,"column":30},"end":{"line":131,"column":53}},"type":"binary-expr","locations":[{"start":{"line":131,"column":30},"end":{"line":131,"column":42}},{"start":{"line":131,"column":46},"end":{"line":131,"column":53}}],"line":131},"32":{"loc":{"start":{"line":136,"column":10},"end":{"line":138,"column":19}},"type":"cond-expr","locations":[{"start":{"line":137,"column":14},"end":{"line":137,"column":50}},{"start":{"line":138,"column":14},"end":{"line":138,"column":19}}],"line":136},"33":{"loc":{"start":{"line":141,"column":30},"end":{"line":141,"column":53}},"type":"binary-expr","locations":[{"start":{"line":141,"column":30},"end":{"line":141,"column":42}},{"start":{"line":141,"column":46},"end":{"line":141,"column":53}}],"line":141},"34":{"loc":{"start":{"line":147,"column":6},"end":{"line":152,"column":7}},"type":"if","locations":[{"start":{"line":147,"column":6},"end":{"line":152,"column":7}},{"start":{"line":147,"column":6},"end":{"line":152,"column":7}}],"line":147},"35":{"loc":{"start":{"line":155,"column":8},"end":{"line":157,"column":17}},"type":"cond-expr","locations":[{"start":{"line":156,"column":12},"end":{"line":156,"column":48}},{"start":{"line":157,"column":12},"end":{"line":157,"column":17}}],"line":155},"36":{"loc":{"start":{"line":161,"column":6},"end":{"line":163,"column":7}},"type":"if","locations":[{"start":{"line":161,"column":6},"end":{"line":163,"column":7}},{"start":{"line":161,"column":6},"end":{"line":163,"column":7}}],"line":161},"37":{"loc":{"start":{"line":161,"column":10},"end":{"line":161,"column":54}},"type":"binary-expr","locations":[{"start":{"line":161,"column":10},"end":{"line":161,"column":26}},{"start":{"line":161,"column":30},"end":{"line":161,"column":54}}],"line":161},"38":{"loc":{"start":{"line":169,"column":4},"end":{"line":169,"column":51}},"type":"if","locations":[{"start":{"line":169,"column":4},"end":{"line":169,"column":51}},{"start":{"line":169,"column":4},"end":{"line":169,"column":51}}],"line":169},"39":{"loc":{"start":{"line":178,"column":4},"end":{"line":178,"column":47}},"type":"if","locations":[{"start":{"line":178,"column":4},"end":{"line":178,"column":47}},{"start":{"line":178,"column":4},"end":{"line":178,"column":47}}],"line":178},"40":{"loc":{"start":{"line":179,"column":4},"end":{"line":179,"column":35}},"type":"if","locations":[{"start":{"line":179,"column":4},"end":{"line":179,"column":35}},{"start":{"line":179,"column":4},"end":{"line":179,"column":35}}],"line":179},"41":{"loc":{"start":{"line":180,"column":4},"end":{"line":180,"column":43}},"type":"if","locations":[{"start":{"line":180,"column":4},"end":{"line":180,"column":43}},{"start":{"line":180,"column":4},"end":{"line":180,"column":43}}],"line":180},"42":{"loc":{"start":{"line":183,"column":4},"end":{"line":185,"column":5}},"type":"if","locations":[{"start":{"line":183,"column":4},"end":{"line":185,"column":5}},{"start":{"line":183,"column":4},"end":{"line":185,"column":5}}],"line":183},"43":{"loc":{"start":{"line":194,"column":4},"end":{"line":196,"column":5}},"type":"if","locations":[{"start":{"line":194,"column":4},"end":{"line":196,"column":5}},{"start":{"line":194,"column":4},"end":{"line":196,"column":5}}],"line":194},"44":{"loc":{"start":{"line":194,"column":8},"end":{"line":194,"column":52}},"type":"binary-expr","locations":[{"start":{"line":194,"column":8},"end":{"line":194,"column":24}},{"start":{"line":194,"column":28},"end":{"line":194,"column":52}}],"line":194},"45":{"loc":{"start":{"line":203,"column":4},"end":{"line":203,"column":27}},"type":"if","locations":[{"start":{"line":203,"column":4},"end":{"line":203,"column":27}},{"start":{"line":203,"column":4},"end":{"line":203,"column":27}}],"line":203},"46":{"loc":{"start":{"line":205,"column":4},"end":{"line":226,"column":5}},"type":"if","locations":[{"start":{"line":205,"column":4},"end":{"line":226,"column":5}},{"start":{"line":205,"column":4},"end":{"line":226,"column":5}}],"line":205},"47":{"loc":{"start":{"line":206,"column":6},"end":{"line":215,"column":7}},"type":"if","locations":[{"start":{"line":206,"column":6},"end":{"line":215,"column":7}},{"start":{"line":206,"column":6},"end":{"line":215,"column":7}}],"line":206},"48":{"loc":{"start":{"line":207,"column":8},"end":{"line":207,"column":45}},"type":"if","locations":[{"start":{"line":207,"column":8},"end":{"line":207,"column":45}},{"start":{"line":207,"column":8},"end":{"line":207,"column":45}}],"line":207},"49":{"loc":{"start":{"line":209,"column":8},"end":{"line":209,"column":60}},"type":"if","locations":[{"start":{"line":209,"column":8},"end":{"line":209,"column":60}},{"start":{"line":209,"column":8},"end":{"line":209,"column":60}}],"line":209},"50":{"loc":{"start":{"line":209,"column":12},"end":{"line":209,"column":41}},"type":"binary-expr","locations":[{"start":{"line":209,"column":12},"end":{"line":209,"column":21}},{"start":{"line":209,"column":25},"end":{"line":209,"column":41}}],"line":209},"51":{"loc":{"start":{"line":213,"column":8},"end":{"line":213,"column":55}},"type":"if","locations":[{"start":{"line":213,"column":8},"end":{"line":213,"column":55}},{"start":{"line":213,"column":8},"end":{"line":213,"column":55}}],"line":213},"52":{"loc":{"start":{"line":218,"column":6},"end":{"line":225,"column":7}},"type":"if","locations":[{"start":{"line":218,"column":6},"end":{"line":225,"column":7}},{"start":{"line":218,"column":6},"end":{"line":225,"column":7}}],"line":218},"53":{"loc":{"start":{"line":219,"column":8},"end":{"line":221,"column":16}},"type":"binary-expr","locations":[{"start":{"line":219,"column":8},"end":{"line":219,"column":26}},{"start":{"line":220,"column":8},"end":{"line":220,"column":45}},{"start":{"line":221,"column":8},"end":{"line":221,"column":16}}],"line":219},"54":{"loc":{"start":{"line":301,"column":17},"end":{"line":303,"column":17}},"type":"binary-expr","locations":[{"start":{"line":301,"column":17},"end":{"line":301,"column":47}},{"start":{"line":302,"column":18},"end":{"line":302,"column":69}}],"line":301},"55":{"loc":{"start":{"line":307,"column":11},"end":{"line":307,"column":58}},"type":"binary-expr","locations":[{"start":{"line":307,"column":11},"end":{"line":307,"column":15}},{"start":{"line":307,"column":19},"end":{"line":307,"column":36}},{"start":{"line":307,"column":40},"end":{"line":307,"column":48}},{"start":{"line":307,"column":52},"end":{"line":307,"column":58}}],"line":307},"56":{"loc":{"start":{"line":312,"column":30},"end":{"line":312,"column":55}},"type":"cond-expr","locations":[{"start":{"line":312,"column":44},"end":{"line":312,"column":46}},{"start":{"line":312,"column":49},"end":{"line":312,"column":55}}],"line":312},"57":{"loc":{"start":{"line":317,"column":28},"end":{"line":317,"column":51}},"type":"binary-expr","locations":[{"start":{"line":317,"column":28},"end":{"line":317,"column":40}},{"start":{"line":317,"column":44},"end":{"line":317,"column":51}}],"line":317},"58":{"loc":{"start":{"line":326,"column":49},"end":{"line":326,"column":72}},"type":"binary-expr","locations":[{"start":{"line":326,"column":49},"end":{"line":326,"column":61}},{"start":{"line":326,"column":65},"end":{"line":326,"column":72}}],"line":326},"59":{"loc":{"start":{"line":332,"column":21},"end":{"line":333,"column":66}},"type":"binary-expr","locations":[{"start":{"line":332,"column":21},"end":{"line":333,"column":24}},{"start":{"line":333,"column":28},"end":{"line":333,"column":66}}],"line":332},"60":{"loc":{"start":{"line":332,"column":44},"end":{"line":332,"column":67}},"type":"binary-expr","locations":[{"start":{"line":332,"column":44},"end":{"line":332,"column":56}},{"start":{"line":332,"column":60},"end":{"line":332,"column":67}}],"line":332}},"s":{"0":17,"1":17,"2":24,"3":24,"4":24,"5":24,"6":24,"7":24,"8":24,"9":24,"10":24,"11":24,"12":24,"13":2,"14":2,"15":1,"16":2,"17":1,"18":2,"19":2,"20":2,"21":24,"22":7,"23":0,"24":24,"25":5,"26":2,"27":3,"28":3,"29":3,"30":3,"31":3,"32":3,"33":1,"34":24,"35":3,"36":0,"37":3,"38":24,"39":3,"40":3,"41":3,"42":3,"43":0,"44":0,"45":3,"46":1,"47":1,"48":1,"49":2,"50":2,"51":2,"52":2,"53":2,"54":3,"55":0,"56":0,"57":0,"58":0,"59":0,"60":0,"61":0,"62":0,"63":0,"64":0,"65":0,"66":3,"67":3,"68":3,"69":24,"70":2,"71":0,"72":2,"73":0,"74":2,"75":0,"76":2,"77":2,"78":2,"79":2,"80":2,"81":2,"82":2,"83":2,"84":2,"85":2,"86":24,"87":3,"88":0,"89":3,"90":1,"91":1,"92":1,"93":0,"94":0,"95":0,"96":0,"97":0,"98":0,"99":0,"100":0,"101":2,"102":2,"103":0,"104":0,"105":3,"106":24,"107":24,"108":24,"109":47,"110":24,"111":0,"112":0,"113":2,"114":49,"115":2,"116":413,"117":3},"f":{"0":24,"1":2,"2":7,"3":5,"4":3,"5":3,"6":2,"7":3,"8":0,"9":0,"10":2,"11":49,"12":2,"13":413,"14":3},"b":{"0":[0],"1":[0],"2":[24],"3":[2],"4":[0],"5":[8],"6":[24],"7":[24],"8":[24],"9":[24],"10":[24],"11":[24],"12":[24],"13":[24],"14":[0],"15":[24,0],"16":[24,24],"17":[1,1],"18":[2,1],"19":[1,1],"20":[2,2],"21":[0,7],"22":[7,0],"23":[2,3],"24":[1,2],"25":[3,1],"26":[0,3],"27":[3,0],"28":[0,3],"29":[0,0],"30":[1,2],"31":[1,0],"32":[2,0],"33":[2,0],"34":[0,0],"35":[0,0],"36":[0,0],"37":[0,0],"38":[3,0],"39":[0,2],"40":[0,2],"41":[0,2],"42":[2,0],"43":[2,0],"44":[2,2],"45":[0,3],"46":[1,2],"47":[1,0],"48":[1,0],"49":[0,0],"50":[0,0],"51":[0,0],"52":[0,2],"53":[2,0,0],"54":[49,24],"55":[24,24,3,3],"56":[21,3],"57":[413,0],"58":[413,0],"59":[413,11],"60":[413,0]},"_coverageSchema":"1a1c01bbd47fc00a2c39e90264f33305004495a9","hash":"15fa9009d1c59c32fc9308732f385009780fbdd9"}
,"G:\\浩鲸学习\\alita框架\\DynamicForm\\src\\components\\AddressPicker\\index.tsx": {"path":"G:\\浩鲸学习\\alita框架\\DynamicForm\\src\\components\\AddressPicker\\index.tsx","statementMap":{"0":{"start":{"line":8,"column":47},"end":{"line":50,"column":1}},"1":{"start":{"line":19,"column":6},"end":{"line":19,"column":11}},"2":{"start":{"line":21,"column":21},"end":{"line":21,"column":48}},"3":{"start":{"line":23,"column":22},"end":{"line":25,"column":3}},"4":{"start":{"line":24,"column":4},"end":{"line":24,"column":32}},"5":{"start":{"line":24,"column":18},"end":{"line":24,"column":32}},"6":{"start":{"line":27,"column":2},"end":{"line":49,"column":4}},"7":{"start":{"line":32,"column":8},"end":{"line":32,"column":39}},"8":{"start":{"line":52,"column":0},"end":{"line":52,"column":44}}},"fnMap":{"0":{"name":"(anonymous_0)","decl":{"start":{"line":8,"column":47},"end":{"line":8,"column":48}},"loc":{"start":{"line":8,"column":58},"end":{"line":50,"column":1}},"line":8},"1":{"name":"(anonymous_1)","decl":{"start":{"line":23,"column":22},"end":{"line":23,"column":23}},"loc":{"start":{"line":23,"column":55},"end":{"line":25,"column":3}},"line":23},"2":{"name":"(anonymous_2)","decl":{"start":{"line":31,"column":20},"end":{"line":31,"column":21}},"loc":{"start":{"line":31,"column":56},"end":{"line":33,"column":7}},"line":31}},"branchMap":{"0":{"loc":{"start":{"line":12,"column":4},"end":{"line":12,"column":20}},"type":"default-arg","locations":[{"start":{"line":12,"column":15},"end":{"line":12,"column":20}}],"line":12},"1":{"loc":{"start":{"line":14,"column":4},"end":{"line":14,"column":18}},"type":"default-arg","locations":[{"start":{"line":14,"column":14},"end":{"line":14,"column":18}}],"line":14},"2":{"loc":{"start":{"line":15,"column":4},"end":{"line":15,"column":31}},"type":"default-arg","locations":[{"start":{"line":15,"column":19},"end":{"line":15,"column":31}}],"line":15},"3":{"loc":{"start":{"line":24,"column":4},"end":{"line":24,"column":32}},"type":"if","locations":[{"start":{"line":24,"column":4},"end":{"line":24,"column":32}},{"start":{"line":24,"column":4},"end":{"line":24,"column":32}}],"line":24},"4":{"loc":{"start":{"line":30,"column":13},"end":{"line":30,"column":60}},"type":"binary-expr","locations":[{"start":{"line":30,"column":13},"end":{"line":30,"column":18}},{"start":{"line":30,"column":22},"end":{"line":30,"column":60}}],"line":30},"5":{"loc":{"start":{"line":38,"column":15},"end":{"line":38,"column":38}},"type":"cond-expr","locations":[{"start":{"line":38,"column":28},"end":{"line":38,"column":30}},{"start":{"line":38,"column":33},"end":{"line":38,"column":38}}],"line":38},"6":{"loc":{"start":{"line":42,"column":11},"end":{"line":44,"column":11}},"type":"binary-expr","locations":[{"start":{"line":42,"column":11},"end":{"line":42,"column":19}},{"start":{"line":42,"column":23},"end":{"line":42,"column":30}},{"start":{"line":43,"column":12},"end":{"line":43,"column":62}}],"line":42}},"s":{"0":17,"1":8,"2":8,"3":8,"4":2,"5":2,"6":8,"7":3,"8":17},"f":{"0":8,"1":2,"2":3},"b":{"0":[1],"1":[8],"2":[8],"3":[2,0],"4":[8,8],"5":[0,8],"6":[8,7,7]},"_coverageSchema":"1a1c01bbd47fc00a2c39e90264f33305004495a9","hash":"60dd4381ef78164d48463229b2ae41ca8b863173"}
,"G:\\浩鲸学习\\alita框架\\DynamicForm\\src\\components\\AddressPicker\\interface.ts": {"path":"G:\\浩鲸学习\\alita框架\\DynamicForm\\src\\components\\AddressPicker\\interface.ts","statementMap":{},"fnMap":{},"branchMap":{},"s":{},"f":{},"b":{}}
,"G:\\浩鲸学习\\alita框架\\DynamicForm\\src\\components\\AddressPicker\\demo\\index.tsx": {"path":"G:\\浩鲸学习\\alita框架\\DynamicForm\\src\\components\\AddressPicker\\demo\\index.tsx","statementMap":{"0":{"start":{"line":21,"column":17},"end":{"line":153,"column":1}},"1":{"start":{"line":22,"column":17},"end":{"line":22,"column":26}},"2":{"start":{"line":23,"column":24},"end":{"line":28,"column":4}},"3":{"start":{"line":29,"column":19},"end":{"line":32,"column":3}},"4":{"start":{"line":31,"column":4},"end":{"line":31,"column":36}},"5":{"start":{"line":34,"column":25},"end":{"line":37,"column":3}},"6":{"start":{"line":36,"column":4},"end":{"line":36,"column":38}},"7":{"start":{"line":39,"column":42},"end":{"line":39,"column":77}},"8":{"start":{"line":40,"column":42},"end":{"line":40,"column":77}},"9":{"start":{"line":42,"column":20},"end":{"line":54,"column":3}},"10":{"start":{"line":43,"column":25},"end":{"line":43,"column":27}},"11":{"start":{"line":44,"column":4},"end":{"line":52,"column":7}},"12":{"start":{"line":45,"column":6},"end":{"line":47,"column":7}},"13":{"start":{"line":46,"column":8},"end":{"line":46,"column":32}},"14":{"start":{"line":48,"column":6},"end":{"line":51,"column":7}},"15":{"start":{"line":49,"column":21},"end":{"line":49,"column":50}},"16":{"start":{"line":50,"column":8},"end":{"line":50,"column":52}},"17":{"start":{"line":50,"column":37},"end":{"line":50,"column":52}},"18":{"start":{"line":53,"column":4},"end":{"line":53,"column":19}},"19":{"start":{"line":56,"column":28},"end":{"line":74,"column":3}},"20":{"start":{"line":57,"column":51},"end":{"line":57,"column":53}},"21":{"start":{"line":58,"column":4},"end":{"line":71,"column":5}},"22":{"start":{"line":60,"column":8},"end":{"line":60,"column":27}},"23":{"start":{"line":61,"column":8},"end":{"line":61,"column":14}},"24":{"start":{"line":64,"column":8},"end":{"line":64,"column":65}},"25":{"start":{"line":65,"column":8},"end":{"line":65,"column":14}},"26":{"start":{"line":67,"column":8},"end":{"line":67,"column":65}},"27":{"start":{"line":68,"column":8},"end":{"line":68,"column":14}},"28":{"start":{"line":70,"column":8},"end":{"line":70,"column":14}},"29":{"start":{"line":72,"column":4},"end":{"line":72,"column":26}},"30":{"start":{"line":73,"column":4},"end":{"line":73,"column":17}},"31":{"start":{"line":75,"column":28},"end":{"line":99,"column":3}},"32":{"start":{"line":76,"column":4},"end":{"line":76,"column":36}},"33":{"start":{"line":77,"column":51},"end":{"line":77,"column":53}},"34":{"start":{"line":78,"column":4},"end":{"line":96,"column":5}},"35":{"start":{"line":80,"column":8},"end":{"line":80,"column":27}},"36":{"start":{"line":81,"column":8},"end":{"line":81,"column":14}},"37":{"start":{"line":84,"column":8},"end":{"line":84,"column":65}},"38":{"start":{"line":85,"column":8},"end":{"line":85,"column":14}},"39":{"start":{"line":87,"column":8},"end":{"line":92,"column":10}},"40":{"start":{"line":93,"column":8},"end":{"line":93,"column":14}},"41":{"start":{"line":95,"column":8},"end":{"line":95,"column":14}},"42":{"start":{"line":97,"column":4},"end":{"line":97,"column":26}},"43":{"start":{"line":98,"column":4},"end":{"line":98,"column":17}},"44":{"start":{"line":101,"column":20},"end":{"line":133,"column":23}},"45":{"start":{"line":113,"column":8},"end":{"line":113,"column":34}},"46":{"start":{"line":125,"column":8},"end":{"line":125,"column":26}},"47":{"start":{"line":126,"column":8},"end":{"line":129,"column":16}},"48":{"start":{"line":127,"column":10},"end":{"line":127,"column":36}},"49":{"start":{"line":128,"column":10},"end":{"line":128,"column":23}},"50":{"start":{"line":135,"column":20},"end":{"line":143,"column":3}},"51":{"start":{"line":144,"column":2},"end":{"line":152,"column":4}},"52":{"start":{"line":148,"column":44},"end":{"line":148,"column":57}}},"fnMap":{"0":{"name":"(anonymous_0)","decl":{"start":{"line":21,"column":17},"end":{"line":21,"column":18}},"loc":{"start":{"line":21,"column":23},"end":{"line":153,"column":1}},"line":21},"1":{"name":"(anonymous_1)","decl":{"start":{"line":29,"column":19},"end":{"line":29,"column":20}},"loc":{"start":{"line":29,"column":38},"end":{"line":32,"column":3}},"line":29},"2":{"name":"(anonymous_2)","decl":{"start":{"line":34,"column":25},"end":{"line":34,"column":26}},"loc":{"start":{"line":34,"column":61},"end":{"line":37,"column":3}},"line":34},"3":{"name":"(anonymous_3)","decl":{"start":{"line":42,"column":20},"end":{"line":42,"column":21}},"loc":{"start":{"line":42,"column":57},"end":{"line":54,"column":3}},"line":42},"4":{"name":"(anonymous_4)","decl":{"start":{"line":44,"column":13},"end":{"line":44,"column":14}},"loc":{"start":{"line":44,"column":59},"end":{"line":52,"column":5}},"line":44},"5":{"name":"(anonymous_5)","decl":{"start":{"line":56,"column":28},"end":{"line":56,"column":29}},"loc":{"start":{"line":56,"column":61},"end":{"line":74,"column":3}},"line":56},"6":{"name":"(anonymous_6)","decl":{"start":{"line":75,"column":28},"end":{"line":75,"column":29}},"loc":{"start":{"line":75,"column":61},"end":{"line":99,"column":3}},"line":75},"7":{"name":"(anonymous_7)","decl":{"start":{"line":111,"column":21},"end":{"line":111,"column":22}},"loc":{"start":{"line":111,"column":54},"end":{"line":114,"column":7}},"line":111},"8":{"name":"(anonymous_8)","decl":{"start":{"line":124,"column":21},"end":{"line":124,"column":22}},"loc":{"start":{"line":124,"column":54},"end":{"line":130,"column":7}},"line":124},"9":{"name":"(anonymous_9)","decl":{"start":{"line":126,"column":19},"end":{"line":126,"column":20}},"loc":{"start":{"line":126,"column":25},"end":{"line":129,"column":9}},"line":126},"10":{"name":"(anonymous_10)","decl":{"start":{"line":148,"column":38},"end":{"line":148,"column":39}},"loc":{"start":{"line":148,"column":44},"end":{"line":148,"column":57}},"line":148}},"branchMap":{"0":{"loc":{"start":{"line":45,"column":6},"end":{"line":47,"column":7}},"type":"if","locations":[{"start":{"line":45,"column":6},"end":{"line":47,"column":7}},{"start":{"line":45,"column":6},"end":{"line":47,"column":7}}],"line":45},"1":{"loc":{"start":{"line":48,"column":6},"end":{"line":51,"column":7}},"type":"if","locations":[{"start":{"line":48,"column":6},"end":{"line":51,"column":7}},{"start":{"line":48,"column":6},"end":{"line":51,"column":7}}],"line":48},"2":{"loc":{"start":{"line":48,"column":10},"end":{"line":48,"column":55}},"type":"binary-expr","locations":[{"start":{"line":48,"column":10},"end":{"line":48,"column":23}},{"start":{"line":48,"column":27},"end":{"line":48,"column":55}}],"line":48},"3":{"loc":{"start":{"line":50,"column":8},"end":{"line":50,"column":52}},"type":"if","locations":[{"start":{"line":50,"column":8},"end":{"line":50,"column":52}},{"start":{"line":50,"column":8},"end":{"line":50,"column":52}}],"line":50},"4":{"loc":{"start":{"line":50,"column":12},"end":{"line":50,"column":35}},"type":"binary-expr","locations":[{"start":{"line":50,"column":12},"end":{"line":50,"column":16}},{"start":{"line":50,"column":20},"end":{"line":50,"column":35}}],"line":50},"5":{"loc":{"start":{"line":58,"column":4},"end":{"line":71,"column":5}},"type":"switch","locations":[{"start":{"line":59,"column":6},"end":{"line":61,"column":14}},{"start":{"line":62,"column":6},"end":{"line":62,"column":13}},{"start":{"line":63,"column":6},"end":{"line":65,"column":14}},{"start":{"line":66,"column":6},"end":{"line":68,"column":14}},{"start":{"line":69,"column":6},"end":{"line":70,"column":14}}],"line":58},"6":{"loc":{"start":{"line":78,"column":4},"end":{"line":96,"column":5}},"type":"switch","locations":[{"start":{"line":79,"column":6},"end":{"line":81,"column":14}},{"start":{"line":82,"column":6},"end":{"line":82,"column":13}},{"start":{"line":83,"column":6},"end":{"line":85,"column":14}},{"start":{"line":86,"column":6},"end":{"line":93,"column":14}},{"start":{"line":94,"column":6},"end":{"line":95,"column":14}}],"line":78}},"s":{"0":0,"1":0,"2":0,"3":0,"4":0,"5":0,"6":0,"7":0,"8":0,"9":0,"10":0,"11":0,"12":0,"13":0,"14":0,"15":0,"16":0,"17":0,"18":0,"19":0,"20":0,"21":0,"22":0,"23":0,"24":0,"25":0,"26":0,"27":0,"28":0,"29":0,"30":0,"31":0,"32":0,"33":0,"34":0,"35":0,"36":0,"37":0,"38":0,"39":0,"40":0,"41":0,"42":0,"43":0,"44":0,"45":0,"46":0,"47":0,"48":0,"49":0,"50":0,"51":0,"52":0},"f":{"0":0,"1":0,"2":0,"3":0,"4":0,"5":0,"6":0,"7":0,"8":0,"9":0,"10":0},"b":{"0":[0,0],"1":[0,0],"2":[0,0],"3":[0,0],"4":[0,0],"5":[0,0,0,0,0],"6":[0,0,0,0,0]}}
,"G:\\浩鲸学习\\alita框架\\DynamicForm\\src\\components\\CoverRadio\\index.tsx": {"path":"G:\\浩鲸学习\\alita框架\\DynamicForm\\src\\components\\CoverRadio\\index.tsx","statementMap":{"0":{"start":{"line":10,"column":18},"end":{"line":10,"column":45}},"1":{"start":{"line":36,"column":41},"end":{"line":112,"column":1}},"2":{"start":{"line":37,"column":36},"end":{"line":37,"column":55}},"3":{"start":{"line":57,"column":6},"end":{"line":57,"column":11}},"4":{"start":{"line":59,"column":19},"end":{"line":59,"column":46}},"5":{"start":{"line":60,"column":47},"end":{"line":60,"column":52}},"6":{"start":{"line":62,"column":2},"end":{"line":68,"column":13}},"7":{"start":{"line":63,"column":20},"end":{"line":66,"column":7}},"8":{"start":{"line":63,"column":48},"end":{"line":66,"column":5}},"9":{"start":{"line":67,"column":4},"end":{"line":67,"column":26}},"10":{"start":{"line":70,"column":2},"end":{"line":72,"column":3}},"11":{"start":{"line":71,"column":4},"end":{"line":71,"column":22}},"12":{"start":{"line":74,"column":22},"end":{"line":76,"column":3}},"13":{"start":{"line":75,"column":4},"end":{"line":75,"column":30}},"14":{"start":{"line":75,"column":18},"end":{"line":75,"column":30}},"15":{"start":{"line":78,"column":2},"end":{"line":111,"column":4}},"16":{"start":{"line":114,"column":0},"end":{"line":114,"column":38}}},"fnMap":{"0":{"name":"(anonymous_0)","decl":{"start":{"line":36,"column":41},"end":{"line":36,"column":42}},"loc":{"start":{"line":36,"column":52},"end":{"line":112,"column":1}},"line":36},"1":{"name":"(anonymous_1)","decl":{"start":{"line":62,"column":12},"end":{"line":62,"column":13}},"loc":{"start":{"line":62,"column":18},"end":{"line":68,"column":3}},"line":62},"2":{"name":"(anonymous_2)","decl":{"start":{"line":63,"column":37},"end":{"line":63,"column":38}},"loc":{"start":{"line":63,"column":48},"end":{"line":66,"column":5}},"line":63},"3":{"name":"(anonymous_3)","decl":{"start":{"line":74,"column":22},"end":{"line":74,"column":23}},"loc":{"start":{"line":74,"column":58},"end":{"line":76,"column":3}},"line":74}},"branchMap":{"0":{"loc":{"start":{"line":42,"column":4},"end":{"line":42,"column":20}},"type":"default-arg","locations":[{"start":{"line":42,"column":15},"end":{"line":42,"column":20}}],"line":42},"1":{"loc":{"start":{"line":43,"column":4},"end":{"line":43,"column":18}},"type":"default-arg","locations":[{"start":{"line":43,"column":14},"end":{"line":43,"column":18}}],"line":43},"2":{"loc":{"start":{"line":44,"column":4},"end":{"line":44,"column":20}},"type":"default-arg","locations":[{"start":{"line":44,"column":15},"end":{"line":44,"column":20}}],"line":44},"3":{"loc":{"start":{"line":49,"column":4},"end":{"line":49,"column":31}},"type":"default-arg","locations":[{"start":{"line":49,"column":19},"end":{"line":49,"column":31}}],"line":49},"4":{"loc":{"start":{"line":50,"column":4},"end":{"line":50,"column":28}},"type":"default-arg","locations":[{"start":{"line":50,"column":16},"end":{"line":50,"column":28}}],"line":50},"5":{"loc":{"start":{"line":51,"column":4},"end":{"line":54,"column":5}},"type":"default-arg","locations":[{"start":{"line":51,"column":12},"end":{"line":54,"column":5}}],"line":51},"6":{"loc":{"start":{"line":55,"column":4},"end":{"line":55,"column":19}},"type":"default-arg","locations":[{"start":{"line":55,"column":18},"end":{"line":55,"column":19}}],"line":55},"7":{"loc":{"start":{"line":60,"column":10},"end":{"line":60,"column":25}},"type":"default-arg","locations":[{"start":{"line":60,"column":18},"end":{"line":60,"column":25}}],"line":60},"8":{"loc":{"start":{"line":60,"column":27},"end":{"line":60,"column":42}},"type":"default-arg","locations":[{"start":{"line":60,"column":35},"end":{"line":60,"column":42}}],"line":60},"9":{"loc":{"start":{"line":63,"column":21},"end":{"line":63,"column":31}},"type":"binary-expr","locations":[{"start":{"line":63,"column":21},"end":{"line":63,"column":25}},{"start":{"line":63,"column":29},"end":{"line":63,"column":31}}],"line":63},"10":{"loc":{"start":{"line":70,"column":2},"end":{"line":72,"column":3}},"type":"if","locations":[{"start":{"line":70,"column":2},"end":{"line":72,"column":3}},{"start":{"line":70,"column":2},"end":{"line":72,"column":3}}],"line":70},"11":{"loc":{"start":{"line":75,"column":4},"end":{"line":75,"column":30}},"type":"if","locations":[{"start":{"line":75,"column":4},"end":{"line":75,"column":30}},{"start":{"line":75,"column":4},"end":{"line":75,"column":30}}],"line":75},"12":{"loc":{"start":{"line":88,"column":17},"end":{"line":88,"column":64}},"type":"binary-expr","locations":[{"start":{"line":88,"column":17},"end":{"line":88,"column":22}},{"start":{"line":88,"column":26},"end":{"line":88,"column":64}}],"line":88},"13":{"loc":{"start":{"line":102,"column":15},"end":{"line":104,"column":15}},"type":"binary-expr","locations":[{"start":{"line":102,"column":15},"end":{"line":102,"column":23}},{"start":{"line":102,"column":27},"end":{"line":102,"column":34}},{"start":{"line":103,"column":16},"end":{"line":103,"column":66}}],"line":102}},"s":{"0":17,"1":17,"2":29,"3":29,"4":29,"5":29,"6":29,"7":6,"8":17,"9":6,"10":29,"11":11,"12":29,"13":7,"14":7,"15":29,"16":17},"f":{"0":29,"1":6,"2":17,"3":7},"b":{"0":[11],"1":[29],"2":[24],"3":[13],"4":[18],"5":[5],"6":[29],"7":[0],"8":[0],"9":[6,0],"10":[11,18],"11":[7,0],"12":[29,29],"13":[29,18,18]},"_coverageSchema":"1a1c01bbd47fc00a2c39e90264f33305004495a9","hash":"250e3a6304607f08c5d90acacfd1125c26d48d50"}
,"G:\\浩鲸学习\\alita框架\\DynamicForm\\src\\components\\CoverRadio\\radioGroup.tsx": {"path":"G:\\浩鲸学习\\alita框架\\DynamicForm\\src\\components\\CoverRadio\\radioGroup.tsx","statementMap":{"0":{"start":{"line":6,"column":18},"end":{"line":6,"column":45}},"1":{"start":{"line":24,"column":36},"end":{"line":150,"column":1}},"2":{"start":{"line":36,"column":6},"end":{"line":36,"column":11}},"3":{"start":{"line":37,"column":40},"end":{"line":39,"column":3}},"4":{"start":{"line":40,"column":19},"end":{"line":40,"column":46}},"5":{"start":{"line":41,"column":2},"end":{"line":43,"column":3}},"6":{"start":{"line":42,"column":4},"end":{"line":42,"column":22}},"7":{"start":{"line":45,"column":19},"end":{"line":53,"column":4}},"8":{"start":{"line":55,"column":2},"end":{"line":67,"column":13}},"9":{"start":{"line":56,"column":4},"end":{"line":59,"column":5}},"10":{"start":{"line":57,"column":6},"end":{"line":57,"column":32}},"11":{"start":{"line":58,"column":6},"end":{"line":58,"column":13}},"12":{"start":{"line":60,"column":19},"end":{"line":60,"column":24}},"13":{"start":{"line":61,"column":19},"end":{"line":61,"column":65}},"14":{"start":{"line":61,"column":41},"end":{"line":61,"column":64}},"15":{"start":{"line":62,"column":4},"end":{"line":66,"column":5}},"16":{"start":{"line":63,"column":6},"end":{"line":63,"column":31}},"17":{"start":{"line":65,"column":6},"end":{"line":65,"column":32}},"18":{"start":{"line":69,"column":2},"end":{"line":81,"column":14}},"19":{"start":{"line":71,"column":4},"end":{"line":74,"column":5}},"20":{"start":{"line":72,"column":6},"end":{"line":72,"column":32}},"21":{"start":{"line":73,"column":6},"end":{"line":73,"column":13}},"22":{"start":{"line":75,"column":19},"end":{"line":75,"column":62}},"23":{"start":{"line":75,"column":41},"end":{"line":75,"column":61}},"24":{"start":{"line":76,"column":4},"end":{"line":80,"column":5}},"25":{"start":{"line":77,"column":6},"end":{"line":77,"column":28}},"26":{"start":{"line":79,"column":6},"end":{"line":79,"column":32}},"27":{"start":{"line":83,"column":21},"end":{"line":101,"column":3}},"28":{"start":{"line":87,"column":4},"end":{"line":87,"column":24}},"29":{"start":{"line":88,"column":4},"end":{"line":88,"column":25}},"30":{"start":{"line":88,"column":18},"end":{"line":88,"column":25}},"31":{"start":{"line":89,"column":19},"end":{"line":89,"column":72}},"32":{"start":{"line":89,"column":41},"end":{"line":89,"column":71}},"33":{"start":{"line":90,"column":4},"end":{"line":100,"column":5}},"34":{"start":{"line":91,"column":6},"end":{"line":97,"column":7}},"35":{"start":{"line":92,"column":8},"end":{"line":92,"column":28}},"36":{"start":{"line":93,"column":8},"end":{"line":93,"column":34}},"37":{"start":{"line":95,"column":8},"end":{"line":95,"column":34}},"38":{"start":{"line":96,"column":8},"end":{"line":96,"column":40}},"39":{"start":{"line":99,"column":6},"end":{"line":99,"column":26}},"40":{"start":{"line":103,"column":2},"end":{"line":149,"column":4}},"41":{"start":{"line":128,"column":10},"end":{"line":145,"column":16}},"42":{"start":{"line":141,"column":14},"end":{"line":141,"column":34}}},"fnMap":{"0":{"name":"(anonymous_0)","decl":{"start":{"line":24,"column":36},"end":{"line":24,"column":37}},"loc":{"start":{"line":24,"column":47},"end":{"line":150,"column":1}},"line":24},"1":{"name":"(anonymous_1)","decl":{"start":{"line":55,"column":12},"end":{"line":55,"column":13}},"loc":{"start":{"line":55,"column":18},"end":{"line":67,"column":3}},"line":55},"2":{"name":"(anonymous_2)","decl":{"start":{"line":61,"column":31},"end":{"line":61,"column":32}},"loc":{"start":{"line":61,"column":41},"end":{"line":61,"column":64}},"line":61},"3":{"name":"(anonymous_3)","decl":{"start":{"line":69,"column":12},"end":{"line":69,"column":13}},"loc":{"start":{"line":69,"column":18},"end":{"line":81,"column":3}},"line":69},"4":{"name":"(anonymous_4)","decl":{"start":{"line":75,"column":31},"end":{"line":75,"column":32}},"loc":{"start":{"line":75,"column":41},"end":{"line":75,"column":61}},"line":75},"5":{"name":"(anonymous_5)","decl":{"start":{"line":83,"column":21},"end":{"line":83,"column":22}},"loc":{"start":{"line":86,"column":7},"end":{"line":101,"column":3}},"line":86},"6":{"name":"(anonymous_6)","decl":{"start":{"line":89,"column":31},"end":{"line":89,"column":32}},"loc":{"start":{"line":89,"column":41},"end":{"line":89,"column":71}},"line":89},"7":{"name":"(anonymous_7)","decl":{"start":{"line":127,"column":18},"end":{"line":127,"column":19}},"loc":{"start":{"line":128,"column":10},"end":{"line":145,"column":16}},"line":128},"8":{"name":"(anonymous_8)","decl":{"start":{"line":140,"column":21},"end":{"line":140,"column":22}},"loc":{"start":{"line":140,"column":28},"end":{"line":142,"column":13}},"line":140}},"branchMap":{"0":{"loc":{"start":{"line":28,"column":4},"end":{"line":28,"column":31}},"type":"default-arg","locations":[{"start":{"line":28,"column":19},"end":{"line":28,"column":31}}],"line":28},"1":{"loc":{"start":{"line":29,"column":4},"end":{"line":29,"column":28}},"type":"default-arg","locations":[{"start":{"line":29,"column":16},"end":{"line":29,"column":28}}],"line":29},"2":{"loc":{"start":{"line":30,"column":4},"end":{"line":30,"column":14}},"type":"default-arg","locations":[{"start":{"line":30,"column":12},"end":{"line":30,"column":14}}],"line":30},"3":{"loc":{"start":{"line":31,"column":4},"end":{"line":31,"column":20}},"type":"default-arg","locations":[{"start":{"line":31,"column":15},"end":{"line":31,"column":20}}],"line":31},"4":{"loc":{"start":{"line":33,"column":4},"end":{"line":33,"column":18}},"type":"default-arg","locations":[{"start":{"line":33,"column":16},"end":{"line":33,"column":18}}],"line":33},"5":{"loc":{"start":{"line":34,"column":4},"end":{"line":34,"column":19}},"type":"default-arg","locations":[{"start":{"line":34,"column":18},"end":{"line":34,"column":19}}],"line":34},"6":{"loc":{"start":{"line":41,"column":2},"end":{"line":43,"column":3}},"type":"if","locations":[{"start":{"line":41,"column":2},"end":{"line":43,"column":3}},{"start":{"line":41,"column":2},"end":{"line":43,"column":3}}],"line":41},"7":{"loc":{"start":{"line":56,"column":4},"end":{"line":59,"column":5}},"type":"if","locations":[{"start":{"line":56,"column":4},"end":{"line":59,"column":5}},{"start":{"line":56,"column":4},"end":{"line":59,"column":5}}],"line":56},"8":{"loc":{"start":{"line":62,"column":4},"end":{"line":66,"column":5}},"type":"if","locations":[{"start":{"line":62,"column":4},"end":{"line":66,"column":5}},{"start":{"line":62,"column":4},"end":{"line":66,"column":5}}],"line":62},"9":{"loc":{"start":{"line":62,"column":8},"end":{"line":62,"column":31}},"type":"binary-expr","locations":[{"start":{"line":62,"column":8},"end":{"line":62,"column":14}},{"start":{"line":62,"column":18},"end":{"line":62,"column":31}}],"line":62},"10":{"loc":{"start":{"line":71,"column":4},"end":{"line":74,"column":5}},"type":"if","locations":[{"start":{"line":71,"column":4},"end":{"line":74,"column":5}},{"start":{"line":71,"column":4},"end":{"line":74,"column":5}}],"line":71},"11":{"loc":{"start":{"line":76,"column":4},"end":{"line":80,"column":5}},"type":"if","locations":[{"start":{"line":76,"column":4},"end":{"line":80,"column":5}},{"start":{"line":76,"column":4},"end":{"line":80,"column":5}}],"line":76},"12":{"loc":{"start":{"line":76,"column":8},"end":{"line":76,"column":31}},"type":"binary-expr","locations":[{"start":{"line":76,"column":8},"end":{"line":76,"column":14}},{"start":{"line":76,"column":18},"end":{"line":76,"column":31}}],"line":76},"13":{"loc":{"start":{"line":88,"column":4},"end":{"line":88,"column":25}},"type":"if","locations":[{"start":{"line":88,"column":4},"end":{"line":88,"column":25}},{"start":{"line":88,"column":4},"end":{"line":88,"column":25}}],"line":88},"14":{"loc":{"start":{"line":90,"column":4},"end":{"line":100,"column":5}},"type":"if","locations":[{"start":{"line":90,"column":4},"end":{"line":100,"column":5}},{"start":{"line":90,"column":4},"end":{"line":100,"column":5}}],"line":90},"15":{"loc":{"start":{"line":90,"column":8},"end":{"line":90,"column":31}},"type":"binary-expr","locations":[{"start":{"line":90,"column":8},"end":{"line":90,"column":14}},{"start":{"line":90,"column":18},"end":{"line":90,"column":31}}],"line":90},"16":{"loc":{"start":{"line":91,"column":6},"end":{"line":97,"column":7}},"type":"if","locations":[{"start":{"line":91,"column":6},"end":{"line":97,"column":7}},{"start":{"line":91,"column":6},"end":{"line":97,"column":7}}],"line":91},"17":{"loc":{"start":{"line":110,"column":7},"end":{"line":119,"column":7}},"type":"binary-expr","locations":[{"start":{"line":110,"column":7},"end":{"line":110,"column":18}},{"start":{"line":111,"column":8},"end":{"line":118,"column":14}}],"line":110},"18":{"loc":{"start":{"line":133,"column":16},"end":{"line":133,"column":56}},"type":"binary-expr","locations":[{"start":{"line":133,"column":16},"end":{"line":133,"column":26}},{"start":{"line":133,"column":30},"end":{"line":133,"column":56}}],"line":133},"19":{"loc":{"start":{"line":136,"column":16},"end":{"line":136,"column":59}},"type":"binary-expr","locations":[{"start":{"line":136,"column":16},"end":{"line":136,"column":29}},{"start":{"line":136,"column":33},"end":{"line":136,"column":59}}],"line":136}},"s":{"0":17,"1":17,"2":85,"3":85,"4":85,"5":85,"6":33,"7":85,"8":85,"9":12,"10":6,"11":6,"12":6,"13":6,"14":17,"15":6,"16":3,"17":3,"18":85,"19":16,"20":6,"21":6,"22":10,"23":30,"24":10,"25":9,"26":1,"27":85,"28":8,"29":8,"30":1,"31":7,"32":21,"33":7,"34":7,"35":1,"36":1,"37":6,"38":6,"39":0,"40":85,"41":233,"42":8},"f":{"0":85,"1":12,"2":17,"3":16,"4":30,"5":8,"6":21,"7":233,"8":8},"b":{"0":[0],"1":[0],"2":[21],"3":[0],"4":[85],"5":[0],"6":[33,52],"7":[6,6],"8":[3,3],"9":[6,6],"10":[6,10],"11":[9,1],"12":[10,10],"13":[1,7],"14":[7,0],"15":[7,7],"16":[1,6],"17":[85,39],"18":[233,233],"19":[233,0]},"_coverageSchema":"1a1c01bbd47fc00a2c39e90264f33305004495a9","hash":"0afd361b75322dc76988a16a935b3bb431e91504"}
,"G:\\浩鲸学习\\alita框架\\DynamicForm\\src\\components\\CoverRadio\\demo\\index.tsx": {"path":"G:\\浩鲸学习\\alita框架\\DynamicForm\\src\\components\\CoverRadio\\demo\\index.tsx","statementMap":{"0":{"start":{"line":15,"column":16},"end":{"line":18,"column":1}},"1":{"start":{"line":20,"column":17},"end":{"line":41,"column":1}},"2":{"start":{"line":43,"column":13},"end":{"line":113,"column":1}},"3":{"start":{"line":44,"column":17},"end":{"line":44,"column":26}},"4":{"start":{"line":45,"column":19},"end":{"line":48,"column":3}},"5":{"start":{"line":47,"column":4},"end":{"line":47,"column":36}},"6":{"start":{"line":50,"column":25},"end":{"line":53,"column":3}},"7":{"start":{"line":52,"column":4},"end":{"line":52,"column":38}},"8":{"start":{"line":55,"column":22},"end":{"line":58,"column":3}},"9":{"start":{"line":60,"column":20},"end":{"line":66,"column":3}},"10":{"start":{"line":68,"column":2},"end":{"line":112,"column":4}},"11":{"start":{"line":78,"column":12},"end":{"line":78,"column":29}},"12":{"start":{"line":108,"column":44},"end":{"line":108,"column":57}}},"fnMap":{"0":{"name":"(anonymous_0)","decl":{"start":{"line":43,"column":13},"end":{"line":43,"column":14}},"loc":{"start":{"line":43,"column":19},"end":{"line":113,"column":1}},"line":43},"1":{"name":"(anonymous_1)","decl":{"start":{"line":45,"column":19},"end":{"line":45,"column":20}},"loc":{"start":{"line":45,"column":38},"end":{"line":48,"column":3}},"line":45},"2":{"name":"(anonymous_2)","decl":{"start":{"line":50,"column":25},"end":{"line":50,"column":26}},"loc":{"start":{"line":50,"column":61},"end":{"line":53,"column":3}},"line":50},"3":{"name":"(anonymous_3)","decl":{"start":{"line":76,"column":20},"end":{"line":76,"column":21}},"loc":{"start":{"line":76,"column":34},"end":{"line":79,"column":11}},"line":76},"4":{"name":"(anonymous_4)","decl":{"start":{"line":108,"column":38},"end":{"line":108,"column":39}},"loc":{"start":{"line":108,"column":44},"end":{"line":108,"column":57}},"line":108}},"branchMap":{},"s":{"0":0,"1":0,"2":0,"3":0,"4":0,"5":0,"6":0,"7":0,"8":0,"9":0,"10":0,"11":0,"12":0},"f":{"0":0,"1":0,"2":0,"3":0,"4":0},"b":{}}
,"G:\\浩鲸学习\\alita框架\\DynamicForm\\src\\components\\CoverRadio\\tests\\demos\\basic.tsx": {"path":"G:\\浩鲸学习\\alita框架\\DynamicForm\\src\\components\\CoverRadio\\tests\\demos\\basic.tsx","statementMap":{"0":{"start":{"line":7,"column":16},"end":{"line":10,"column":1}},"1":{"start":{"line":12,"column":17},"end":{"line":33,"column":1}},"2":{"start":{"line":40,"column":49},"end":{"line":101,"column":1}},"3":{"start":{"line":44,"column":17},"end":{"line":44,"column":26}},"4":{"start":{"line":45,"column":22},"end":{"line":48,"column":3}},"5":{"start":{"line":50,"column":20},"end":{"line":56,"column":3}},"6":{"start":{"line":57,"column":2},"end":{"line":100,"column":4}},"7":{"start":{"line":67,"column":12},"end":{"line":67,"column":29}},"8":{"start":{"line":96,"column":44},"end":{"line":96,"column":57}}},"fnMap":{"0":{"name":"(anonymous_0)","decl":{"start":{"line":40,"column":49},"end":{"line":40,"column":50}},"loc":{"start":{"line":43,"column":6},"end":{"line":101,"column":1}},"line":43},"1":{"name":"(anonymous_1)","decl":{"start":{"line":65,"column":20},"end":{"line":65,"column":21}},"loc":{"start":{"line":65,"column":34},"end":{"line":68,"column":11}},"line":65},"2":{"name":"(anonymous_2)","decl":{"start":{"line":96,"column":38},"end":{"line":96,"column":39}},"loc":{"start":{"line":96,"column":44},"end":{"line":96,"column":57}},"line":96}},"branchMap":{},"s":{"0":1,"1":1,"2":1,"3":1,"4":1,"5":1,"6":1,"7":2,"8":2},"f":{"0":1,"1":2,"2":2},"b":{},"_coverageSchema":"1a1c01bbd47fc00a2c39e90264f33305004495a9","hash":"3d75eeb60677e71329c31cb9482d6c0049b60005"}
,"G:\\浩鲸学习\\alita框架\\DynamicForm\\src\\components\\CoverRadio\\tests\\demos\\couplet.tsx": {"path":"G:\\浩鲸学习\\alita框架\\DynamicForm\\src\\components\\CoverRadio\\tests\\demos\\couplet.tsx","statementMap":{"0":{"start":{"line":7,"column":18},"end":{"line":11,"column":1}},"1":{"start":{"line":12,"column":19},"end":{"line":16,"column":1}},"2":{"start":{"line":18,"column":20},"end":{"line":73,"column":1}},"3":{"start":{"line":19,"column":17},"end":{"line":19,"column":26}},"4":{"start":{"line":20,"column":40},"end":{"line":20,"column":78}},"5":{"start":{"line":21,"column":20},"end":{"line":25,"column":3}},"6":{"start":{"line":27,"column":4},"end":{"line":33,"column":5}},"7":{"start":{"line":28,"column":6},"end":{"line":28,"column":40}},"8":{"start":{"line":29,"column":11},"end":{"line":33,"column":5}},"9":{"start":{"line":30,"column":6},"end":{"line":30,"column":40}},"10":{"start":{"line":31,"column":11},"end":{"line":33,"column":5}},"11":{"start":{"line":32,"column":6},"end":{"line":32,"column":46}},"12":{"start":{"line":35,"column":2},"end":{"line":72,"column":4}},"13":{"start":{"line":45,"column":12},"end":{"line":45,"column":43}},"14":{"start":{"line":63,"column":12},"end":{"line":63,"column":24}},"15":{"start":{"line":68,"column":44},"end":{"line":68,"column":57}}},"fnMap":{"0":{"name":"(anonymous_0)","decl":{"start":{"line":18,"column":20},"end":{"line":18,"column":21}},"loc":{"start":{"line":18,"column":26},"end":{"line":73,"column":1}},"line":18},"1":{"name":"onChange","decl":{"start":{"line":26,"column":11},"end":{"line":26,"column":19}},"loc":{"start":{"line":26,"column":28},"end":{"line":34,"column":3}},"line":26},"2":{"name":"(anonymous_2)","decl":{"start":{"line":43,"column":20},"end":{"line":43,"column":21}},"loc":{"start":{"line":43,"column":34},"end":{"line":46,"column":11}},"line":43},"3":{"name":"(anonymous_3)","decl":{"start":{"line":62,"column":20},"end":{"line":62,"column":21}},"loc":{"start":{"line":62,"column":27},"end":{"line":64,"column":11}},"line":62},"4":{"name":"(anonymous_4)","decl":{"start":{"line":68,"column":38},"end":{"line":68,"column":39}},"loc":{"start":{"line":68,"column":44},"end":{"line":68,"column":57}},"line":68}},"branchMap":{"0":{"loc":{"start":{"line":27,"column":4},"end":{"line":33,"column":5}},"type":"if","locations":[{"start":{"line":27,"column":4},"end":{"line":33,"column":5}},{"start":{"line":27,"column":4},"end":{"line":33,"column":5}}],"line":27},"1":{"loc":{"start":{"line":29,"column":11},"end":{"line":33,"column":5}},"type":"if","locations":[{"start":{"line":29,"column":11},"end":{"line":33,"column":5}},{"start":{"line":29,"column":11},"end":{"line":33,"column":5}}],"line":29},"2":{"loc":{"start":{"line":31,"column":11},"end":{"line":33,"column":5}},"type":"if","locations":[{"start":{"line":31,"column":11},"end":{"line":33,"column":5}},{"start":{"line":31,"column":11},"end":{"line":33,"column":5}}],"line":31}},"s":{"0":1,"1":1,"2":1,"3":5,"4":5,"5":5,"6":3,"7":1,"8":2,"9":1,"10":1,"11":1,"12":5,"13":1,"14":3,"15":1},"f":{"0":5,"1":3,"2":1,"3":3,"4":1},"b":{"0":[1,2],"1":[1,1],"2":[1,0]},"_coverageSchema":"1a1c01bbd47fc00a2c39e90264f33305004495a9","hash":"4d45228bade4b34e2063bb99c8d6c81885595791"}
,"G:\\浩鲸学习\\alita框架\\DynamicForm\\src\\components\\DynamicForm\\Card.tsx": {"path":"G:\\浩鲸学习\\alita框架\\DynamicForm\\src\\components\\DynamicForm\\Card.tsx","statementMap":{"0":{"start":{"line":7,"column":18},"end":{"line":7,"column":40}},"1":{"start":{"line":9,"column":28},"end":{"line":33,"column":1}},"2":{"start":{"line":17,"column":2},"end":{"line":32,"column":4}}},"fnMap":{"0":{"name":"(anonymous_0)","decl":{"start":{"line":9,"column":28},"end":{"line":9,"column":29}},"loc":{"start":{"line":16,"column":6},"end":{"line":33,"column":1}},"line":16}},"branchMap":{"0":{"loc":{"start":{"line":26,"column":9},"end":{"line":26,"column":67}},"type":"binary-expr","locations":[{"start":{"line":26,"column":9},"end":{"line":26,"column":16}},{"start":{"line":26,"column":20},"end":{"line":26,"column":67}}],"line":26},"1":{"loc":{"start":{"line":27,"column":9},"end":{"line":27,"column":69}},"type":"binary-expr","locations":[{"start":{"line":27,"column":9},"end":{"line":27,"column":14}},{"start":{"line":27,"column":18},"end":{"line":27,"column":69}}],"line":27},"2":{"loc":{"start":{"line":28,"column":9},"end":{"line":28,"column":31}},"type":"binary-expr","locations":[{"start":{"line":28,"column":9},"end":{"line":28,"column":18}},{"start":{"line":28,"column":22},"end":{"line":28,"column":31}}],"line":28}},"s":{"0":17,"1":17,"2":27},"f":{"0":27},"b":{"0":[27,23],"1":[27,27],"2":[27,0]},"_coverageSchema":"1a1c01bbd47fc00a2c39e90264f33305004495a9","hash":"f4b1910c8e2d90616b7b13d0fe96a218e84a6122"}
,"G:\\浩鲸学习\\alita框架\\DynamicForm\\src\\components\\DynamicForm\\Dform.tsx": {"path":"G:\\浩鲸学习\\alita框架\\DynamicForm\\src\\components\\DynamicForm\\Dform.tsx","statementMap":{"0":{"start":{"line":45,"column":28},"end":{"line":63,"column":8}},"1":{"start":{"line":67,"column":28},"end":{"line":67,"column":79}},"2":{"start":{"line":69,"column":27},"end":{"line":149,"column":1}},"3":{"start":{"line":74,"column":16},"end":{"line":74,"column":27}},"4":{"start":{"line":88,"column":20},"end":{"line":91,"column":3}},"5":{"start":{"line":97,"column":6},"end":{"line":97,"column":15}},"6":{"start":{"line":98,"column":28},"end":{"line":98,"column":46}},"7":{"start":{"line":102,"column":4},"end":{"line":104,"column":60}},"8":{"start":{"line":107,"column":2},"end":{"line":111,"column":3}},"9":{"start":{"line":108,"column":4},"end":{"line":110,"column":63}},"10":{"start":{"line":112,"column":2},"end":{"line":148,"column":4}},"11":{"start":{"line":131,"column":33},"end":{"line":131,"column":50}},"12":{"start":{"line":132,"column":12},"end":{"line":132,"column":61}},"13":{"start":{"line":133,"column":12},"end":{"line":133,"column":38}},"14":{"start":{"line":133,"column":26},"end":{"line":133,"column":38}},"15":{"start":{"line":142,"column":33},"end":{"line":142,"column":50}},"16":{"start":{"line":143,"column":12},"end":{"line":143,"column":61}},"17":{"start":{"line":144,"column":12},"end":{"line":144,"column":38}},"18":{"start":{"line":144,"column":26},"end":{"line":144,"column":38}},"19":{"start":{"line":151,"column":37},"end":{"line":344,"column":1}},"20":{"start":{"line":166,"column":6},"end":{"line":166,"column":17}},"21":{"start":{"line":167,"column":50},"end":{"line":167,"column":69}},"22":{"start":{"line":168,"column":38},"end":{"line":168,"column":55}},"23":{"start":{"line":169,"column":38},"end":{"line":169,"column":55}},"24":{"start":{"line":171,"column":2},"end":{"line":189,"column":20}},"25":{"start":{"line":172,"column":4},"end":{"line":187,"column":5}},"26":{"start":{"line":173,"column":6},"end":{"line":186,"column":7}},"27":{"start":{"line":174,"column":23},"end":{"line":178,"column":9}},"28":{"start":{"line":176,"column":12},"end":{"line":177,"column":59}},"29":{"start":{"line":180,"column":8},"end":{"line":185,"column":9}},"30":{"start":{"line":181,"column":10},"end":{"line":183,"column":13}},"31":{"start":{"line":182,"column":12},"end":{"line":182,"column":74}},"32":{"start":{"line":184,"column":10},"end":{"line":184,"column":37}},"33":{"start":{"line":188,"column":4},"end":{"line":188,"column":46}},"34":{"start":{"line":192,"column":22},"end":{"line":245,"column":3}},"35":{"start":{"line":194,"column":31},"end":{"line":194,"column":52}},"36":{"start":{"line":196,"column":29},"end":{"line":196,"column":31}},"37":{"start":{"line":198,"column":4},"end":{"line":244,"column":5}},"38":{"start":{"line":203,"column":6},"end":{"line":237,"column":9}},"39":{"start":{"line":204,"column":54},"end":{"line":204,"column":57}},"40":{"start":{"line":205,"column":28},"end":{"line":205,"column":37}},"41":{"start":{"line":206,"column":8},"end":{"line":236,"column":9}},"42":{"start":{"line":208,"column":12},"end":{"line":214,"column":13}},"43":{"start":{"line":209,"column":14},"end":{"line":212,"column":17}},"44":{"start":{"line":210,"column":53},"end":{"line":210,"column":56}},"45":{"start":{"line":211,"column":16},"end":{"line":211,"column":55}},"46":{"start":{"line":213,"column":14},"end":{"line":213,"column":47}},"47":{"start":{"line":215,"column":12},"end":{"line":215,"column":18}},"48":{"start":{"line":219,"column":12},"end":{"line":224,"column":15}},"49":{"start":{"line":220,"column":38},"end":{"line":220,"column":41}},"50":{"start":{"line":221,"column":14},"end":{"line":223,"column":16}},"51":{"start":{"line":225,"column":12},"end":{"line":225,"column":18}},"52":{"start":{"line":227,"column":12},"end":{"line":232,"column":15}},"53":{"start":{"line":228,"column":58},"end":{"line":228,"column":61}},"54":{"start":{"line":229,"column":14},"end":{"line":231,"column":21}},"55":{"start":{"line":233,"column":12},"end":{"line":233,"column":18}},"56":{"start":{"line":235,"column":12},"end":{"line":235,"column":18}},"57":{"start":{"line":238,"column":6},"end":{"line":243,"column":7}},"58":{"start":{"line":239,"column":8},"end":{"line":242,"column":11}},"59":{"start":{"line":247,"column":21},"end":{"line":278,"column":3}},"60":{"start":{"line":248,"column":4},"end":{"line":277,"column":7}},"61":{"start":{"line":249,"column":6},"end":{"line":249,"column":47}},"62":{"start":{"line":249,"column":40},"end":{"line":249,"column":47}},"63":{"start":{"line":250,"column":36},"end":{"line":250,"column":41}},"64":{"start":{"line":251,"column":30},"end":{"line":251,"column":47}},"65":{"start":{"line":252,"column":26},"end":{"line":256,"column":7}},"66":{"start":{"line":257,"column":29},"end":{"line":257,"column":35}},"67":{"start":{"line":258,"column":6},"end":{"line":276,"column":7}},"68":{"start":{"line":259,"column":8},"end":{"line":267,"column":11}},"69":{"start":{"line":268,"column":13},"end":{"line":276,"column":7}},"70":{"start":{"line":269,"column":8},"end":{"line":273,"column":10}},"71":{"start":{"line":275,"column":8},"end":{"line":275,"column":21}},"72":{"start":{"line":280,"column":26},"end":{"line":304,"column":3}},"73":{"start":{"line":285,"column":4},"end":{"line":303,"column":7}},"74":{"start":{"line":286,"column":20},"end":{"line":286,"column":71}},"75":{"start":{"line":287,"column":57},"end":{"line":287,"column":62}},"76":{"start":{"line":289,"column":6},"end":{"line":295,"column":7}},"77":{"start":{"line":290,"column":8},"end":{"line":294,"column":10}},"78":{"start":{"line":296,"column":6},"end":{"line":302,"column":9}},"79":{"start":{"line":306,"column":23},"end":{"line":315,"column":3}},"80":{"start":{"line":307,"column":19},"end":{"line":307,"column":50}},"81":{"start":{"line":308,"column":4},"end":{"line":314,"column":6}},"82":{"start":{"line":317,"column":2},"end":{"line":343,"column":4}},"83":{"start":{"line":325,"column":12},"end":{"line":325,"column":50}},"84":{"start":{"line":326,"column":12},"end":{"line":326,"column":65}},"85":{"start":{"line":329,"column":50},"end":{"line":332,"column":13}},"86":{"start":{"line":333,"column":12},"end":{"line":333,"column":49}},"87":{"start":{"line":333,"column":25},"end":{"line":333,"column":49}},"88":{"start":{"line":334,"column":12},"end":{"line":334,"column":55}},"89":{"start":{"line":334,"column":32},"end":{"line":334,"column":55}}},"fnMap":{"0":{"name":"(anonymous_0)","decl":{"start":{"line":69,"column":27},"end":{"line":69,"column":28}},"loc":{"start":{"line":87,"column":6},"end":{"line":149,"column":1}},"line":87},"1":{"name":"(anonymous_1)","decl":{"start":{"line":74,"column":10},"end":{"line":74,"column":11}},"loc":{"start":{"line":74,"column":16},"end":{"line":74,"column":27}},"line":74},"2":{"name":"(anonymous_2)","decl":{"start":{"line":130,"column":20},"end":{"line":130,"column":21}},"loc":{"start":{"line":130,"column":32},"end":{"line":134,"column":11}},"line":130},"3":{"name":"(anonymous_3)","decl":{"start":{"line":141,"column":20},"end":{"line":141,"column":21}},"loc":{"start":{"line":141,"column":32},"end":{"line":145,"column":11}},"line":141},"4":{"name":"(anonymous_4)","decl":{"start":{"line":151,"column":37},"end":{"line":151,"column":38}},"loc":{"start":{"line":151,"column":54},"end":{"line":344,"column":1}},"line":151},"5":{"name":"(anonymous_5)","decl":{"start":{"line":171,"column":12},"end":{"line":171,"column":13}},"loc":{"start":{"line":171,"column":18},"end":{"line":189,"column":3}},"line":171},"6":{"name":"(anonymous_6)","decl":{"start":{"line":175,"column":10},"end":{"line":175,"column":11}},"loc":{"start":{"line":176,"column":12},"end":{"line":177,"column":59}},"line":176},"7":{"name":"(anonymous_7)","decl":{"start":{"line":181,"column":25},"end":{"line":181,"column":26}},"loc":{"start":{"line":181,"column":46},"end":{"line":183,"column":11}},"line":181},"8":{"name":"(anonymous_8)","decl":{"start":{"line":192,"column":22},"end":{"line":192,"column":23}},"loc":{"start":{"line":192,"column":70},"end":{"line":245,"column":3}},"line":192},"9":{"name":"(anonymous_9)","decl":{"start":{"line":203,"column":26},"end":{"line":203,"column":27}},"loc":{"start":{"line":203,"column":40},"end":{"line":237,"column":7}},"line":203},"10":{"name":"(anonymous_10)","decl":{"start":{"line":209,"column":32},"end":{"line":209,"column":33}},"loc":{"start":{"line":209,"column":46},"end":{"line":212,"column":15}},"line":209},"11":{"name":"(anonymous_11)","decl":{"start":{"line":219,"column":30},"end":{"line":219,"column":31}},"loc":{"start":{"line":219,"column":44},"end":{"line":224,"column":13}},"line":219},"12":{"name":"(anonymous_12)","decl":{"start":{"line":227,"column":30},"end":{"line":227,"column":31}},"loc":{"start":{"line":227,"column":44},"end":{"line":232,"column":13}},"line":227},"13":{"name":"(anonymous_13)","decl":{"start":{"line":247,"column":21},"end":{"line":247,"column":22}},"loc":{"start":{"line":247,"column":38},"end":{"line":278,"column":3}},"line":247},"14":{"name":"(anonymous_14)","decl":{"start":{"line":248,"column":22},"end":{"line":248,"column":23}},"loc":{"start":{"line":248,"column":53},"end":{"line":277,"column":5}},"line":248},"15":{"name":"(anonymous_15)","decl":{"start":{"line":280,"column":26},"end":{"line":280,"column":27}},"loc":{"start":{"line":284,"column":8},"end":{"line":304,"column":3}},"line":284},"16":{"name":"(anonymous_16)","decl":{"start":{"line":285,"column":24},"end":{"line":285,"column":25}},"loc":{"start":{"line":285,"column":39},"end":{"line":303,"column":5}},"line":285},"17":{"name":"(anonymous_17)","decl":{"start":{"line":306,"column":23},"end":{"line":306,"column":24}},"loc":{"start":{"line":306,"column":45},"end":{"line":315,"column":3}},"line":306},"18":{"name":"(anonymous_18)","decl":{"start":{"line":324,"column":26},"end":{"line":324,"column":27}},"loc":{"start":{"line":324,"column":62},"end":{"line":327,"column":11}},"line":324},"19":{"name":"(anonymous_19)","decl":{"start":{"line":328,"column":26},"end":{"line":328,"column":27}},"loc":{"start":{"line":328,"column":43},"end":{"line":335,"column":11}},"line":328}},"branchMap":{"0":{"loc":{"start":{"line":70,"column":2},"end":{"line":70,"column":33}},"type":"default-arg","locations":[{"start":{"line":70,"column":13},"end":{"line":70,"column":33}}],"line":70},"1":{"loc":{"start":{"line":73,"column":2},"end":{"line":73,"column":21}},"type":"default-arg","locations":[{"start":{"line":73,"column":16},"end":{"line":73,"column":21}}],"line":73},"2":{"loc":{"start":{"line":74,"column":2},"end":{"line":74,"column":27}},"type":"default-arg","locations":[{"start":{"line":74,"column":10},"end":{"line":74,"column":27}}],"line":74},"3":{"loc":{"start":{"line":75,"column":2},"end":{"line":75,"column":17}},"type":"default-arg","locations":[{"start":{"line":75,"column":15},"end":{"line":75,"column":17}}],"line":75},"4":{"loc":{"start":{"line":77,"column":2},"end":{"line":77,"column":16}},"type":"default-arg","locations":[{"start":{"line":77,"column":14},"end":{"line":77,"column":16}}],"line":77},"5":{"loc":{"start":{"line":94,"column":4},"end":{"line":94,"column":26}},"type":"default-arg","locations":[{"start":{"line":94,"column":15},"end":{"line":94,"column":26}}],"line":94},"6":{"loc":{"start":{"line":102,"column":4},"end":{"line":104,"column":60}},"type":"binary-expr","locations":[{"start":{"line":102,"column":4},"end":{"line":102,"column":28}},{"start":{"line":103,"column":4},"end":{"line":103,"column":42}},{"start":{"line":104,"column":4},"end":{"line":104,"column":60}}],"line":102},"7":{"loc":{"start":{"line":107,"column":2},"end":{"line":111,"column":3}},"type":"if","locations":[{"start":{"line":107,"column":2},"end":{"line":111,"column":3}},{"start":{"line":107,"column":2},"end":{"line":111,"column":3}}],"line":107},"8":{"loc":{"start":{"line":107,"column":35},"end":{"line":107,"column":65}},"type":"binary-expr","locations":[{"start":{"line":107,"column":35},"end":{"line":107,"column":39}},{"start":{"line":107,"column":43},"end":{"line":107,"column":65}}],"line":107},"9":{"loc":{"start":{"line":109,"column":6},"end":{"line":110,"column":62}},"type":"binary-expr","locations":[{"start":{"line":109,"column":6},"end":{"line":109,"column":44}},{"start":{"line":110,"column":6},"end":{"line":110,"column":62}}],"line":109},"10":{"loc":{"start":{"line":122,"column":13},"end":{"line":122,"column":36}},"type":"binary-expr","locations":[{"start":{"line":122,"column":13},"end":{"line":122,"column":30}},{"start":{"line":122,"column":34},"end":{"line":122,"column":36}}],"line":122},"11":{"loc":{"start":{"line":125,"column":7},"end":{"line":136,"column":7}},"type":"binary-expr","locations":[{"start":{"line":125,"column":7},"end":{"line":125,"column":19}},{"start":{"line":126,"column":8},"end":{"line":135,"column":10}}],"line":125},"12":{"loc":{"start":{"line":133,"column":12},"end":{"line":133,"column":38}},"type":"if","locations":[{"start":{"line":133,"column":12},"end":{"line":133,"column":38}},{"start":{"line":133,"column":12},"end":{"line":133,"column":38}}],"line":133},"13":{"loc":{"start":{"line":137,"column":7},"end":{"line":146,"column":10}},"type":"binary-expr","locations":[{"start":{"line":137,"column":7},"end":{"line":137,"column":18}},{"start":{"line":138,"column":8},"end":{"line":146,"column":10}}],"line":137},"14":{"loc":{"start":{"line":144,"column":12},"end":{"line":144,"column":38}},"type":"if","locations":[{"start":{"line":144,"column":12},"end":{"line":144,"column":38}},{"start":{"line":144,"column":12},"end":{"line":144,"column":38}}],"line":144},"15":{"loc":{"start":{"line":154,"column":4},"end":{"line":154,"column":13}},"type":"default-arg","locations":[{"start":{"line":154,"column":11},"end":{"line":154,"column":13}}],"line":154},"16":{"loc":{"start":{"line":156,"column":4},"end":{"line":156,"column":23}},"type":"default-arg","locations":[{"start":{"line":156,"column":18},"end":{"line":156,"column":23}}],"line":156},"17":{"loc":{"start":{"line":157,"column":4},"end":{"line":157,"column":20}},"type":"default-arg","locations":[{"start":{"line":157,"column":18},"end":{"line":157,"column":20}}],"line":157},"18":{"loc":{"start":{"line":161,"column":4},"end":{"line":161,"column":23}},"type":"default-arg","locations":[{"start":{"line":161,"column":19},"end":{"line":161,"column":23}}],"line":161},"19":{"loc":{"start":{"line":162,"column":4},"end":{"line":162,"column":21}},"type":"default-arg","locations":[{"start":{"line":162,"column":17},"end":{"line":162,"column":21}}],"line":162},"20":{"loc":{"start":{"line":163,"column":4},"end":{"line":163,"column":18}},"type":"default-arg","locations":[{"start":{"line":163,"column":16},"end":{"line":163,"column":18}}],"line":163},"21":{"loc":{"start":{"line":164,"column":4},"end":{"line":164,"column":19}},"type":"default-arg","locations":[{"start":{"line":164,"column":14},"end":{"line":164,"column":19}}],"line":164},"22":{"loc":{"start":{"line":165,"column":4},"end":{"line":165,"column":17}},"type":"default-arg","locations":[{"start":{"line":165,"column":12},"end":{"line":165,"column":17}}],"line":165},"23":{"loc":{"start":{"line":172,"column":4},"end":{"line":187,"column":5}},"type":"if","locations":[{"start":{"line":172,"column":4},"end":{"line":187,"column":5}},{"start":{"line":172,"column":4},"end":{"line":187,"column":5}}],"line":172},"24":{"loc":{"start":{"line":173,"column":6},"end":{"line":186,"column":7}},"type":"if","locations":[{"start":{"line":173,"column":6},"end":{"line":186,"column":7}},{"start":{"line":173,"column":6},"end":{"line":186,"column":7}}],"line":173},"25":{"loc":{"start":{"line":173,"column":10},"end":{"line":173,"column":29}},"type":"binary-expr","locations":[{"start":{"line":173,"column":10},"end":{"line":173,"column":14}},{"start":{"line":173,"column":18},"end":{"line":173,"column":29}}],"line":173},"26":{"loc":{"start":{"line":176,"column":12},"end":{"line":177,"column":59}},"type":"binary-expr","locations":[{"start":{"line":176,"column":12},"end":{"line":176,"column":48}},{"start":{"line":177,"column":12},"end":{"line":177,
[...]
,"fnMap":{"0":{"name":"(anonymous_0)","decl":{"start":{"line":4,"column":31},"end":{"line":4,"column":32}},"loc":{"start":{"line":12,"column":6},"end":{"line":19,"column":1}},"line":12},"1":{"name":"(anonymous_1)","decl":{"start":{"line":13,"column":29},"end":{"line":13,"column":30}},"loc":{"start":{"line":13,"column":39},"end":{"line":13,"column":60}},"line":13},"2":{"name":"(anonymous_2)","decl":{"start":{"line":15,"column":17},"end":{"line":15,"column":18}},"loc":{"start":{"line":15,"column":27},"end":{"line":17,"column":3}},"line":15},"3":{"name":"(anonymous_3)","decl":{"start":{"line":25,"column":32},"end":{"line":25,"column":33}},"loc":{"start":{"line":29,"column":5},"end":{"line":55,"column":1}},"line":29},"4":{"name":"(anonymous_4)","decl":{"start":{"line":57,"column":26},"end":{"line":57,"column":27}},"loc":{"start":{"line":57,"column":51},"end":{"line":70,"column":1}},"line":57},"5":{"name":"(anonymous_5)","decl":{"start":{"line":60,"column":38},"end":{"line":60,"column":39}},"loc":{"start":{"line":60,"column":48},"end":{"line":60,"column":66}},"line":60},"6":{"name":"(anonymous_6)","decl":{"start":{"line":72,"column":26},"end":{"line":72,"column":27}},"loc":{"start":{"line":72,"column":43},"end":{"line":83,"column":1}},"line":72},"7":{"name":"(anonymous_7)","decl":{"start":{"line":74,"column":29},"end":{"line":74,"column":30}},"loc":{"start":{"line":74,"column":39},"end":{"line":81,"column":3}},"line":74},"8":{"name":"(anonymous_8)","decl":{"start":{"line":85,"column":26},"end":{"line":85,"column":27}},"loc":{"start":{"line":88,"column":5},"end":{"line":92,"column":1}},"line":88},"9":{"name":"(anonymous_9)","decl":{"start":{"line":94,"column":29},"end":{"line":94,"column":30}},"loc":{"start":{"line":98,"column":5},"end":{"line":107,"column":1}},"line":98},"10":{"name":"(anonymous_10)","decl":{"start":{"line":101,"column":26},"end":{"line":101,"column":27}},"loc":{"start":{"line":101,"column":68},"end":{"line":103,"column":5}},"line":101},"11":{"name":"(anonymous_11)","decl":{"start":{"line":112,"column":25},"end":{"line":112,"column":26}},"loc":{"start":{"line":112,"column":31},"end":{"line":115,"column":1}},"line":112},"12":{"name":"(anonymous_12)","decl":{"start":{"line":120,"column":29},"end":{"line":120,"column":30}},"loc":{"start":{"line":120,"column":66},"end":{"line":206,"column":1}},"line":120},"13":{"name":"(anonymous_13)","decl":{"start":{"line":130,"column":25},"end":{"line":130,"column":26}},"loc":{"start":{"line":130,"column":38},"end":{"line":198,"column":7}},"line":130},"14":{"name":"(anonymous_14)","decl":{"start":{"line":134,"column":24},"end":{"line":134,"column":25}},"loc":{"start":{"line":134,"column":30},"end":{"line":196,"column":9}},"line":134},"15":{"name":"(anonymous_15)","decl":{"start":{"line":140,"column":23},"end":{"line":140,"column":24}},"loc":{"start":{"line":140,"column":29},"end":{"line":195,"column":11}},"line":140},"16":{"name":"(anonymous_16)","decl":{"start":{"line":197,"column":25},"end":{"line":197,"column":26}},"loc":{"start":{"line":197,"column":31},"end":{"line":197,"column":35}},"line":197},"17":{"name":"(anonymous_17)","decl":{"start":{"line":199,"column":14},"end":{"line":199,"column":15}},"loc":{"start":{"line":199,"column":23},"end":{"line":199,"column":26}},"line":199},"18":{"name":"(anonymous_18)","decl":{"start":{"line":200,"column":15},"end":{"line":200,"column":16}},"loc":{"start":{"line":200,"column":21},"end":{"line":200,"column":25}},"line":200}},"branchMap":{"0":{"loc":{"start":{"line":31,"column":2},"end":{"line":47,"column":3}},"type":"switch","locations":[{"start":{"line":32,"column":4},"end":{"line":34,"column":12}},{"start":{"line":35,"column":4},"end":{"line":37,"column":12}},{"start":{"line":38,"column":4},"end":{"line":40,"column":12}},{"start":{"line":41,"column":4},"end":{"line":43,"column":12}},{"start":{"line":44,"column":4},"end":{"line":46,"column":12}}],"line":31},"1":{"loc":{"start":{"line":48,"column":2},"end":{"line":50,"column":3}},"type":"if","locations":[{"start":{"line":48,"column":2},"end":{"line":50,"column":3}},{"start":{"line":48,"column":2},"end":{"line":50,"column":3}}],"line":48},"2":{"loc":{"start":{"line":48,"column":6},"end":{"line":48,"column":42}},"type":"binary-expr","locations":[{"start":{"line":48,"column":6},"end":{"line":48,"column":12}},{"start":{"line":48,"column":16},"end":{"line":48,"column":42}}],"line":48},"3":{"loc":{"start":{"line":51,"column":2},"end":{"line":53,"column":3}},"type":"if","locations":[{"start":{"line":51,"column":2},"end":{"line":53,"column":3}},{"start":{"line":51,"column":2},"end":{"line":53,"column":3}}],"line":51},"4":{"loc":{"start":{"line":51,"column":6},"end":{"line":51,"column":44}},"type":"binary-expr","locations":[{"start":{"line":51,"column":6},"end":{"line":51,"column":12}},{"start":{"line":51,"column":16},"end":{"line":51,"column":44}}],"line":51},"5":{"loc":{"start":{"line":76,"column":4},"end":{"line":80,"column":5}},"type":"if","locations":[{"start":{"line":76,"column":4},"end":{"line":80,"column":5}},{"start":{"line":76,"column":4},"end":{"line":80,"column":5}}],"line":76},"6":{"loc":{"start":{"line":86,"column":2},"end":{"line":86,"column":21}},"type":"default-arg","locations":[{"start":{"line":86,"column":19},"end":{"line":86,"column":21}}],"line":86},"7":{"loc":{"start":{"line":87,"column":2},"end":{"line":87,"column":32}},"type":"default-arg","locations":[{"start":{"line":87,"column":30},"end":{"line":87,"column":32}}],"line":87},"8":{"loc":{"start":{"line":89,"column":2},"end":{"line":89,"column":58}},"type":"if","locations":[{"start":{"line":89,"column":2},"end":{"line":89,"column":58}},{"start":{"line":89,"column":2},"end":{"line":89,"column":58}}],"line":89},"9":{"loc":{"start":{"line":95,"column":2},"end":{"line":95,"column":20}},"type":"default-arg","locations":[{"start":{"line":95,"column":18},"end":{"line":95,"column":20}}],"line":95},"10":{"loc":{"start":{"line":96,"column":2},"end":{"line":96,"column":16}},"type":"default-arg","locations":[{"start":{"line":96,"column":14},"end":{"line":96,"column":16}}],"line":96},"11":{"loc":{"start":{"line":97,"column":2},"end":{"line":97,"column":29}},"type":"default-arg","locations":[{"start":{"line":97,"column":27},"end":{"line":97,"column":29}}],"line":97},"12":{"loc":{"start":{"line":99,"column":2},"end":{"line":105,"column":3}},"type":"if","locations":[{"start":{"line":99,"column":2},"end":{"line":105,"column":3}},{"start":{"line":99,"column":2},"end":{"line":105,"column":3}}],"line":99},"13":{"loc":{"start":{"line":99,"column":6},"end":{"line":99,"column":25}},"type":"binary-expr","locations":[{"start":{"line":99,"column":6},"end":{"line":99,"column":10}},{"start":{"line":99,"column":14},"end":{"line":99,"column":25}}],"line":99},"14":{"loc":{"start":{"line":120,"column":41},"end":{"line":120,"column":61}},"type":"default-arg","locations":[{"start":{"line":120,"column":58},"end":{"line":120,"column":61}}],"line":120},"15":{"loc":{"start":{"line":126,"column":2},"end":{"line":205,"column":3}},"type":"if","locations":[{"start":{"line":126,"column":2},"end":{"line":205,"column":3}},{"start":{"line":126,"column":2},"end":{"line":205,"column":3}}],"line":126},"16":{"loc":{"start":{"line":153,"column":12},"end":{"line":168,"column":13}},"type":"if","locations":[{"start":{"line":153,"column":12},"end":{"line":168,"column":13}},{"start":{"line":153,"column":12},"end":{"line":168,"column":13}}],"line":153},"17":{"loc":{"start":{"line":153,"column":16},"end":{"line":153,"column":76}},"type":"binary-expr","locations":[{"start":{"line":153,"column":16},"end":{"line":153,"column":43}},{"start":{"line":153,"column":47},"end":{"line":153,"column":76}}],"line":153},"18":{"loc":{"start":{"line":155,"column":14},"end":{"line":167,"column":15}},"type":"if","locations":[{"start":{"line":155,"column":14},"end":{"line":167,"column":15}},{"start":{"line":155,"column":14},"end":{"line":167,"column":15}}],"line":155},"19":{"loc":{"start":{"line":178,"column":14},"end":{"line":178,"column":39}},"type":"binary-expr","locations":[{"start":{"line":178,"column":14},"end":{"line":178,"column":23}},{"start":{"line":178,"column":27},"end":{"line":178,"column":39}}],"line":178},"20":{"loc":{"start":{"line":191,"column":20},"end":{"line":191,"column":44}},"type":"binary-expr","locations":[{"start":{"line":191,"column":20},"end":{"line":191,"column":28}},{"start":{"line":191,"column":32},"end":{"line":191,"column":44}}],"line":191}},"s":{"0":17,"1":0,"2":0,"3":0,"4":0,"5":0,"6":0,"7":17,"8":20,"9":20,"10":4,"11":4,"12":2,"13":2,"14":0,"15":0,"16":0,"17":0,"18":14,"19":14,"20":20,"21":0,"22":20,"23":7,"24":20,"25":17,"26":1,"27":1,"28":1,"29":6,"30":1,"31":17,"32":0,"33":0,"34":0,"35":0,"36":0,"37":0,"38":17,"39":0,"40":0,"41":0,"42":0,"43":17,"44":0,"45":0,"46":0,"47":0,"48":0,"49":0,"50":17,"51":0,"52":0,"53":17,"54":0,"55":0,"56":0,"57":0,"58":0,"59":0,"60":0,"61":0,"62":0,"63":0,"64":0,"65":0,"66":0,"67":0,"68":0,"69":0,"70":0,"71":0,"72":0,"73":0,"74":0,"75":0,"76":0,"77":0,"78":0,"79":0,"80":0,"81":0,"82":0,"83":0,"84":0,"85":0,"86":0,"87":0,"88":0,"89":0,"90":0,"91":0,"92":0,"93":0,"94":0,"95":0,"96":0,"97":0},"f":{"0":0,"1":0,"2":0,"3":20,"4":1,"5":6,"6":0,"7":0,"8":0,"9":0,"10":0,"11":0,"12":0,"13":0,"14":0,"15":0,"16":0,"17":0,"18":0},"b":{"0":[4,2,0,0,14],"1":[0,20],"2":[20,7],"3":[7,13],"4":[20,7],"5":[0,0],"6":[0],"7":[0],"8":[0,0],"9":[0],"10":[0],"11":[0],"12":[0,0],"13":[0,0],"14":[0],"15":[0,0],"16":[0,0],"17":[0,0],"18":[0,0],"19":[0,0],"20":[0,0]},"_coverageSchema":"1a1c01bbd47fc00a2c39e90264f33305004495a9","hash":"9638c9a432c3b7be8f877c825b3e0ec1efc25c60"}
,"G:\\浩鲸学习\\alita框架\\DynamicForm\\src\\utils\\menu.ts": {"path":"G:\\浩鲸学习\\alita框架\\DynamicForm\\src\\utils\\menu.ts","statementMap":{"0":{"start":{"line":1,"column":31},"end":{"line":19,"column":1}},"1":{"start":{"line":21,"column":35},"end":{"line":21,"column":60}},"2":{"start":{"line":23,"column":34},"end":{"line":53,"column":67}}},"fnMap":{},"branchMap":{},"s":{"0":17,"1":17,"2":17},"f":{},"b":{},"_coverageSchema":"1a1c01bbd47fc00a2c39e90264f33305004495a9","hash":"22114a66f636549063ac38534154c135f40b9993"}
,"G:\\浩鲸学习\\alita框架\\DynamicForm\\src\\utils\\tool.ts": {"path":"G:\\浩鲸学习\\alita框架\\DynamicForm\\src\\utils\\tool.ts","statementMap":{"0":{"start":{"line":7,"column":31},"end":{"line":19,"column":1}},"1":{"start":{"line":11,"column":19},"end":{"line":11,"column":36}},"2":{"start":{"line":12,"column":14},"end":{"line":12,"column":36}},"3":{"start":{"line":13,"column":2},"end":{"line":18,"column":3}},"4":{"start":{"line":14,"column":4},"end":{"line":14,"column":30}},"5":{"start":{"line":15,"column":4},"end":{"line":15,"column":39}},"6":{"start":{"line":17,"column":4},"end":{"line":17,"column":30}},"7":{"start":{"line":24,"column":27},"end":{"line":31,"column":1}},"8":{"start":{"line":25,"column":31},"end":{"line":25,"column":40}},"9":{"start":{"line":26,"column":19},"end":{"line":26,"column":28}},"10":{"start":{"line":27,"column":2},"end":{"line":29,"column":5}},"11":{"start":{"line":28,"column":4},"end":{"line":28,"column":50}},"12":{"start":{"line":30,"column":2},"end":{"line":30,"column":18}},"13":{"start":{"line":40,"column":29},"end":{"line":65,"column":1}},"14":{"start":{"line":45,"column":2},"end":{"line":52,"column":3}},"15":{"start":{"line":50,"column":4},"end":{"line":50,"column":50}},"16":{"start":{"line":50,"column":24},"end":{"line":50,"column":50}},"17":{"start":{"line":51,"column":4},"end":{"line":51,"column":11}},"18":{"start":{"line":53,"column":24},"end":{"line":62,"column":3}},"19":{"start":{"line":54,"column":22},"end":{"line":54,"column":72}},"20":{"start":{"line":55,"column":4},"end":{"line":61,"column":5}},"21":{"start":{"line":56,"column":6},"end":{"line":60,"column":9}},"22":{"start":{"line":63,"column":2},"end":{"line":63,"column":66}},"23":{"start":{"line":63,"column":18},"end":{"line":63,"column":66}},"24":{"start":{"line":64,"column":2},"end":{"line":64,"column":48}},"25":{"start":{"line":64,"column":22},"end":{"line":64,"column":48}},"26":{"start":{"line":67,"column":26},"end":{"line":78,"column":1}},"27":{"start":{"line":68,"column":12},"end":{"line":68,"column":13}},"28":{"start":{"line":69,"column":2},"end":{"line":76,"column":5}},"29":{"start":{"line":71,"column":4},"end":{"line":75,"column":5}},"30":{"start":{"line":72,"column":6},"end":{"line":72,"column":15}},"31":{"start":{"line":74,"column":6},"end":{"line":74,"column":15}},"32":{"start":{"line":77,"column":2},"end":{"line":77,"column":13}},"33":{"start":{"line":80,"column":26},"end":{"line":98,"column":1}},"34":{"start":{"line":81,"column":2},"end":{"line":83,"column":3}},"35":{"start":{"line":82,"column":4},"end":{"line":82,"column":26}},"36":{"start":{"line":84,"column":2},"end":{"line":84,"column":69}},"37":{"start":{"line":84,"column":57},"end":{"line":84,"column":69}},"38":{"start":{"line":85,"column":2},"end":{"line":96,"column":3}},"39":{"start":{"line":86,"column":22},"end":{"line":86,"column":44}},"40":{"start":{"line":87,"column":4},"end":{"line":95,"column":5}},"41":{"start":{"line":88,"column":6},"end":{"line":88,"column":37}},"42":{"start":{"line":89,"column":11},"end":{"line":95,"column":5}},"43":{"start":{"line":90,"column":6},"end":{"line":94,"column":7}},"44":{"start":{"line":91,"column":8},"end":{"line":91,"column":45}},"45":{"start":{"line":93,"column":8},"end":{"line":93,"column":29}},"46":{"start":{"line":97,"column":2},"end":{"line":97,"column":14}}},"fnMap":{"0":{"name":"(anonymous_0)","decl":{"start":{"line":7,"column":31},"end":{"line":7,"column":32}},"loc":{"start":{"line":10,"column":5},"end":{"line":19,"column":1}},"line":10},"1":{"name":"(anonymous_1)","decl":{"start":{"line":24,"column":27},"end":{"line":24,"column":28}},"loc":{"start":{"line":24,"column":63},"end":{"line":31,"column":1}},"line":24},"2":{"name":"(anonymous_2)","decl":{"start":{"line":27,"column":22},"end":{"line":27,"column":23}},"loc":{"start":{"line":27,"column":37},"end":{"line":29,"column":3}},"line":27},"3":{"name":"(anonymous_3)","decl":{"start":{"line":40,"column":29},"end":{"line":40,"column":30}},"loc":{"start":{"line":44,"column":5},"end":{"line":65,"column":1}},"line":44},"4":{"name":"(anonymous_4)","decl":{"start":{"line":53,"column":24},"end":{"line":53,"column":25}},"loc":{"start":{"line":53,"column":43},"end":{"line":62,"column":3}},"line":53},"5":{"name":"(anonymous_5)","decl":{"start":{"line":67,"column":26},"end":{"line":67,"column":27}},"loc":{"start":{"line":67,"column":43},"end":{"line":78,"column":1}},"line":67},"6":{"name":"(anonymous_6)","decl":{"start":{"line":69,"column":29},"end":{"line":69,"column":30}},"loc":{"start":{"line":69,"column":39},"end":{"line":76,"column":3}},"line":69},"7":{"name":"(anonymous_7)","decl":{"start":{"line":80,"column":26},"end":{"line":80,"column":27}},"loc":{"start":{"line":80,"column":75},"end":{"line":98,"column":1}},"line":80}},"branchMap":{"0":{"loc":{"start":{"line":13,"column":2},"end":{"line":18,"column":3}},"type":"if","locations":[{"start":{"line":13,"column":2},"end":{"line":18,"column":3}},{"start":{"line":13,"column":2},"end":{"line":18,"column":3}}],"line":13},"1":{"loc":{"start":{"line":25,"column":10},"end":{"line":25,"column":26}},"type":"default-arg","locations":[{"start":{"line":25,"column":24},"end":{"line":25,"column":26}}],"line":25},"2":{"loc":{"start":{"line":45,"column":2},"end":{"line":52,"column":3}},"type":"if","locations":[{"start":{"line":45,"column":2},"end":{"line":52,"column":3}},{"start":{"line":45,"column":2},"end":{"line":52,"column":3}}],"line":45},"3":{"loc":{"start":{"line":46,"column":4},"end":{"line":48,"column":38}},"type":"binary-expr","locations":[{"start":{"line":46,"column":4},"end":{"line":46,"column":14}},{"start":{"line":47,"column":4},"end":{"line":47,"column":26}},{"start":{"line":48,"column":4},"end":{"line":48,"column":38}}],"line":46},"4":{"loc":{"start":{"line":50,"column":4},"end":{"line":50,"column":50}},"type":"if","locations":[{"start":{"line":50,"column":4},"end":{"line":50,"column":50}},{"start":{"line":50,"column":4},"end":{"line":50,"column":50}}],"line":50},"5":{"loc":{"start":{"line":55,"column":4},"end":{"line":61,"column":5}},"type":"if","locations":[{"start":{"line":55,"column":4},"end":{"line":61,"column":5}},{"start":{"line":55,"column":4},"end":{"line":61,"column":5}}],"line":55},"6":{"loc":{"start":{"line":55,"column":8},"end":{"line":55,"column":45}},"type":"binary-expr","locations":[{"start":{"line":55,"column":8},"end":{"line":55,"column":17}},{"start":{"line":55,"column":21},"end":{"line":55,"column":45}}],"line":55},"7":{"loc":{"start":{"line":63,"column":2},"end":{"line":63,"column":66}},"type":"if","locations":[{"start":{"line":63,"column":2},"end":{"line":63,"column":66}},{"start":{"line":63,"column":2},"end":{"line":63,"column":66}}],"line":63},"8":{"loc":{"start":{"line":64,"column":2},"end":{"line":64,"column":48}},"type":"if","locations":[{"start":{"line":64,"column":2},"end":{"line":64,"column":48}},{"start":{"line":64,"column":2},"end":{"line":64,"column":48}}],"line":64},"9":{"loc":{"start":{"line":71,"column":4},"end":{"line":75,"column":5}},"type":"if","locations":[{"start":{"line":71,"column":4},"end":{"line":75,"column":5}},{"start":{"line":71,"column":4},"end":{"line":75,"column":5}}],"line":71},"10":{"loc":{"start":{"line":81,"column":2},"end":{"line":83,"column":3}},"type":"if","locations":[{"start":{"line":81,"column":2},"end":{"line":83,"column":3}},{"start":{"line":81,"column":2},"end":{"line":83,"column":3}}],"line":81},"11":{"loc":{"start":{"line":84,"column":2},"end":{"line":84,"column":69}},"type":"if","locations":[{"start":{"line":84,"column":2},"end":{"line":84,"column":69}},{"start":{"line":84,"column":2},"end":{"line":84,"column":69}}],"line":84},"12":{"loc":{"start":{"line":84,"column":6},"end":{"line":84,"column":55}},"type":"binary-expr","locations":[{"start":{"line":84,"column":6},"end":{"line":84,"column":38}},{"start":{"line":84,"column":42},"end":{"line":84,"column":55}}],"line":84},"13":{"loc":{"start":{"line":85,"column":2},"end":{"line":96,"column":3}},"type":"if","locations":[{"start":{"line":85,"column":2},"end":{"line":96,"column":3}},{"start":{"line":85,"column":2},"end":{"line":96,"column":3}}],"line":85},"14":{"loc":{"start":{"line":87,"column":4},"end":{"line":95,"column":5}},"type":"if","locations":[{"start":{"line":87,"column":4},"end":{"line":95,"column":5}},{"start":{"line":87,"column":4},"end":{"line":95,"column":5}}],"line":87},"15":{"loc":{"start":{"line":89,"column":11},"end":{"line":95,"column":5}},"type":"if","locations":[{"start":{"line":89,"column":11},"end":{"line":95,"column":5}},{"start":{"line":89,"column":11},"end":{"line":95,"column":5}}],"line":89},"16":{"loc":{"start":{"line":89,"column":15},"end":{"line":89,"column":66}},"type":"binary-expr","locations":[{"start":{"line":89,"column":15},"end":{"line":89,"column":36}},{"start":{"line":89,"column":40},"end":{"line":89,"column":66}}],"line":89},"17":{"loc":{"start":{"line":90,"column":6},"end":{"line":94,"column":7}},"type":"if","locations":[{"start":{"line":90,"column":6},"end":{"line":94,"column":7}},{"start":{"line":90,"column":6},"end":{"line":94,"column":7}}],"line":90}},"s":{"0":17,"1":52,"2":52,"3":52,"4":18,"5":18,"6":34,"7":17,"8":16,"9":16,"10":16,"11":22,"12":16,"13":17,"14":16,"15":0,"16":0,"17":0,"18":16,"19":12,"20":12,"21":0,"22":16,"23":12,"24":16,"25":16,"26":17,"27":250,"28":250,"29":1045,"30":847,"31":198,"32":250,"33":17,"34":315,"35":3,"36":315,"37":65,"38":250,"39":250,"40":250,"41":5,"42":245,"43":8,"44":0,"45":8,"46":250},"f":{"0":52,"1":16,"2":22,"3":16,"4":12,"5":250,"6":1045,"7":315},"b":{"0":[18,34],"1":[0],"2":[0,16],"3":[16,16,16],"4":[0,0],"5":[0,12],"6":[12,11],"7":[12,4],"8":[16,0],"9":[847,198],"10":[3,312],"11":[65,250],"12":[315,262],"13":[250,0],"14":[5,245],"15":[8,237],"16":[245,237],"17":[0,8]},"_coverageSchema":"1a1c01bbd47fc00a2c39e90264f33305004495a9","hash":"f7b41e13429daa14053f74ad1a21a6ce11c2bae6"}
}
