TN:
SF:src\PropsType.ts
FNF:0
FNH:0
LF:0
LH:0
BRF:0
BRH:0
end_of_record
TN:
SF:src\index.ts
FNF:0
FNH:0
LF:0
LH:0
BRF:0
BRH:0
end_of_record
TN:
SF:src\components\index.tsx
FNF:0
FNH:0
LF:0
LH:0
BRF:0
BRH:0
end_of_record
TN:
SF:src\components\AddressPicker\AddressPickerGroup.tsx
FN:16,(anonymous_0)
FN:64,(anonymous_1)
FN:81,(anonymous_2)
FN:88,(anonymous_3)
FN:104,(anonymous_4)
FN:112,(anonymous_5)
FN:177,(anonymous_6)
FN:202,(anonymous_7)
FN:257,(anonymous_8)
FN:264,(anonymous_9)
FN:273,(anonymous_10)
FN:284,(anonymous_11)
FN:287,(anonymous_12)
FN:315,(anonymous_13)
FN:318,(anonymous_14)
FNF:15
FNH:13
FNDA:24,(anonymous_0)
FNDA:2,(anonymous_1)
FNDA:7,(anonymous_2)
FNDA:5,(anonymous_3)
FNDA:3,(anonymous_4)
FNDA:3,(anonymous_5)
FNDA:2,(anonymous_6)
FNDA:3,(anonymous_7)
FNDA:0,(anonymous_8)
FNDA:0,(anonymous_9)
FNDA:2,(anonymous_10)
FNDA:49,(anonymous_11)
FNDA:2,(anonymous_12)
FNDA:413,(anonymous_13)
FNDA:3,(anonymous_14)
DA:8,17
DA:16,17
DA:43,24
DA:45,24
DA:47,24
DA:48,24
DA:51,24
DA:57,24
DA:58,24
DA:59,24
DA:60,24
DA:62,24
DA:64,24
DA:65,2
DA:67,2
DA:68,1
DA:72,2
DA:73,1
DA:76,2
DA:77,2
DA:78,2
DA:81,24
DA:83,7
DA:84,0
DA:88,24
DA:89,5
DA:90,3
DA:91,3
DA:92,3
DA:93,3
DA:94,3
DA:96,3
DA:97,1
DA:104,24
DA:105,3
DA:106,3
DA:112,24
DA:113,3
DA:116,3
DA:118,3
DA:119,3
DA:121,0
DA:122,0
DA:127,3
DA:129,1
DA:130,1
DA:131,1
DA:133,2
DA:134,2
DA:135,2
DA:140,2
DA:141,2
DA:143,3
DA:145,0
DA:147,0
DA:148,0
DA:149,0
DA:151,0
DA:153,0
DA:154,0
DA:159,0
DA:160,0
DA:161,0
DA:162,0
DA:169,3
DA:171,3
DA:177,24
DA:178,2
DA:179,2
DA:180,2
DA:181,2
DA:182,2
DA:183,2
DA:184,2
DA:186,2
DA:187,2
DA:188,2
DA:189,2
DA:194,2
DA:195,2
DA:202,24
DA:203,3
DA:205,3
DA:206,1
DA:207,1
DA:209,0
DA:210,0
DA:211,0
DA:212,0
DA:213,0
DA:214,0
DA:217,2
DA:218,2
DA:223,0
DA:224,0
DA:227,3
DA:230,24
DA:232,24
DA:233,47
DA:236,24
DA:257,0
DA:264,0
DA:274,2
DA:285,49
DA:288,2
DA:316,413
DA:319,3
LF:107
LH:83
BRDA:19,0,0,0
BRDA:20,1,0,0
BRDA:21,2,0,24
BRDA:23,3,0,2
BRDA:27,4,0,0
BRDA:28,5,0,8
BRDA:30,6,0,24
BRDA:33,7,0,24
BRDA:34,8,0,24
BRDA:35,9,0,24
BRDA:36,10,0,24
BRDA:37,11,0,24
BRDA:38,12,0,24
BRDA:39,13,0,24
BRDA:45,14,0,0
BRDA:52,15,0,24
BRDA:52,15,1,0
BRDA:52,16,0,24
BRDA:52,16,1,24
BRDA:67,17,0,1
BRDA:67,17,1,1
BRDA:67,18,0,2
BRDA:67,18,1,1
BRDA:72,19,0,1
BRDA:72,19,1,1
BRDA:72,20,0,2
BRDA:72,20,1,2
BRDA:83,21,0,0
BRDA:83,21,1,7
BRDA:83,22,0,7
BRDA:83,22,1,0
BRDA:89,23,0,2
BRDA:89,23,1,3
BRDA:96,24,0,1
BRDA:96,24,1,2
BRDA:96,25,0,3
BRDA:96,25,1,1
BRDA:105,26,0,0
BRDA:105,26,1,3
BRDA:118,27,0,3
BRDA:118,27,1,0
BRDA:119,28,0,0
BRDA:119,28,1,3
BRDA:125,29,0,0
BRDA:125,29,1,0
BRDA:127,30,0,1
BRDA:127,30,1,2
BRDA:131,31,0,1
BRDA:131,31,1,0
BRDA:136,32,0,2
BRDA:136,32,1,0
BRDA:141,33,0,2
BRDA:141,33,1,0
BRDA:147,34,0,0
BRDA:147,34,1,0
BRDA:155,35,0,0
BRDA:155,35,1,0
BRDA:161,36,0,0
BRDA:161,36,1,0
BRDA:161,37,0,0
BRDA:161,37,1,0
BRDA:169,38,0,3
BRDA:169,38,1,0
BRDA:178,39,0,0
BRDA:178,39,1,2
BRDA:179,40,0,0
BRDA:179,40,1,2
BRDA:180,41,0,0
BRDA:180,41,1,2
BRDA:183,42,0,2
BRDA:183,42,1,0
BRDA:194,43,0,2
BRDA:194,43,1,0
BRDA:194,44,0,2
BRDA:194,44,1,2
BRDA:203,45,0,0
BRDA:203,45,1,3
BRDA:205,46,0,1
BRDA:205,46,1,2
BRDA:206,47,0,1
BRDA:206,47,1,0
BRDA:207,48,0,1
BRDA:207,48,1,0
BRDA:209,49,0,0
BRDA:209,49,1,0
BRDA:209,50,0,0
BRDA:209,50,1,0
BRDA:213,51,0,0
BRDA:213,51,1,0
BRDA:218,52,0,0
BRDA:218,52,1,2
BRDA:219,53,0,2
BRDA:219,53,1,0
BRDA:219,53,2,0
BRDA:301,54,0,49
BRDA:301,54,1,24
BRDA:307,55,0,24
BRDA:307,55,1,24
BRDA:307,55,2,3
BRDA:307,55,3,3
BRDA:312,56,0,21
BRDA:312,56,1,3
BRDA:317,57,0,413
BRDA:317,57,1,0
BRDA:326,58,0,413
BRDA:326,58,1,0
BRDA:332,59,0,413
BRDA:332,59,1,11
BRDA:332,60,0,413
BRDA:332,60,1,0
BRF:110
BRH:66
end_of_record
TN:
SF:src\components\AddressPicker\index.tsx
FN:8,(anonymous_0)
FN:23,(anonymous_1)
FN:31,(anonymous_2)
FNF:3
FNH:3
FNDA:8,(anonymous_0)
FNDA:2,(anonymous_1)
FNDA:3,(anonymous_2)
DA:8,17
DA:19,8
DA:21,8
DA:23,8
DA:24,2
DA:27,8
DA:32,3
DA:52,17
LF:8
LH:8
BRDA:12,0,0,1
BRDA:14,1,0,8
BRDA:15,2,0,8
BRDA:24,3,0,2
BRDA:24,3,1,0
BRDA:30,4,0,8
BRDA:30,4,1,8
BRDA:38,5,0,0
BRDA:38,5,1,8
BRDA:42,6,0,8
BRDA:42,6,1,7
BRDA:42,6,2,7
BRF:12
BRH:10
end_of_record
TN:
SF:src\components\AddressPicker\interface.ts
FNF:0
FNH:0
LF:0
LH:0
BRF:0
BRH:0
end_of_record
TN:
SF:src\components\AddressPicker\demo\index.tsx
FN:21,(anonymous_0)
FN:29,(anonymous_1)
FN:34,(anonymous_2)
FN:42,(anonymous_3)
FN:44,(anonymous_4)
FN:56,(anonymous_5)
FN:75,(anonymous_6)
FN:111,(anonymous_7)
FN:124,(anonymous_8)
FN:126,(anonymous_9)
FN:148,(anonymous_10)
FNF:11
FNH:0
FNDA:0,(anonymous_0)
FNDA:0,(anonymous_1)
FNDA:0,(anonymous_2)
FNDA:0,(anonymous_3)
FNDA:0,(anonymous_4)
FNDA:0,(anonymous_5)
FNDA:0,(anonymous_6)
FNDA:0,(anonymous_7)
FNDA:0,(anonymous_8)
FNDA:0,(anonymous_9)
FNDA:0,(anonymous_10)
DA:21,0
DA:22,0
DA:23,0
DA:29,0
DA:31,0
DA:34,0
DA:36,0
DA:39,0
DA:40,0
DA:42,0
DA:43,0
DA:44,0
DA:45,0
DA:46,0
DA:48,0
DA:49,0
DA:50,0
DA:53,0
DA:56,0
DA:57,0
DA:58,0
DA:60,0
DA:61,0
DA:64,0
DA:65,0
DA:67,0
DA:68,0
DA:70,0
DA:72,0
DA:73,0
DA:75,0
DA:76,0
DA:77,0
DA:78,0
DA:80,0
DA:81,0
DA:84,0
DA:85,0
DA:87,0
DA:93,0
DA:95,0
DA:97,0
DA:98,0
DA:101,0
DA:113,0
DA:125,0
DA:126,0
DA:127,0
DA:128,0
DA:135,0
DA:144,0
DA:148,0
LF:52
LH:0
BRDA:45,0,0,0
BRDA:45,0,1,0
BRDA:48,1,0,0
BRDA:48,1,1,0
BRDA:48,2,0,0
BRDA:48,2,1,0
BRDA:50,3,0,0
BRDA:50,3,1,0
BRDA:50,4,0,0
BRDA:50,4,1,0
BRDA:58,5,0,0
BRDA:58,5,1,0
BRDA:58,5,2,0
BRDA:58,5,3,0
BRDA:58,5,4,0
BRDA:78,6,0,0
BRDA:78,6,1,0
BRDA:78,6,2,0
BRDA:78,6,3,0
BRDA:78,6,4,0
BRF:20
BRH:0
end_of_record
TN:
SF:src\components\CoverRadio\index.tsx
FN:36,(anonymous_0)
FN:62,(anonymous_1)
FN:63,(anonymous_2)
FN:74,(anonymous_3)
FNF:4
FNH:4
FNDA:29,(anonymous_0)
FNDA:6,(anonymous_1)
FNDA:17,(anonymous_2)
FNDA:7,(anonymous_3)
DA:10,17
DA:36,17
DA:37,29
DA:57,29
DA:59,29
DA:60,29
DA:62,29
DA:63,17
DA:67,6
DA:70,29
DA:71,11
DA:74,29
DA:75,7
DA:78,29
DA:114,17
LF:15
LH:15
BRDA:42,0,0,11
BRDA:43,1,0,29
BRDA:44,2,0,24
BRDA:49,3,0,13
BRDA:50,4,0,18
BRDA:51,5,0,5
BRDA:55,6,0,29
BRDA:60,7,0,0
BRDA:60,8,0,0
BRDA:63,9,0,6
BRDA:63,9,1,0
BRDA:70,10,0,11
BRDA:70,10,1,18
BRDA:75,11,0,7
BRDA:75,11,1,0
BRDA:88,12,0,29
BRDA:88,12,1,29
BRDA:102,13,0,29
BRDA:102,13,1,18
BRDA:102,13,2,18
BRF:20
BRH:16
end_of_record
TN:
SF:src\components\CoverRadio\radioGroup.tsx
FN:24,(anonymous_0)
FN:55,(anonymous_1)
FN:61,(anonymous_2)
FN:69,(anonymous_3)
FN:75,(anonymous_4)
FN:83,(anonymous_5)
FN:89,(anonymous_6)
FN:127,(anonymous_7)
FN:140,(anonymous_8)
FNF:9
FNH:9
FNDA:85,(anonymous_0)
FNDA:12,(anonymous_1)
FNDA:17,(anonymous_2)
FNDA:16,(anonymous_3)
FNDA:30,(anonymous_4)
FNDA:8,(anonymous_5)
FNDA:21,(anonymous_6)
FNDA:233,(anonymous_7)
FNDA:8,(anonymous_8)
DA:6,17
DA:24,17
DA:36,85
DA:37,85
DA:40,85
DA:41,85
DA:42,33
DA:45,85
DA:55,85
DA:56,12
DA:57,6
DA:58,6
DA:60,6
DA:61,17
DA:62,6
DA:63,3
DA:65,3
DA:69,85
DA:71,16
DA:72,6
DA:73,6
DA:75,30
DA:76,10
DA:77,9
DA:79,1
DA:83,85
DA:87,8
DA:88,8
DA:89,21
DA:90,7
DA:91,7
DA:92,1
DA:93,1
DA:95,6
DA:96,6
DA:99,0
DA:103,85
DA:128,233
DA:141,8
LF:39
LH:38
BRDA:28,0,0,0
BRDA:29,1,0,0
BRDA:30,2,0,21
BRDA:31,3,0,0
BRDA:33,4,0,85
BRDA:34,5,0,0
BRDA:41,6,0,33
BRDA:41,6,1,52
BRDA:56,7,0,6
BRDA:56,7,1,6
BRDA:62,8,0,3
BRDA:62,8,1,3
BRDA:62,9,0,6
BRDA:62,9,1,6
BRDA:71,10,0,6
BRDA:71,10,1,10
BRDA:76,11,0,9
BRDA:76,11,1,1
BRDA:76,12,0,10
BRDA:76,12,1,10
BRDA:88,13,0,1
BRDA:88,13,1,7
BRDA:90,14,0,7
BRDA:90,14,1,0
BRDA:90,15,0,7
BRDA:90,15,1,7
BRDA:91,16,0,1
BRDA:91,16,1,6
BRDA:110,17,0,85
BRDA:110,17,1,39
BRDA:133,18,0,233
BRDA:133,18,1,233
BRDA:136,19,0,233
BRDA:136,19,1,0
BRF:34
BRH:28
end_of_record
TN:
SF:src\components\CoverRadio\demo\index.tsx
FN:43,(anonymous_0)
FN:45,(anonymous_1)
FN:50,(anonymous_2)
FN:76,(anonymous_3)
FN:108,(anonymous_4)
FNF:5
FNH:0
FNDA:0,(anonymous_0)
FNDA:0,(anonymous_1)
FNDA:0,(anonymous_2)
FNDA:0,(anonymous_3)
FNDA:0,(anonymous_4)
DA:15,0
DA:20,0
DA:43,0
DA:44,0
DA:45,0
DA:47,0
DA:50,0
DA:52,0
DA:55,0
DA:60,0
DA:68,0
DA:78,0
DA:108,0
LF:13
LH:0
BRF:0
BRH:0
end_of_record
TN:
SF:src\components\CoverRadio\tests\demos\basic.tsx
FN:40,(anonymous_0)
FN:65,(anonymous_1)
FN:96,(anonymous_2)
FNF:3
FNH:3
FNDA:1,(anonymous_0)
FNDA:2,(anonymous_1)
FNDA:2,(anonymous_2)
DA:7,1
DA:12,1
DA:40,1
DA:44,1
DA:45,1
DA:50,1
DA:57,1
DA:67,2
DA:96,2
LF:9
LH:9
BRF:0
BRH:0
end_of_record
TN:
SF:src\components\CoverRadio\tests\demos\couplet.tsx
FN:18,(anonymous_0)
FN:26,onChange
FN:43,(anonymous_2)
FN:62,(anonymous_3)
FN:68,(anonymous_4)
FNF:5
FNH:5
FNDA:5,(anonymous_0)
FNDA:3,onChange
FNDA:1,(anonymous_2)
FNDA:3,(anonymous_3)
FNDA:1,(anonymous_4)
DA:7,1
DA:12,1
DA:18,1
DA:19,5
DA:20,5
DA:21,5
DA:27,3
DA:28,1
DA:29,2
DA:30,1
DA:31,1
DA:32,1
DA:35,5
DA:45,1
DA:63,3
DA:68,1
LF:16
LH:16
BRDA:27,0,0,1
BRDA:27,0,1,2
BRDA:29,1,0,1
BRDA:29,1,1,1
BRDA:31,2,0,1
BRDA:31,2,1,0
BRF:6
BRH:5
end_of_record
TN:
SF:src\components\DynamicForm\Card.tsx
FN:9,(anonymous_0)
FNF:1
FNH:1
FNDA:27,(anonymous_0)
DA:7,17
DA:9,17
DA:17,27
LF:3
LH:3
BRDA:26,0,0,27
BRDA:26,0,1,23
BRDA:27,1,0,27
BRDA:27,1,1,27
BRDA:28,2,0,27
BRDA:28,2,1,0
BRF:6
BRH:5
end_of_record
TN:
SF:src\components\DynamicForm\Dform.tsx
FN:69,(anonymous_0)
FN:74,(anonymous_1)
FN:130,(anonymous_2)
FN:141,(anonymous_3)
FN:151,(anonymous_4)
FN:171,(anonymous_5)
FN:175,(anonymous_6)
FN:181,(anonymous_7)
FN:192,(anonymous_8)
FN:203,(anonymous_9)
FN:209,(anonymous_10)
FN:219,(anonymous_11)
FN:227,(anonymous_12)
FN:247,(anonymous_13)
FN:248,(anonymous_14)
FN:280,(anonymous_15)
FN:285,(anonymous_16)
FN:306,(anonymous_17)
FN:324,(anonymous_18)
FN:328,(anonymous_19)
FNF:20
FNH:19
FNDA:315,(anonymous_0)
FNDA:0,(anonymous_1)
FNDA:7,(anonymous_2)
FNDA:35,(anonymous_3)
FNDA:87,(anonymous_4)
FNDA:44,(anonymous_5)
FNDA:48,(anonymous_6)
FNDA:1,(anonymous_7)
FNDA:42,(anonymous_8)
FNDA:7,(anonymous_9)
FNDA:3,(anonymous_10)
FNDA:3,(anonymous_11)
FNDA:1,(anonymous_12)
FNDA:99,(anonymous_13)
FNDA:230,(anonymous_14)
FNDA:44,(anonymous_15)
FNDA:120,(anonymous_16)
FNDA:99,(anonymous_17)
FNDA:16,(anonymous_18)
FNDA:52,(anonymous_19)
DA:45,17
DA:67,17
DA:69,17
DA:74,0
DA:88,315
DA:97,315
DA:98,315
DA:102,315
DA:107,315
DA:108,0
DA:112,315
DA:131,7
DA:132,7
DA:133,7
DA:142,35
DA:143,35
DA:144,35
DA:151,17
DA:166,87
DA:167,87
DA:168,87
DA:169,87
DA:171,87
DA:172,44
DA:173,43
DA:174,14
DA:176,48
DA:180,14
DA:181,1
DA:182,1
DA:184,1
DA:188,44
DA:192,87
DA:194,42
DA:196,42
DA:198,42
DA:203,1
DA:204,7
DA:205,7
DA:206,7
DA:208,3
DA:209,3
DA:210,3
DA:211,3
DA:213,3
DA:215,3
DA:219,3
DA:220,3
DA:221,3
DA:225,3
DA:227,1
DA:228,1
DA:229,1
DA:233,1
DA:235,0
DA:238,1
DA:239,1
DA:247,87
DA:248,99
DA:249,230
DA:250,230
DA:251,230
DA:252,230
DA:257,230
DA:258,230
DA:259,210
DA:268,20
DA:269,12
DA:275,8
DA:280,87
DA:285,44
DA:286,120
DA:287,120
DA:289,120
DA:290,15
DA:296,105
DA:306,87
DA:307,99
DA:308,99
DA:317,87
DA:325,16
DA:326,16
DA:329,52
DA:333,52
DA:334,52
LF:85
LH:82
BRDA:70,0,0,210
BRDA:73,1,0,105
BRDA:74,2,0,105
BRDA:75,3,0,105
BRDA:77,4,0,0
BRDA:94,5,0,289
BRDA:102,6,0,315
BRDA:102,6,1,255
BRDA:102,6,2,151
BRDA:107,7,0,0
BRDA:107,7,1,315
BRDA:107,8,0,315
BRDA:107,8,1,208
BRDA:109,9,0,0
BRDA:109,9,1,0
BRDA:122,10,0,315
BRDA:122,10,1,307
BRDA:125,11,0,315
BRDA:125,11,1,105
BRDA:133,12,0,3
BRDA:133,12,1,4
BRDA:137,13,0,315
BRDA:137,13,1,210
BRDA:144,14,0,18
BRDA:144,14,1,17
BRDA:154,15,0,58
BRDA:156,16,0,87
BRDA:157,17,0,2
BRDA:161,18,0,76
BRDA:162,19,0,52
BRDA:163,20,0,77
BRDA:164,21,0,87
BRDA:165,22,0,43
BRDA:172,23,0,43
BRDA:172,23,1,1
BRDA:173,24,0,14
BRDA:173,24,1,29
BRDA:173,25,0,43
BRDA:173,25,1,43
BRDA:176,26,0,48
BRDA:176,26,1,1
BRDA:180,27,0,1
BRDA:180,27,1,13
BRDA:180,28,0,14
BRDA:180,28,1,14
BRDA:198,29,0,1
BRDA:198,29,1,41
BRDA:199,30,0,42
BRDA:199,30,1,4
BRDA:199,30,2,1
BRDA:204,31,0,0
BRDA:206,32,0,3
BRDA:206,32,1,1
BRDA:206,32,2,2
BRDA:206,32,3,3
BRDA:206,32,4,1
BRDA:206,32,5,0
BRDA:208,33,0,3
BRDA:208,33,1,0
BRDA:228,34,0,0
BRDA:229,35,0,1
BRDA:229,35,1,0
BRDA:238,36,0,1
BRDA:238,36,1,0
BRDA:249,37,0,0
BRDA:249,37,1,230
BRDA:250,38,0,0
BRDA:254,39,0,230
BRDA:254,39,1,218
BRDA:258,40,0,210
BRDA:258,40,1,20
BRDA:268,41,0,12
BRDA:268,41,1,8
BRDA:270,42,0,12
BRDA:270,42,1,12
BRDA:281,43,0,0
BRDA:286,44,0,120
BRDA:286,44,1,120
BRDA:289,45,0,15
BRDA:289,45,1,105
BRDA:310,46,0,99
BRDA:310,46,1,29
BRDA:311,47,0,99
BRDA:311,47,1,99
BRDA:311,47,2,0
BRDA:312,48,0,99
BRDA:312,48,1,99
BRDA:319,49,0,87
BRDA:319,49,1,87
BRDA:329,50,0,0
BRDA:333,51,0,18
BRDA:333,51,1,34
BRDA:334,52,0,0
BRDA:334,52,1,52
BRDA:340,53,0,87
BRDA:340,53,1,0
BRDA:341,54,0,87
BRDA:341,54,1,7
BRF:98
BRH:81
end_of_record
TN:
SF:src\components\DynamicForm\Form.tsx
FN:59,(anonymous_0)
FN:96,(anonymous_1)
FN:109,(anonymous_2)
FN:123,(anonymous_3)
FN:124,(anonymous_4)
FN:144,(anonymous_5)
FN:156,(anonymous_6)
FN:165,(anonymous_7)
FN:168,(anonymous_8)
FN:177,(anonymous_9)
FN:191,(anonymous_10)
FN:209,(anonymous_11)
FN:213,(anonymous_12)
FN:219,(anonymous_13)
FN:232,(anonymous_14)
FN:243,(anonymous_15)
FN:249,(anonymous_16)
FN:259,(anonymous_17)
FN:267,(anonymous_18)
FN:287,(anonymous_19)
FN:288,(anonymous_20)
FN:320,(anonymous_21)
FN:345,(anonymous_22)
FN:349,(anonymous_23)
FNF:24
FNH:1
FNDA:91,(anonymous_0)
FNDA:0,(anonymous_1)
FNDA:0,(anonymous_2)
FNDA:0,(anonymous_3)
FNDA:0,(anonymous_4)
FNDA:0,(anonymous_5)
FNDA:0,(anonymous_6)
FNDA:0,(anonymous_7)
FNDA:0,(anonymous_8)
FNDA:0,(anonymous_9)
FNDA:0,(anonymous_10)
FNDA:0,(anonymous_11)
FNDA:0,(anonymous_12)
FNDA:0,(anonymous_13)
FNDA:0,(anonymous_14)
FNDA:0,(anonymous_15)
FNDA:0,(anonymous_16)
FNDA:0,(anonymous_17)
FNDA:0,(anonymous_18)
FNDA:0,(anonymous_19)
FNDA:0,(anonymous_20)
FNDA:0,(anonymous_21)
FNDA:0,(anonymous_22)
FNDA:0,(anonymous_23)
DA:37,17
DA:59,17
DA:69,91
DA:70,91
DA:71,91
DA:96,17
DA:101,0
DA:106,0
DA:107,0
DA:109,0
DA:110,0
DA:111,0
DA:112,0
DA:119,0
DA:120,0
DA:123,17
DA:124,0
DA:125,0
DA:126,0
DA:128,0
DA:129,0
DA:130,0
DA:131,0
DA:132,0
DA:133,0
DA:134,0
DA:135,0
DA:137,0
DA:141,0
DA:144,17
DA:155,0
DA:157,0
DA:165,17
DA:166,0
DA:167,0
DA:168,0
DA:169,0
DA:171,0
DA:177,17
DA:181,0
DA:182,0
DA:183,0
DA:184,0
DA:185,0
DA:187,0
DA:191,17
DA:205,0
DA:206,0
DA:207,0
DA:209,0
DA:210,0
DA:211,0
DA:212,0
DA:214,0
DA:218,0
DA:219,0
DA:220,0
DA:222,0
DA:226,0
DA:229,0
DA:232,0
DA:234,0
DA:236,0
DA:238,0
DA:243,0
DA:244,0
DA:245,0
DA:246,0
DA:248,0
DA:249,0
DA:250,0
DA:251,0
DA:253,0
DA:255,0
DA:259,0
DA:260,0
DA:261,0
DA:265,0
DA:267,0
DA:268,0
DA:269,0
DA:273,0
DA:275,0
DA:278,0
DA:279,0
DA:287,0
DA:288,0
DA:289,0
DA:290,0
DA:291,0
DA:301,0
DA:302,0
DA:303,0
DA:304,0
DA:321,0
DA:322,0
DA:323,0
DA:334,0
DA:339,0
DA:346,0
DA:347,0
DA:350,0
DA:354,0
DA:355,0
DA:377,17
LF:105
LH:12
BRDA:66,0,0,91
BRDA:76,1,0,91
BRDA:76,1,1,14
BRDA:83,2,0,91
BRDA:83,2,1,91
BRDA:101,3,0,0
BRDA:101,3,1,0
BRDA:102,4,0,0
BRDA:102,4,1,0
BRDA:102,4,2,0
BRDA:106,5,0,0
BRDA:106,5,1,0
BRDA:111,6,0,0
BRDA:111,6,1,0
BRDA:111,7,0,0
BRDA:111,7,1,0
BRDA:119,8,0,0
BRDA:119,8,1,0
BRDA:120,9,0,0
BRDA:120,9,1,0
BRDA:125,10,0,0
BRDA:125,10,1,0
BRDA:128,11,0,0
BRDA:128,11,1,0
BRDA:128,12,0,0
BRDA:128,12,1,0
BRDA:129,13,0,0
BRDA:129,13,1,0
BRDA:131,14,0,0
BRDA:131,14,1,0
BRDA:133,15,0,0
BRDA:133,15,1,0
BRDA:133,16,0,0
BRDA:133,16,1,0
BRDA:134,17,0,0
BRDA:134,17,1,0
BRDA:145,18,0,0
BRDA:146,19,0,0
BRDA:147,20,0,0
BRDA:148,21,0,0
BRDA:166,22,0,0
BRDA:183,23,0,0
BRDA:183,23,1,0
BRDA:193,24,0,0
BRDA:195,25,0,0
BRDA:196,26,0,0
BRDA:201,27,0,0
BRDA:202,28,0,0
BRDA:203,29,0,0
BRDA:210,30,0,0
BRDA:210,30,1,0
BRDA:211,31,0,0
BRDA:211,31,1,0
BRDA:211,32,0,0
BRDA:211,32,1,0
BRDA:214,33,0,0
BRDA:214,33,1,0
BRDA:218,34,0,0
BRDA:218,34,1,0
BRDA:218,35,0,0
BRDA:218,35,1,0
BRDA:238,36,0,0
BRDA:238,36,1,0
BRDA:239,37,0,0
BRDA:239,37,1,0
BRDA:239,37,2,0
BRDA:244,38,0,0
BRDA:246,39,0,0
BRDA:246,39,1,0
BRDA:246,39,2,0
BRDA:246,39,3,0
BRDA:246,39,4,0
BRDA:246,39,5,0
BRDA:248,40,0,0
BRDA:248,40,1,0
BRDA:268,41,0,0
BRDA:269,42,0,0
BRDA:269,42,1,0
BRDA:278,43,0,0
BRDA:278,43,1,0
BRDA:289,44,0,0
BRDA:289,44,1,0
BRDA:290,45,0,0
BRDA:291,46,0,0
BRDA:291,46,1,0
BRDA:295,47,0,0
BRDA:296,48,0,0
BRDA:303,49,0,0
BRDA:303,49,1,0
BRDA:306,50,0,0
BRDA:306,50,1,0
BRDA:308,51,0,0
BRDA:308,51,1,0
BRDA:323,52,0,0
BRDA:323,52,1,0
BRDA:350,53,0,0
BRDA:354,54,0,0
BRDA:354,54,1,0
BRDA:355,55,0,0
BRDA:355,55,1,0
BRDA:358,56,0,0
BRDA:358,56,1,0
BRDA:365,57,0,0
BRDA:365,57,1,0
BRDA:365,57,2,0
BRDA:366,58,0,0
BRDA:366,58,1,0
BRDA:368,59,0,0
BRDA:368,59,1,0
BRF:109
BRH:5
end_of_record
TN:
SF:src\components\DynamicForm\Group.tsx
FN:6,(anonymous_0)
FNF:1
FNH:1
FNDA:27,(anonymous_0)
DA:6,17
DA:15,27
DA:16,27
DA:18,0
DA:20,27
DA:35,0
DA:39,17
LF:7
LH:5
BRDA:9,0,0,0
BRDA:16,1,0,0
BRDA:16,1,1,27
BRDA:16,1,2,0
BRF:4
BRH:1
end_of_record
TN:
SF:src\components\DynamicForm\index.tsx
FNF:0
FNH:0
DA:14,17
DA:16,17
LF:2
LH:2
BRF:0
BRH:0
end_of_record
TN:
SF:src\components\EditForm\EditForm.tsx
FN:86,(anonymous_0)
FN:89,(anonymous_1)
FN:98,(anonymous_2)
FN:109,(anonymous_3)
FN:118,(anonymous_4)
FN:121,(anonymous_5)
FN:132,(anonymous_6)
FN:135,(anonymous_7)
FN:146,(anonymous_8)
FN:159,(anonymous_9)
FN:185,(anonymous_10)
FN:200,(anonymous_11)
FN:210,(anonymous_12)
FN:239,(anonymous_13)
FN:275,(anonymous_14)
FN:282,(anonymous_15)
FN:288,(anonymous_16)
FN:291,(anonymous_17)
FN:296,(anonymous_18)
FN:298,(anonymous_19)
FN:300,(anonymous_20)
FN:305,(anonymous_21)
FNF:22
FNH:0
FNDA:0,(anonymous_0)
FNDA:0,(anonymous_1)
FNDA:0,(anonymous_2)
FNDA:0,(anonymous_3)
FNDA:0,(anonymous_4)
FNDA:0,(anonymous_5)
FNDA:0,(anonymous_6)
FNDA:0,(anonymous_7)
FNDA:0,(anonymous_8)
FNDA:0,(anonymous_9)
FNDA:0,(anonymous_10)
FNDA:0,(anonymous_11)
FNDA:0,(anonymous_12)
FNDA:0,(anonymous_13)
FNDA:0,(anonymous_14)
FNDA:0,(anonymous_15)
FNDA:0,(anonymous_16)
FNDA:0,(anonymous_17)
FNDA:0,(anonymous_18)
FNDA:0,(anonymous_19)
FNDA:0,(anonymous_20)
FNDA:0,(anonymous_21)
DA:28,17
DA:45,17
DA:61,17
DA:78,17
DA:87,0
DA:89,0
DA:99,0
DA:109,0
DA:119,0
DA:121,0
DA:133,0
DA:135,0
DA:146,17
DA:147,0
DA:148,0
DA:149,0
DA:159,17
DA:160,0
DA:161,0
DA:162,0
DA:164,0
DA:165,0
DA:166,0
DA:168,0
DA:169,0
DA:170,0
DA:172,0
DA:173,0
DA:174,0
DA:176,0
DA:178,0
DA:179,0
DA:181,0
DA:183,0
DA:185,17
DA:189,0
DA:194,0
DA:195,0
DA:198,0
DA:200,0
DA:201,0
DA:202,0
DA:203,0
DA:206,0
DA:207,0
DA:210,17
DA:211,0
DA:213,0
DA:215,0
DA:219,0
DA:221,0
DA:225,0
DA:226,0
DA:228,0
DA:229,0
DA:231,0
DA:232,0
DA:234,0
DA:235,0
DA:237,0
DA:239,0
DA:241,0
DA:243,0
DA:244,0
DA:245,0
DA:246,0
DA:248,0
DA:249,0
DA:251,0
DA:252,0
DA:254,0
DA:255,0
DA:259,0
DA:266,0
DA:268,0
DA:269,0
DA:272,0
DA:275,0
DA:277,0
DA:279,0
DA:282,0
DA:289,0
DA:292,0
DA:293,0
DA:296,0
DA:298,0
DA:300,0
DA:305,0
LF:88
LH:8
BRDA:160,0,0,0
BRDA:160,0,1,0
BRDA:164,1,0,0
BRDA:164,1,1,0
BRDA:168,2,0,0
BRDA:168,2,1,0
BRDA:172,3,0,0
BRDA:172,3,1,0
BRDA:176,4,0,0
BRDA:176,4,1,0
BRDA:189,5,0,0
BRDA:189,5,1,0
BRDA:190,6,0,0
BRDA:190,6,1,0
BRDA:190,6,2,0
BRDA:194,7,0,0
BRDA:194,7,1,0
BRDA:202,8,0,0
BRDA:202,8,1,0
BRDA:207,9,0,0
BRDA:207,9,1,0
BRDA:210,10,0,0
BRDA:213,11,0,0
BRDA:213,11,1,0
BRDA:219,12,0,0
BRDA:219,12,1,0
BRDA:225,13,0,0
BRDA:225,13,1,0
BRDA:228,14,0,0
BRDA:228,14,1,0
BRDA:231,15,0,0
BRDA:231,15,1,0
BRDA:234,16,0,0
BRDA:234,16,1,0
BRDA:245,17,0,0
BRDA:245,17,1,0
BRDA:245,18,0,0
BRDA:245,18,1,0
BRDA:248,19,0,0
BRDA:248,19,1,0
BRDA:248,20,0,0
BRDA:248,20,1,0
BRDA:251,21,0,0
BRDA:251,21,1,0
BRDA:251,22,0,0
BRDA:251,22,1,0
BRDA:254,23,0,0
BRDA:254,23,1,0
BRDA:254,24,0,0
BRDA:254,24,1,0
BRDA:259,25,0,0
BRDA:259,25,1,0
BRDA:260,26,0,0
BRDA:260,26,1,0
BRDA:260,26,2,0
BRDA:260,26,3,0
BRDA:260,26,4,0
BRDA:268,27,0,0
BRDA:268,27,1,0
BRDA:268,28,0,0
BRDA:268,28,1,0
BRDA:272,29,0,0
BRDA:272,29,1,0
BRDA:297,30,0,0
BRDA:297,30,1,0
BRF:65
BRH:0
end_of_record
TN:
SF:src\components\ExtraInput\index.tsx
FN:28,(anonymous_0)
FN:45,(anonymous_1)
FN:49,(anonymous_2)
FN:55,(anonymous_3)
FN:113,(anonymous_4)
FNF:5
FNH:5
FNDA:6,(anonymous_0)
FNDA:1,(anonymous_1)
FNDA:4,(anonymous_2)
FNDA:6,(anonymous_3)
FNDA:1,(anonymous_4)
DA:28,17
DA:41,6
DA:43,6
DA:45,6
DA:46,1
DA:49,6
DA:50,4
DA:51,2
DA:55,6
DA:56,6
DA:57,2
DA:73,4
DA:88,6
DA:114,1
DA:139,17
LF:15
LH:15
BRDA:36,0,0,4
BRDA:37,1,0,2
BRDA:38,2,0,6
BRDA:46,3,0,0
BRDA:46,3,1,1
BRDA:46,4,0,1
BRDA:46,4,1,1
BRDA:50,5,0,2
BRDA:50,5,1,2
BRDA:50,6,0,4
BRDA:50,6,1,4
BRDA:56,7,0,2
BRDA:56,7,1,4
BRDA:60,8,0,2
BRDA:60,8,1,2
BRDA:76,9,0,4
BRDA:76,9,1,4
BRDA:97,10,0,4
BRDA:97,10,1,2
BRDA:102,11,0,6
BRDA:102,11,1,6
BRDA:118,12,0,6
BRDA:118,12,1,2
BRDA:120,13,0,2
BRDA:120,13,1,0
BRDA:120,13,2,0
BRDA:129,14,0,6
BRDA:129,14,1,4
BRDA:131,15,0,4
BRDA:131,15,1,2
BRF:30
BRH:27
end_of_record
TN:
SF:src\components\ExtraInput\demo\index.tsx
FN:15,(anonymous_0)
FN:17,(anonymous_1)
FN:22,(anonymous_2)
FN:27,(anonymous_3)
FN:107,(anonymous_4)
FN:115,(anonymous_5)
FN:123,(anonymous_6)
FNF:7
FNH:0
FNDA:0,(anonymous_0)
FNDA:0,(anonymous_1)
FNDA:0,(anonymous_2)
FNDA:0,(anonymous_3)
FNDA:0,(anonymous_4)
FNDA:0,(anonymous_5)
FNDA:0,(anonymous_6)
DA:15,0
DA:16,0
DA:17,0
DA:19,0
DA:22,0
DA:24,0
DA:27,0
DA:28,0
DA:31,0
DA:45,0
DA:49,0
DA:56,0
DA:109,0
DA:117,0
DA:123,0
LF:15
LH:0
BRF:0
BRH:0
end_of_record
TN:
SF:src\components\ExtraInput\tests\demos\basic.tsx
FN:13,(anonymous_0)
FN:15,(anonymous_1)
FN:103,(anonymous_2)
FN:111,(anonymous_3)
FN:119,(anonymous_4)
FNF:5
FNH:4
FNDA:1,(anonymous_0)
FNDA:1,(anonymous_1)
FNDA:0,(anonymous_2)
FNDA:2,(anonymous_3)
FNDA:1,(anonymous_4)
DA:13,1
DA:14,1
DA:15,1
DA:16,1
DA:19,1
DA:33,1
DA:47,1
DA:51,1
DA:58,1
DA:105,0
DA:113,2
DA:119,1
LF:12
LH:11
BRF:0
BRH:0
end_of_record
TN:
SF:src\components\Field\index.tsx
FN:6,(anonymous_0)
FN:7,(anonymous_1)
FNF:2
FNH:2
FNDA:397,(anonymous_0)
FNDA:802,(anonymous_1)
DA:6,17
DA:7,397
DA:8,802
DA:9,235
DA:11,802
DA:14,397
LF:6
LH:6
BRDA:8,0,0,235
BRDA:8,0,1,567
BRDA:8,1,0,802
BRDA:8,1,1,235
BRF:4
BRH:4
end_of_record
TN:
SF:src\components\Hidden\index.tsx
FN:7,(anonymous_0)
FNF:1
FNH:1
FNDA:315,(anonymous_0)
DA:7,17
DA:8,315
DA:9,3
DA:11,312
LF:4
LH:4
BRDA:7,0,0,0
BRDA:8,1,0,3
BRDA:8,1,1,312
BRF:3
BRH:2
end_of_record
TN:
SF:src\components\InputItem\index.tsx
FN:11,(anonymous_0)
FN:44,(anonymous_1)
FN:47,(anonymous_2)
FN:94,(anonymous_3)
FN:106,(anonymous_4)
FN:120,(anonymous_5)
FN:125,(anonymous_6)
FN:128,(anonymous_7)
FN:132,(anonymous_8)
FNF:9
FNH:8
FNDA:215,(anonymous_0)
FNDA:1,(anonymous_1)
FNDA:6,(anonymous_2)
FNDA:0,(anonymous_3)
FNDA:1,(anonymous_4)
FNDA:2,(anonymous_5)
FNDA:2,(anonymous_6)
FNDA:1,(anonymous_7)
FNDA:6,(anonymous_8)
DA:9,17
DA:11,17
DA:30,215
DA:32,215
DA:34,215
DA:44,215
DA:45,1
DA:47,215
DA:48,6
DA:49,6
DA:50,6
DA:52,0
DA:53,0
DA:55,0
DA:56,0
DA:57,0
DA:58,0
DA:59,0
DA:60,0
DA:65,0
DA:67,0
DA:68,0
DA:72,6
DA:74,6
DA:75,0
DA:77,6
DA:80,215
DA:81,215
DA:82,0
DA:83,215
DA:84,4
DA:85,211
DA:86,0
DA:87,211
DA:88,0
DA:94,215
DA:95,0
DA:98,215
DA:107,1
DA:108,1
DA:121,2
DA:122,2
DA:123,2
DA:126,2
DA:127,2
DA:128,2
DA:129,1
DA:133,6
LF:48
LH:32
BRDA:13,0,0,37
BRDA:14,1,0,90
BRDA:15,2,0,1
BRDA:17,3,0,104
BRDA:19,4,0,166
BRDA:20,5,0,37
BRDA:21,6,0,104
BRDA:22,7,0,108
BRDA:23,8,0,104
BRDA:26,9,0,104
BRDA:27,10,0,201
BRDA:45,11,0,0
BRDA:45,11,1,1
BRDA:50,12,0,0
BRDA:50,12,1,0
BRDA:50,12,2,0
BRDA:50,12,3,6
BRDA:50,12,4,6
BRDA:50,12,5,6
BRDA:57,13,0,0
BRDA:57,13,1,0
BRDA:57,14,0,0
BRDA:57,14,1,0
BRDA:59,15,0,0
BRDA:59,15,1,0
BRDA:74,16,0,0
BRDA:74,16,1,6
BRDA:77,17,0,6
BRDA:77,17,1,0
BRDA:81,18,0,0
BRDA:81,18,1,215
BRDA:81,19,0,215
BRDA:81,19,1,215
BRDA:83,20,0,4
BRDA:83,20,1,211
BRDA:85,21,0,0
BRDA:85,21,1,211
BRDA:87,22,0,0
BRDA:87,22,1,211
BRDA:87,23,0,211
BRDA:87,23,1,0
BRDA:95,24,0,0
BRDA:95,24,1,0
BRDA:100,25,0,215
BRDA:100,25,1,174
BRDA:107,26,0,0
BRDA:107,26,1,1
BRDA:115,27,0,215
BRDA:115,27,1,201
BRDA:117,28,0,41
BRDA:117,28,1,174
BRDA:121,29,0,0
BRDA:121,29,1,2
BRDA:123,30,0,0
BRDA:123,30,1,2
BRDA:126,31,0,0
BRDA:126,31,1,2
BRDA:127,32,0,2
BRDA:127,32,1,0
BRDA:137,33,0,215
BRDA:137,33,1,201
BRDA:142,34,0,0
BRDA:142,34,1,215
BRDA:142,35,0,215
BRDA:142,35,1,14
BRDA:142,35,2,0
BRDA:142,35,3,0
BRDA:142,35,4,0
BRF:68
BRH:41
end_of_record
TN:
SF:src\components\InputItem\interface.ts
FNF:0
FNH:0
LF:0
LH:0
BRF:0
BRH:0
end_of_record
TN:
SF:src\components\MultiplePicker\index.tsx
FN:8,(anonymous_0)
FN:27,(anonymous_1)
FN:28,(anonymous_2)
FN:35,(anonymous_3)
FNF:4
FNH:4
FNDA:40,(anonymous_0)
FNDA:11,(anonymous_1)
FNDA:40,(anonymous_2)
FNDA:1,(anonymous_3)
DA:8,17
DA:9,40
DA:24,40
DA:25,40
DA:27,40
DA:28,40
DA:32,11
DA:35,40
DA:39,1
DA:40,1
DA:43,40
DA:61,17
LF:12
LH:12
BRDA:14,0,0,24
BRDA:16,1,0,40
BRDA:18,2,0,0
BRDA:19,3,0,32
BRDA:25,4,0,0
BRDA:25,5,0,0
BRDA:39,6,0,0
BRDA:39,6,1,1
BRDA:40,7,0,1
BRDA:40,7,1,0
BRDA:40,8,0,1
BRDA:40,8,1,0
BRDA:46,9,0,40
BRDA:46,9,1,40
BRDA:51,10,0,40
BRDA:51,10,1,16
BRDA:51,10,2,16
BRF:17
BRH:11
end_of_record
TN:
SF:src\components\MultiplePicker\interface.ts
FNF:0
FNH:0
LF:0
LH:0
BRF:0
BRH:0
end_of_record
TN:
SF:src\components\MultiplePicker\multiplePickerGroup.tsx
FN:16,(anonymous_0)
FN:48,(anonymous_1)
FN:49,(anonymous_2)
FN:50,(anonymous_3)
FN:51,(anonymous_4)
FN:57,(anonymous_5)
FN:62,(anonymous_6)
FN:68,(anonymous_7)
FN:81,(anonymous_8)
FN:89,(anonymous_9)
FN:93,(anonymous_10)
FN:111,(anonymous_11)
FN:121,(anonymous_12)
FN:133,(anonymous_13)
FN:144,(anonymous_14)
FN:154,(anonymous_15)
FN:158,(anonymous_16)
FNF:17
FNH:16
FNDA:90,(anonymous_0)
FNDA:41,(anonymous_1)
FNDA:73,(anonymous_2)
FNDA:14,(anonymous_3)
FNDA:14,(anonymous_4)
FNDA:15,(anonymous_5)
FNDA:22,(anonymous_6)
FNDA:1,(anonymous_7)
FNDA:3,(anonymous_8)
FNDA:1,(anonymous_9)
FNDA:1,(anonymous_10)
FNDA:3,(anonymous_11)
FNDA:0,(anonymous_12)
FNDA:1,(anonymous_13)
FNDA:1,(anonymous_14)
FNDA:307,(anonymous_15)
FNDA:1,(anonymous_16)
DA:8,17
DA:16,17
DA:35,90
DA:37,90
DA:38,90
DA:39,90
DA:41,90
DA:48,90
DA:49,73
DA:50,41
DA:51,41
DA:52,41
DA:53,41
DA:54,41
DA:57,90
DA:58,15
DA:59,15
DA:60,15
DA:62,90
DA:63,22
DA:64,22
DA:65,22
DA:68,90
DA:69,1
DA:70,1
DA:71,0
DA:73,1
DA:75,1
DA:76,0
DA:78,1
DA:81,90
DA:82,3
DA:83,3
DA:84,3
DA:85,3
DA:86,3
DA:89,90
DA:90,1
DA:93,90
DA:94,1
DA:95,1
DA:96,1
DA:97,1
DA:98,1
DA:101,90
DA:112,3
DA:113,3
DA:122,0
DA:134,1
DA:145,1
DA:155,307
DA:159,1
LF:52
LH:49
BRDA:18,0,0,0
BRDA:20,1,0,0
BRDA:22,2,0,43
BRDA:23,3,0,79
BRDA:27,4,0,90
BRDA:28,5,0,57
BRDA:30,6,0,90
BRDA:31,7,0,90
BRDA:58,8,0,15
BRDA:58,8,1,7
BRDA:63,9,0,22
BRDA:63,9,1,14
BRDA:70,10,0,0
BRDA:70,10,1,1
BRDA:75,11,0,0
BRDA:75,11,1,1
BRDA:75,12,0,1
BRDA:75,12,1,0
BRDA:82,13,0,0
BRDA:82,13,1,3
BRDA:83,14,0,3
BRDA:83,14,1,3
BRDA:95,15,0,1
BRDA:95,15,1,0
BRDA:112,16,0,0
BRDA:112,16,1,3
BRDA:171,17,0,307
BRDA:171,17,1,66
BRF:28
BRH:20
end_of_record
TN:
SF:src\components\MultiplePicker\demo\index.tsx
FN:14,(anonymous_0)
FN:16,(anonymous_1)
FN:21,(anonymous_2)
FN:86,(anonymous_3)
FN:107,(anonymous_4)
FNF:5
FNH:0
FNDA:0,(anonymous_0)
FNDA:0,(anonymous_1)
FNDA:0,(anonymous_2)
FNDA:0,(anonymous_3)
FNDA:0,(anonymous_4)
DA:14,0
DA:15,0
DA:16,0
DA:18,0
DA:21,0
DA:23,0
DA:26,0
DA:48,0
DA:51,0
DA:59,0
DA:88,0
DA:107,0
LF:12
LH:0
BRF:0
BRH:0
end_of_record
TN:
SF:src\components\MultiplePicker\tests\demos\basic.tsx
FN:19,(anonymous_0)
FN:88,(anonymous_1)
FNF:2
FNH:2
FNDA:1,(anonymous_0)
FNDA:2,(anonymous_1)
DA:19,1
DA:20,1
DA:22,1
DA:44,1
DA:47,1
DA:55,1
DA:88,2
LF:7
LH:7
BRF:0
BRH:0
end_of_record
TN:
SF:src\components\NewFieldPicker\NewFieldPicker.tsx
FN:169,(anonymous_0)
FN:176,(anonymous_1)
FN:183,(anonymous_2)
FN:188,(anonymous_3)
FN:193,(anonymous_4)
FN:194,(anonymous_5)
FN:220,(anonymous_6)
FN:231,(anonymous_7)
FN:239,(anonymous_8)
FN:249,(anonymous_9)
FN:264,(anonymous_10)
FN:273,(anonymous_11)
FN:278,(anonymous_12)
FN:291,(anonymous_13)
FN:304,(anonymous_14)
FN:313,(anonymous_15)
FN:322,(anonymous_16)
FN:329,(anonymous_17)
FNF:18
FNH:3
FNDA:7,(anonymous_0)
FNDA:0,(anonymous_1)
FNDA:0,(anonymous_2)
FNDA:0,(anonymous_3)
FNDA:0,(anonymous_4)
FNDA:0,(anonymous_5)
FNDA:7,(anonymous_6)
FNDA:0,(anonymous_7)
FNDA:0,(anonymous_8)
FNDA:0,(anonymous_9)
FNDA:0,(anonymous_10)
FNDA:0,(anonymous_11)
FNDA:0,(anonymous_12)
FNDA:91,(anonymous_13)
FNDA:0,(anonymous_14)
FNDA:0,(anonymous_15)
FNDA:0,(anonymous_16)
FNDA:0,(anonymous_17)
DA:15,17
DA:26,17
DA:37,17
DA:50,17
DA:165,17
DA:169,17
DA:170,7
DA:171,7
DA:172,7
DA:173,7
DA:176,7
DA:177,0
DA:178,0
DA:180,0
DA:183,7
DA:185,0
DA:188,7
DA:190,0
DA:193,7
DA:194,0
DA:195,0
DA:196,0
DA:197,0
DA:200,0
DA:202,0
DA:208,0
DA:209,0
DA:216,7
DA:221,7
DA:231,0
DA:239,0
DA:250,0
DA:264,0
DA:274,0
DA:279,0
DA:292,91
DA:305,0
DA:306,0
DA:307,0
DA:308,0
DA:313,0
DA:322,0
DA:330,0
LF:43
LH:17
BRDA:175,0,0,7
BRDA:175,0,1,7
BRDA:196,1,0,0
BRDA:196,1,1,0
BRDA:202,2,0,0
BRDA:202,2,1,0
BRDA:203,3,0,0
BRDA:203,3,1,0
BRDA:203,3,2,0
BRDA:203,3,3,0
BRDA:224,4,0,0
BRDA:224,4,1,7
BRF:12
BRH:3
end_of_record
TN:
SF:src\components\NomarCheckBox\checkBoxgroup.tsx
FN:24,(anonymous_0)
FN:35,(anonymous_1)
FN:45,(anonymous_2)
FN:46,(anonymous_3)
FN:48,(anonymous_4)
FN:57,(anonymous_5)
FNF:6
FNH:6
FNDA:70,(anonymous_0)
FNDA:9,(anonymous_1)
FNDA:70,(anonymous_2)
FNDA:173,(anonymous_3)
FNDA:262,(anonymous_4)
FNDA:11,(anonymous_5)
DA:6,17
DA:24,17
DA:33,70
DA:35,70
DA:36,9
DA:37,9
DA:38,3
DA:40,6
DA:42,9
DA:45,70
DA:46,70
DA:47,173
DA:49,262
DA:50,262
DA:58,11
DA:59,11
DA:60,9
DA:90,70
LF:18
LH:18
BRDA:26,0,0,0
BRDA:30,1,0,0
BRDA:31,2,0,0
BRDA:32,3,0,0
BRDA:36,4,0,9
BRDA:36,4,1,6
BRDA:37,5,0,3
BRDA:37,5,1,6
BRDA:42,6,0,6
BRDA:42,6,1,3
BRDA:42,7,0,9
BRDA:42,7,1,9
BRDA:49,8,0,262
BRDA:49,8,1,262
BRDA:59,9,0,2
BRDA:59,9,1,9
BRDA:67,10,0,262
BRDA:67,10,1,108
BRDA:70,11,0,262
BRDA:70,11,1,40
BRDA:70,12,0,262
BRDA:70,12,1,108
BRF:22
BRH:18
end_of_record
TN:
SF:src\components\NomarCheckBox\index.tsx
FN:28,(anonymous_0)
FN:50,(anonymous_1)
FN:51,(anonymous_2)
FN:58,(anonymous_3)
FN:67,(anonymous_4)
FNF:5
FNH:5
FNDA:28,(anonymous_0)
FNDA:6,(anonymous_1)
FNDA:27,(anonymous_2)
FNDA:9,(anonymous_3)
FNDA:43,(anonymous_4)
DA:28,17
DA:29,28
DA:46,28
DA:48,28
DA:50,28
DA:51,27
DA:55,6
DA:58,28
DA:59,9
DA:62,28
DA:68,43
DA:86,17
LF:12
LH:12
BRDA:33,0,0,28
BRDA:36,1,0,0
BRDA:37,2,0,0
BRDA:39,3,0,23
BRDA:40,4,0,10
BRDA:41,5,0,10
BRDA:48,6,0,0
BRDA:48,7,0,0
BRDA:59,8,0,8
BRDA:59,8,1,1
BRDA:59,9,0,8
BRDA:59,9,1,3
BRDA:66,10,0,28
BRDA:66,10,1,28
BRF:14
BRH:10
end_of_record
TN:
SF:src\components\NomarCheckBox\demo\index.tsx
FN:24,(anonymous_0)
FN:26,(anonymous_1)
FN:31,(anonymous_2)
FN:75,(anonymous_3)
FNF:4
FNH:0
FNDA:0,(anonymous_0)
FNDA:0,(anonymous_1)
FNDA:0,(anonymous_2)
FNDA:0,(anonymous_3)
DA:14,0
DA:24,0
DA:25,0
DA:26,0
DA:28,0
DA:31,0
DA:33,0
DA:35,0
DA:39,0
DA:46,0
DA:76,0
LF:11
LH:0
BRF:0
BRH:0
end_of_record
TN:
SF:src\components\NomarCheckBox\tests\demos\basic.tsx
FN:21,(anonymous_0)
FN:67,(anonymous_1)
FNF:2
FNH:2
FNDA:1,(anonymous_0)
FNDA:2,(anonymous_1)
DA:11,1
DA:21,1
DA:22,1
DA:38,1
DA:42,1
DA:49,1
DA:68,2
LF:7
LH:7
BRF:0
BRH:0
end_of_record
TN:
SF:src\components\NomarCheckBox\tests\demos\couplet.tsx
FN:18,(anonymous_0)
FN:21,(anonymous_1)
FN:27,onChange
FN:79,(anonymous_3)
FN:87,(anonymous_4)
FNF:5
FNH:4
FNDA:6,(anonymous_0)
FNDA:1,(anonymous_1)
FNDA:4,onChange
FNDA:4,(anonymous_3)
FNDA:0,(anonymous_4)
DA:7,1
DA:14,1
DA:18,1
DA:19,6
DA:20,6
DA:21,6
DA:22,1
DA:29,4
DA:30,1
DA:34,3
DA:37,4
DA:38,1
DA:43,4
DA:44,0
DA:50,6
DA:55,6
DA:80,4
DA:88,0
LF:18
LH:16
BRDA:29,0,0,1
BRDA:29,0,1,3
BRDA:37,1,0,1
BRDA:37,1,1,3
BRDA:37,2,0,4
BRDA:37,2,1,3
BRDA:43,3,0,0
BRDA:43,3,1,4
BRF:8
BRH:7
end_of_record
TN:
SF:src\components\NomarCustom\index.tsx
FN:23,(anonymous_0)
FN:34,(anonymous_1)
FNF:2
FNH:0
FNDA:0,(anonymous_0)
FNDA:0,(anonymous_1)
DA:23,17
DA:32,0
DA:34,0
DA:35,0
DA:44,0
DA:56,17
LF:6
LH:2
BRDA:27,0,0,0
BRDA:37,1,0,0
BRDA:37,1,1,0
BRF:3
BRH:0
end_of_record
TN:
SF:src\components\NomarCustom\demo\index.tsx
FN:22,(anonymous_0)
FN:26,(anonymous_1)
FN:38,(anonymous_2)
FN:47,(anonymous_3)
FN:49,(anonymous_4)
FN:54,(anonymous_5)
FN:92,(anonymous_6)
FNF:7
FNH:0
FNDA:0,(anonymous_0)
FNDA:0,(anonymous_1)
FNDA:0,(anonymous_2)
FNDA:0,(anonymous_3)
FNDA:0,(anonymous_4)
FNDA:0,(anonymous_5)
FNDA:0,(anonymous_6)
DA:22,0
DA:23,0
DA:26,0
DA:27,0
DA:30,0
DA:39,0
DA:47,0
DA:48,0
DA:49,0
DA:51,0
DA:54,0
DA:56,0
DA:59,0
DA:63,0
DA:70,0
DA:93,0
LF:16
LH:0
BRDA:39,0,0,0
BRDA:39,0,1,0
BRF:2
BRH:0
end_of_record
TN:
SF:src\components\NomarDatePicker\DatePickerGroup.tsx
FN:9,(anonymous_0)
FN:36,(anonymous_1)
FN:58,(anonymous_2)
FN:65,(anonymous_3)
FN:83,(anonymous_4)
FN:86,(anonymous_5)
FN:101,(anonymous_6)
FNF:7
FNH:6
FNDA:174,(anonymous_0)
FNDA:24,(anonymous_1)
FNDA:0,(anonymous_2)
FNDA:5,(anonymous_3)
FNDA:2,(anonymous_4)
FNDA:7,(anonymous_5)
FNDA:8,(anonymous_6)
DA:9,17
DA:10,174
DA:11,174
DA:34,174
DA:36,174
DA:37,24
DA:38,8
DA:40,16
DA:44,174
DA:47,174
DA:65,174
DA:66,5
DA:67,5
DA:68,5
DA:71,174
DA:83,2
DA:87,7
DA:102,8
LF:18
LH:18
BRDA:14,0,0,164
BRDA:16,1,0,137
BRDA:19,2,0,174
BRDA:20,3,0,174
BRDA:21,4,0,108
BRDA:22,5,0,77
BRDA:24,6,0,134
BRDA:25,7,0,174
BRDA:29,8,0,128
BRDA:37,9,0,8
BRDA:37,9,1,16
BRDA:55,10,0,174
BRDA:55,10,1,105
BRDA:80,11,0,174
BRDA:80,11,1,105
BRF:15
BRH:15
end_of_record
TN:
SF:src\components\NomarDatePicker\index.tsx
FN:10,(anonymous_0)
FN:25,(anonymous_1)
FNF:2
FNH:2
FNDA:29,(anonymous_0)
FNDA:2,(anonymous_1)
DA:10,17
DA:21,29
DA:23,29
DA:25,29
DA:26,2
DA:29,29
DA:54,17
LF:7
LH:7
BRDA:13,0,0,19
BRDA:16,1,0,26
BRDA:17,2,0,29
BRDA:18,3,0,18
BRDA:26,4,0,2
BRDA:26,4,1,0
BRDA:32,5,0,3
BRDA:32,5,1,26
BRDA:38,6,0,29
BRDA:38,6,1,29
BRDA:43,7,0,29
BRDA:43,7,1,10
BRDA:43,7,2,10
BRF:13
BRH:12
end_of_record
TN:
SF:src\components\NomarDatePicker\interface.ts
FNF:0
FNH:0
LF:0
LH:0
BRF:0
BRH:0
end_of_record
TN:
SF:src\components\NomarDatePicker\demo\index.tsx
FN:16,(anonymous_0)
FN:18,(anonymous_1)
FN:23,(anonymous_2)
FN:70,(anonymous_3)
FNF:4
FNH:0
FNDA:0,(anonymous_0)
FNDA:0,(anonymous_1)
FNDA:0,(anonymous_2)
FNDA:0,(anonymous_3)
DA:16,0
DA:17,0
DA:18,0
DA:20,0
DA:23,0
DA:25,0
DA:28,0
DA:32,0
DA:40,0
DA:71,0
LF:10
LH:0
BRF:0
BRH:0
end_of_record
TN:
SF:src\components\NomarDatePicker\tests\demos\basic.tsx
FN:19,(anonymous_0)
FN:67,(anonymous_1)
FNF:2
FNH:2
FNDA:1,(anonymous_0)
FNDA:2,(anonymous_1)
DA:19,1
DA:20,1
DA:21,1
DA:25,1
DA:33,1
DA:68,2
LF:6
LH:6
BRF:0
BRH:0
end_of_record
TN:
SF:src\components\NomarFile\fileGroup.tsx
FN:12,(anonymous_0)
FN:20,(anonymous_1)
FN:26,(anonymous_2)
FN:32,(anonymous_3)
FN:36,(anonymous_4)
FN:43,(anonymous_5)
FNF:6
FNH:6
FNDA:16,(anonymous_0)
FNDA:2,(anonymous_1)
FNDA:1,(anonymous_2)
FNDA:13,(anonymous_3)
FNDA:1,(anonymous_4)
FNDA:2,(anonymous_5)
DA:6,17
DA:12,17
DA:18,16
DA:20,16
DA:21,2
DA:22,2
DA:23,2
DA:26,16
DA:27,1
DA:30,16
DA:33,13
DA:37,1
DA:44,2
LF:13
LH:13
BRDA:14,0,0,1
BRDA:17,1,0,0
BRDA:23,2,0,2
BRDA:23,2,1,0
BRDA:27,3,0,1
BRDA:27,3,1,0
BRDA:33,4,0,13
BRDA:33,4,1,0
BRDA:40,5,0,13
BRDA:40,5,1,0
BRF:10
BRH:5
end_of_record
TN:
SF:src\components\NomarFile\index.tsx
FN:9,(anonymous_0)
FN:21,(anonymous_1)
FN:24,(anonymous_2)
FN:42,(anonymous_3)
FNF:4
FNH:2
FNDA:3,(anonymous_0)
FNDA:0,(anonymous_1)
FNDA:0,(anonymous_2)
FNDA:2,(anonymous_3)
DA:7,17
DA:9,17
DA:19,3
DA:21,3
DA:22,0
DA:23,0
DA:24,0
DA:26,0
DA:42,3
DA:46,2
DA:49,3
DA:62,17
LF:12
LH:8
BRDA:12,0,0,0
BRDA:15,1,0,3
BRDA:22,2,0,0
BRDA:22,2,1,0
BRDA:46,3,0,2
BRDA:46,3,1,0
BRDA:53,4,0,3
BRDA:53,4,1,3
BRF:8
BRH:4
end_of_record
TN:
SF:src\components\NomarFile\interface.ts
FNF:0
FNH:0
LF:0
LH:0
BRF:0
BRH:0
end_of_record
TN:
SF:src\components\NomarFile\demo\index.tsx
FN:21,(anonymous_0)
FN:23,(anonymous_1)
FN:28,(anonymous_2)
FN:50,(anonymous_3)
FN:53,(anonymous_4)
FN:60,(anonymous_5)
FN:63,(anonymous_6)
FN:79,(anonymous_7)
FNF:8
FNH:0
FNDA:0,(anonymous_0)
FNDA:0,(anonymous_1)
FNDA:0,(anonymous_2)
FNDA:0,(anonymous_3)
FNDA:0,(anonymous_4)
FNDA:0,(anonymous_5)
FNDA:0,(anonymous_6)
FNDA:0,(anonymous_7)
DA:16,0
DA:21,0
DA:22,0
DA:23,0
DA:25,0
DA:28,0
DA:30,0
DA:33,0
DA:43,0
DA:51,0
DA:54,0
DA:61,0
DA:62,0
DA:63,0
DA:64,0
DA:70,0
DA:80,0
LF:17
LH:0
BRDA:61,0,0,0
BRDA:61,0,1,0
BRDA:62,1,0,0
BRDA:62,1,1,0
BRDA:62,2,0,0
BRDA:62,2,1,0
BRF:6
BRH:0
end_of_record
TN:
SF:src\components\NomarFile\tests\demos\basic.tsx
FN:14,(anonymous_0)
FN:42,(anonymous_1)
FN:46,(anonymous_2)
FN:53,(anonymous_3)
FN:56,(anonymous_4)
FN:72,(anonymous_5)
FNF:6
FNH:4
FNDA:1,(anonymous_0)
FNDA:1,(anonymous_1)
FNDA:2,(anonymous_2)
FNDA:0,(anonymous_3)
FNDA:0,(anonymous_4)
FNDA:2,(anonymous_5)
DA:14,1
DA:19,1
DA:20,1
DA:21,1
DA:25,1
DA:34,1
DA:43,1
DA:44,1
DA:47,2
DA:54,0
DA:55,0
DA:56,0
DA:57,0
DA:63,0
DA:73,2
LF:15
LH:10
BRDA:54,0,0,0
BRDA:54,0,1,0
BRDA:55,1,0,0
BRDA:55,1,1,0
BRDA:55,2,0,0
BRDA:55,2,1,0
BRF:6
BRH:0
end_of_record
TN:
SF:src\components\NomarImagePicker\imagePickerGroup.tsx
FN:6,(anonymous_0)
FN:15,(anonymous_1)
FN:23,(anonymous_2)
FN:32,(anonymous_3)
FN:35,(anonymous_4)
FNF:5
FNH:2
FNDA:27,(anonymous_0)
FNDA:0,(anonymous_1)
FNDA:1,(anonymous_2)
FNDA:0,(anonymous_3)
FNDA:0,(anonymous_4)
DA:6,17
DA:13,27
DA:15,27
DA:16,0
DA:17,0
DA:18,0
DA:20,0
DA:23,27
DA:28,1
DA:29,0
DA:30,0
DA:31,0
DA:32,0
DA:33,0
DA:34,0
DA:35,0
DA:36,0
DA:37,0
DA:44,0
DA:46,1
DA:48,27
LF:21
LH:7
BRDA:11,0,0,0
BRDA:16,1,0,0
BRDA:16,1,1,0
BRDA:16,2,0,0
BRDA:16,2,1,0
BRDA:16,2,2,0
BRDA:16,2,3,0
BRDA:28,3,0,0
BRDA:28,3,1,1
BRDA:28,4,0,1
BRDA:28,4,1,1
BRDA:30,5,0,0
BRDA:31,6,0,0
BRDA:31,6,1,0
BRDA:31,7,0,0
BRDA:31,7,1,0
BRDA:36,8,0,0
BRDA:36,8,1,0
BRDA:40,9,0,0
BRDA:40,9,1,0
BRDA:44,10,0,0
BRDA:44,10,1,0
BRF:22
BRH:3
end_of_record
TN:
SF:src\components\NomarImagePicker\index.tsx
FN:6,(anonymous_0)
FN:23,(anonymous_1)
FNF:2
FNH:2
FNDA:7,(anonymous_0)
FNDA:1,(anonymous_1)
DA:6,17
DA:21,7
DA:23,7
DA:28,1
DA:29,1
DA:30,1
DA:32,1
DA:35,7
DA:50,17
LF:9
LH:9
BRDA:10,0,0,2
BRDA:13,1,0,7
BRDA:14,2,0,5
BRDA:16,3,0,7
BRDA:17,4,0,7
BRDA:19,5,0,2
BRDA:32,6,0,1
BRDA:32,6,1,0
BRDA:38,7,0,7
BRDA:38,7,1,7
BRF:10
BRH:9
end_of_record
TN:
SF:src\components\NomarImagePicker\interface.ts
FNF:0
FNH:0
LF:0
LH:0
BRF:0
BRH:0
end_of_record
TN:
SF:src\components\NomarImagePicker\demo\index.tsx
FN:27,(anonymous_0)
FN:29,(anonymous_1)
FN:34,(anonymous_2)
FN:45,(anonymous_3)
FN:54,(anonymous_4)
FN:88,(anonymous_5)
FN:97,(anonymous_6)
FN:113,(anonymous_7)
FNF:8
FNH:0
FNDA:0,(anonymous_0)
FNDA:0,(anonymous_1)
FNDA:0,(anonymous_2)
FNDA:0,(anonymous_3)
FNDA:0,(anonymous_4)
FNDA:0,(anonymous_5)
FNDA:0,(anonymous_6)
FNDA:0,(anonymous_7)
DA:16,0
DA:27,0
DA:28,0
DA:29,0
DA:31,0
DA:34,0
DA:36,0
DA:39,0
DA:47,0
DA:56,0
DA:70,0
DA:72,0
DA:80,0
DA:90,0
DA:99,0
DA:113,0
LF:16
LH:0
BRF:0
BRH:0
end_of_record
TN:
SF:src\components\NomarImagePicker\tests\demos\basic.tsx
FN:14,(anonymous_0)
FN:41,(anonymous_1)
FN:51,(anonymous_2)
FN:58,(anonymous_3)
FN:71,(anonymous_4)
FNF:5
FNH:4
FNDA:1,(anonymous_0)
FNDA:0,(anonymous_1)
FNDA:1,(anonymous_2)
FNDA:1,(anonymous_3)
FNDA:1,(anonymous_4)
DA:14,1
DA:16,1
DA:26,1
DA:27,1
DA:33,1
DA:43,0
DA:44,0
DA:53,1
DA:54,1
DA:59,1
DA:71,1
LF:11
LH:9
BRF:0
BRH:0
end_of_record
TN:
SF:src\components\NomarInput\index.tsx
FN:24,(anonymous_0)
FN:47,(anonymous_1)
FN:70,(anonymous_2)
FNF:3
FNH:3
FNDA:40,(anonymous_0)
FNDA:1,(anonymous_1)
FNDA:1,(anonymous_2)
DA:24,17
DA:43,40
DA:45,40
DA:47,40
DA:49,1
DA:52,40
DA:71,1
DA:86,17
LF:8
LH:8
BRDA:26,0,0,32
BRDA:28,1,0,0
BRDA:29,2,0,17
BRDA:32,3,0,40
BRDA:33,4,0,40
BRDA:36,5,0,40
BRDA:38,6,0,36
BRDA:39,7,0,40
BRDA:40,8,0,32
BRDA:49,9,0,1
BRDA:49,9,1,0
BRDA:55,10,0,40
BRDA:55,10,1,40
BRDA:61,11,0,0
BRDA:61,11,1,40
BRDA:67,12,0,0
BRDA:67,12,1,40
BRDA:76,13,0,40
BRDA:76,13,1,23
BRDA:76,13,2,23
BRF:20
BRH:16
end_of_record
TN:
SF:src\components\NomarInput\demo\index.tsx
FN:17,(anonymous_0)
FN:20,(anonymous_1)
FN:25,(anonymous_2)
FN:30,(anonymous_3)
FN:32,(anonymous_4)
FN:36,(anonymous_5)
FN:38,(anonymous_6)
FN:42,(anonymous_7)
FN:116,(anonymous_8)
FN:147,(anonymous_9)
FNF:10
FNH:0
FNDA:0,(anonymous_0)
FNDA:0,(anonymous_1)
FNDA:0,(anonymous_2)
FNDA:0,(anonymous_3)
FNDA:0,(anonymous_4)
FNDA:0,(anonymous_5)
FNDA:0,(anonymous_6)
FNDA:0,(anonymous_7)
FNDA:0,(anonymous_8)
FNDA:0,(anonymous_9)
DA:17,0
DA:18,0
DA:19,0
DA:20,0
DA:22,0
DA:25,0
DA:27,0
DA:30,0
DA:32,0
DA:33,0
DA:36,0
DA:38,0
DA:39,0
DA:43,0
DA:48,0
DA:54,0
DA:62,0
DA:116,0
DA:147,0
LF:19
LH:0
BRDA:87,0,0,0
BRDA:87,0,1,0
BRF:2
BRH:0
end_of_record
TN:
SF:src\components\NomarInput\tests\demos\basic.tsx
FN:10,(anonymous_0)
FN:17,(anonymous_1)
FN:22,(anonymous_2)
FN:76,(anonymous_3)
FNF:4
FNH:4
FNDA:2,(anonymous_0)
FNDA:2,(anonymous_1)
FNDA:1,(anonymous_2)
FNDA:2,(anonymous_3)
DA:10,1
DA:11,2
DA:12,2
DA:13,2
DA:17,2
DA:18,2
DA:23,1
DA:24,1
DA:32,2
DA:39,2
DA:76,2
LF:11
LH:11
BRDA:67,0,0,1
BRDA:67,0,1,1
BRF:2
BRH:2
end_of_record
TN:
SF:src\components\NomarPicker\NomarPickerGroup.tsx
FN:10,(anonymous_0)
FN:31,(anonymous_1)
FN:39,(anonymous_2)
FN:47,(anonymous_3)
FN:54,(anonymous_4)
FN:68,(anonymous_5)
FN:74,(anonymous_6)
FN:102,(anonymous_7)
FN:105,(anonymous_8)
FNF:9
FNH:9
FNDA:203,(anonymous_0)
FNDA:33,(anonymous_1)
FNDA:51,(anonymous_2)
FNDA:38,(anonymous_3)
FNDA:60,(anonymous_4)
FNDA:10,(anonymous_5)
FNDA:7,(anonymous_6)
FNDA:2,(anonymous_7)
FNDA:9,(anonymous_8)
DA:10,17
DA:11,203
DA:12,203
DA:28,203
DA:29,203
DA:31,203
DA:34,33
DA:36,19
DA:37,19
DA:39,51
DA:40,14
DA:41,11
DA:43,3
DA:47,203
DA:48,38
DA:49,18
DA:54,60
DA:55,18
DA:56,3
DA:60,15
DA:64,20
DA:68,203
DA:69,10
DA:70,10
DA:71,10
DA:74,203
DA:75,7
DA:76,7
DA:79,203
DA:103,2
DA:106,9
LF:31
LH:31
BRDA:16,0,0,0
BRDA:18,1,0,11
BRDA:20,2,0,67
BRDA:21,3,0,192
BRDA:23,4,0,67
BRDA:24,5,0,203
BRDA:34,6,0,19
BRDA:34,6,1,14
BRDA:40,7,0,11
BRDA:40,7,1,3
BRDA:40,8,0,14
BRDA:40,8,1,14
BRDA:48,9,0,18
BRDA:48,9,1,20
BRDA:48,10,0,38
BRDA:48,10,1,38
BRDA:55,11,0,3
BRDA:55,11,1,15
BRDA:55,12,0,18
BRDA:55,12,1,18
BRDA:69,13,0,0
BRDA:69,13,1,10
BRDA:70,14,0,0
BRDA:70,14,1,10
BRDA:97,15,0,203
BRDA:97,15,1,10
BRDA:100,16,0,87
BRDA:100,16,1,116
BRF:28
BRH:25
end_of_record
TN:
SF:src\components\NomarPicker\index.tsx
FN:7,(anonymous_0)
FN:27,(anonymous_1)
FN:28,(anonymous_2)
FN:35,(anonymous_3)
FN:43,(anonymous_4)
FNF:5
FNH:5
FNDA:80,(anonymous_0)
FNDA:19,(anonymous_1)
FNDA:54,(anonymous_2)
FNDA:3,(anonymous_3)
FNDA:91,(anonymous_4)
DA:7,17
DA:8,80
DA:23,80
DA:25,80
DA:27,80
DA:28,54
DA:32,19
DA:35,80
DA:36,3
DA:39,80
DA:44,91
DA:60,17
LF:12
LH:12
BRDA:13,0,0,70
BRDA:15,1,0,80
BRDA:18,2,0,76
BRDA:25,3,0,0
BRDA:25,4,0,0
BRDA:36,5,0,3
BRDA:36,5,1,0
BRDA:42,6,0,80
BRDA:42,6,1,80
BRDA:50,7,0,80
BRDA:50,7,1,6
BRDA:50,7,2,6
BRF:12
BRH:9
end_of_record
TN:
SF:src\components\NomarPicker\interface.ts
FNF:0
FNH:0
LF:0
LH:0
BRF:0
BRH:0
end_of_record
TN:
SF:src\components\NomarPicker\demo\index.tsx
FN:15,(anonymous_0)
FN:17,(anonymous_1)
FN:22,(anonymous_2)
FN:95,(anonymous_3)
FN:99,(anonymous_4)
FNF:5
FNH:0
FNDA:0,(anonymous_0)
FNDA:0,(anonymous_1)
FNDA:0,(anonymous_2)
FNDA:0,(anonymous_3)
FNDA:0,(anonymous_4)
DA:15,0
DA:16,0
DA:17,0
DA:19,0
DA:22,0
DA:24,0
DA:27,0
DA:42,0
DA:57,0
DA:60,0
DA:68,0
DA:95,0
DA:99,0
LF:13
LH:0
BRF:0
BRH:0
end_of_record
TN:
SF:src\components\NomarPicker\tests\demos\basic.tsx
FN:11,(anonymous_0)
FN:57,(anonymous_1)
FN:97,(anonymous_2)
FNF:3
FNH:3
FNDA:1,(anonymous_0)
FNDA:1,(anonymous_1)
FNDA:2,(anonymous_2)
DA:11,1
DA:12,1
DA:14,1
DA:29,1
DA:44,1
DA:57,1
DA:82,1
DA:85,1
DA:93,1
DA:97,2
LF:10
LH:10
BRF:0
BRH:0
end_of_record
TN:
SF:src\components\NomarPicker\tests\demos\couplet.tsx
FN:31,(anonymous_0)
FN:35,(anonymous_1)
FN:36,(anonymous_2)
FN:37,(anonymous_3)
FN:45,(anonymous_4)
FN:46,(anonymous_5)
FN:51,(anonymous_6)
FN:56,(anonymous_7)
FN:77,(anonymous_8)
FN:104,(anonymous_9)
FN:106,(anonymous_10)
FN:116,(anonymous_11)
FNF:12
FNH:9
FNDA:6,(anonymous_0)
FNDA:1,(anonymous_1)
FNDA:1,(anonymous_2)
FNDA:1,(anonymous_3)
FNDA:1,(anonymous_4)
FNDA:1,(anonymous_5)
FNDA:0,(anonymous_6)
FNDA:0,(anonymous_7)
FNDA:1,(anonymous_8)
FNDA:0,(anonymous_9)
FNDA:1,(anonymous_10)
FNDA:1,(anonymous_11)
DA:12,1
DA:31,1
DA:32,6
DA:33,6
DA:34,6
DA:35,6
DA:36,1
DA:37,1
DA:38,1
DA:45,1
DA:46,1
DA:47,1
DA:51,6
DA:53,0
DA:56,6
DA:58,0
DA:61,6
DA:78,1
DA:93,6
DA:101,6
DA:104,0
DA:107,1
DA:117,1
LF:23
LH:20
BRF:0
BRH:0
end_of_record
TN:
SF:src\components\NomarRadio\index.tsx
FN:37,(anonymous_0)
FN:65,(anonymous_1)
FN:67,(anonymous_2)
FN:78,(anonymous_3)
FNF:4
FNH:4
FNDA:54,(anonymous_0)
FNDA:16,(anonymous_1)
FNDA:36,(anonymous_2)
FNDA:9,(anonymous_3)
DA:9,17
DA:37,17
DA:38,54
DA:60,54
DA:62,54
DA:63,54
DA:65,54
DA:66,16
DA:67,36
DA:71,16
DA:74,54
DA:75,5
DA:78,54
DA:79,9
DA:82,54
DA:112,17
LF:16
LH:16
BRDA:43,0,0,10
BRDA:44,1,0,49
BRDA:47,2,0,0
BRDA:48,3,0,37
BRDA:49,4,0,54
BRDA:50,5,0,49
BRDA:52,6,0,41
BRDA:53,7,0,49
BRDA:57,8,0,54
BRDA:58,9,0,49
BRDA:63,10,0,0
BRDA:63,11,0,0
BRDA:66,12,0,0
BRDA:66,12,1,16
BRDA:74,13,0,5
BRDA:74,13,1,49
BRDA:79,14,0,8
BRDA:79,14,1,1
BRDA:86,15,0,54
BRDA:86,15,1,54
BRDA:101,16,0,54
BRDA:101,16,1,44
BRDA:101,16,2,44
BRF:23
BRH:19
end_of_record
TN:
SF:src\components\NomarRadio\radioGroup.tsx
FN:25,(anonymous_0)
FN:57,(anonymous_1)
FN:63,(anonymous_2)
FN:71,(anonymous_3)
FN:76,(anonymous_4)
FN:84,(anonymous_5)
FN:90,(anonymous_6)
FN:132,(anonymous_7)
FN:139,(anonymous_8)
FNF:9
FNH:9
FNDA:132,(anonymous_0)
FNDA:27,(anonymous_1)
FNDA:36,(anonymous_2)
FNDA:20,(anonymous_3)
FNDA:21,(anonymous_4)
FNDA:10,(anonymous_5)
FNDA:21,(anonymous_6)
FNDA:296,(anonymous_7)
FNDA:10,(anonymous_8)
DA:6,17
DA:25,17
DA:38,132
DA:39,132
DA:42,132
DA:43,132
DA:44,15
DA:47,132
DA:57,132
DA:58,27
DA:59,11
DA:60,11
DA:62,16
DA:63,36
DA:64,16
DA:65,11
DA:67,5
DA:71,132
DA:72,20
DA:73,11
DA:74,11
DA:76,21
DA:77,9
DA:78,9
DA:80,0
DA:84,132
DA:88,10
DA:89,10
DA:90,21
DA:91,9
DA:92,9
DA:93,0
DA:94,0
DA:95,0
DA:98,9
DA:99,9
DA:102,0
DA:106,132
DA:133,296
DA:140,10
LF:40
LH:35
BRDA:27,0,0,0
BRDA:29,1,0,0
BRDA:30,2,0,0
BRDA:32,3,0,0
BRDA:34,4,0,0
BRDA:36,5,0,0
BRDA:43,6,0,15
BRDA:43,6,1,117
BRDA:58,7,0,11
BRDA:58,7,1,16
BRDA:64,8,0,11
BRDA:64,8,1,5
BRDA:64,9,0,16
BRDA:64,9,1,16
BRDA:72,10,0,11
BRDA:72,10,1,9
BRDA:77,11,0,9
BRDA:77,11,1,0
BRDA:77,12,0,9
BRDA:77,12,1,9
BRDA:89,13,0,1
BRDA:89,13,1,9
BRDA:91,14,0,9
BRDA:91,14,1,0
BRDA:91,15,0,9
BRDA:91,15,1,9
BRDA:92,16,0,0
BRDA:92,16,1,9
BRDA:93,17,0,0
BRDA:93,17,1,0
BRDA:113,18,0,132
BRDA:113,18,1,79
BRDA:149,19,0,296
BRDA:149,19,1,92
BRF:34
BRH:23
end_of_record
TN:
SF:src\components\NomarRadio\demo\index.tsx
FN:59,(anonymous_0)
FN:61,(anonymous_1)
FN:65,(anonymous_2)
FN:89,(anonymous_3)
FN:128,(anonymous_4)
FNF:5
FNH:0
FNDA:0,(anonymous_0)
FNDA:0,(anonymous_1)
FNDA:0,(anonymous_2)
FNDA:0,(anonymous_3)
FNDA:0,(anonymous_4)
DA:10,0
DA:21,0
DA:36,0
DA:59,0
DA:60,0
DA:61,0
DA:63,0
DA:65,0
DA:67,0
DA:69,0
DA:74,0
DA:81,0
DA:90,0
DA:128,0
LF:14
LH:0
BRF:0
BRH:0
end_of_record
TN:
SF:src\components\NomarRadio\tests\demos\basic.tsx
FN:58,(anonymous_0)
FN:71,(anonymous_1)
FN:163,(anonymous_2)
FNF:3
FNH:2
FNDA:1,(anonymous_0)
FNDA:0,(anonymous_1)
FNDA:2,(anonymous_2)
DA:11,1
DA:21,1
DA:35,1
DA:58,1
DA:59,1
DA:60,1
DA:64,1
DA:73,0
DA:110,1
DA:118,1
DA:163,2
LF:11
LH:10
BRF:0
BRH:0
end_of_record
TN:
SF:src\components\NomarSelect\NomarSelectGroup.tsx
FN:11,(anonymous_0)
FN:43,(anonymous_1)
FN:51,(anonymous_2)
FN:53,(anonymous_3)
FN:67,(anonymous_4)
FN:74,(anonymous_5)
FN:76,(anonymous_6)
FN:95,(anonymous_7)
FN:101,(anonymous_8)
FN:130,(anonymous_9)
FN:133,(anonymous_10)
FNF:11
FNH:11
FNDA:21,(anonymous_0)
FNDA:4,(anonymous_1)
FNDA:2,(anonymous_2)
FNDA:4,(anonymous_3)
FNDA:6,(anonymous_4)
FNDA:5,(anonymous_5)
FNDA:10,(anonymous_6)
FNDA:3,(anonymous_7)
FNDA:1,(anonymous_8)
FNDA:1,(anonymous_9)
FNDA:2,(anonymous_10)
DA:11,17
DA:13,21
DA:15,21
DA:39,21
DA:41,21
DA:43,21
DA:44,4
DA:45,3
DA:46,3
DA:48,1
DA:50,1
DA:51,1
DA:52,2
DA:53,4
DA:55,2
DA:57,2
DA:60,1
DA:61,1
DA:63,0
DA:67,21
DA:68,6
DA:69,3
DA:70,3
DA:72,3
DA:73,3
DA:74,3
DA:75,5
DA:76,10
DA:78,5
DA:81,0
DA:85,3
DA:86,0
DA:88,3
DA:91,0
DA:95,21
DA:96,3
DA:97,3
DA:98,3
DA:101,21
DA:102,1
DA:103,1
DA:106,21
DA:131,1
DA:134,2
LF:44
LH:40
BRDA:18,0,0,15
BRDA:20,1,0,0
BRDA:23,2,0,15
BRDA:26,3,0,0
BRDA:27,4,0,21
BRDA:28,5,0,14
BRDA:29,6,0,21
BRDA:31,7,0,21
BRDA:34,8,0,21
BRDA:35,9,0,21
BRDA:44,10,0,3
BRDA:44,10,1,1
BRDA:55,11,0,0
BRDA:55,11,1,2
BRDA:60,12,0,1
BRDA:60,12,1,0
BRDA:60,13,0,1
BRDA:60,13,1,1
BRDA:68,14,0,3
BRDA:68,14,1,3
BRDA:72,15,0,3
BRDA:72,15,1,0
BRDA:72,16,0,3
BRDA:72,16,1,3
BRDA:78,17,0,5
BRDA:78,17,1,0
BRDA:85,18,0,0
BRDA:85,18,1,3
BRDA:85,19,0,3
BRDA:85,19,1,3
BRDA:96,20,0,0
BRDA:96,20,1,3
BRDA:97,21,0,0
BRDA:97,21,1,3
BRDA:124,22,0,21
BRDA:124,22,1,3
BRDA:127,23,0,7
BRDA:127,23,1,14
BRF:38
BRH:29
end_of_record
TN:
SF:src\components\NomarSelect\index.tsx
FN:9,(anonymous_0)
FN:29,(anonymous_1)
FN:32,(anonymous_2)
FN:41,(anonymous_3)
FNF:4
FNH:4
FNDA:6,(anonymous_0)
FNDA:3,(anonymous_1)
FNDA:10,(anonymous_2)
FNDA:1,(anonymous_3)
DA:9,17
DA:23,6
DA:25,6
DA:26,6
DA:27,6
DA:29,6
DA:30,3
DA:31,3
DA:32,10
DA:36,5
DA:38,3
DA:41,6
DA:42,1
DA:43,1
DA:46,6
DA:69,17
LF:16
LH:16
BRDA:12,0,0,4
BRDA:15,1,0,0
BRDA:16,2,0,6
BRDA:18,3,0,6
BRDA:25,4,0,0
BRDA:25,5,0,0
BRDA:42,6,0,0
BRDA:42,6,1,1
BRDA:43,7,0,1
BRDA:43,7,1,0
BRDA:43,8,0,1
BRDA:43,8,1,1
BRDA:49,9,0,6
BRDA:49,9,1,6
BRDA:54,10,0,6
BRDA:54,10,1,6
BRDA:59,11,0,6
BRDA:59,11,1,2
BRDA:59,11,2,2
BRF:19
BRH:14
end_of_record
TN:
SF:src\components\NomarSelect\interface.ts
FNF:0
FNH:0
LF:0
LH:0
BRF:0
BRH:0
end_of_record
TN:
SF:src\components\NomarSelect\demo\index.tsx
FN:52,(anonymous_0)
FN:54,(anonymous_1)
FN:58,(anonymous_2)
FN:94,(anonymous_3)
FN:119,(anonymous_4)
FNF:5
FNH:0
FNDA:0,(anonymous_0)
FNDA:0,(anonymous_1)
FNDA:0,(anonymous_2)
FNDA:0,(anonymous_3)
FNDA:0,(anonymous_4)
DA:14,0
DA:37,0
DA:52,0
DA:53,0
DA:54,0
DA:56,0
DA:58,0
DA:60,0
DA:62,0
DA:68,0
DA:77,0
DA:95,0
DA:119,0
LF:13
LH:0
BRF:0
BRH:0
end_of_record
TN:
SF:src\components\NomarSelect\tests\demos\basic.tsx
FN:11,(anonymous_0)
FN:111,(anonymous_1)
FNF:2
FNH:2
FNDA:1,(anonymous_0)
FNDA:1,(anonymous_1)
DA:11,1
DA:12,1
DA:14,1
DA:37,1
DA:50,1
DA:57,1
DA:62,1
DA:81,1
DA:90,1
DA:111,1
LF:10
LH:10
BRF:0
BRH:0
end_of_record
TN:
SF:src\components\NomarSelect\tests\demos\couplet.tsx
FN:27,(anonymous_0)
FN:31,(anonymous_1)
FN:32,(anonymous_2)
FN:33,(anonymous_3)
FN:41,(anonymous_4)
FN:42,(anonymous_5)
FN:47,(anonymous_6)
FN:52,(anonymous_7)
FN:73,(anonymous_8)
FN:100,(anonymous_9)
FN:102,(anonymous_10)
FNF:11
FNH:8
FNDA:5,(anonymous_0)
FNDA:1,(anonymous_1)
FNDA:1,(anonymous_2)
FNDA:1,(anonymous_3)
FNDA:1,(anonymous_4)
FNDA:1,(anonymous_5)
FNDA:0,(anonymous_6)
FNDA:0,(anonymous_7)
FNDA:1,(anonymous_8)
FNDA:0,(anonymous_9)
FNDA:1,(anonymous_10)
DA:8,1
DA:27,1
DA:28,5
DA:29,5
DA:30,5
DA:31,5
DA:32,1
DA:33,1
DA:34,1
DA:41,1
DA:42,1
DA:43,1
DA:47,5
DA:49,0
DA:52,5
DA:54,0
DA:57,5
DA:74,1
DA:89,5
DA:97,5
DA:100,0
DA:103,1
LF:22
LH:19
BRF:0
BRH:0
end_of_record
TN:
SF:src\components\NomarSwitch\index.tsx
FN:22,(anonymous_0)
FNF:1
FNH:1
FNDA:4,(anonymous_0)
DA:22,17
DA:35,4
DA:36,4
DA:60,17
LF:4
LH:4
BRDA:26,0,0,2
BRDA:30,1,0,4
BRDA:31,2,0,4
BRDA:32,3,0,4
BRDA:33,4,0,2
BRDA:38,5,0,4
BRDA:38,5,1,4
BRDA:41,6,0,4
BRDA:41,6,1,2
BRDA:41,6,2,2
BRDA:49,7,0,4
BRDA:49,7,1,4
BRF:12
BRH:12
end_of_record
TN:
SF:src\components\NomarSwitch\demo\index.tsx
FN:17,(anonymous_0)
FN:19,(anonymous_1)
FN:24,(anonymous_2)
FN:87,(anonymous_3)
FNF:4
FNH:0
FNDA:0,(anonymous_0)
FNDA:0,(anonymous_1)
FNDA:0,(anonymous_2)
FNDA:0,(anonymous_3)
DA:17,0
DA:18,0
DA:19,0
DA:21,0
DA:24,0
DA:26,0
DA:29,0
DA:52,0
DA:53,0
DA:62,0
DA:87,0
LF:11
LH:0
BRF:0
BRH:0
end_of_record
TN:
SF:src\components\NomarSwitch\tests\demos\basic.tsx
FN:12,(anonymous_0)
FN:48,(anonymous_1)
FNF:2
FNH:2
FNDA:1,(anonymous_0)
FNDA:1,(anonymous_1)
DA:12,1
DA:13,1
DA:14,1
DA:15,1
DA:23,1
DA:48,1
LF:6
LH:6
BRF:0
BRH:0
end_of_record
TN:
SF:src\components\NomarText\index.tsx
FN:27,(anonymous_0)
FNF:1
FNH:0
FNDA:0,(anonymous_0)
DA:27,17
DA:44,0
DA:46,0
DA:48,0
DA:79,17
LF:5
LH:2
BRDA:29,0,0,0
BRDA:31,1,0,0
BRDA:32,2,0,0
BRDA:34,3,0,0
BRDA:37,4,0,0
BRDA:38,5,0,0
BRDA:39,6,0,0
BRDA:42,7,0,0
BRDA:51,8,0,0
BRDA:51,8,1,0
BRDA:69,9,0,0
BRDA:69,9,1,0
BRDA:69,9,2,0
BRF:13
BRH:0
end_of_record
TN:
SF:src\components\NomarText\demo\index.tsx
FN:15,(anonymous_0)
FN:18,(anonymous_1)
FN:20,(anonymous_2)
FN:22,(anonymous_3)
FN:27,(anonymous_4)
FN:57,(anonymous_5)
FN:69,(anonymous_6)
FN:79,(anonymous_7)
FN:110,(anonymous_8)
FNF:9
FNH:0
FNDA:0,(anonymous_0)
FNDA:0,(anonymous_1)
FNDA:0,(anonymous_2)
FNDA:0,(anonymous_3)
FNDA:0,(anonymous_4)
FNDA:0,(anonymous_5)
FNDA:0,(anonymous_6)
FNDA:0,(anonymous_7)
FNDA:0,(anonymous_8)
DA:15,0
DA:16,0
DA:18,0
DA:20,0
DA:22,0
DA:24,0
DA:27,0
DA:29,0
DA:32,0
DA:37,0
DA:44,0
DA:58,0
DA:71,0
DA:81,0
DA:110,0
LF:15
LH:0
BRF:0
BRH:0
end_of_record
TN:
SF:src\components\NomarTextArea\index.tsx
FN:28,(anonymous_0)
FN:52,(anonymous_1)
FN:61,(anonymous_2)
FN:77,(anonymous_3)
FN:92,(anonymous_4)
FNF:5
FNH:5
FNDA:17,(anonymous_0)
FNDA:17,(anonymous_1)
FNDA:1,(anonymous_2)
FNDA:34,(anonymous_3)
FNDA:1,(anonymous_4)
DA:28,17
DA:47,17
DA:49,17
DA:50,17
DA:52,17
DA:53,17
DA:61,17
DA:63,1
DA:66,17
DA:78,34
DA:93,1
DA:101,17
LF:12
LH:12
BRDA:31,0,0,9
BRDA:34,1,0,8
BRDA:36,2,0,5
BRDA:37,3,0,17
BRDA:38,4,0,13
BRDA:40,5,0,17
BRDA:42,6,0,13
BRDA:43,7,0,17
BRDA:50,8,0,4
BRDA:50,8,1,13
BRDA:54,9,0,17
BRDA:54,9,1,8
BRDA:54,9,2,8
BRDA:63,10,0,1
BRDA:63,10,1,0
BRDA:76,11,0,17
BRDA:76,11,1,17
BRDA:87,12,0,5
BRDA:87,12,1,12
BRF:19
BRH:18
end_of_record
TN:
SF:src\components\NomarTextArea\demo\index.tsx
FN:15,(anonymous_0)
FN:17,(anonymous_1)
FN:22,(anonymous_2)
FN:27,(anonymous_3)
FN:96,(anonymous_4)
FNF:5
FNH:0
FNDA:0,(anonymous_0)
FNDA:0,(anonymous_1)
FNDA:0,(anonymous_2)
FNDA:0,(anonymous_3)
FNDA:0,(anonymous_4)
DA:15,0
DA:16,0
DA:17,0
DA:19,0
DA:22,0
DA:24,0
DA:27,0
DA:28,0
DA:31,0
DA:35,0
DA:43,0
DA:96,0
LF:12
LH:0
BRF:0
BRH:0
end_of_record
TN:
SF:src\components\NomarTextArea\tests\demos\basic.tsx
FN:14,(anonymous_0)
FN:27,(anonymous_1)
FN:75,(anonymous_2)
FNF:3
FNH:3
FNDA:1,(anonymous_0)
FNDA:1,(anonymous_1)
FNDA:2,(anonymous_2)
DA:14,1
DA:16,1
DA:17,1
DA:20,1
DA:27,1
DA:28,1
DA:31,1
DA:76,2
LF:8
LH:8
BRF:0
BRH:0
end_of_record
TN:
SF:src\components\RangeDatePicker\index.tsx
FN:28,(anonymous_0)
FN:74,(anonymous_1)
FN:83,(anonymous_2)
FN:98,(anonymous_3)
FN:118,(anonymous_4)
FN:127,(anonymous_5)
FN:139,(anonymous_6)
FNF:7
FNH:7
FNDA:23,(anonymous_0)
FNDA:33,(anonymous_1)
FNDA:1,(anonymous_2)
FNDA:3,(anonymous_3)
FNDA:31,(anonymous_4)
FNDA:2,(anonymous_5)
FNDA:4,(anonymous_6)
DA:28,17
DA:29,23
DA:30,23
DA:51,23
DA:53,23
DA:55,23
DA:75,33
DA:76,33
DA:84,1
DA:85,1
DA:98,3
DA:119,31
DA:120,31
DA:128,2
DA:129,2
DA:139,4
DA:148,17
LF:17
LH:17
BRDA:34,0,0,23
BRDA:35,1,0,23
BRDA:36,2,0,17
BRDA:41,3,0,7
BRDA:42,4,0,17
BRDA:43,5,0,23
BRDA:47,6,0,23
BRDA:48,7,0,23
BRDA:49,8,0,23
BRDA:62,9,0,23
BRDA:62,9,1,0
BRDA:63,10,0,23
BRDA:63,10,1,0
BRDA:68,11,0,23
BRDA:68,11,1,0
BRDA:73,12,0,23
BRDA:73,12,1,23
BRDA:75,13,0,33
BRDA:75,13,1,33
BRDA:85,14,0,1
BRDA:85,14,1,0
BRDA:89,15,0,23
BRDA:89,15,1,0
BRDA:96,16,0,23
BRDA:96,16,1,17
BRDA:100,17,0,23
BRDA:100,17,1,0
BRDA:102,18,0,0
BRDA:102,18,1,0
BRDA:102,18,2,0
BRDA:113,19,0,23
BRDA:113,19,1,0
BRDA:117,20,0,23
BRDA:117,20,1,23
BRDA:119,21,0,31
BRDA:119,21,1,31
BRDA:129,22,0,2
BRDA:129,22,1,0
BRDA:129,22,2,0
BRDA:140,23,0,23
BRDA:140,23,1,13
BRF:41
BRH:29
end_of_record
TN:
SF:src\components\RangeDatePicker\demo\index.tsx
FN:15,(anonymous_0)
FN:17,(anonymous_1)
FN:22,(anonymous_2)
FN:50,(anonymous_3)
FN:79,(anonymous_4)
FNF:5
FNH:0
FNDA:0,(anonymous_0)
FNDA:0,(anonymous_1)
FNDA:0,(anonymous_2)
FNDA:0,(anonymous_3)
FNDA:0,(anonymous_4)
DA:15,0
DA:16,0
DA:17,0
DA:19,0
DA:22,0
DA:24,0
DA:27,0
DA:32,0
DA:40,0
DA:52,0
DA:79,0
LF:11
LH:0
BRF:0
BRH:0
end_of_record
TN:
SF:src\components\RangeDatePicker\tests\demos\basic.tsx
FN:11,(anonymous_0)
FN:35,(anonymous_1)
FN:50,(anonymous_2)
FNF:3
FNH:2
FNDA:1,(anonymous_0)
FNDA:0,(anonymous_1)
FNDA:2,(anonymous_2)
DA:11,1
DA:12,1
DA:14,1
DA:18,1
DA:26,1
DA:37,0
DA:50,2
LF:7
LH:6
BRF:0
BRH:0
end_of_record
TN:
SF:src\components\TextItem\index.tsx
FN:10,(anonymous_0)
FN:31,(anonymous_1)
FN:45,(anonymous_2)
FN:63,(anonymous_3)
FN:83,(anonymous_4)
FN:107,(anonymous_5)
FNF:6
FNH:5
FNDA:536,(anonymous_0)
FNDA:89,(anonymous_1)
FNDA:453,(anonymous_2)
FNDA:28,(anonymous_3)
FNDA:28,(anonymous_4)
FNDA:0,(anonymous_5)
DA:8,17
DA:10,17
DA:11,536
DA:12,536
DA:13,536
DA:29,536
DA:31,536
DA:32,89
DA:33,89
DA:35,0
DA:36,0
DA:37,0
DA:38,0
DA:40,0
DA:45,536
DA:46,453
DA:47,40
DA:48,40
DA:49,40
DA:53,536
DA:63,536
DA:64,28
DA:65,27
DA:68,536
DA:84,28
DA:108,0
LF:26
LH:20
BRDA:16,0,0,0
BRDA:17,1,0,0
BRDA:18,2,0,0
BRDA:20,3,0,0
BRDA:21,4,0,413
BRDA:26,5,0,422
BRDA:27,6,0,338
BRDA:28,7,0,338
BRDA:33,8,0,0
BRDA:33,8,1,89
BRDA:33,9,0,89
BRDA:33,9,1,0
BRDA:37,10,0,0
BRDA:37,10,1,0
BRDA:46,11,0,40
BRDA:46,11,1,413
BRDA:46,12,0,453
BRDA:46,12,1,453
BRDA:48,13,0,0
BRDA:48,13,1,40
BRDA:48,14,0,40
BRDA:48,14,1,29
BRDA:64,15,0,1
BRDA:64,15,1,27
BRDA:65,16,0,27
BRDA:65,16,1,0
BRDA:70,17,0,536
BRDA:70,17,1,504
BRDA:91,18,0,536
BRDA:91,18,1,26
BRDA:95,19,0,32
BRDA:95,19,1,504
BRDA:98,20,0,0
BRDA:98,20,1,536
BRDA:98,21,0,536
BRDA:98,21,1,0
BRDA:98,21,2,0
BRDA:102,22,0,536
BRDA:102,22,1,335
BRDA:104,23,0,536
BRDA:104,23,1,0
BRDA:104,23,2,0
BRDA:111,24,0,0
BRDA:111,24,1,0
BRDA:115,25,0,536
BRDA:115,25,1,476
BRDA:116,26,0,536
BRDA:116,26,1,504
BRF:48
BRH:31
end_of_record
TN:
SF:src\components\TextItem\interface.ts
FNF:0
FNH:0
LF:0
LH:0
BRF:0
BRH:0
end_of_record
TN:
SF:src\components\Title\index.tsx
FN:18,(anonymous_0)
FNF:1
FNH:1
FNDA:315,(anonymous_0)
DA:18,17
DA:30,315
DA:31,315
LF:3
LH:3
BRDA:20,0,0,0
BRDA:21,1,0,312
BRDA:22,2,0,163
BRDA:23,3,0,315
BRDA:24,4,0,0
BRDA:35,5,0,100
BRDA:35,5,1,215
BRDA:36,6,0,315
BRDA:36,6,1,315
BRDA:39,7,0,315
BRDA:39,7,1,100
BRDA:46,8,0,100
BRDA:46,8,1,64
BRDA:46,8,2,64
BRDA:51,9,0,100
BRDA:51,9,1,4
BRDA:51,9,2,4
BRDA:57,10,0,315
BRDA:57,10,1,315
BRDA:57,10,2,25
BRF:20
BRH:18
end_of_record
TN:
SF:src\const\index.ts
FNF:0
FNH:0
DA:1,17
LF:1
LH:1
BRF:0
BRH:0
end_of_record
TN:
SF:src\tests\groupUsage\groupUsageTest.tsx
FN:45,(anonymous_0)
FN:47,(anonymous_1)
FN:52,(anonymous_2)
FN:108,(anonymous_3)
FN:126,(anonymous_4)
FN:126,(anonymous_5)
FN:136,(anonymous_6)
FNF:7
FNH:5
FNDA:1,(anonymous_0)
FNDA:0,(anonymous_1)
FNDA:1,(anonymous_2)
FNDA:0,(anonymous_3)
FNDA:27,(anonymous_4)
FNDA:27,(anonymous_5)
FNDA:1,(anonymous_6)
DA:20,1
DA:22,1
DA:27,1
DA:33,1
DA:39,1
DA:45,1
DA:46,1
DA:47,1
DA:49,0
DA:52,1
DA:54,1
DA:57,1
DA:58,1
DA:65,1
DA:110,0
DA:126,27
DA:136,1
LF:17
LH:15
BRF:0
BRH:0
end_of_record
TN:
SF:src\tests\groupUsage\jsonGroupTest.tsx
FN:104,(anonymous_0)
FN:124,(anonymous_1)
FN:124,(anonymous_2)
FN:135,(anonymous_3)
FN:139,(anonymous_4)
FN:145,(anonymous_5)
FN:148,(anonymous_6)
FN:164,(anonymous_7)
FNF:8
FNH:6
FNDA:0,(anonymous_0)
FNDA:30,(anonymous_1)
FNDA:30,(anonymous_2)
FNDA:2,(anonymous_3)
FNDA:1,(anonymous_4)
FNDA:0,(anonymous_5)
FNDA:1,(anonymous_6)
FNDA:1,(anonymous_7)
DA:10,1
DA:14,1
DA:20,1
DA:26,1
DA:32,1
DA:106,0
DA:124,30
DA:135,1
DA:136,2
DA:137,2
DA:139,2
DA:140,1
DA:145,2
DA:146,0
DA:148,2
DA:149,1
DA:152,2
DA:160,2
DA:164,1
LF:19
LH:17
BRF:0
BRH:0
end_of_record
TN:
SF:src\tests\relativesUsage\basic.tsx
FN:123,(anonymous_0)
FN:133,(anonymous_1)
FN:250,(anonymous_2)
FN:256,(anonymous_3)
FNF:4
FNH:4
FNDA:6,(anonymous_0)
FNDA:3,(anonymous_1)
FNDA:2,(anonymous_2)
FNDA:2,(anonymous_3)
DA:17,1
DA:19,1
DA:23,1
DA:29,1
DA:35,1
DA:42,1
DA:123,1
DA:124,6
DA:125,6
DA:126,6
DA:133,6
DA:134,3
DA:139,6
DA:183,6
DA:190,6
DA:191,2
DA:194,6
DA:251,2
DA:256,2
LF:19
LH:19
BRDA:130,0,0,2
BRDA:130,0,1,4
BRDA:135,1,0,1
BRDA:135,1,1,2
BRDA:190,2,0,2
BRDA:190,2,1,4
BRDA:197,3,0,6
BRDA:197,3,1,4
BRDA:206,4,0,6
BRDA:206,4,1,4
BRDA:207,5,0,6
BRDA:207,5,1,4
BRDA:215,6,0,6
BRDA:215,6,1,4
BRDA:223,7,0,6
BRDA:223,7,1,4
BRDA:232,8,0,6
BRDA:232,8,1,4
BRF:18
BRH:18
end_of_record
TN:
SF:src\utils\index.tsx
FN:4,(anonymous_0)
FN:13,(anonymous_1)
FN:15,(anonymous_2)
FN:25,(anonymous_3)
FN:57,(anonymous_4)
FN:60,(anonymous_5)
FN:72,(anonymous_6)
FN:74,(anonymous_7)
FN:85,(anonymous_8)
FN:94,(anonymous_9)
FN:101,(anonymous_10)
FN:112,(anonymous_11)
FN:120,(anonymous_12)
FN:130,(anonymous_13)
FN:134,(anonymous_14)
FN:140,(anonymous_15)
FN:197,(anonymous_16)
FN:199,(anonymous_17)
FN:200,(anonymous_18)
FNF:19
FNH:3
FNDA:0,(anonymous_0)
FNDA:0,(anonymous_1)
FNDA:0,(anonymous_2)
FNDA:20,(anonymous_3)
FNDA:1,(anonymous_4)
FNDA:6,(anonymous_5)
FNDA:0,(anonymous_6)
FNDA:0,(anonymous_7)
FNDA:0,(anonymous_8)
FNDA:0,(anonymous_9)
FNDA:0,(anonymous_10)
FNDA:0,(anonymous_11)
FNDA:0,(anonymous_12)
FNDA:0,(anonymous_13)
FNDA:0,(anonymous_14)
FNDA:0,(anonymous_15)
FNDA:0,(anonymous_16)
FNDA:0,(anonymous_17)
FNDA:0,(anonymous_18)
DA:4,17
DA:13,0
DA:14,0
DA:15,0
DA:16,0
DA:18,0
DA:25,17
DA:30,20
DA:31,20
DA:33,4
DA:34,4
DA:36,2
DA:37,2
DA:39,0
DA:40,0
DA:42,0
DA:43,0
DA:45,14
DA:46,14
DA:48,20
DA:49,0
DA:51,20
DA:52,7
DA:54,20
DA:57,17
DA:58,1
DA:59,1
DA:60,6
DA:62,1
DA:72,17
DA:73,0
DA:74,0
DA:76,0
DA:77,0
DA:79,0
DA:82,0
DA:85,17
DA:89,0
DA:90,0
DA:91,0
DA:94,17
DA:99,0
DA:100,0
DA:101,0
DA:102,0
DA:104,0
DA:106,0
DA:112,17
DA:113,0
DA:114,0
DA:120,17
DA:126,0
DA:127,0
DA:129,0
DA:130,0
DA:132,0
DA:133,0
DA:134,0
DA:136,0
DA:138,0
DA:139,0
DA:140,0
DA:141,0
DA:143,0
DA:144,0
DA:146,0
DA:147,0
DA:148,0
DA:150,0
DA:151,0
DA:153,0
DA:155,0
DA:157,0
DA:158,0
DA:163,0
DA:164,0
DA:170,0
DA:171,0
DA:173,0
DA:175,0
DA:177,0
DA:182,0
DA:184,0
DA:185,0
DA:186,0
DA:187,0
DA:189,0
DA:190,0
DA:194,0
DA:197,0
DA:199,0
DA:200,0
DA:203,0
LF:93
LH:24
BRDA:31,0,0,4
BRDA:31,0,1,2
BRDA:31,0,2,0
BRDA:31,0,3,0
BRDA:31,0,4,14
BRDA:48,1,0,0
BRDA:48,1,1,20
BRDA:48,2,0,20
BRDA:48,2,1,7
BRDA:51,3,0,7
BRDA:51,3,1,13
BRDA:51,4,0,20
BRDA:51,4,1,7
BRDA:76,5,0,0
BRDA:76,5,1,0
BRDA:86,6,0,0
BRDA:87,7,0,0
BRDA:89,8,0,0
BRDA:89,8,1,0
BRDA:95,9,0,0
BRDA:96,10,0,0
BRDA:97,11,0,0
BRDA:99,12,0,0
BRDA:99,12,1,0
BRDA:99,13,0,0
BRDA:99,13,1,0
BRDA:120,14,0,0
BRDA:126,15,0,0
BRDA:126,15,1,0
BRDA:153,16,0,0
BRDA:153,16,1,0
BRDA:153,17,0,0
BRDA:153,17,1,0
BRDA:155,18,0,0
BRDA:155,18,1,0
BRDA:178,19,0,0
BRDA:178,19,1,0
BRDA:191,20,0,0
BRDA:191,20,1,0
BRF:39
BRH:10
end_of_record
TN:
SF:src\utils\menu.ts
FNF:0
FNH:0
DA:1,17
DA:21,17
DA:23,17
LF:3
LH:3
BRF:0
BRH:0
end_of_record
TN:
SF:src\utils\tool.ts
FN:7,(anonymous_0)
FN:24,(anonymous_1)
FN:27,(anonymous_2)
FN:40,(anonymous_3)
FN:53,(anonymous_4)
FN:67,(anonymous_5)
FN:69,(anonymous_6)
FN:80,(anonymous_7)
FNF:8
FNH:8
FNDA:52,(anonymous_0)
FNDA:16,(anonymous_1)
FNDA:22,(anonymous_2)
FNDA:16,(anonymous_3)
FNDA:12,(anonymous_4)
FNDA:250,(anonymous_5)
FNDA:1045,(anonymous_6)
FNDA:315,(anonymous_7)
DA:7,17
DA:11,52
DA:12,52
DA:13,52
DA:14,18
DA:15,18
DA:17,34
DA:24,17
DA:25,16
DA:26,16
DA:27,16
DA:28,22
DA:30,16
DA:40,17
DA:45,16
DA:50,0
DA:51,0
DA:53,16
DA:54,12
DA:55,12
DA:56,0
DA:63,16
DA:64,16
DA:67,17
DA:68,250
DA:69,250
DA:71,1045
DA:72,847
DA:74,198
DA:77,250
DA:80,17
DA:81,315
DA:82,3
DA:84,315
DA:85,250
DA:86,250
DA:87,250
DA:88,5
DA:89,245
DA:90,8
DA:91,0
DA:93,8
DA:97,250
LF:43
LH:39
BRDA:13,0,0,18
BRDA:13,0,1,34
BRDA:25,1,0,0
BRDA:45,2,0,0
BRDA:45,2,1,16
BRDA:46,3,0,16
BRDA:46,3,1,16
BRDA:46,3,2,16
BRDA:50,4,0,0
BRDA:50,4,1,0
BRDA:55,5,0,0
BRDA:55,5,1,12
BRDA:55,6,0,12
BRDA:55,6,1,11
BRDA:63,7,0,12
BRDA:63,7,1,4
BRDA:64,8,0,16
BRDA:64,8,1,0
BRDA:71,9,0,847
BRDA:71,9,1,198
BRDA:81,10,0,3
BRDA:81,10,1,312
BRDA:84,11,0,65
BRDA:84,11,1,250
BRDA:84,12,0,315
BRDA:84,12,1,262
BRDA:85,13,0,250
BRDA:85,13,1,0
BRDA:87,14,0,5
BRDA:87,14,1,245
BRDA:89,15,0,8
BRDA:89,15,1,237
BRDA:89,16,0,245
BRDA:89,16,1,237
BRDA:90,17,0,0
BRDA:90,17,1,8
BRF:36
BRH:28
end_of_record
