TN:
SF:src/DynamicForm.tsx
FN:146,(anonymous_0)
FN:162,(anonymous_1)
FN:175,(anonymous_2)
FN:213,(anonymous_3)
FN:214,(anonymous_4)
FN:234,(anonymous_5)
FN:240,(anonymous_6)
FN:246,(anonymous_7)
FN:261,(anonymous_8)
FN:265,(anonymous_9)
FN:268,(anonymous_10)
FN:287,(anonymous_11)
FNF:12
FNH:10
FNDA:6,(anonymous_0)
FNDA:1,(anonymous_1)
FNDA:0,(anonymous_2)
FNDA:6,(anonymous_3)
FNDA:6,(anonymous_4)
FNDA:6,(anonymous_5)
FNDA:6,(anonymous_6)
FNDA:6,(anonymous_7)
FNDA:1,(anonymous_8)
FNDA:1,(anonymous_9)
FNDA:0,(anonymous_10)
FNDA:1,(anonymous_11)
DA:43,1
DA:146,1
DA:152,6
DA:153,6
DA:154,6
DA:162,1
DA:167,1
DA:172,0
DA:173,0
DA:175,1
DA:176,0
DA:177,0
DA:179,0
DA:186,1
DA:187,1
DA:213,1
DA:214,6
DA:215,6
DA:216,0
DA:218,6
DA:219,0
DA:220,0
DA:221,0
DA:222,0
DA:223,0
DA:224,0
DA:225,0
DA:227,0
DA:231,0
DA:234,1
DA:239,6
DA:241,6
DA:246,1
DA:259,6
DA:261,6
DA:262,1
DA:263,1
DA:264,1
DA:265,1
DA:267,1
DA:268,0
DA:269,0
DA:271,0
DA:275,1
DA:280,6
DA:281,6
DA:288,1
LF:47
LH:29
BRDA:149,0,0,6
BRDA:167,1,0,0
BRDA:167,1,1,1
BRDA:168,2,0,1
BRDA:168,2,1,1
BRDA:168,2,2,1
BRDA:172,3,0,0
BRDA:172,3,1,0
BRDA:177,4,0,0
BRDA:177,4,1,0
BRDA:186,5,0,0
BRDA:186,5,1,1
BRDA:187,6,0,1
BRDA:187,6,1,0
BRDA:215,7,0,0
BRDA:215,7,1,6
BRDA:218,8,0,6
BRDA:218,8,1,0
BRDA:218,9,0,6
BRDA:218,9,1,6
BRDA:219,10,0,0
BRDA:219,10,1,0
BRDA:221,11,0,0
BRDA:221,11,1,0
BRDA:223,12,0,0
BRDA:223,12,1,0
BRDA:223,13,0,0
BRDA:223,13,1,0
BRDA:224,14,0,0
BRDA:224,14,1,0
BRDA:248,15,0,0
BRDA:250,16,0,6
BRDA:251,17,0,0
BRDA:256,18,0,0
BRDA:257,19,0,0
BRDA:262,20,0,1
BRDA:262,20,1,0
BRDA:263,21,0,1
BRDA:263,21,1,0
BRDA:263,22,0,1
BRDA:263,22,1,1
BRDA:267,23,0,0
BRDA:267,23,1,1
BRDA:267,24,0,1
BRDA:267,24,1,1
BRDA:295,25,0,6
BRDA:295,25,1,0
BRF:47
BRH:20
end_of_record
TN:
SF:src/PropsType.ts
FNF:0
FNH:0
LF:0
LH:0
BRF:0
BRH:0
end_of_record
TN:
SF:src/index.ts
FNF:0
FNH:0
LF:0
LH:0
BRF:0
BRH:0
end_of_record
TN:
SF:src/.umi/umi.ts
FN:14,(anonymous_0)
FN:17,(anonymous_1)
FN:48,(anonymous_2)
FN:51,(anonymous_3)
FNF:4
FNH:0
FNDA:0,(anonymous_0)
FNDA:0,(anonymous_1)
FNDA:0,(anonymous_2)
FNDA:0,(anonymous_3)
DA:14,0
DA:18,0
DA:30,0
DA:35,0
DA:39,0
DA:46,0
DA:48,0
DA:49,0
DA:50,0
DA:51,0
DA:52,0
DA:55,0
LF:12
LH:0
BRDA:14,0,0,0
BRDA:22,1,0,0
BRDA:22,1,1,0
BRDA:46,2,0,0
BRDA:46,2,1,0
BRDA:50,3,0,0
BRDA:50,3,1,0
BRF:7
BRH:0
end_of_record
TN:
SF:src/.umi/core/devScripts.ts
FN:4,tryApplyUpdates
FN:11,isUpdateAvailable
FN:22,handleApplyUpdates
FN:38,(anonymous_3)
FN:41,(anonymous_4)
FNF:5
FNH:0
FNDA:0,tryApplyUpdates
FNDA:0,isUpdateAvailable
FNDA:0,handleApplyUpdates
FNDA:0,(anonymous_3)
FNDA:0,(anonymous_4)
DA:3,0
DA:6,0
DA:7,0
DA:8,0
DA:13,0
DA:18,0
DA:19,0
DA:23,0
DA:24,0
DA:25,0
DA:28,0
DA:30,0
DA:32,0
DA:37,0
DA:39,0
DA:42,0
DA:47,0
DA:52,0
LF:18
LH:0
BRDA:3,0,0,0
BRDA:3,0,1,0
BRDA:6,1,0,0
BRDA:6,1,1,0
BRDA:18,2,0,0
BRDA:18,2,1,0
BRDA:18,3,0,0
BRDA:18,3,1,0
BRDA:23,4,0,0
BRDA:23,4,1,0
BRDA:23,5,0,0
BRDA:23,5,1,0
BRDA:23,5,2,0
BRDA:30,6,0,0
BRDA:30,6,1,0
BRF:15
BRH:0
end_of_record
TN:
SF:src/.umi/core/history.ts
FN:13,(anonymous_0)
FNF:1
FNH:0
FNDA:0,(anonymous_0)
DA:4,0
DA:7,0
DA:8,0
DA:12,0
DA:13,0
DA:14,0
DA:15,0
DA:18,0
LF:8
LH:0
BRDA:7,0,0,0
BRDA:7,0,1,0
BRDA:12,1,0,0
BRDA:12,1,1,0
BRDA:13,2,0,0
BRDA:14,3,0,0
BRDA:14,3,1,0
BRF:7
BRH:0
end_of_record
TN:
SF:src/.umi/core/plugin.ts
FNF:0
FNH:0
DA:4,0
LF:1
LH:0
BRF:0
BRH:0
end_of_record
TN:
SF:src/.umi/core/pluginRegister.ts
FNF:0
FNH:0
DA:5,0
LF:1
LH:0
BRF:0
BRH:0
end_of_record
TN:
SF:src/.umi/core/polyfill.ts
FNF:0
FNH:0
LF:0
LH:0
BRF:0
BRH:0
end_of_record
TN:
SF:src/.umi/core/routes.ts
FN:7,getRoutes
FN:13,(anonymous_1)
FN:1006,(anonymous_2)
FNF:3
FNH:0
FNDA:0,getRoutes
FNDA:0,(anonymous_1)
FNDA:0,(anonymous_2)
DA:8,0
DA:14,0
DA:15,0
DA:16,0
DA:17,0
DA:20,0
DA:23,0
DA:25,0
DA:28,0
DA:32,0
DA:39,0
DA:1006,0
DA:1011,0
DA:1017,0
LF:14
LH:0
BRDA:25,0,0,0
BRDA:25,0,1,0
BRDA:25,0,2,0
BRF:3
BRH:0
end_of_record
TN:
SF:src/.umi/core/umiExports.ts
FNF:0
FNH:0
LF:0
LH:0
BRF:0
BRH:0
end_of_record
TN:
SF:src/.umi/dumi/demos/index.ts
FNF:0
FNH:0
LF:0
LH:0
BRF:0
BRH:0
end_of_record
TN:
SF:src/assets/svg.ts
FNF:0
FNH:0
DA:1,0
LF:1
LH:0
BRF:0
BRH:0
end_of_record
TN:
SF:src/components/index.tsx
FNF:0
FNH:0
LF:0
LH:0
BRF:0
BRH:0
end_of_record
TN:
SF:src/components/AddressPicker/AddressPickerGroup.tsx
FN:15,(anonymous_0)
FN:64,(anonymous_1)
FN:81,(anonymous_2)
FN:88,(anonymous_3)
FN:104,(anonymous_4)
FN:112,(anonymous_5)
FN:173,(anonymous_6)
FN:198,(anonymous_7)
FN:256,(anonymous_8)
FN:263,(anonymous_9)
FN:272,(anonymous_10)
FN:283,(anonymous_11)
FN:286,(anonymous_12)
FN:314,(anonymous_13)
FN:317,(anonymous_14)
FNF:15
FNH:13
FNDA:24,(anonymous_0)
FNDA:2,(anonymous_1)
FNDA:7,(anonymous_2)
FNDA:5,(anonymous_3)
FNDA:3,(anonymous_4)
FNDA:3,(anonymous_5)
FNDA:2,(anonymous_6)
FNDA:3,(anonymous_7)
FNDA:0,(anonymous_8)
FNDA:0,(anonymous_9)
FNDA:2,(anonymous_10)
FNDA:47,(anonymous_11)
FNDA:2,(anonymous_12)
FNDA:400,(anonymous_13)
FNDA:3,(anonymous_14)
DA:8,1
DA:15,1
DA:43,24
DA:45,24
DA:47,24
DA:48,24
DA:51,24
DA:57,24
DA:58,24
DA:59,24
DA:60,24
DA:62,24
DA:64,24
DA:65,2
DA:67,2
DA:68,1
DA:72,2
DA:73,1
DA:76,2
DA:77,2
DA:78,2
DA:81,24
DA:83,7
DA:84,0
DA:88,24
DA:89,5
DA:90,2
DA:91,2
DA:92,2
DA:93,2
DA:94,2
DA:96,2
DA:97,1
DA:104,24
DA:105,3
DA:106,3
DA:112,24
DA:113,3
DA:116,3
DA:118,3
DA:119,3
DA:121,0
DA:122,0
DA:123,3
DA:125,1
DA:126,1
DA:127,1
DA:129,2
DA:130,2
DA:131,2
DA:136,2
DA:137,2
DA:139,3
DA:141,0
DA:143,0
DA:144,0
DA:145,0
DA:147,0
DA:149,0
DA:150,0
DA:155,0
DA:156,0
DA:157,0
DA:158,0
DA:165,3
DA:167,3
DA:173,24
DA:174,2
DA:175,2
DA:176,2
DA:177,2
DA:178,2
DA:179,2
DA:180,2
DA:182,2
DA:183,2
DA:184,2
DA:185,2
DA:190,2
DA:191,2
DA:198,24
DA:199,3
DA:201,3
DA:202,1
DA:203,1
DA:205,0
DA:206,0
DA:207,0
DA:208,0
DA:209,0
DA:210,0
DA:213,2
DA:214,2
DA:219,0
DA:220,0
DA:223,3
DA:226,24
DA:228,24
DA:229,49
DA:232,24
DA:256,0
DA:263,0
DA:273,2
DA:284,47
DA:287,2
DA:315,400
DA:318,3
LF:107
LH:83
BRDA:18,0,0,0
BRDA:19,1,0,0
BRDA:20,2,0,24
BRDA:22,3,0,2
BRDA:26,4,0,0
BRDA:27,5,0,7
BRDA:28,6,0,2
BRDA:29,7,0,24
BRDA:30,8,0,24
BRDA:33,9,0,24
BRDA:34,10,0,24
BRDA:35,11,0,24
BRDA:36,12,0,24
BRDA:37,13,0,24
BRDA:38,14,0,24
BRDA:39,15,0,24
BRDA:45,16,0,0
BRDA:45,17,0,0
BRDA:52,18,0,24
BRDA:52,18,1,0
BRDA:52,19,0,24
BRDA:52,19,1,24
BRDA:67,20,0,1
BRDA:67,20,1,1
BRDA:67,21,0,2
BRDA:67,21,1,1
BRDA:72,22,0,1
BRDA:72,22,1,1
BRDA:72,23,0,2
BRDA:72,23,1,2
BRDA:83,24,0,0
BRDA:83,24,1,7
BRDA:83,25,0,7
BRDA:83,25,1,0
BRDA:89,26,0,3
BRDA:89,26,1,2
BRDA:96,27,0,1
BRDA:96,27,1,1
BRDA:96,28,0,2
BRDA:96,28,1,1
BRDA:105,29,0,0
BRDA:105,29,1,3
BRDA:118,30,0,3
BRDA:118,30,1,0
BRDA:119,31,0,0
BRDA:119,31,1,3
BRDA:123,32,0,1
BRDA:123,32,1,2
BRDA:132,33,0,2
BRDA:132,33,1,0
BRDA:143,34,0,0
BRDA:143,34,1,0
BRDA:151,35,0,0
BRDA:151,35,1,0
BRDA:157,36,0,0
BRDA:157,36,1,0
BRDA:157,37,0,0
BRDA:157,37,1,0
BRDA:165,38,0,3
BRDA:165,38,1,0
BRDA:174,39,0,0
BRDA:174,39,1,2
BRDA:175,40,0,0
BRDA:175,40,1,2
BRDA:176,41,0,0
BRDA:176,41,1,2
BRDA:179,42,0,2
BRDA:179,42,1,0
BRDA:190,43,0,2
BRDA:190,43,1,0
BRDA:190,44,0,2
BRDA:190,44,1,2
BRDA:199,45,0,0
BRDA:199,45,1,3
BRDA:201,46,0,1
BRDA:201,46,1,2
BRDA:202,47,0,1
BRDA:202,47,1,0
BRDA:203,48,0,1
BRDA:203,48,1,0
BRDA:205,49,0,0
BRDA:205,49,1,0
BRDA:205,50,0,0
BRDA:205,50,1,0
BRDA:209,51,0,0
BRDA:209,51,1,0
BRDA:214,52,0,0
BRDA:214,52,1,2
BRDA:215,53,0,2
BRDA:215,53,1,0
BRDA:215,53,2,0
BRDA:245,54,0,24
BRDA:245,54,1,22
BRDA:245,54,2,22
BRDA:300,55,0,47
BRDA:300,55,1,24
BRDA:306,56,0,24
BRDA:306,56,1,24
BRDA:306,56,2,4
BRDA:306,56,3,4
BRDA:311,57,0,20
BRDA:311,57,1,4
BRDA:330,58,0,400
BRDA:330,58,1,10
BRF:104
BRH:66
end_of_record
TN:
SF:src/components/AddressPicker/index.tsx
FN:9,(anonymous_0)
FN:27,(anonymous_1)
FN:58,(anonymous_2)
FNF:3
FNH:3
FNDA:10,(anonymous_0)
FNDA:2,(anonymous_1)
FNDA:3,(anonymous_2)
DA:9,1
DA:10,10
DA:23,10
DA:25,10
DA:27,10
DA:31,2
DA:34,10
DA:64,3
DA:65,3
LF:9
LH:9
BRDA:15,0,0,1
BRDA:17,1,0,10
BRDA:18,2,0,10
BRDA:20,3,0,10
BRDA:31,4,0,0
BRDA:31,4,1,2
BRDA:31,5,0,2
BRDA:31,5,1,2
BRDA:35,6,0,0
BRDA:35,6,1,10
BRDA:36,7,0,10
BRDA:36,7,1,10
BRDA:38,8,0,10
BRDA:38,8,1,0
BRDA:45,9,0,0
BRDA:45,9,1,0
BRDA:45,9,2,0
BRDA:50,10,0,0
BRDA:50,10,1,0
BRDA:50,10,2,0
BRDA:57,11,0,10
BRDA:57,11,1,10
BRDA:64,12,0,3
BRDA:64,12,1,3
BRDA:70,13,0,0
BRDA:70,13,1,10
BRF:26
BRH:16
end_of_record
TN:
SF:src/components/AddressPicker/interface.ts
FNF:0
FNH:0
LF:0
LH:0
BRF:0
BRH:0
end_of_record
TN:
SF:src/components/AddressPicker/demo/index.tsx
FN:21,(anonymous_0)
FN:29,(anonymous_1)
FN:34,(anonymous_2)
FN:42,(anonymous_3)
FN:44,(anonymous_4)
FN:56,(anonymous_5)
FN:75,(anonymous_6)
FN:110,(anonymous_7)
FN:123,(anonymous_8)
FN:125,(anonymous_9)
FN:147,(anonymous_10)
FNF:11
FNH:0
FNDA:0,(anonymous_0)
FNDA:0,(anonymous_1)
FNDA:0,(anonymous_2)
FNDA:0,(anonymous_3)
FNDA:0,(anonymous_4)
FNDA:0,(anonymous_5)
FNDA:0,(anonymous_6)
FNDA:0,(anonymous_7)
FNDA:0,(anonymous_8)
FNDA:0,(anonymous_9)
FNDA:0,(anonymous_10)
DA:21,0
DA:22,0
DA:23,0
DA:29,0
DA:31,0
DA:34,0
DA:36,0
DA:39,0
DA:40,0
DA:42,0
DA:43,0
DA:44,0
DA:45,0
DA:46,0
DA:48,0
DA:49,0
DA:50,0
DA:53,0
DA:56,0
DA:57,0
DA:58,0
DA:60,0
DA:61,0
DA:64,0
DA:65,0
DA:67,0
DA:68,0
DA:70,0
DA:72,0
DA:73,0
DA:75,0
DA:76,0
DA:77,0
DA:78,0
DA:80,0
DA:81,0
DA:84,0
DA:85,0
DA:87,0
DA:93,0
DA:95,0
DA:97,0
DA:98,0
DA:101,0
DA:112,0
DA:124,0
DA:125,0
DA:126,0
DA:127,0
DA:134,0
DA:143,0
DA:147,0
LF:52
LH:0
BRDA:45,0,0,0
BRDA:45,0,1,0
BRDA:48,1,0,0
BRDA:48,1,1,0
BRDA:48,2,0,0
BRDA:48,2,1,0
BRDA:50,3,0,0
BRDA:50,3,1,0
BRDA:50,4,0,0
BRDA:50,4,1,0
BRDA:58,5,0,0
BRDA:58,5,1,0
BRDA:58,5,2,0
BRDA:58,5,3,0
BRDA:58,5,4,0
BRDA:78,6,0,0
BRDA:78,6,1,0
BRDA:78,6,2,0
BRDA:78,6,3,0
BRDA:78,6,4,0
BRF:20
BRH:0
end_of_record
TN:
SF:src/components/CoverRadio/index.tsx
FN:35,(anonymous_0)
FN:74,(anonymous_1)
FN:75,(anonymous_2)
FN:86,(anonymous_3)
FN:115,(anonymous_4)
FNF:5
FNH:0
FNDA:0,(anonymous_0)
FNDA:0,(anonymous_1)
FNDA:0,(anonymous_2)
FNDA:0,(anonymous_3)
FNDA:0,(anonymous_4)
DA:10,1
DA:35,1
DA:36,0
DA:37,0
DA:59,0
DA:61,0
DA:62,0
DA:64,0
DA:74,0
DA:75,0
DA:79,0
DA:82,0
DA:83,0
DA:86,0
DA:87,0
DA:90,0
DA:116,0
DA:117,0
LF:18
LH:2
BRDA:43,0,0,0
BRDA:44,1,0,0
BRDA:45,2,0,0
BRDA:50,3,0,0
BRDA:51,4,0,0
BRDA:52,5,0,0
BRDA:54,6,0,0
BRDA:58,7,0,0
BRDA:62,8,0,0
BRDA:62,9,0,0
BRDA:75,10,0,0
BRDA:75,10,1,0
BRDA:82,11,0,0
BRDA:82,11,1,0
BRDA:87,12,0,0
BRDA:87,12,1,0
BRDA:87,13,0,0
BRDA:87,13,1,0
BRDA:87,13,2,0
BRDA:91,14,0,0
BRDA:91,14,1,0
BRDA:92,15,0,0
BRDA:92,15,1,0
BRDA:105,16,0,0
BRDA:105,16,1,0
BRDA:105,16,2,0
BRDA:114,17,0,0
BRDA:114,17,1,0
BRDA:116,18,0,0
BRDA:116,18,1,0
BRF:30
BRH:0
end_of_record
TN:
SF:src/components/CoverRadio/radioGroup.tsx
FN:26,(anonymous_0)
FN:48,(anonymous_1)
FN:60,(anonymous_2)
FN:73,(anonymous_3)
FN:81,(anonymous_4)
FN:89,(anonymous_5)
FN:95,(anonymous_6)
FN:117,(anonymous_7)
FN:130,(anonymous_8)
FNF:9
FNH:0
FNDA:0,(anonymous_0)
FNDA:0,(anonymous_1)
FNDA:0,(anonymous_2)
FNDA:0,(anonymous_3)
FNDA:0,(anonymous_4)
FNDA:0,(anonymous_5)
FNDA:0,(anonymous_6)
FNDA:0,(anonymous_7)
FNDA:0,(anonymous_8)
DA:6,1
DA:26,1
DA:36,0
DA:37,0
DA:40,0
DA:43,0
DA:44,0
DA:45,0
DA:48,0
DA:49,0
DA:50,0
DA:51,0
DA:52,0
DA:54,0
DA:56,0
DA:57,0
DA:58,0
DA:60,0
DA:61,0
DA:62,0
DA:63,0
DA:65,0
DA:68,0
DA:69,0
DA:73,0
DA:75,0
DA:76,0
DA:77,0
DA:78,0
DA:79,0
DA:81,0
DA:82,0
DA:83,0
DA:85,0
DA:89,0
DA:93,0
DA:94,0
DA:95,0
DA:96,0
DA:97,0
DA:98,0
DA:99,0
DA:101,0
DA:102,0
DA:105,0
DA:109,0
DA:118,0
DA:131,0
LF:48
LH:2
BRDA:30,0,0,0
BRDA:31,1,0,0
BRDA:32,2,0,0
BRDA:33,3,0,0
BRDA:35,4,0,0
BRDA:44,5,0,0
BRDA:44,5,1,0
BRDA:49,6,0,0
BRDA:49,6,1,0
BRDA:56,7,0,0
BRDA:56,7,1,0
BRDA:56,8,0,0
BRDA:56,8,1,0
BRDA:61,9,0,0
BRDA:61,9,1,0
BRDA:61,10,0,0
BRDA:61,10,1,0
BRDA:63,11,0,0
BRDA:63,11,1,0
BRDA:75,12,0,0
BRDA:75,12,1,0
BRDA:75,13,0,0
BRDA:75,13,1,0
BRDA:76,14,0,0
BRDA:76,14,1,0
BRDA:82,15,0,0
BRDA:82,15,1,0
BRDA:82,16,0,0
BRDA:82,16,1,0
BRDA:94,17,0,0
BRDA:94,17,1,0
BRDA:96,18,0,0
BRDA:96,18,1,0
BRDA:96,19,0,0
BRDA:96,19,1,0
BRDA:97,20,0,0
BRDA:97,20,1,0
BRDA:123,21,0,0
BRDA:123,21,1,0
BRDA:126,22,0,0
BRDA:126,22,1,0
BRF:41
BRH:0
end_of_record
TN:
SF:src/components/CoverRadio/demo/basicRadio.tsx
FN:15,(anonymous_0)
FNF:1
FNH:0
FNDA:0,(anonymous_0)
DA:10,0
DA:15,0
DA:16,0
LF:3
LH:0
BRF:0
BRH:0
end_of_record
TN:
SF:src/components/CoverRadio/demo/index.tsx
FN:38,(anonymous_0)
FN:40,(anonymous_1)
FN:45,(anonymous_2)
FN:57,(anonymous_3)
FN:107,(anonymous_4)
FNF:5
FNH:0
FNDA:0,(anonymous_0)
FNDA:0,(anonymous_1)
FNDA:0,(anonymous_2)
FNDA:0,(anonymous_3)
FNDA:0,(anonymous_4)
DA:10,0
DA:15,0
DA:38,0
DA:39,0
DA:40,0
DA:42,0
DA:45,0
DA:47,0
DA:50,0
DA:59,0
DA:89,0
DA:94,0
DA:103,0
DA:107,0
LF:14
LH:0
BRF:0
BRH:0
end_of_record
TN:
SF:src/components/CoverRadio/demo/itemVertical.tsx
FN:33,(anonymous_0)
FNF:1
FNH:0
FNDA:0,(anonymous_0)
DA:10,0
DA:33,0
DA:34,0
LF:3
LH:0
BRF:0
BRH:0
end_of_record
TN:
SF:src/components/CoverRadio/demo/vertical.tsx
FN:15,(anonymous_0)
FNF:1
FNH:0
FNDA:0,(anonymous_0)
DA:10,0
DA:15,0
DA:16,0
LF:3
LH:0
BRF:0
BRH:0
end_of_record
TN:
SF:src/components/EditForm/EditForm.tsx
FNF:0
FNH:0
LF:0
LH:0
BRF:0
BRH:0
end_of_record
TN:
SF:src/components/ExtraInput/index.tsx
FN:29,(anonymous_0)
FN:52,(anonymous_1)
FNF:2
FNH:0
FNDA:0,(anonymous_0)
FNDA:0,(anonymous_1)
DA:29,1
DA:48,0
DA:50,0
DA:52,0
DA:53,0
DA:54,0
DA:73,0
DA:89,0
LF:8
LH:1
BRDA:31,0,0,0
BRDA:39,1,0,0
BRDA:40,2,0,0
BRDA:41,3,0,0
BRDA:46,4,0,0
BRDA:53,5,0,0
BRDA:53,5,1,0
BRDA:57,6,0,0
BRDA:57,6,1,0
BRDA:76,7,0,0
BRDA:76,7,1,0
BRDA:91,8,0,0
BRDA:91,8,1,0
BRDA:93,9,0,0
BRDA:93,9,1,0
BRDA:95,10,0,0
BRDA:95,10,1,0
BRDA:95,10,2,0
BRDA:110,11,0,0
BRDA:110,11,1,0
BRDA:124,12,0,0
BRDA:124,12,1,0
BRDA:129,13,0,0
BRDA:129,13,1,0
BRDA:131,14,0,0
BRDA:131,14,1,0
BRF:26
BRH:0
end_of_record
TN:
SF:src/components/ExtraInput/demo/index.tsx
FN:10,(anonymous_0)
FN:12,(anonymous_1)
FN:17,(anonymous_2)
FN:22,(anonymous_3)
FN:98,(anonymous_4)
FN:104,(anonymous_5)
FN:124,(anonymous_6)
FNF:7
FNH:0
FNDA:0,(anonymous_0)
FNDA:0,(anonymous_1)
FNDA:0,(anonymous_2)
FNDA:0,(anonymous_3)
FNDA:0,(anonymous_4)
FNDA:0,(anonymous_5)
FNDA:0,(anonymous_6)
DA:10,0
DA:11,0
DA:12,0
DA:14,0
DA:17,0
DA:19,0
DA:22,0
DA:24,0
DA:41,0
DA:100,0
DA:106,0
DA:111,0
DA:112,0
DA:120,0
DA:124,0
LF:15
LH:0
BRF:0
BRH:0
end_of_record
TN:
SF:src/components/ExtraInput/demo/positionInput.tsx
FN:12,(anonymous_0)
FN:12,(anonymous_1)
FN:14,(anonymous_2)
FNF:3
FNH:0
FNDA:0,(anonymous_0)
FNDA:0,(anonymous_1)
FNDA:0,(anonymous_2)
DA:12,0
DA:14,0
DA:15,0
LF:3
LH:0
BRF:0
BRH:0
end_of_record
TN:
SF:src/components/ExtraInput/demo/priceInput.tsx
FN:10,(anonymous_0)
FNF:1
FNH:0
FNDA:0,(anonymous_0)
DA:10,0
DA:11,0
LF:2
LH:0
BRF:0
BRH:0
end_of_record
TN:
SF:src/components/ExtraInput/demo/selectExtra.tsx
FN:27,(anonymous_0)
FNF:1
FNH:0
FNDA:0,(anonymous_0)
DA:10,0
DA:27,0
DA:28,0
LF:3
LH:0
BRF:0
BRH:0
end_of_record
TN:
SF:src/components/ExtraInput/demo/verticalExtraInput.tsx
FN:11,(anonymous_0)
FNF:1
FNH:0
FNDA:0,(anonymous_0)
DA:11,0
DA:12,0
LF:2
LH:0
BRF:0
BRH:0
end_of_record
TN:
SF:src/components/ExtraInput/demo/verticalExtraInputAndSelect.tsx
FN:28,(anonymous_0)
FNF:1
FNH:0
FNDA:0,(anonymous_0)
DA:11,0
DA:28,0
DA:29,0
LF:3
LH:0
BRF:0
BRH:0
end_of_record
TN:
SF:src/components/Field/index.tsx
FN:7,(anonymous_0)
FN:10,(anonymous_1)
FNF:2
FNH:2
FNDA:10,(anonymous_0)
FNDA:3,(anonymous_1)
DA:7,1
DA:10,10
DA:11,3
DA:12,3
DA:15,3
DA:18,10
LF:6
LH:6
BRDA:11,0,0,3
BRDA:11,0,1,0
BRDA:11,1,0,3
BRDA:11,1,1,3
BRF:4
BRH:3
end_of_record
TN:
SF:src/components/Hidden/index.tsx
FN:7,(anonymous_0)
FNF:1
FNH:0
FNDA:0,(anonymous_0)
DA:7,1
DA:8,0
DA:9,0
DA:11,0
LF:4
LH:1
BRDA:7,0,0,0
BRDA:8,1,0,0
BRDA:8,1,1,0
BRF:3
BRH:0
end_of_record
TN:
SF:src/components/InputItem/index.tsx
FN:11,(anonymous_0)
FN:43,(anonymous_1)
FN:46,(anonymous_2)
FN:93,(anonymous_3)
FN:105,(anonymous_4)
FN:118,(anonymous_5)
FN:123,(anonymous_6)
FN:126,(anonymous_7)
FN:130,(anonymous_8)
FNF:9
FNH:0
FNDA:0,(anonymous_0)
FNDA:0,(anonymous_1)
FNDA:0,(anonymous_2)
FNDA:0,(anonymous_3)
FNDA:0,(anonymous_4)
FNDA:0,(anonymous_5)
FNDA:0,(anonymous_6)
FNDA:0,(anonymous_7)
FNDA:0,(anonymous_8)
DA:9,1
DA:11,1
DA:29,0
DA:31,0
DA:33,0
DA:43,0
DA:44,0
DA:46,0
DA:47,0
DA:48,0
DA:49,0
DA:51,0
DA:52,0
DA:54,0
DA:55,0
DA:56,0
DA:57,0
DA:58,0
DA:59,0
DA:64,0
DA:66,0
DA:67,0
DA:71,0
DA:73,0
DA:74,0
DA:76,0
DA:79,0
DA:80,0
DA:81,0
DA:82,0
DA:83,0
DA:84,0
DA:85,0
DA:86,0
DA:87,0
DA:93,0
DA:94,0
DA:97,0
DA:106,0
DA:107,0
DA:119,0
DA:120,0
DA:121,0
DA:124,0
DA:125,0
DA:126,0
DA:127,0
DA:131,0
LF:48
LH:2
BRDA:13,0,0,0
BRDA:14,1,0,0
BRDA:15,2,0,0
BRDA:17,3,0,0
BRDA:19,4,0,0
BRDA:20,5,0,0
BRDA:21,6,0,0
BRDA:22,7,0,0
BRDA:23,8,0,0
BRDA:26,9,0,0
BRDA:27,10,0,0
BRDA:44,11,0,0
BRDA:44,11,1,0
BRDA:49,12,0,0
BRDA:49,12,1,0
BRDA:49,12,2,0
BRDA:49,12,3,0
BRDA:49,12,4,0
BRDA:49,12,5,0
BRDA:56,13,0,0
BRDA:56,13,1,0
BRDA:56,14,0,0
BRDA:56,14,1,0
BRDA:58,15,0,0
BRDA:58,15,1,0
BRDA:73,16,0,0
BRDA:73,16,1,0
BRDA:76,17,0,0
BRDA:76,17,1,0
BRDA:80,18,0,0
BRDA:80,18,1,0
BRDA:80,19,0,0
BRDA:80,19,1,0
BRDA:82,20,0,0
BRDA:82,20,1,0
BRDA:84,21,0,0
BRDA:84,21,1,0
BRDA:86,22,0,0
BRDA:86,22,1,0
BRDA:86,23,0,0
BRDA:86,23,1,0
BRDA:94,24,0,0
BRDA:94,24,1,0
BRDA:99,25,0,0
BRDA:99,25,1,0
BRDA:106,26,0,0
BRDA:106,26,1,0
BRDA:113,27,0,0
BRDA:113,27,1,0
BRDA:115,28,0,0
BRDA:115,28,1,0
BRDA:119,29,0,0
BRDA:119,29,1,0
BRDA:121,30,0,0
BRDA:121,30,1,0
BRDA:124,31,0,0
BRDA:124,31,1,0
BRDA:125,32,0,0
BRDA:125,32,1,0
BRDA:135,33,0,0
BRDA:135,33,1,0
BRDA:140,34,0,0
BRDA:140,34,1,0
BRDA:140,35,0,0
BRDA:140,35,1,0
BRDA:140,35,2,0
BRDA:140,35,3,0
BRDA:140,35,4,0
BRF:68
BRH:0
end_of_record
TN:
SF:src/components/InputItem/interface.ts
FNF:0
FNH:0
LF:0
LH:0
BRF:0
BRH:0
end_of_record
TN:
SF:src/components/InputItemaaa/index.tsx
FN:7,(anonymous_0)
FN:34,(anonymous_1)
FN:37,(anonymous_2)
FN:51,(anonymous_3)
FN:58,(anonymous_4)
FN:66,(anonymous_5)
FN:69,(anonymous_6)
FNF:7
FNH:0
FNDA:0,(anonymous_0)
FNDA:0,(anonymous_1)
FNDA:0,(anonymous_2)
FNDA:0,(anonymous_3)
FNDA:0,(anonymous_4)
FNDA:0,(anonymous_5)
FNDA:0,(anonymous_6)
DA:7,1
DA:21,0
DA:25,0
DA:34,0
DA:35,0
DA:37,0
DA:38,0
DA:41,0
DA:52,0
DA:58,0
DA:67,0
DA:70,0
LF:12
LH:1
BRDA:9,0,0,0
BRDA:10,1,0,0
BRDA:11,2,0,0
BRDA:13,3,0,0
BRDA:15,4,0,0
BRDA:16,5,0,0
BRDA:17,6,0,0
BRDA:18,7,0,0
BRDA:19,8,0,0
BRDA:20,9,0,0
BRDA:35,10,0,0
BRDA:35,10,1,0
BRDA:38,11,0,0
BRDA:38,11,1,0
BRDA:44,12,0,0
BRDA:44,12,1,0
BRDA:62,13,0,0
BRDA:62,13,1,0
BRDA:67,14,0,0
BRDA:67,14,1,0
BRDA:79,15,0,0
BRDA:79,15,1,0
BRF:22
BRH:0
end_of_record
TN:
SF:src/components/InputItemaaa/interface.ts
FNF:0
FNH:0
LF:0
LH:0
BRF:0
BRH:0
end_of_record
TN:
SF:src/components/MultiplePicker/index.tsx
FN:10,(anonymous_0)
FN:34,(anonymous_1)
FN:35,(anonymous_2)
FN:42,(anonymous_3)
FN:73,(anonymous_4)
FNF:5
FNH:0
FNDA:0,(anonymous_0)
FNDA:0,(anonymous_1)
FNDA:0,(anonymous_2)
FNDA:0,(anonymous_3)
FNDA:0,(anonymous_4)
DA:10,1
DA:11,0
DA:12,0
DA:30,0
DA:31,0
DA:32,0
DA:34,0
DA:35,0
DA:39,0
DA:42,0
DA:46,0
DA:47,0
DA:50,0
DA:74,0
DA:75,0
DA:77,0
DA:79,0
LF:17
LH:1
BRDA:17,0,0,0
BRDA:19,1,0,0
BRDA:20,2,0,0
BRDA:22,3,0,0
BRDA:25,4,0,0
BRDA:26,5,0,0
BRDA:32,6,0,0
BRDA:32,7,0,0
BRDA:46,8,0,0
BRDA:46,8,1,0
BRDA:47,9,0,0
BRDA:47,9,1,0
BRDA:47,10,0,0
BRDA:47,10,1,0
BRDA:52,11,0,0
BRDA:52,11,1,0
BRDA:53,12,0,0
BRDA:53,12,1,0
BRDA:60,13,0,0
BRDA:60,13,1,0
BRDA:60,13,2,0
BRDA:65,14,0,0
BRDA:65,14,1,0
BRDA:65,14,2,0
BRDA:72,15,0,0
BRDA:72,15,1,0
BRDA:74,16,0,0
BRDA:74,16,1,0
BRDA:74,17,0,0
BRDA:74,17,1,0
BRDA:89,18,0,0
BRDA:89,18,1,0
BRDA:89,18,2,0
BRF:33
BRH:0
end_of_record
TN:
SF:src/components/MultiplePicker/interface.ts
FNF:0
FNH:0
LF:0
LH:0
BRF:0
BRH:0
end_of_record
TN:
SF:src/components/MultiplePicker/multiplePickerGroup.tsx
FN:15,(anonymous_0)
FN:46,(anonymous_1)
FN:53,(anonymous_2)
FN:55,(anonymous_3)
FN:56,(anonymous_4)
FN:67,(anonymous_5)
FN:74,(anonymous_6)
FN:82,(anonymous_7)
FN:95,(anonymous_8)
FN:101,(anonymous_9)
FN:105,(anonymous_10)
FN:119,(anonymous_11)
FN:129,(anonymous_12)
FN:141,(anonymous_13)
FN:152,(anonymous_14)
FN:162,(anonymous_15)
FN:166,(anonymous_16)
FNF:17
FNH:0
FNDA:0,(anonymous_0)
FNDA:0,(anonymous_1)
FNDA:0,(anonymous_2)
FNDA:0,(anonymous_3)
FNDA:0,(anonymous_4)
FNDA:0,(anonymous_5)
FNDA:0,(anonymous_6)
FNDA:0,(anonymous_7)
FNDA:0,(anonymous_8)
FNDA:0,(anonymous_9)
FNDA:0,(anonymous_10)
FNDA:0,(anonymous_11)
FNDA:0,(anonymous_12)
FNDA:0,(anonymous_13)
FNDA:0,(anonymous_14)
FNDA:0,(anonymous_15)
FNDA:0,(anonymous_16)
DA:8,1
DA:15,1
DA:33,0
DA:35,0
DA:36,0
DA:37,0
DA:39,0
DA:46,0
DA:52,0
DA:53,0
DA:55,0
DA:56,0
DA:57,0
DA:58,0
DA:59,0
DA:63,0
DA:64,0
DA:67,0
DA:68,0
DA:69,0
DA:70,0
DA:72,0
DA:74,0
DA:75,0
DA:76,0
DA:77,0
DA:79,0
DA:82,0
DA:83,0
DA:84,0
DA:85,0
DA:87,0
DA:89,0
DA:90,0
DA:92,0
DA:95,0
DA:96,0
DA:97,0
DA:98,0
DA:101,0
DA:102,0
DA:105,0
DA:106,0
DA:107,0
DA:110,0
DA:120,0
DA:121,0
DA:130,0
DA:142,0
DA:153,0
DA:163,0
DA:167,0
LF:52
LH:2
BRDA:17,0,0,0
BRDA:19,1,0,0
BRDA:21,2,0,0
BRDA:22,3,0,0
BRDA:26,4,0,0
BRDA:27,5,0,0
BRDA:29,6,0,0
BRDA:30,7,0,0
BRDA:49,8,0,0
BRDA:50,9,0,0
BRDA:53,10,0,0
BRDA:53,10,1,0
BRDA:59,11,0,0
BRDA:59,11,1,0
BRDA:60,12,0,0
BRDA:60,12,1,0
BRDA:60,12,2,0
BRDA:60,12,3,0
BRDA:68,13,0,0
BRDA:68,13,1,0
BRDA:68,14,0,0
BRDA:68,14,1,0
BRDA:75,15,0,0
BRDA:75,15,1,0
BRDA:75,16,0,0
BRDA:75,16,1,0
BRDA:84,17,0,0
BRDA:84,17,1,0
BRDA:89,18,0,0
BRDA:89,18,1,0
BRDA:89,19,0,0
BRDA:89,19,1,0
BRDA:96,20,0,0
BRDA:96,20,1,0
BRDA:120,21,0,0
BRDA:120,21,1,0
BRDA:179,22,0,0
BRDA:179,22,1,0
BRF:38
BRH:0
end_of_record
TN:
SF:src/components/MultiplePicker/demo/index.tsx
FN:9,(anonymous_0)
FN:11,(anonymous_1)
FN:16,(anonymous_2)
FN:53,(anonymous_3)
FN:93,(anonymous_4)
FNF:5
FNH:0
FNDA:0,(anonymous_0)
FNDA:0,(anonymous_1)
FNDA:0,(anonymous_2)
FNDA:0,(anonymous_3)
FNDA:0,(anonymous_4)
DA:9,0
DA:10,0
DA:11,0
DA:13,0
DA:16,0
DA:18,0
DA:21,0
DA:44,0
DA:55,0
DA:77,0
DA:80,0
DA:89,0
DA:93,0
LF:13
LH:0
BRF:0
BRH:0
end_of_record
TN:
SF:src/components/NewFieldPicker/NewFieldPicker.tsx
FN:169,(anonymous_0)
FN:176,(anonymous_1)
FN:183,(anonymous_2)
FN:187,(anonymous_3)
FN:192,(anonymous_4)
FN:197,(anonymous_5)
FN:198,(anonymous_6)
FN:224,(anonymous_7)
FN:235,(anonymous_8)
FN:243,(anonymous_9)
FN:253,(anonymous_10)
FN:274,(anonymous_11)
FN:283,(anonymous_12)
FN:288,(anonymous_13)
FN:301,(anonymous_14)
FN:314,(anonymous_15)
FN:323,(anonymous_16)
FN:332,(anonymous_17)
FN:339,(anonymous_18)
FNF:19
FNH:0
FNDA:0,(anonymous_0)
FNDA:0,(anonymous_1)
FNDA:0,(anonymous_2)
FNDA:0,(anonymous_3)
FNDA:0,(anonymous_4)
FNDA:0,(anonymous_5)
FNDA:0,(anonymous_6)
FNDA:0,(anonymous_7)
FNDA:0,(anonymous_8)
FNDA:0,(anonymous_9)
FNDA:0,(anonymous_10)
FNDA:0,(anonymous_11)
FNDA:0,(anonymous_12)
FNDA:0,(anonymous_13)
FNDA:0,(anonymous_14)
FNDA:0,(anonymous_15)
FNDA:0,(anonymous_16)
FNDA:0,(anonymous_17)
FNDA:0,(anonymous_18)
DA:15,1
DA:26,1
DA:37,1
DA:50,1
DA:165,1
DA:169,1
DA:170,0
DA:171,0
DA:172,0
DA:173,0
DA:176,0
DA:177,0
DA:178,0
DA:180,0
DA:183,0
DA:184,0
DA:187,0
DA:189,0
DA:192,0
DA:194,0
DA:197,0
DA:198,0
DA:199,0
DA:200,0
DA:201,0
DA:204,0
DA:206,0
DA:212,0
DA:213,0
DA:220,0
DA:225,0
DA:235,0
DA:243,0
DA:255,0
DA:256,0
DA:257,0
DA:259,0
DA:274,0
DA:284,0
DA:289,0
DA:302,0
DA:315,0
DA:316,0
DA:317,0
DA:318,0
DA:323,0
DA:332,0
DA:340,0
LF:48
LH:6
BRDA:169,0,0,0
BRDA:175,1,0,0
BRDA:175,1,1,0
BRDA:200,2,0,0
BRDA:200,2,1,0
BRDA:206,3,0,0
BRDA:206,3,1,0
BRDA:207,4,0,0
BRDA:207,4,1,0
BRDA:207,4,2,0
BRDA:207,4,3,0
BRDA:228,5,0,0
BRDA:228,5,1,0
BRF:13
BRH:0
end_of_record
TN:
SF:src/components/NomarCheckBox/checkBoxgroup.tsx
FN:27,(anonymous_0)
FN:38,(anonymous_1)
FN:56,(anonymous_2)
FN:71,(anonymous_3)
FN:79,(anonymous_4)
FN:92,(anonymous_5)
FN:93,(anonymous_6)
FN:96,(anonymous_7)
FN:105,(anonymous_8)
FNF:9
FNH:0
FNDA:0,(anonymous_0)
FNDA:0,(anonymous_1)
FNDA:0,(anonymous_2)
FNDA:0,(anonymous_3)
FNDA:0,(anonymous_4)
FNDA:0,(anonymous_5)
FNDA:0,(anonymous_6)
FNDA:0,(anonymous_7)
FNDA:0,(anonymous_8)
DA:6,1
DA:27,1
DA:36,0
DA:37,0
DA:38,0
DA:40,0
DA:41,0
DA:44,0
DA:45,0
DA:56,0
DA:58,0
DA:59,0
DA:60,0
DA:62,0
DA:64,0
DA:65,0
DA:66,0
DA:69,0
DA:70,0
DA:71,0
DA:73,0
DA:74,0
DA:76,0
DA:79,0
DA:80,0
DA:81,0
DA:82,0
DA:84,0
DA:86,0
DA:92,0
DA:93,0
DA:95,0
DA:97,0
DA:98,0
DA:106,0
DA:107,0
DA:108,0
DA:139,0
LF:38
LH:2
BRDA:29,0,0,0
BRDA:33,1,0,0
BRDA:34,2,0,0
BRDA:35,3,0,0
BRDA:40,4,0,0
BRDA:40,4,1,0
BRDA:40,5,0,0
BRDA:40,5,1,0
BRDA:44,6,0,0
BRDA:44,6,1,0
BRDA:44,7,0,0
BRDA:44,7,1,0
BRDA:58,8,0,0
BRDA:58,8,1,0
BRDA:64,9,0,0
BRDA:64,9,1,0
BRDA:64,10,0,0
BRDA:64,10,1,0
BRDA:69,11,0,0
BRDA:69,11,1,0
BRDA:73,12,0,0
BRDA:73,12,1,0
BRDA:73,13,0,0
BRDA:73,13,1,0
BRDA:80,14,0,0
BRDA:80,14,1,0
BRDA:81,15,0,0
BRDA:81,15,1,0
BRDA:87,16,0,0
BRDA:87,16,1,0
BRDA:87,17,0,0
BRDA:87,17,1,0
BRDA:97,18,0,0
BRDA:97,18,1,0
BRDA:107,19,0,0
BRDA:107,19,1,0
BRDA:116,20,0,0
BRDA:116,20,1,0
BRDA:119,21,0,0
BRDA:119,21,1,0
BRDA:119,22,0,0
BRDA:119,22,1,0
BRF:42
BRH:0
end_of_record
TN:
SF:src/components/NomarCheckBox/index.tsx
FN:27,(anonymous_0)
FN:52,(anonymous_1)
FN:53,(anonymous_2)
FN:60,(anonymous_3)
FN:80,(anonymous_4)
FNF:5
FNH:0
FNDA:0,(anonymous_0)
FNDA:0,(anonymous_1)
FNDA:0,(anonymous_2)
FNDA:0,(anonymous_3)
FNDA:0,(anonymous_4)
DA:27,1
DA:28,0
DA:29,0
DA:48,0
DA:50,0
DA:52,0
DA:53,0
DA:57,0
DA:60,0
DA:64,0
DA:67,0
DA:81,0
DA:82,0
DA:84,0
DA:87,0
LF:15
LH:1
BRDA:33,0,0,0
BRDA:36,1,0,0
BRDA:37,2,0,0
BRDA:38,3,0,0
BRDA:41,4,0,0
BRDA:42,5,0,0
BRDA:43,6,0,0
BRDA:44,7,0,0
BRDA:50,8,0,0
BRDA:50,9,0,0
BRDA:64,10,0,0
BRDA:64,10,1,0
BRDA:64,11,0,0
BRDA:64,11,1,0
BRDA:64,11,2,0
BRDA:64,12,0,0
BRDA:64,12,1,0
BRDA:69,13,0,0
BRDA:69,13,1,0
BRDA:72,14,0,0
BRDA:72,14,1,0
BRDA:72,14,2,0
BRDA:79,15,0,0
BRDA:79,15,1,0
BRDA:81,16,0,0
BRDA:81,16,1,0
BRDA:81,17,0,0
BRDA:81,17,1,0
BRF:28
BRH:0
end_of_record
TN:
SF:src/components/NomarCheckBox/demo/checkbox.tsx
FN:16,(anonymous_0)
FN:24,(anonymous_1)
FN:24,(anonymous_2)
FNF:3
FNH:0
FNDA:0,(anonymous_0)
FNDA:0,(anonymous_1)
FNDA:0,(anonymous_2)
DA:6,0
DA:16,0
DA:17,0
DA:24,0
LF:4
LH:0
BRF:0
BRH:0
end_of_record
TN:
SF:src/components/NomarCheckBox/demo/index.tsx
FN:19,(anonymous_0)
FN:21,(anonymous_1)
FN:26,(anonymous_2)
FN:63,(anonymous_3)
FNF:4
FNH:0
FNDA:0,(anonymous_0)
FNDA:0,(anonymous_1)
FNDA:0,(anonymous_2)
FNDA:0,(anonymous_3)
DA:9,0
DA:19,0
DA:20,0
DA:21,0
DA:23,0
DA:26,0
DA:28,0
DA:30,0
DA:45,0
DA:49,0
DA:57,0
DA:64,0
LF:12
LH:0
BRF:0
BRH:0
end_of_record
TN:
SF:src/components/NomarCustom/index.tsx
FN:23,(anonymous_0)
FN:38,(anonymous_1)
FN:42,(anonymous_2)
FNF:3
FNH:0
FNDA:0,(anonymous_0)
FNDA:0,(anonymous_1)
FNDA:0,(anonymous_2)
DA:23,1
DA:24,0
DA:36,0
DA:38,0
DA:39,0
DA:43,0
DA:44,0
DA:51,0
LF:8
LH:1
BRDA:27,0,0,0
BRDA:28,1,0,0
BRDA:35,2,0,0
BRDA:41,3,0,0
BRDA:41,3,1,0
BRDA:43,4,0,0
BRDA:43,4,1,0
BRDA:53,5,0,0
BRDA:53,5,1,0
BRDA:66,6,0,0
BRDA:66,6,1,0
BRDA:66,6,2,0
BRDA:71,7,0,0
BRDA:71,7,1,0
BRF:14
BRH:0
end_of_record
TN:
SF:src/components/NomarCustom/demo/index.tsx
FN:21,(anonymous_0)
FN:25,(anonymous_1)
FN:30,(anonymous_2)
FN:41,(anonymous_3)
FN:51,(anonymous_4)
FN:53,(anonymous_5)
FN:58,(anonymous_6)
FN:99,(anonymous_7)
FNF:8
FNH:0
FNDA:0,(anonymous_0)
FNDA:0,(anonymous_1)
FNDA:0,(anonymous_2)
FNDA:0,(anonymous_3)
FNDA:0,(anonymous_4)
FNDA:0,(anonymous_5)
FNDA:0,(anonymous_6)
FNDA:0,(anonymous_7)
DA:21,0
DA:22,0
DA:25,0
DA:26,0
DA:28,0
DA:30,0
DA:31,0
DA:33,0
DA:42,0
DA:43,0
DA:51,0
DA:52,0
DA:53,0
DA:55,0
DA:58,0
DA:60,0
DA:62,0
DA:81,0
DA:85,0
DA:93,0
DA:100,0
LF:21
LH:0
BRDA:31,0,0,0
BRDA:31,0,1,0
BRDA:43,1,0,0
BRDA:43,1,1,0
BRF:4
BRH:0
end_of_record
TN:
SF:src/components/NomarDatePicker/DatePickerGroup.tsx
FN:10,(anonymous_0)
FN:35,(anonymous_1)
FN:57,(anonymous_2)
FN:64,(anonymous_3)
FN:82,(anonymous_4)
FN:85,(anonymous_5)
FN:99,(anonymous_6)
FNF:7
FNH:0
FNDA:0,(anonymous_0)
FNDA:0,(anonymous_1)
FNDA:0,(anonymous_2)
FNDA:0,(anonymous_3)
FNDA:0,(anonymous_4)
FNDA:0,(anonymous_5)
FNDA:0,(anonymous_6)
DA:10,1
DA:11,0
DA:12,0
DA:33,0
DA:35,0
DA:36,0
DA:37,0
DA:39,0
DA:43,0
DA:46,0
DA:64,0
DA:65,0
DA:66,0
DA:67,0
DA:70,0
DA:82,0
DA:86,0
DA:100,0
LF:18
LH:1
BRDA:15,0,0,0
BRDA:17,1,0,0
BRDA:21,2,0,0
BRDA:22,3,0,0
BRDA:23,4,0,0
BRDA:24,5,0,0
BRDA:26,6,0,0
BRDA:27,7,0,0
BRDA:36,8,0,0
BRDA:36,8,1,0
BRDA:54,9,0,0
BRDA:54,9,1,0
BRDA:79,10,0,0
BRDA:79,10,1,0
BRF:14
BRH:0
end_of_record
TN:
SF:src/components/NomarDatePicker/index.tsx
FN:10,(anonymous_0)
FN:28,(anonymous_1)
FN:63,(anonymous_2)
FNF:3
FNH:0
FNDA:0,(anonymous_0)
FNDA:0,(anonymous_1)
FNDA:0,(anonymous_2)
DA:10,1
DA:11,0
DA:24,0
DA:26,0
DA:28,0
DA:29,0
DA:32,0
DA:64,0
DA:65,0
LF:9
LH:1
BRDA:14,0,0,0
BRDA:17,1,0,0
BRDA:18,2,0,0
BRDA:20,3,0,0
BRDA:21,4,0,0
BRDA:29,5,0,0
BRDA:29,5,1,0
BRDA:33,6,0,0
BRDA:33,6,1,0
BRDA:34,7,0,0
BRDA:34,7,1,0
BRDA:36,8,0,0
BRDA:36,8,1,0
BRDA:43,9,0,0
BRDA:43,9,1,0
BRDA:43,9,2,0
BRDA:48,10,0,0
BRDA:48,10,1,0
BRDA:48,10,2,0
BRDA:55,11,0,0
BRDA:55,11,1,0
BRDA:62,12,0,0
BRDA:62,12,1,0
BRDA:64,13,0,0
BRDA:64,13,1,0
BRDA:74,14,0,0
BRDA:74,14,1,0
BRDA:74,14,2,0
BRF:28
BRH:0
end_of_record
TN:
SF:src/components/NomarDatePicker/interface.ts
FNF:0
FNH:0
LF:0
LH:0
BRF:0
BRH:0
end_of_record
TN:
SF:src/components/NomarDatePicker/demo/date.tsx
FN:6,(anonymous_0)
FNF:1
FNH:0
FNDA:0,(anonymous_0)
DA:6,0
DA:7,0
LF:2
LH:0
BRF:0
BRH:0
end_of_record
TN:
SF:src/components/NomarDatePicker/demo/datetime.tsx
FN:6,(anonymous_0)
FNF:1
FNH:0
FNDA:0,(anonymous_0)
DA:6,0
DA:7,0
LF:2
LH:0
BRF:0
BRH:0
end_of_record
TN:
SF:src/components/NomarDatePicker/demo/index.tsx
FN:15,(anonymous_0)
FN:17,(anonymous_1)
FN:22,(anonymous_2)
FN:82,(anonymous_3)
FNF:4
FNH:0
FNDA:0,(anonymous_0)
FNDA:0,(anonymous_1)
FNDA:0,(anonymous_2)
FNDA:0,(anonymous_3)
DA:15,0
DA:16,0
DA:17,0
DA:19,0
DA:22,0
DA:24,0
DA:27,0
DA:61,0
DA:67,0
DA:76,0
DA:83,0
LF:11
LH:0
BRF:0
BRH:0
end_of_record
TN:
SF:src/components/NomarDatePicker/demo/month.tsx
FN:6,(anonymous_0)
FNF:1
FNH:0
FNDA:0,(anonymous_0)
DA:6,0
DA:7,0
LF:2
LH:0
BRF:0
BRH:0
end_of_record
TN:
SF:src/components/NomarDatePicker/demo/verticalDatePicker.tsx
FN:6,(anonymous_0)
FNF:1
FNH:0
FNDA:0,(anonymous_0)
DA:6,0
DA:7,0
LF:2
LH:0
BRF:0
BRH:0
end_of_record
TN:
SF:src/components/NomarFile/fileGroup.tsx
FN:12,(anonymous_0)
FN:20,(anonymous_1)
FN:26,(anonymous_2)
FN:32,(anonymous_3)
FN:36,(anonymous_4)
FN:43,(anonymous_5)
FNF:6
FNH:0
FNDA:0,(anonymous_0)
FNDA:0,(anonymous_1)
FNDA:0,(anonymous_2)
FNDA:0,(anonymous_3)
FNDA:0,(anonymous_4)
FNDA:0,(anonymous_5)
DA:6,1
DA:12,1
DA:18,0
DA:20,0
DA:21,0
DA:22,0
DA:23,0
DA:26,0
DA:27,0
DA:30,0
DA:33,0
DA:37,0
DA:44,0
LF:13
LH:2
BRDA:14,0,0,0
BRDA:17,1,0,0
BRDA:23,2,0,0
BRDA:23,2,1,0
BRDA:27,3,0,0
BRDA:27,3,1,0
BRDA:33,4,0,0
BRDA:33,4,1,0
BRDA:40,5,0,0
BRDA:40,5,1,0
BRF:10
BRH:0
end_of_record
TN:
SF:src/components/NomarFile/index.tsx
FN:10,(anonymous_0)
FN:26,(anonymous_1)
FN:29,(anonymous_2)
FN:35,(anonymous_3)
FN:47,(anonymous_4)
FN:70,(anonymous_5)
FNF:6
FNH:0
FNDA:0,(anonymous_0)
FNDA:0,(anonymous_1)
FNDA:0,(anonymous_2)
FNDA:0,(anonymous_3)
FNDA:0,(anonymous_4)
FNDA:0,(anonymous_5)
DA:8,1
DA:10,1
DA:11,0
DA:24,0
DA:26,0
DA:27,0
DA:28,0
DA:29,0
DA:31,0
DA:35,0
DA:36,0
DA:47,0
DA:51,0
DA:54,0
DA:71,0
DA:72,0
LF:16
LH:2
BRDA:15,0,0,0
BRDA:18,1,0,0
BRDA:20,2,0,0
BRDA:21,3,0,0
BRDA:27,4,0,0
BRDA:27,4,1,0
BRDA:51,5,0,0
BRDA:51,5,1,0
BRDA:56,6,0,0
BRDA:56,6,1,0
BRDA:59,7,0,0
BRDA:59,7,1,0
BRDA:59,7,2,0
BRDA:69,8,0,0
BRDA:69,8,1,0
BRDA:71,9,0,0
BRDA:71,9,1,0
BRF:17
BRH:0
end_of_record
TN:
SF:src/components/NomarFile/interface.ts
FNF:0
FNH:0
LF:0
LH:0
BRF:0
BRH:0
end_of_record
TN:
SF:src/components/NomarFile/demo/index.tsx
FN:21,(anonymous_0)
FN:23,(anonymous_1)
FN:28,(anonymous_2)
FN:39,(anonymous_3)
FN:42,(anonymous_4)
FN:48,(anonymous_5)
FN:51,(anonymous_6)
FN:82,(anonymous_7)
FNF:8
FNH:0
FNDA:0,(anonymous_0)
FNDA:0,(anonymous_1)
FNDA:0,(anonymous_2)
FNDA:0,(anonymous_3)
FNDA:0,(anonymous_4)
FNDA:0,(anonymous_5)
FNDA:0,(anonymous_6)
FNDA:0,(anonymous_7)
DA:16,0
DA:21,0
DA:22,0
DA:23,0
DA:25,0
DA:28,0
DA:30,0
DA:33,0
DA:40,0
DA:43,0
DA:49,0
DA:50,0
DA:51,0
DA:52,0
DA:58,0
DA:65,0
DA:76,0
DA:83,0
LF:18
LH:0
BRDA:49,0,0,0
BRDA:49,0,1,0
BRDA:50,1,0,0
BRDA:50,1,1,0
BRDA:50,2,0,0
BRDA:50,2,1,0
BRF:6
BRH:0
end_of_record
TN:
SF:src/components/NomarImagePicker/imagePickerGroup.tsx
FN:6,(anonymous_0)
FN:15,(anonymous_1)
FN:23,(anonymous_2)
FN:32,(anonymous_3)
FN:35,(anonymous_4)
FNF:5
FNH:0
FNDA:0,(anonymous_0)
FNDA:0,(anonymous_1)
FNDA:0,(anonymous_2)
FNDA:0,(anonymous_3)
FNDA:0,(anonymous_4)
DA:6,1
DA:13,0
DA:15,0
DA:16,0
DA:17,0
DA:18,0
DA:20,0
DA:23,0
DA:28,0
DA:29,0
DA:30,0
DA:31,0
DA:32,0
DA:33,0
DA:34,0
DA:35,0
DA:36,0
DA:37,0
DA:44,0
DA:46,0
DA:48,0
LF:21
LH:1
BRDA:9,0,0,0
BRDA:16,1,0,0
BRDA:16,1,1,0
BRDA:16,2,0,0
BRDA:16,2,1,0
BRDA:16,2,2,0
BRDA:16,2,3,0
BRDA:28,3,0,0
BRDA:28,3,1,0
BRDA:28,4,0,0
BRDA:28,4,1,0
BRDA:30,5,0,0
BRDA:31,6,0,0
BRDA:31,6,1,0
BRDA:31,7,0,0
BRDA:31,7,1,0
BRDA:36,8,0,0
BRDA:36,8,1,0
BRDA:40,9,0,0
BRDA:40,9,1,0
BRDA:44,10,0,0
BRDA:44,10,1,0
BRF:22
BRH:0
end_of_record
TN:
SF:src/components/NomarImagePicker/index.tsx
FN:8,(anonymous_0)
FN:25,(anonymous_1)
FN:55,(anonymous_2)
FNF:3
FNH:0
FNDA:0,(anonymous_0)
FNDA:0,(anonymous_1)
FNDA:0,(anonymous_2)
DA:8,1
DA:9,0
DA:23,0
DA:25,0
DA:30,0
DA:33,0
DA:56,0
DA:57,0
LF:8
LH:1
BRDA:13,0,0,0
BRDA:16,1,0,0
BRDA:17,2,0,0
BRDA:19,3,0,0
BRDA:20,4,0,0
BRDA:30,5,0,0
BRDA:30,5,1,0
BRDA:35,6,0,0
BRDA:35,6,1,0
BRDA:43,7,0,0
BRDA:43,7,1,0
BRDA:43,7,2,0
BRDA:48,8,0,0
BRDA:48,8,1,0
BRDA:54,9,0,0
BRDA:54,9,1,0
BRDA:56,10,0,0
BRDA:56,10,1,0
BRF:18
BRH:0
end_of_record
TN:
SF:src/components/NomarImagePicker/interface.ts
FNF:0
FNH:0
LF:0
LH:0
BRF:0
BRH:0
end_of_record
TN:
SF:src/components/NomarImagePicker/demo/index.tsx
FN:21,(anonymous_0)
FN:23,(anonymous_1)
FN:28,(anonymous_2)
FN:40,(anonymous_3)
FN:50,(anonymous_4)
FN:84,(anonymous_5)
FNF:6
FNH:0
FNDA:0,(anonymous_0)
FNDA:0,(anonymous_1)
FNDA:0,(anonymous_2)
FNDA:0,(anonymous_3)
FNDA:0,(anonymous_4)
FNDA:0,(anonymous_5)
DA:10,0
DA:21,0
DA:22,0
DA:23,0
DA:25,0
DA:28,0
DA:30,0
DA:33,0
DA:42,0
DA:52,0
DA:65,0
DA:71,0
DA:80,0
DA:84,0
LF:14
LH:0
BRF:0
BRH:0
end_of_record
TN:
SF:src/components/NomarImagePicker/demo/insertImg.tsx
FN:21,(anonymous_0)
FN:24,(anonymous_1)
FNF:2
FNH:0
FNDA:0,(anonymous_0)
FNDA:0,(anonymous_1)
DA:10,0
DA:21,0
DA:22,0
DA:24,0
DA:25,0
DA:30,0
LF:6
LH:0
BRF:0
BRH:0
end_of_record
TN:
SF:src/components/NomarImagePicker/demo/noInsertImg.tsx
FN:21,(anonymous_0)
FN:24,(anonymous_1)
FNF:2
FNH:0
FNDA:0,(anonymous_0)
FNDA:0,(anonymous_1)
DA:10,0
DA:21,0
DA:22,0
DA:24,0
DA:25,0
DA:30,0
LF:6
LH:0
BRF:0
BRH:0
end_of_record
TN:
SF:src/components/NomarImagePicker/demo/showImg.tsx
FN:21,(anonymous_0)
FN:24,(anonymous_1)
FNF:2
FNH:0
FNDA:0,(anonymous_0)
FNDA:0,(anonymous_1)
DA:10,0
DA:21,0
DA:22,0
DA:24,0
DA:25,0
DA:30,0
LF:6
LH:0
BRF:0
BRH:0
end_of_record
TN:
SF:src/components/NomarInput/index.tsx
FN:25,(anonymous_0)
FN:47,(anonymous_1)
FN:89,(anonymous_2)
FNF:3
FNH:0
FNDA:0,(anonymous_0)
FNDA:0,(anonymous_1)
FNDA:0,(anonymous_2)
DA:25,1
DA:43,0
DA:45,0
DA:47,0
DA:49,0
DA:52,0
DA:90,0
LF:7
LH:1
BRDA:27,0,0,0
BRDA:29,1,0,0
BRDA:30,2,0,0
BRDA:33,3,0,0
BRDA:34,4,0,0
BRDA:37,5,0,0
BRDA:39,6,0,0
BRDA:40,7,0,0
BRDA:41,8,0,0
BRDA:49,9,0,0
BRDA:49,9,1,0
BRDA:53,10,0,0
BRDA:53,10,1,0
BRDA:54,11,0,0
BRDA:54,11,1,0
BRDA:56,12,0,0
BRDA:56,12,1,0
BRDA:63,13,0,0
BRDA:63,13,1,0
BRDA:63,13,2,0
BRDA:68,14,0,0
BRDA:68,14,1,0
BRDA:68,14,2,0
BRDA:76,15,0,0
BRDA:76,15,1,0
BRDA:80,16,0,0
BRDA:80,16,1,0
BRDA:86,17,0,0
BRDA:86,17,1,0
BRDA:95,18,0,0
BRDA:95,18,1,0
BRDA:95,18,2,0
BRF:32
BRH:0
end_of_record
TN:
SF:src/components/NomarInput/demo/index.tsx
FN:17,(anonymous_0)
FN:20,(anonymous_1)
FN:25,(anonymous_2)
FN:30,(anonymous_3)
FN:32,(anonymous_4)
FN:36,(anonymous_5)
FN:38,(anonymous_6)
FN:42,(anonymous_7)
FN:123,(anonymous_8)
FN:186,(anonymous_9)
FNF:10
FNH:0
FNDA:0,(anonymous_0)
FNDA:0,(anonymous_1)
FNDA:0,(anonymous_2)
FNDA:0,(anonymous_3)
FNDA:0,(anonymous_4)
FNDA:0,(anonymous_5)
FNDA:0,(anonymous_6)
FNDA:0,(anonymous_7)
FNDA:0,(anonymous_8)
FNDA:0,(anonymous_9)
DA:17,0
DA:18,0
DA:19,0
DA:20,0
DA:22,0
DA:25,0
DA:27,0
DA:30,0
DA:32,0
DA:33,0
DA:36,0
DA:38,0
DA:39,0
DA:43,0
DA:48,0
DA:125,0
DA:167,0
DA:174,0
DA:182,0
DA:186,0
LF:20
LH:0
BRDA:87,0,0,0
BRDA:87,0,1,0
BRF:2
BRH:0
end_of_record
TN:
SF:src/components/NomarPicker/NomarPickerGroup.tsx
FN:10,(anonymous_0)
FN:30,(anonymous_1)
FN:38,(anonymous_2)
FN:46,(anonymous_3)
FN:53,(anonymous_4)
FN:67,(anonymous_5)
FN:73,(anonymous_6)
FN:100,(anonymous_7)
FN:103,(anonymous_8)
FNF:9
FNH:0
FNDA:0,(anonymous_0)
FNDA:0,(anonymous_1)
FNDA:0,(anonymous_2)
FNDA:0,(anonymous_3)
FNDA:0,(anonymous_4)
FNDA:0,(anonymous_5)
FNDA:0,(anonymous_6)
FNDA:0,(anonymous_7)
FNDA:0,(anonymous_8)
DA:10,1
DA:11,0
DA:12,0
DA:27,0
DA:28,0
DA:30,0
DA:33,0
DA:35,0
DA:36,0
DA:38,0
DA:39,0
DA:40,0
DA:42,0
DA:46,0
DA:47,0
DA:48,0
DA:53,0
DA:54,0
DA:55,0
DA:59,0
DA:63,0
DA:67,0
DA:68,0
DA:69,0
DA:70,0
DA:73,0
DA:74,0
DA:75,0
DA:78,0
DA:101,0
DA:104,0
LF:31
LH:1
BRDA:15,0,0,0
BRDA:17,1,0,0
BRDA:19,2,0,0
BRDA:20,3,0,0
BRDA:23,4,0,0
BRDA:24,5,0,0
BRDA:33,6,0,0
BRDA:33,6,1,0
BRDA:39,7,0,0
BRDA:39,7,1,0
BRDA:39,8,0,0
BRDA:39,8,1,0
BRDA:47,9,0,0
BRDA:47,9,1,0
BRDA:47,10,0,0
BRDA:47,10,1,0
BRDA:54,11,0,0
BRDA:54,11,1,0
BRDA:54,12,0,0
BRDA:54,12,1,0
BRDA:68,13,0,0
BRDA:68,13,1,0
BRDA:69,14,0,0
BRDA:69,14,1,0
BRDA:95,15,0,0
BRDA:95,15,1,0
BRDA:98,16,0,0
BRDA:98,16,1,0
BRF:28
BRH:0
end_of_record
TN:
SF:src/components/NomarPicker/index.tsx
FN:8,(anonymous_0)
FN:33,(anonymous_1)
FN:34,(anonymous_2)
FN:41,(anonymous_3)
FN:69,(anonymous_4)
FNF:5
FNH:0
FNDA:0,(anonymous_0)
FNDA:0,(anonymous_1)
FNDA:0,(anonymous_2)
FNDA:0,(anonymous_3)
FNDA:0,(anonymous_4)
DA:8,1
DA:9,0
DA:10,0
DA:28,0
DA:30,0
DA:31,0
DA:33,0
DA:34,0
DA:38,0
DA:41,0
DA:42,0
DA:43,0
DA:45,0
DA:70,0
DA:71,0
LF:15
LH:1
BRDA:15,0,0,0
BRDA:17,1,0,0
BRDA:18,2,0,0
BRDA:20,3,0,0
BRDA:24,4,0,0
BRDA:31,5,0,0
BRDA:31,6,0,0
BRDA:42,7,0,0
BRDA:42,7,1,0
BRDA:43,8,0,0
BRDA:43,8,1,0
BRDA:43,9,0,0
BRDA:43,9,1,0
BRDA:46,10,0,0
BRDA:46,10,1,0
BRDA:47,11,0,0
BRDA:47,11,1,0
BRDA:49,12,0,0
BRDA:49,12,1,0
BRDA:56,13,0,0
BRDA:56,13,1,0
BRDA:56,13,2,0
BRDA:61,14,0,0
BRDA:61,14,1,0
BRDA:61,14,2,0
BRDA:68,15,0,0
BRDA:68,15,1,0
BRDA:70,16,0,0
BRDA:70,16,1,0
BRDA:81,17,0,0
BRDA:81,17,1,0
BRDA:81,17,2,0
BRF:32
BRH:0
end_of_record
TN:
SF:src/components/NomarPicker/interface.ts
FNF:0
FNH:0
LF:0
LH:0
BRF:0
BRH:0
end_of_record
TN:
SF:src/components/NomarPicker/demo/index.tsx
FN:15,(anonymous_0)
FN:17,(anonymous_1)
FN:22,(anonymous_2)
FN:96,(anonymous_3)
FNF:4
FNH:0
FNDA:0,(anonymous_0)
FNDA:0,(anonymous_1)
FNDA:0,(anonymous_2)
FNDA:0,(anonymous_3)
DA:15,0
DA:16,0
DA:17,0
DA:19,0
DA:22,0
DA:24,0
DA:27,0
DA:42,0
DA:57,0
DA:80,0
DA:83,0
DA:92,0
DA:96,0
LF:13
LH:0
BRF:0
BRH:0
end_of_record
TN:
SF:src/components/NomarRadio/index.tsx
FN:37,(anonymous_0)
FN:77,(anonymous_1)
FN:79,(anonymous_2)
FN:90,(anonymous_3)
FN:119,(anonymous_4)
FNF:5
FNH:0
FNDA:0,(anonymous_0)
FNDA:0,(anonymous_1)
FNDA:0,(anonymous_2)
FNDA:0,(anonymous_3)
FNDA:0,(anonymous_4)
DA:10,1
DA:37,1
DA:38,0
DA:39,0
DA:62,0
DA:64,0
DA:65,0
DA:67,0
DA:77,0
DA:78,0
DA:79,0
DA:83,0
DA:86,0
DA:87,0
DA:90,0
DA:91,0
DA:94,0
DA:120,0
DA:121,0
LF:19
LH:2
BRDA:44,0,0,0
BRDA:45,1,0,0
BRDA:48,2,0,0
BRDA:49,3,0,0
BRDA:50,4,0,0
BRDA:51,5,0,0
BRDA:54,6,0,0
BRDA:55,7,0,0
BRDA:56,8,0,0
BRDA:60,9,0,0
BRDA:61,10,0,0
BRDA:65,11,0,0
BRDA:65,12,0,0
BRDA:78,13,0,0
BRDA:78,13,1,0
BRDA:86,14,0,0
BRDA:86,14,1,0
BRDA:91,15,0,0
BRDA:91,15,1,0
BRDA:91,16,0,0
BRDA:91,16,1,0
BRDA:91,16,2,0
BRDA:95,17,0,0
BRDA:95,17,1,0
BRDA:96,18,0,0
BRDA:96,18,1,0
BRDA:109,19,0,0
BRDA:109,19,1,0
BRDA:109,19,2,0
BRDA:118,20,0,0
BRDA:118,20,1,0
BRDA:120,21,0,0
BRDA:120,21,1,0
BRF:33
BRH:0
end_of_record
TN:
SF:src/components/NomarRadio/radioGroup.tsx
FN:27,(anonymous_0)
FN:48,(anonymous_1)
FN:60,(anonymous_2)
FN:72,(anonymous_3)
FN:80,(anonymous_4)
FN:88,(anonymous_5)
FN:94,(anonymous_6)
FN:120,(anonymous_7)
FN:127,(anonymous_8)
FNF:9
FNH:0
FNDA:0,(anonymous_0)
FNDA:0,(anonymous_1)
FNDA:0,(anonymous_2)
FNDA:0,(anonymous_3)
FNDA:0,(anonymous_4)
FNDA:0,(anonymous_5)
FNDA:0,(anonymous_6)
FNDA:0,(anonymous_7)
FNDA:0,(anonymous_8)
DA:6,1
DA:27,1
DA:38,0
DA:40,0
DA:43,0
DA:44,0
DA:45,0
DA:48,0
DA:49,0
DA:51,0
DA:52,0
DA:54,0
DA:60,0
DA:61,0
DA:62,0
DA:67,0
DA:72,0
DA:75,0
DA:77,0
DA:78,0
DA:80,0
DA:81,0
DA:82,0
DA:84,0
DA:88,0
DA:92,0
DA:93,0
DA:94,0
DA:95,0
DA:96,0
DA:97,0
DA:98,0
DA:99,0
DA:102,0
DA:103,0
DA:106,0
DA:110,0
DA:121,0
DA:128,0
LF:39
LH:2
BRDA:29,0,0,0
BRDA:31,1,0,0
BRDA:32,2,0,0
BRDA:34,3,0,0
BRDA:36,4,0,0
BRDA:44,5,0,0
BRDA:44,5,1,0
BRDA:49,6,0,0
BRDA:49,6,1,0
BRDA:61,7,0,0
BRDA:61,7,1,0
BRDA:61,8,0,0
BRDA:61,8,1,0
BRDA:75,9,0,0
BRDA:75,9,1,0
BRDA:81,10,0,0
BRDA:81,10,1,0
BRDA:81,11,0,0
BRDA:81,11,1,0
BRDA:93,12,0,0
BRDA:93,12,1,0
BRDA:95,13,0,0
BRDA:95,13,1,0
BRDA:95,14,0,0
BRDA:95,14,1,0
BRDA:96,15,0,0
BRDA:96,15,1,0
BRDA:97,16,0,0
BRDA:97,16,1,0
BRDA:137,17,0,0
BRDA:137,17,1,0
BRF:31
BRH:0
end_of_record
TN:
SF:src/components/NomarRadio/demo/index.tsx
FN:59,(anonymous_0)
FN:62,(anonymous_1)
FN:66,(anonymous_2)
FN:77,(anonymous_3)
FN:134,(anonymous_4)
FNF:5
FNH:0
FNDA:0,(anonymous_0)
FNDA:0,(anonymous_1)
FNDA:0,(anonymous_2)
FNDA:0,(anonymous_3)
FNDA:0,(anonymous_4)
DA:10,0
DA:21,0
DA:36,0
DA:59,0
DA:60,0
DA:62,0
DA:64,0
DA:66,0
DA:68,0
DA:70,0
DA:79,0
DA:117,0
DA:122,0
DA:130,0
DA:134,0
LF:15
LH:0
BRF:0
BRH:0
end_of_record
TN:
SF:src/components/NomarRadio/demo/normalRadio.tsx
FN:20,(anonymous_0)
FNF:1
FNH:0
FNDA:0,(anonymous_0)
DA:10,0
DA:20,0
DA:21,0
LF:3
LH:0
BRF:0
BRH:0
end_of_record
TN:
SF:src/components/NomarRadio/demo/onlyRead.tsx
FN:20,(anonymous_0)
FNF:1
FNH:0
FNDA:0,(anonymous_0)
DA:10,0
DA:20,0
DA:21,0
LF:3
LH:0
BRF:0
BRH:0
end_of_record
TN:
SF:src/components/NomarRadio/demo/verticalRadio.tsx
FN:24,(anonymous_0)
FNF:1
FNH:0
FNDA:0,(anonymous_0)
DA:10,0
DA:24,0
DA:25,0
LF:3
LH:0
BRF:0
BRH:0
end_of_record
TN:
SF:src/components/NomarRadio/demo/verticalRadioType.tsx
FN:34,(anonymous_0)
FNF:1
FNH:0
FNDA:0,(anonymous_0)
DA:11,0
DA:34,0
DA:35,0
LF:3
LH:0
BRF:0
BRH:0
end_of_record
TN:
SF:src/components/NomarSelect/index.tsx
FN:27,(anonymous_0)
FN:71,(anonymous_1)
FNF:2
FNH:0
FNDA:0,(anonymous_0)
FNDA:0,(anonymous_1)
DA:27,1
DA:44,0
DA:46,0
DA:48,0
DA:72,0
DA:73,0
LF:6
LH:1
BRDA:31,0,0,0
BRDA:35,1,0,0
BRDA:36,2,0,0
BRDA:37,3,0,0
BRDA:39,4,0,0
BRDA:49,5,0,0
BRDA:49,5,1,0
BRDA:50,6,0,0
BRDA:50,6,1,0
BRDA:52,7,0,0
BRDA:52,7,1,0
BRDA:59,8,0,0
BRDA:59,8,1,0
BRDA:59,8,2,0
BRDA:64,9,0,0
BRDA:64,9,1,0
BRDA:64,9,2,0
BRDA:70,10,0,0
BRDA:70,10,1,0
BRDA:73,11,0,0
BRDA:73,11,1,0
BRDA:78,12,0,0
BRDA:78,12,1,0
BRDA:90,13,0,0
BRDA:90,13,1,0
BRDA:92,14,0,0
BRDA:92,14,1,0
BRDA:92,14,2,0
BRF:28
BRH:0
end_of_record
TN:
SF:src/components/NomarSelect/demo/index.tsx
FN:47,(anonymous_0)
FN:49,(anonymous_1)
FN:53,(anonymous_2)
FN:110,(anonymous_3)
FNF:4
FNH:0
FNDA:0,(anonymous_0)
FNDA:0,(anonymous_1)
FNDA:0,(anonymous_2)
FNDA:0,(anonymous_3)
DA:9,0
DA:32,0
DA:47,0
DA:48,0
DA:49,0
DA:51,0
DA:53,0
DA:55,0
DA:57,0
DA:92,0
DA:97,0
DA:106,0
DA:110,0
LF:13
LH:0
BRF:0
BRH:0
end_of_record
TN:
SF:src/components/NomarSelect/demo/normalSelect.tsx
FN:33,(anonymous_0)
FNF:1
FNH:0
FNDA:0,(anonymous_0)
DA:10,0
DA:33,0
DA:34,0
LF:3
LH:0
BRF:0
BRH:0
end_of_record
TN:
SF:src/components/NomarSelect/demo/onlyRead.tsx
FN:23,(anonymous_0)
FNF:1
FNH:0
FNDA:0,(anonymous_0)
DA:10,0
DA:23,0
DA:24,0
LF:3
LH:0
BRF:0
BRH:0
end_of_record
TN:
SF:src/components/NomarSelect/demo/requiredSelect.tsx
FN:23,(anonymous_0)
FNF:1
FNH:0
FNDA:0,(anonymous_0)
DA:10,0
DA:23,0
DA:24,0
LF:3
LH:0
BRF:0
BRH:0
end_of_record
TN:
SF:src/components/NomarSelect/demo/verticalPicker.tsx
FN:33,(anonymous_0)
FNF:1
FNH:0
FNDA:0,(anonymous_0)
DA:10,0
DA:33,0
DA:34,0
LF:3
LH:0
BRF:0
BRH:0
end_of_record
TN:
SF:src/components/NomarSwitch/index.tsx
FN:21,(anonymous_0)
FNF:1
FNH:0
FNDA:0,(anonymous_0)
DA:21,1
DA:33,0
DA:34,0
LF:3
LH:1
BRDA:25,0,0,0
BRDA:29,1,0,0
BRDA:30,2,0,0
BRDA:31,3,0,0
BRDA:36,4,0,0
BRDA:36,4,1,0
BRDA:39,5,0,0
BRDA:39,5,1,0
BRDA:39,5,2,0
BRDA:47,6,0,0
BRDA:47,6,1,0
BRF:11
BRH:0
end_of_record
TN:
SF:src/components/NomarSwitch/demo/disabledOff.tsx
FN:10,(anonymous_0)
FNF:1
FNH:0
FNDA:0,(anonymous_0)
DA:10,0
DA:11,0
LF:2
LH:0
BRF:0
BRH:0
end_of_record
TN:
SF:src/components/NomarSwitch/demo/index.tsx
FN:11,(anonymous_0)
FN:13,(anonymous_1)
FN:18,(anonymous_2)
FN:64,(anonymous_3)
FNF:4
FNH:0
FNDA:0,(anonymous_0)
FNDA:0,(anonymous_1)
FNDA:0,(anonymous_2)
FNDA:0,(anonymous_3)
DA:11,0
DA:12,0
DA:13,0
DA:15,0
DA:18,0
DA:20,0
DA:23,0
DA:46,0
DA:51,0
DA:60,0
DA:64,0
LF:11
LH:0
BRF:0
BRH:0
end_of_record
TN:
SF:src/components/NomarSwitch/demo/off.tsx
FN:10,(anonymous_0)
FNF:1
FNH:0
FNDA:0,(anonymous_0)
DA:10,0
DA:11,0
LF:2
LH:0
BRF:0
BRH:0
end_of_record
TN:
SF:src/components/NomarText/index.tsx
FN:27,(anonymous_0)
FNF:1
FNH:0
FNDA:0,(anonymous_0)
DA:27,1
DA:45,0
DA:47,0
DA:49,0
LF:4
LH:1
BRDA:29,0,0,0
BRDA:31,1,0,0
BRDA:32,2,0,0
BRDA:34,3,0,0
BRDA:36,4,0,0
BRDA:39,5,0,0
BRDA:40,6,0,0
BRDA:41,7,0,0
BRDA:44,8,0,0
BRDA:50,9,0,0
BRDA:50,9,1,0
BRDA:51,10,0,0
BRDA:51,10,1,0
BRDA:53,11,0,0
BRDA:53,11,1,0
BRDA:60,12,0,0
BRDA:60,12,1,0
BRDA:60,12,2,0
BRDA:65,13,0,0
BRDA:65,13,1,0
BRDA:65,13,2,0
BRDA:72,14,0,0
BRDA:72,14,1,0
BRDA:89,15,0,0
BRDA:89,15,1,0
BRDA:89,15,2,0
BRF:26
BRH:0
end_of_record
TN:
SF:src/components/NomarText/demo/index.tsx
FN:15,(anonymous_0)
FN:18,(anonymous_1)
FN:20,(anonymous_2)
FN:22,(anonymous_3)
FN:27,(anonymous_4)
FN:45,(anonymous_5)
FN:67,(anonymous_6)
FN:78,(anonymous_7)
FN:124,(anonymous_8)
FNF:9
FNH:0
FNDA:0,(anonymous_0)
FNDA:0,(anonymous_1)
FNDA:0,(anonymous_2)
FNDA:0,(anonymous_3)
FNDA:0,(anonymous_4)
FNDA:0,(anonymous_5)
FNDA:0,(anonymous_6)
FNDA:0,(anonymous_7)
FNDA:0,(anonymous_8)
DA:15,0
DA:16,0
DA:18,0
DA:20,0
DA:22,0
DA:24,0
DA:27,0
DA:29,0
DA:32,0
DA:46,0
DA:69,0
DA:80,0
DA:105,0
DA:112,0
DA:120,0
DA:124,0
LF:16
LH:0
BRF:0
BRH:0
end_of_record
TN:
SF:src/components/NomarTextArea/index.tsx
FN:26,(anonymous_0)
FN:50,(anonymous_1)
FN:59,(anonymous_2)
FN:95,(anonymous_3)
FN:110,(anonymous_4)
FNF:5
FNH:0
FNDA:0,(anonymous_0)
FNDA:0,(anonymous_1)
FNDA:0,(anonymous_2)
FNDA:0,(anonymous_3)
FNDA:0,(anonymous_4)
DA:26,1
DA:43,0
DA:47,0
DA:48,0
DA:50,0
DA:51,0
DA:59,0
DA:61,0
DA:64,0
DA:97,0
DA:111,0
LF:11
LH:1
BRDA:29,0,0,0
BRDA:32,1,0,0
BRDA:34,2,0,0
BRDA:35,3,0,0
BRDA:36,4,0,0
BRDA:38,5,0,0
BRDA:40,6,0,0
BRDA:41,7,0,0
BRDA:48,8,0,0
BRDA:48,8,1,0
BRDA:52,9,0,0
BRDA:52,9,1,0
BRDA:52,9,2,0
BRDA:61,10,0,0
BRDA:61,10,1,0
BRDA:65,11,0,0
BRDA:65,11,1,0
BRDA:66,12,0,0
BRDA:66,12,1,0
BRDA:68,13,0,0
BRDA:68,13,1,0
BRDA:75,14,0,0
BRDA:75,14,1,0
BRDA:75,14,2,0
BRDA:80,15,0,0
BRDA:80,15,1,0
BRDA:80,15,2,0
BRDA:94,16,0,0
BRDA:94,16,1,0
BRDA:105,17,0,0
BRDA:105,17,1,0
BRF:31
BRH:0
end_of_record
TN:
SF:src/components/NomarTextArea/demo/extraArea.tsx
FN:11,(anonymous_0)
FN:13,(anonymous_1)
FNF:2
FNH:0
FNDA:0,(anonymous_0)
FNDA:0,(anonymous_1)
DA:11,0
DA:13,0
DA:14,0
LF:3
LH:0
BRF:0
BRH:0
end_of_record
TN:
SF:src/components/NomarTextArea/demo/index.tsx
FN:15,(anonymous_0)
FN:17,(anonymous_1)
FN:22,(anonymous_2)
FN:27,(anonymous_3)
FN:102,(anonymous_4)
FNF:5
FNH:0
FNDA:0,(anonymous_0)
FNDA:0,(anonymous_1)
FNDA:0,(anonymous_2)
FNDA:0,(anonymous_3)
FNDA:0,(anonymous_4)
DA:15,0
DA:16,0
DA:17,0
DA:19,0
DA:22,0
DA:24,0
DA:27,0
DA:28,0
DA:31,0
DA:85,0
DA:89,0
DA:98,0
DA:102,0
LF:13
LH:0
BRF:0
BRH:0
end_of_record
TN:
SF:src/components/NomarTextArea/demo/nomarArea.tsx
FN:10,(anonymous_0)
FNF:1
FNH:0
FNDA:0,(anonymous_0)
DA:10,0
DA:11,0
LF:2
LH:0
BRF:0
BRH:0
end_of_record
TN:
SF:src/components/NomarTextArea/demo/onlyReadArea.tsx
FN:11,(anonymous_0)
FNF:1
FNH:0
FNDA:0,(anonymous_0)
DA:11,0
DA:12,0
LF:2
LH:0
BRF:0
BRH:0
end_of_record
TN:
SF:src/components/NomarTextArea/demo/titleTooLong.tsx
FN:10,(anonymous_0)
FNF:1
FNH:0
FNDA:0,(anonymous_0)
DA:10,0
DA:11,0
LF:2
LH:0
BRF:0
BRH:0
end_of_record
TN:
SF:src/components/NomarTextArea/demo/verticalArea.tsx
FN:10,(anonymous_0)
FNF:1
FNH:0
FNDA:0,(anonymous_0)
DA:10,0
DA:11,0
LF:2
LH:0
BRF:0
BRH:0
end_of_record
TN:
SF:src/components/OnlyReadInput/index.tsx
FN:8,(anonymous_0)
FNF:1
FNH:0
FNDA:0,(anonymous_0)
DA:8,1
DA:9,0
LF:2
LH:1
BRF:0
BRH:0
end_of_record
TN:
SF:src/components/RangeDatePicker/index.tsx
FN:24,(anonymous_0)
FN:80,(anonymous_1)
FN:93,(anonymous_2)
FN:94,(anonymous_3)
FN:118,(anonymous_4)
FN:131,(anonymous_5)
FN:132,(anonymous_6)
FNF:7
FNH:0
FNDA:0,(anonymous_0)
FNDA:0,(anonymous_1)
FNDA:0,(anonymous_2)
FNDA:0,(anonymous_3)
FNDA:0,(anonymous_4)
FNDA:0,(anonymous_5)
FNDA:0,(anonymous_6)
DA:24,1
DA:25,0
DA:26,0
DA:45,0
DA:47,0
DA:49,0
DA:81,0
DA:82,0
DA:93,0
DA:95,0
DA:96,0
DA:119,0
DA:120,0
DA:131,0
DA:133,0
DA:134,0
LF:16
LH:1
BRDA:30,0,0,0
BRDA:31,1,0,0
BRDA:32,2,0,0
BRDA:33,3,0,0
BRDA:38,4,0,0
BRDA:39,5,0,0
BRDA:43,6,0,0
BRDA:51,7,0,0
BRDA:51,7,1,0
BRDA:53,8,0,0
BRDA:53,8,1,0
BRDA:55,9,0,0
BRDA:55,9,1,0
BRDA:55,9,2,0
BRDA:68,10,0,0
BRDA:68,10,1,0
BRDA:69,11,0,0
BRDA:69,11,1,0
BRDA:74,12,0,0
BRDA:74,12,1,0
BRDA:79,13,0,0
BRDA:79,13,1,0
BRDA:81,14,0,0
BRDA:81,14,1,0
BRDA:91,15,0,0
BRDA:91,15,1,0
BRDA:96,16,0,0
BRDA:96,16,1,0
BRDA:100,17,0,0
BRDA:100,17,1,0
BRDA:100,17,2,0
BRDA:112,18,0,0
BRDA:112,18,1,0
BRDA:117,19,0,0
BRDA:117,19,1,0
BRDA:119,20,0,0
BRDA:119,20,1,0
BRDA:128,21,0,0
BRDA:128,21,1,0
BRDA:134,22,0,0
BRDA:134,22,1,0
BRDA:134,22,2,0
BRF:42
BRH:0
end_of_record
TN:
SF:src/components/RangeDatePicker/demo/date.tsx
FN:10,(anonymous_0)
FNF:1
FNH:0
FNDA:0,(anonymous_0)
DA:10,0
DA:11,0
LF:2
LH:0
BRF:0
BRH:0
end_of_record
TN:
SF:src/components/RangeDatePicker/demo/datetime.tsx
FN:10,(anonymous_0)
FN:20,(anonymous_1)
FN:26,(anonymous_2)
FNF:3
FNH:0
FNDA:0,(anonymous_0)
FNDA:0,(anonymous_1)
FNDA:0,(anonymous_2)
DA:10,0
DA:11,0
DA:22,0
DA:28,0
LF:4
LH:0
BRF:0
BRH:0
end_of_record
TN:
SF:src/components/RangeDatePicker/demo/index.tsx
FN:9,(anonymous_0)
FN:11,(anonymous_1)
FN:16,(anonymous_2)
FN:29,(anonymous_3)
FN:71,(anonymous_4)
FNF:5
FNH:0
FNDA:0,(anonymous_0)
FNDA:0,(anonymous_1)
FNDA:0,(anonymous_2)
FNDA:0,(anonymous_3)
FNDA:0,(anonymous_4)
DA:9,0
DA:10,0
DA:11,0
DA:13,0
DA:16,0
DA:18,0
DA:21,0
DA:31,0
DA:54,0
DA:58,0
DA:67,0
DA:71,0
LF:12
LH:0
BRF:0
BRH:0
end_of_record
TN:
SF:src/components/RangeDatePicker/demo/month.tsx
FN:10,(anonymous_0)
FNF:1
FNH:0
FNDA:0,(anonymous_0)
DA:10,0
DA:11,0
LF:2
LH:0
BRF:0
BRH:0
end_of_record
TN:
SF:src/components/TextItem/index.tsx
FN:10,(anonymous_0)
FN:30,(anonymous_1)
FN:44,(anonymous_2)
FN:62,(anonymous_3)
FN:75,(anonymous_4)
FN:99,(anonymous_5)
FNF:6
FNH:5
FNDA:24,(anonymous_0)
FNDA:5,(anonymous_1)
FNDA:24,(anonymous_2)
FNDA:3,(anonymous_3)
FNDA:3,(anonymous_4)
FNDA:0,(anonymous_5)
DA:8,1
DA:10,1
DA:11,24
DA:12,24
DA:13,24
DA:28,24
DA:30,24
DA:31,5
DA:32,5
DA:34,0
DA:35,0
DA:36,0
DA:37,0
DA:39,0
DA:44,24
DA:45,24
DA:46,0
DA:47,0
DA:48,0
DA:52,24
DA:62,24
DA:63,3
DA:64,3
DA:67,24
DA:76,3
DA:100,0
LF:26
LH:17
BRDA:16,0,0,0
BRDA:17,1,0,0
BRDA:18,2,0,0
BRDA:20,3,0,0
BRDA:21,4,0,24
BRDA:26,5,0,0
BRDA:27,6,0,24
BRDA:32,7,0,0
BRDA:32,7,1,5
BRDA:32,8,0,5
BRDA:32,8,1,0
BRDA:36,9,0,0
BRDA:36,9,1,0
BRDA:45,10,0,0
BRDA:45,10,1,24
BRDA:45,11,0,24
BRDA:45,11,1,24
BRDA:47,12,0,0
BRDA:47,12,1,0
BRDA:47,13,0,0
BRDA:47,13,1,0
BRDA:63,14,0,0
BRDA:63,14,1,3
BRDA:64,15,0,3
BRDA:64,15,1,0
BRDA:69,16,0,24
BRDA:69,16,1,24
BRDA:73,17,0,14
BRDA:73,17,1,10
BRDA:83,18,0,24
BRDA:83,18,1,0
BRDA:87,19,0,0
BRDA:87,19,1,24
BRDA:90,20,0,0
BRDA:90,20,1,24
BRDA:90,21,0,24
BRDA:90,21,1,0
BRDA:90,21,2,0
BRDA:94,22,0,24
BRDA:94,22,1,10
BRDA:96,23,0,24
BRDA:96,23,1,0
BRDA:96,23,2,0
BRDA:103,24,0,0
BRDA:103,24,1,0
BRDA:107,25,0,24
BRDA:107,25,1,24
BRDA:108,26,0,24
BRDA:108,26,1,24
BRF:49
BRH:24
end_of_record
TN:
SF:src/components/TextItem/interface.ts
FNF:0
FNH:0
LF:0
LH:0
BRF:0
BRH:0
end_of_record
TN:
SF:src/const/index.ts
FNF:0
FNH:0
DA:1,1
LF:1
LH:1
BRF:0
BRH:0
end_of_record
TN:
SF:src/demo/componentUsage.tsx
FN:33,(anonymous_0)
FN:37,(anonymous_1)
FN:45,(anonymous_2)
FN:53,(anonymous_3)
FN:56,(anonymous_4)
FN:96,(anonymous_5)
FNF:6
FNH:0
FNDA:0,(anonymous_0)
FNDA:0,(anonymous_1)
FNDA:0,(anonymous_2)
FNDA:0,(anonymous_3)
FNDA:0,(anonymous_4)
FNDA:0,(anonymous_5)
DA:15,0
DA:19,0
DA:25,0
DA:33,0
DA:34,0
DA:35,0
DA:37,0
DA:38,0
DA:45,0
DA:46,0
DA:47,0
DA:53,0
DA:54,0
DA:56,0
DA:57,0
DA:60,0
DA:66,0
DA:96,0
LF:18
LH:0
BRF:0
BRH:0
end_of_record
TN:
SF:src/utils/index.tsx
FN:4,(anonymous_0)
FN:13,(anonymous_1)
FN:15,(anonymous_2)
FN:25,(anonymous_3)
FN:57,(anonymous_4)
FN:60,(anonymous_5)
FN:72,(anonymous_6)
FN:74,(anonymous_7)
FN:85,(anonymous_8)
FN:94,(anonymous_9)
FN:101,(anonymous_10)
FN:112,(anonymous_11)
FN:120,(anonymous_12)
FN:130,(anonymous_13)
FN:134,(anonymous_14)
FN:140,(anonymous_15)
FN:197,(anonymous_16)
FN:199,(anonymous_17)
FN:200,(anonymous_18)
FNF:19
FNH:0
FNDA:0,(anonymous_0)
FNDA:0,(anonymous_1)
FNDA:0,(anonymous_2)
FNDA:0,(anonymous_3)
FNDA:0,(anonymous_4)
FNDA:0,(anonymous_5)
FNDA:0,(anonymous_6)
FNDA:0,(anonymous_7)
FNDA:0,(anonymous_8)
FNDA:0,(anonymous_9)
FNDA:0,(anonymous_10)
FNDA:0,(anonymous_11)
FNDA:0,(anonymous_12)
FNDA:0,(anonymous_13)
FNDA:0,(anonymous_14)
FNDA:0,(anonymous_15)
FNDA:0,(anonymous_16)
FNDA:0,(anonymous_17)
FNDA:0,(anonymous_18)
DA:4,1
DA:13,0
DA:14,0
DA:15,0
DA:16,0
DA:18,0
DA:25,1
DA:30,0
DA:31,0
DA:33,0
DA:34,0
DA:36,0
DA:37,0
DA:39,0
DA:40,0
DA:42,0
DA:43,0
DA:45,0
DA:46,0
DA:48,0
DA:49,0
DA:51,0
DA:52,0
DA:54,0
DA:57,1
DA:58,0
DA:59,0
DA:60,0
DA:62,0
DA:72,1
DA:73,0
DA:74,0
DA:76,0
DA:77,0
DA:79,0
DA:82,0
DA:85,1
DA:89,0
DA:90,0
DA:91,0
DA:94,1
DA:99,0
DA:100,0
DA:101,0
DA:102,0
DA:104,0
DA:106,0
DA:112,1
DA:113,0
DA:114,0
DA:120,1
DA:126,0
DA:127,0
DA:129,0
DA:130,0
DA:132,0
DA:133,0
DA:134,0
DA:136,0
DA:138,0
DA:139,0
DA:140,0
DA:141,0
DA:143,0
DA:144,0
DA:146,0
DA:147,0
DA:148,0
DA:150,0
DA:151,0
DA:153,0
DA:155,0
DA:157,0
DA:158,0
DA:163,0
DA:164,0
DA:170,0
DA:171,0
DA:173,0
DA:175,0
DA:177,0
DA:182,0
DA:184,0
DA:185,0
DA:186,0
DA:187,0
DA:189,0
DA:190,0
DA:194,0
DA:197,0
DA:199,0
DA:200,0
DA:203,0
LF:93
LH:8
BRDA:31,0,0,0
BRDA:31,0,1,0
BRDA:31,0,2,0
BRDA:31,0,3,0
BRDA:31,0,4,0
BRDA:48,1,0,0
BRDA:48,1,1,0
BRDA:48,2,0,0
BRDA:48,2,1,0
BRDA:51,3,0,0
BRDA:51,3,1,0
BRDA:51,4,0,0
BRDA:51,4,1,0
BRDA:76,5,0,0
BRDA:76,5,1,0
BRDA:86,6,0,0
BRDA:87,7,0,0
BRDA:89,8,0,0
BRDA:89,8,1,0
BRDA:95,9,0,0
BRDA:96,10,0,0
BRDA:97,11,0,0
BRDA:99,12,0,0
BRDA:99,12,1,0
BRDA:99,13,0,0
BRDA:99,13,1,0
BRDA:120,14,0,0
BRDA:126,15,0,0
BRDA:126,15,1,0
BRDA:153,16,0,0
BRDA:153,16,1,0
BRDA:153,17,0,0
BRDA:153,17,1,0
BRDA:155,18,0,0
BRDA:155,18,1,0
BRDA:178,19,0,0
BRDA:178,19,1,0
BRDA:191,20,0,0
BRDA:191,20,1,0
BRF:39
BRH:0
end_of_record
